OpenROAD edf00dff99f6c40d67a30c0e22a8191c5d2ed9d6 
Features included (+) or not (-): +Charts +GPU +GUI +Python
This program is licensed under the BSD-3 license. See the LICENSE file for details.
Components of this program may be licensed under more restrictive licenses which must be honored.

===== CELL USAGE =====
Cell type report:                       Count       Area
  Other                                    96       0.59
  Buffer                                  515       6.34
  Inverter                                467       2.88
  Multi-Input combinational cell         1404      28.33
  Total                                  2482      38.14

===== WORST SETUP PATH =====
Startpoint: A[40] (input port clocked by vclk)
Endpoint: hd[5] (output port clocked by vclk)
Path Group: vclk
Path Type: max

Fanout       Cap      Slew     Delay      Time   Description
-------------------------------------------------------------------------------------
                    0.0000    0.0000    0.0000   clock vclk (rise edge)
                              0.0000    0.0000   clock network delay (ideal)
                              0.0500    0.0500 v input external delay
     1    0.0005    0.1000    0.0000    0.0500 v A[40] (in)
                                                 A[40] (net)
                    0.1001    0.0000    0.0500 v _0759_/A (XNOR2x1)
     2    0.0004    0.0000    0.0000    0.0500 ^ _0759_/Y (XNOR2x1)
                                                 _0242_ (net)
                    0.0000    0.0000    0.0501 ^ _0760_/A (INVx1)
     1    0.0003    0.0000    0.0000    0.0501 v _0760_/Y (INVx1)
                                                 _0243_ (net)
                    0.0000    0.0000    0.0501 v _0763_/A (NOR2x1)
     1    0.0704    0.0000    0.0000    0.0501 ^ _0763_/Y (NOR2x1)
                                                 _0246_ (net)
                    0.0000    0.0131    0.0632 ^ _0764_/A (BUFx1)
     3    0.0006    0.2000    0.1880    0.2512 ^ _0764_/Y (BUFx1)
                                                 cell_oh_flat[60] (net)
                    0.2000    0.0001    0.2513 ^ xp3_s2l1[10].u_xp3/_15_/A (INVx1)
     2    0.0004    0.0000    0.0000    0.2513 v xp3_s2l1[10].u_xp3/_15_/Y (INVx1)
                                                 xp3_s2l1[10].u_xp3/_00_ (net)
                    0.0000    0.0000    0.2513 v xp3_s2l1[10].u_xp3/_31_/B (NOR2x1)
     1    0.0701    0.0000    0.0000    0.2513 ^ xp3_s2l1[10].u_xp3/_31_/Y (NOR2x1)
                                                 xp3_s2l1[10].u_xp3/_13_ (net)
                    0.0000    0.0067    0.2580 ^ xp3_s2l1[10].u_xp3/_32_/A (BUFx1)
     1    0.0704    0.2000    0.1880    0.4460 ^ xp3_s2l1[10].u_xp3/_32_/Y (BUFx1)
                                                 xp3_s2l1[10].u_xp3/sum_bit[0].grid_and (net)
                    0.2000    0.0132    0.4591 ^ xp3_s2l1[10].u_xp3/_35_/A (BUFx1)
     2    0.0004    0.2000    0.1880    0.6471 ^ xp3_s2l1[10].u_xp3/_35_/Y (BUFx1)
                                                 ps_flat[50] (net)
                    0.2000    0.0000    0.6472 ^ xp5_s2l2[5].u_xp5/_35_/A (INVx1)
     4    0.0007    0.0000    0.0000    0.6472 v xp5_s2l2[5].u_xp5/_35_/Y (INVx1)
                                                 xp5_s2l2[5].u_xp5/_00_ (net)
                    0.0000    0.0000    0.6472 v xp5_s2l2[5].u_xp5/_75_/B (NOR2x1)
     1    0.0703    0.0000    0.0000    0.6472 ^ xp5_s2l2[5].u_xp5/_75_/Y (NOR2x1)
                                                 xp5_s2l2[5].u_xp5/_33_ (net)
                    0.0000    0.0152    0.6624 ^ xp5_s2l2[5].u_xp5/_76_/A (BUFx1)
     1    0.0703    0.2000    0.1880    0.8504 ^ xp5_s2l2[5].u_xp5/_76_/Y (BUFx1)
                                                 xp5_s2l2[5].u_xp5/sum_bit[0].grid_and (net)
                    0.2000    0.0067    0.8571 ^ xp5_s2l2[5].u_xp5/_79_/A (BUFx1)
     2    0.0005    0.2000    0.1880    1.0451 ^ xp5_s2l2[5].u_xp5/_79_/Y (BUFx1)
                                                 r4_split[5].boh[0] (net)
                    0.2000    0.0000    1.0451 ^ _0999_/A (NOR2x1)
     1    0.0002    0.0000    0.0000    1.0451 v _0999_/Y (NOR2x1)
                                                 _0416_ (net)
                    0.0000    0.0000    1.0451 v _1001_/A (NAND2x1)
     1    0.0703    0.0000    0.0000    1.0451 ^ _1001_/Y (NAND2x1)
                                                 _0418_ (net)
                    0.0000    0.0202    1.0653 ^ _1002_/A (BUFx1)
     2    0.0004    0.2000    0.1880    1.2533 ^ _1002_/Y (BUFx1)
                                                 lo_flat[20] (net)
                    0.2000    0.0000    1.2533 ^ xp4_lo_l1[2].u_xp4/_32_/A (INVx1)
     3    0.0007    0.0000    0.0000    1.2533 v xp4_lo_l1[2].u_xp4/_32_/Y (INVx1)
                                                 xp4_lo_l1[2].u_xp4/_06_ (net)
                    0.0000    0.0000    1.2534 v xp4_lo_l1[2].u_xp4/_53_/A (NOR2x1)
     1    0.0701    0.0000    0.0000    1.2534 ^ xp4_lo_l1[2].u_xp4/_53_/Y (NOR2x1)
                                                 xp4_lo_l1[2].u_xp4/_23_ (net)
                    0.0000    0.0034    1.2568 ^ xp4_lo_l1[2].u_xp4/_54_/A (BUFx1)
     1    0.0704    0.2000    0.1880    1.4448 ^ xp4_lo_l1[2].u_xp4/_54_/Y (BUFx1)
                                                 xp4_lo_l1[2].u_xp4/sum_bit[0].grid_and (net)
                    0.2000    0.0179    1.4627 ^ xp4_lo_l1[2].u_xp4/_57_/A (BUFx1)
     4    0.0009    0.2000    0.1880    1.6507 ^ xp4_lo_l1[2].u_xp4/_57_/Y (BUFx1)
                                                 ll1_flat[14] (net)
                    0.2000    0.0001    1.6507 ^ xp7_lo_l2[1].u_xp7/_071_/A (INVx1)
     4    0.0009    0.0000    0.0000    1.6507 v xp7_lo_l2[1].u_xp7/_071_/Y (INVx1)
                                                 xp7_lo_l2[1].u_xp7/_007_ (net)
                    0.0000    0.0001    1.6508 v xp7_lo_l2[1].u_xp7/_151_/B (NOR2x1)
     1    0.0701    0.0000    0.0000    1.6508 ^ xp7_lo_l2[1].u_xp7/_151_/Y (NOR2x1)
                                                 xp7_lo_l2[1].u_xp7/_005_ (net)
                    0.0000    0.0061    1.6569 ^ xp7_lo_l2[1].u_xp7/_152_/A (BUFx1)
     1    0.0701    0.2000    0.1880    1.8449 ^ xp7_lo_l2[1].u_xp7/_152_/Y (BUFx1)
                                                 xp7_lo_l2[1].u_xp7/sum_bit[0].grid_and (net)
                    0.2000    0.0060    1.8509 ^ xp7_lo_l2[1].u_xp7/_155_/A (BUFx1)
     7    0.0024    0.2000    0.1880    2.0389 ^ xp7_lo_l2[1].u_xp7/_155_/Y (BUFx1)
                                                 ll2_flat[13] (net)
                    0.2000    0.0007    2.0396 ^ u_xp13_lo_l3/_324_/A1 (AOI21x1)
     1    0.0004    0.0000    0.0000    2.0396 v u_xp13_lo_l3/_324_/Y (AOI21x1)
                                                 u_xp13_lo_l3/_031_ (net)
                    0.0000    0.0000    2.0397 v u_xp13_lo_l3/_325_/B (NAND2x1)
     1    0.0003    0.0000    0.0000    2.0397 ^ u_xp13_lo_l3/_325_/Y (NAND2x1)
                                                 u_xp13_lo_l3/_032_ (net)
                    0.0000    0.0000    2.0397 ^ u_xp13_lo_l3/_326_/B (AOI21x1)
     1    0.0003    0.0000    0.0000    2.0397 v u_xp13_lo_l3/_326_/Y (AOI21x1)
                                                 u_xp13_lo_l3/_033_ (net)
                    0.0000    0.0000    2.0397 v u_xp13_lo_l3/_335_/A (NAND2x1)
     1    0.0703    0.0000    0.0000    2.0397 ^ u_xp13_lo_l3/_335_/Y (NAND2x1)
                                                 u_xp13_lo_l3/_042_ (net)
                    0.0000    0.0187    2.0584 ^ u_xp13_lo_l3/_336_/A (BUFx1)
     2    0.0002    0.2000    0.1880    2.2464 ^ u_xp13_lo_l3/_336_/Y (BUFx1)
                                                 low_sum[9] (net)
                    0.2000    0.0000    2.2464 ^ _0466_/A (NOR2x1)
     1    0.0002    0.0000    0.0000    2.2464 v _0466_/Y (NOR2x1)
                                                 _0020_ (net)
                    0.0000    0.0000    2.2464 v _0467_/B (NAND2x1)
     1    0.0702    0.0000    0.0000    2.2464 ^ _0467_/Y (NAND2x1)
                                                 _0021_ (net)
                    0.0000    0.0121    2.2585 ^ _0468_/A (BUFx1)
     6    0.0021    0.2000    0.1880    2.4465 ^ _0468_/Y (BUFx1)
                                                 carry[2] (net)
                    0.2000    0.0007    2.4473 ^ u_xp17x7_carry/_212_/A (INVx4)
     1    0.0702    0.0000    0.0000    2.4473 v u_xp17x7_carry/_212_/Y (INVx4)
                                                 u_xp17x7_carry/_161_ (net)
                    0.0000    0.0020    2.4493 v u_xp17x7_carry/_213_/A (BUFx1)
     5    0.0711    0.1800    0.1460    2.5953 v u_xp17x7_carry/_213_/Y (BUFx1)
                                                 u_xp17x7_carry/_162_ (net)
                    0.1800    0.0111    2.6065 v u_xp17x7_carry/_214_/A (BUFx1)
     8    0.0023    0.1800    0.1460    2.7525 v u_xp17x7_carry/_214_/Y (BUFx1)
                                                 u_xp17x7_carry/_163_ (net)
                    0.1800    0.0004    2.7529 v u_xp17x7_carry/_272_/A1 (OAI21x1)
     1    0.0003    0.0000    0.0000    2.7529 ^ u_xp17x7_carry/_272_/Y (OAI21x1)
                                                 u_xp17x7_carry/_039_ (net)
                    0.0000    0.0000    2.7529 ^ u_xp17x7_carry/_273_/B (AOI21x1)
     1    0.0002    0.0000    0.0000    2.7529 v u_xp17x7_carry/_273_/Y (AOI21x1)
                                                 u_xp17x7_carry/_040_ (net)
                    0.0000    0.0000    2.7529 v u_xp17x7_carry/_274_/B (NAND2x1)
     1    0.0705    0.0000    0.0000    2.7529 ^ u_xp17x7_carry/_274_/Y (NAND2x1)
                                                 u_xp17x7_carry/_041_ (net)
                    0.0000    0.0180    2.7710 ^ u_xp17x7_carry/_275_/A (BUFx1)
     1    0.0004    0.2000    0.1880    2.9590 ^ u_xp17x7_carry/_275_/Y (BUFx1)
                                                 upper[10] (net)
                    0.2000    0.0001    2.9590 ^ _0526_/A (INVx1)
     2    0.0003    0.0000    0.0000    2.9590 v _0526_/Y (INVx1)
                                                 _0073_ (net)
                    0.0000    0.0000    2.9590 v _0545_/B (NAND2x1)
     1    0.0002    0.0000    0.0000    2.9590 ^ _0545_/Y (NAND2x1)
                                                 _0090_ (net)
                    0.0000    0.0000    2.9590 ^ _0546_/B (NOR2x1)
     1    0.0003    0.0000    0.0000    2.9590 v _0546_/Y (NOR2x1)
                                                 _0091_ (net)
                    0.0000    0.0000    2.9591 v _0548_/A (NAND2x1)
     1    0.0701    0.0000    0.0000    2.9591 ^ _0548_/Y (NAND2x1)
                                                 _0093_ (net)
                    0.0000    0.0064    2.9655 ^ _0549_/A (BUFx1)
     1    0.0002    0.2000    0.1880    3.1535 ^ _0549_/Y (BUFx1)
                                                 hd[5] (net)
                    0.2000    0.0000    3.1535 ^ hd[5] (out)
                                        3.1535   data arrival time

                    0.0000    0.2000    0.2000   clock vclk (rise edge)
                              0.0000    0.2000   clock network delay (ideal)
                              0.0000    0.2000   clock reconvergence pessimism
                             -0.0500    0.1500   output external delay
                                        0.1500   data required time
-------------------------------------------------------------------------------------
                                        0.1500   data required time
                                       -3.1535   data arrival time
-------------------------------------------------------------------------------------
                                       -3.0035   slack (VIOLATED)



===== WNS / TNS =====
wns -3.00
tns -19.58

===== POWER =====
Group                  Internal  Switching    Leakage      Total
                          Power      Power      Power      Power (Watts)
----------------------------------------------------------------
Sequential           0.0000e+00 0.0000e+00 0.0000e+00 0.0000e+00   0.0%
Combinational        0.0000e+00 8.9469e-03 2.1412e-06 8.9490e-03 100.0%
Clock                0.0000e+00 0.0000e+00 9.6000e-10 9.6000e-10   0.0%
Macro                0.0000e+00 0.0000e+00 0.0000e+00 0.0000e+00   0.0%
Pad                  0.0000e+00 0.0000e+00 0.0000e+00 0.0000e+00   0.0%
----------------------------------------------------------------
Total                0.0000e+00 8.9469e-03 2.1422e-06 8.9490e-03 100.0%
                           0.0%     100.0%       0.0%
