
===========================================================================
report_checks -unconstrained
===========================================================================
======================= nom_tt_025C_0v50 Corner ===================================

Startpoint: B[46] (input port clocked by vclk)
Endpoint: hd[3] (output port clocked by vclk)
Path Group: vclk
Path Type: max

Fanout         Cap        Slew       Delay        Time   Description
---------------------------------------------------------------------------------------------
                      0.000000    0.000000    0.000000   clock vclk (rise edge)
                                  0.000000    0.000000   clock network delay (ideal)
                                  0.050000    0.050000 v input external delay
     1    0.000276    0.100000    0.000000    0.050000 v B[46] (in)
                                                         B[46] (net)
                      0.100024    0.000008    0.050008 v _550_/B (XNOR2x1)
     2    0.000218    0.000000    0.000000    0.050008 ^ _550_/Y (XNOR2x1)
                                                         _168_ (net)
                      0.000000    0.000003    0.050010 ^ _551_/A (INVx1)
     1    0.000100    0.000000    0.000000    0.050010 v _551_/Y (INVx1)
                                                         _169_ (net)
                      0.000000    0.000000    0.050011 v _554_/A (NOR2x1)
     3    0.000327    0.000000    0.000000    0.050011 ^ _554_/Y (NOR2x1)
                                                         cell_oh_flat[69] (net)
                      0.000000    0.000008    0.050019 ^ xp3_s2l1[11].u_xp3/_16_/A (INVx1)
     2    0.000189    0.000000    0.000000    0.050019 v xp3_s2l1[11].u_xp3/_16_/Y (INVx1)
                                                         xp3_s2l1[11].u_xp3/_05_ (net)
                      0.000000    0.000001    0.050020 v xp3_s2l1[11].u_xp3/_23_/A (NOR2x1)
     1    0.070089    0.000000    0.000000    0.050020 ^ xp3_s2l1[11].u_xp3/_23_/Y (NOR2x1)
                                                         xp3_s2l1[11].u_xp3/sum_bit[0].grid_and (net)
                      0.000000    0.001509    0.051530 ^ xp3_s2l1[11].u_xp3/_25_/A (BUFx1)
     4    0.000473    0.200000    0.188000    0.239530 ^ xp3_s2l1[11].u_xp3/_25_/Y (BUFx1)
                                                         ps_flat[55] (net)
                      0.200000    0.000013    0.239542 ^ xp5_s2l2[5].u_xp5/_36_/A (INVx1)
     2    0.000222    0.000000    0.000000    0.239542 v xp5_s2l2[5].u_xp5/_36_/Y (INVx1)
                                                         xp5_s2l2[5].u_xp5/_08_ (net)
                      0.000000    0.000001    0.239544 v xp5_s2l2[5].u_xp5/_59_/A (NOR2x1)
     1    0.070096    0.000000    0.000000    0.239544 ^ xp5_s2l2[5].u_xp5/_59_/Y (NOR2x1)
                                                         xp5_s2l2[5].u_xp5/sum_bit[0].grid_and (net)
                      0.000000    0.001666    0.241210 ^ xp5_s2l2[5].u_xp5/_61_/A (BUFx1)
     2    0.000233    0.200000    0.188000    0.429210 ^ xp5_s2l2[5].u_xp5/_61_/Y (BUFx1)
                                                         r4_split[5].boh[0] (net)
                      0.200000    0.000004    0.429214 ^ _716_/B (NOR2x1)
     1    0.000130    0.000000    0.000000    0.429214 v _716_/Y (NOR2x1)
                                                         _273_ (net)
                      0.000000    0.000002    0.429215 v _717_/B (NAND2x1)
     2    0.000275    0.000000    0.000000    0.429215 ^ _717_/Y (NAND2x1)
                                                         hi_flat[15] (net)
                      0.000000    0.000006    0.429222 ^ xp3_hi_l1[2].u_xp3/_16_/A (INVx1)
     2    0.000238    0.000000    0.000000    0.429222 v xp3_hi_l1[2].u_xp3/_16_/Y (INVx1)
                                                         xp3_hi_l1[2].u_xp3/_05_ (net)
                      0.000000    0.000004    0.429225 v xp3_hi_l1[2].u_xp3/_23_/A (NOR2x1)
     1    0.070739    0.000000    0.000000    0.429225 ^ xp3_hi_l1[2].u_xp3/_23_/Y (NOR2x1)
                                                         xp3_hi_l1[2].u_xp3/sum_bit[0].grid_and (net)
                      0.000000    0.010470    0.439695 ^ xp3_hi_l1[2].u_xp3/_25_/A (BUFx1)
     2    0.000781    0.200000    0.188000    0.627695 ^ xp3_hi_l1[2].u_xp3/_25_/Y (BUFx1)
                                                         hl1_flat[10] (net)
                      0.200000    0.000090    0.627785 ^ xp5_hi_l2[1].u_xp5/_26_/A (INVx1)
     4    0.000397    0.000000    0.000000    0.627785 v xp5_hi_l2[1].u_xp5/_26_/Y (INVx1)
                                                         xp5_hi_l2[1].u_xp5/_00_ (net)
                      0.000000    0.000009    0.627794 v xp5_hi_l2[1].u_xp5/_59_/B (NOR2x1)
     1    0.070038    0.000000    0.000000    0.627794 ^ xp5_hi_l2[1].u_xp5/_59_/Y (NOR2x1)
                                                         xp5_hi_l2[1].u_xp5/sum_bit[0].grid_and (net)
                      0.000000    0.000746    0.628540 ^ xp5_hi_l2[1].u_xp5/_61_/A (BUFx1)
     6    0.000864    0.200000    0.188000    0.816540 ^ xp5_hi_l2[1].u_xp5/_61_/Y (BUFx1)
                                                         hl2_flat[9] (net)
                      0.200000    0.000022    0.816562 ^ u_xp9_hi_l3/_101_/A (INVx1)
     4    0.000796    0.000000    0.000000    0.816562 v u_xp9_hi_l3/_101_/Y (INVx1)
                                                         u_xp9_hi_l3/_043_ (net)
                      0.000000    0.000006    0.816568 v u_xp9_hi_l3/_205_/A (NOR2x1)
     1    0.070058    0.000000    0.000000    0.816568 ^ u_xp9_hi_l3/_205_/Y (NOR2x1)
                                                         u_xp9_hi_l3/sum_bit[0].grid_and (net)
                      0.000000    0.001004    0.817572 ^ u_xp9_hi_l3/_207_/A (BUFx1)
     3    0.000427    0.200000    0.188000    1.005572 ^ u_xp9_hi_l3/_207_/Y (BUFx1)
                                                         high_sum[0] (net)
                      0.200000    0.000017    1.005589 ^ u_xp17x7_carry/_148_/A (INVx1)
     5    0.000670    0.000000    0.000000    1.005589 v u_xp17x7_carry/_148_/Y (INVx1)
                                                         u_xp17x7_carry/_102_ (net)
                      0.000000    0.000009    1.005597 v u_xp17x7_carry/_183_/A1 (OAI21x1)
     1    0.000099    0.000000    0.000000    1.005597 ^ u_xp17x7_carry/_183_/Y (OAI21x1)
                                                         u_xp17x7_carry/_132_ (net)
                      0.000000    0.000000    1.005598 ^ u_xp17x7_carry/_186_/A (NOR2x1)
     1    0.000092    0.000000    0.000000    1.005598 v u_xp17x7_carry/_186_/Y (NOR2x1)
                                                         u_xp17x7_carry/_135_ (net)
                      0.000000    0.000000    1.005598 v u_xp17x7_carry/_191_/A (NAND2x1)
     2    0.000218    0.000000    0.000000    1.005598 ^ u_xp17x7_carry/_191_/Y (NAND2x1)
                                                         upper[6] (net)
                      0.000000    0.000002    1.005601 ^ _361_/A (INVx1)
     1    0.000090    0.000000    0.000000    1.005601 v _361_/Y (INVx1)
                                                         _052_ (net)
                      0.000000    0.000000    1.005601 v _362_/B (NAND2x1)
     1    0.000103    0.000000    0.000000    1.005601 ^ _362_/Y (NAND2x1)
                                                         _053_ (net)
                      0.000000    0.000000    1.005601 ^ _363_/A (NOR2x1)
     1    0.000165    0.000000    0.000000    1.005601 v _363_/Y (NOR2x1)
                                                         _054_ (net)
                      0.000000    0.000002    1.005604 v _364_/B (NAND2x1)
     1    0.000401    0.000000    0.000000    1.005604 ^ _364_/Y (NAND2x1)
                                                         hd[3] (net)
                      0.000000    0.000019    1.005623 ^ hd[3] (out)
                                              1.005623   data arrival time

                      0.000000    0.200000    0.200000   clock vclk (rise edge)
                                  0.000000    0.200000   clock network delay (ideal)
                                  0.000000    0.200000   clock reconvergence pessimism
                                 -0.050000    0.150000   output external delay
                                              0.150000   data required time
---------------------------------------------------------------------------------------------
                                              0.150000   data required time
                                             -1.005623   data arrival time
---------------------------------------------------------------------------------------------
                                             -0.855623   slack (VIOLATED)




===========================================================================
report_checks --slack_max -0.01
============================================================================
======================= nom_tt_025C_0v50 Corner ===================================

Startpoint: B[46] (input port clocked by vclk)
Endpoint: hd[3] (output port clocked by vclk)
Path Group: vclk
Path Type: max

Fanout         Cap        Slew       Delay        Time   Description
---------------------------------------------------------------------------------------------
                      0.000000    0.000000    0.000000   clock vclk (rise edge)
                                  0.000000    0.000000   clock network delay (ideal)
                                  0.050000    0.050000 v input external delay
     1    0.000276    0.100000    0.000000    0.050000 v B[46] (in)
                                                         B[46] (net)
                      0.100024    0.000008    0.050008 v _550_/B (XNOR2x1)
     2    0.000218    0.000000    0.000000    0.050008 ^ _550_/Y (XNOR2x1)
                                                         _168_ (net)
                      0.000000    0.000003    0.050010 ^ _551_/A (INVx1)
     1    0.000100    0.000000    0.000000    0.050010 v _551_/Y (INVx1)
                                                         _169_ (net)
                      0.000000    0.000000    0.050011 v _554_/A (NOR2x1)
     3    0.000327    0.000000    0.000000    0.050011 ^ _554_/Y (NOR2x1)
                                                         cell_oh_flat[69] (net)
                      0.000000    0.000008    0.050019 ^ xp3_s2l1[11].u_xp3/_16_/A (INVx1)
     2    0.000189    0.000000    0.000000    0.050019 v xp3_s2l1[11].u_xp3/_16_/Y (INVx1)
                                                         xp3_s2l1[11].u_xp3/_05_ (net)
                      0.000000    0.000001    0.050020 v xp3_s2l1[11].u_xp3/_23_/A (NOR2x1)
     1    0.070089    0.000000    0.000000    0.050020 ^ xp3_s2l1[11].u_xp3/_23_/Y (NOR2x1)
                                                         xp3_s2l1[11].u_xp3/sum_bit[0].grid_and (net)
                      0.000000    0.001509    0.051530 ^ xp3_s2l1[11].u_xp3/_25_/A (BUFx1)
     4    0.000473    0.200000    0.188000    0.239530 ^ xp3_s2l1[11].u_xp3/_25_/Y (BUFx1)
                                                         ps_flat[55] (net)
                      0.200000    0.000013    0.239542 ^ xp5_s2l2[5].u_xp5/_36_/A (INVx1)
     2    0.000222    0.000000    0.000000    0.239542 v xp5_s2l2[5].u_xp5/_36_/Y (INVx1)
                                                         xp5_s2l2[5].u_xp5/_08_ (net)
                      0.000000    0.000001    0.239544 v xp5_s2l2[5].u_xp5/_59_/A (NOR2x1)
     1    0.070096    0.000000    0.000000    0.239544 ^ xp5_s2l2[5].u_xp5/_59_/Y (NOR2x1)
                                                         xp5_s2l2[5].u_xp5/sum_bit[0].grid_and (net)
                      0.000000    0.001666    0.241210 ^ xp5_s2l2[5].u_xp5/_61_/A (BUFx1)
     2    0.000233    0.200000    0.188000    0.429210 ^ xp5_s2l2[5].u_xp5/_61_/Y (BUFx1)
                                                         r4_split[5].boh[0] (net)
                      0.200000    0.000004    0.429214 ^ _716_/B (NOR2x1)
     1    0.000130    0.000000    0.000000    0.429214 v _716_/Y (NOR2x1)
                                                         _273_ (net)
                      0.000000    0.000002    0.429215 v _717_/B (NAND2x1)
     2    0.000275    0.000000    0.000000    0.429215 ^ _717_/Y (NAND2x1)
                                                         hi_flat[15] (net)
                      0.000000    0.000006    0.429222 ^ xp3_hi_l1[2].u_xp3/_16_/A (INVx1)
     2    0.000238    0.000000    0.000000    0.429222 v xp3_hi_l1[2].u_xp3/_16_/Y (INVx1)
                                                         xp3_hi_l1[2].u_xp3/_05_ (net)
                      0.000000    0.000004    0.429225 v xp3_hi_l1[2].u_xp3/_23_/A (NOR2x1)
     1    0.070739    0.000000    0.000000    0.429225 ^ xp3_hi_l1[2].u_xp3/_23_/Y (NOR2x1)
                                                         xp3_hi_l1[2].u_xp3/sum_bit[0].grid_and (net)
                      0.000000    0.010470    0.439695 ^ xp3_hi_l1[2].u_xp3/_25_/A (BUFx1)
     2    0.000781    0.200000    0.188000    0.627695 ^ xp3_hi_l1[2].u_xp3/_25_/Y (BUFx1)
                                                         hl1_flat[10] (net)
                      0.200000    0.000090    0.627785 ^ xp5_hi_l2[1].u_xp5/_26_/A (INVx1)
     4    0.000397    0.000000    0.000000    0.627785 v xp5_hi_l2[1].u_xp5/_26_/Y (INVx1)
                                                         xp5_hi_l2[1].u_xp5/_00_ (net)
                      0.000000    0.000009    0.627794 v xp5_hi_l2[1].u_xp5/_59_/B (NOR2x1)
     1    0.070038    0.000000    0.000000    0.627794 ^ xp5_hi_l2[1].u_xp5/_59_/Y (NOR2x1)
                                                         xp5_hi_l2[1].u_xp5/sum_bit[0].grid_and (net)
                      0.000000    0.000746    0.628540 ^ xp5_hi_l2[1].u_xp5/_61_/A (BUFx1)
     6    0.000864    0.200000    0.188000    0.816540 ^ xp5_hi_l2[1].u_xp5/_61_/Y (BUFx1)
                                                         hl2_flat[9] (net)
                      0.200000    0.000022    0.816562 ^ u_xp9_hi_l3/_101_/A (INVx1)
     4    0.000796    0.000000    0.000000    0.816562 v u_xp9_hi_l3/_101_/Y (INVx1)
                                                         u_xp9_hi_l3/_043_ (net)
                      0.000000    0.000006    0.816568 v u_xp9_hi_l3/_205_/A (NOR2x1)
     1    0.070058    0.000000    0.000000    0.816568 ^ u_xp9_hi_l3/_205_/Y (NOR2x1)
                                                         u_xp9_hi_l3/sum_bit[0].grid_and (net)
                      0.000000    0.001004    0.817572 ^ u_xp9_hi_l3/_207_/A (BUFx1)
     3    0.000427    0.200000    0.188000    1.005572 ^ u_xp9_hi_l3/_207_/Y (BUFx1)
                                                         high_sum[0] (net)
                      0.200000    0.000017    1.005589 ^ u_xp17x7_carry/_148_/A (INVx1)
     5    0.000670    0.000000    0.000000    1.005589 v u_xp17x7_carry/_148_/Y (INVx1)
                                                         u_xp17x7_carry/_102_ (net)
                      0.000000    0.000009    1.005597 v u_xp17x7_carry/_183_/A1 (OAI21x1)
     1    0.000099    0.000000    0.000000    1.005597 ^ u_xp17x7_carry/_183_/Y (OAI21x1)
                                                         u_xp17x7_carry/_132_ (net)
                      0.000000    0.000000    1.005598 ^ u_xp17x7_carry/_186_/A (NOR2x1)
     1    0.000092    0.000000    0.000000    1.005598 v u_xp17x7_carry/_186_/Y (NOR2x1)
                                                         u_xp17x7_carry/_135_ (net)
                      0.000000    0.000000    1.005598 v u_xp17x7_carry/_191_/A (NAND2x1)
     2    0.000218    0.000000    0.000000    1.005598 ^ u_xp17x7_carry/_191_/Y (NAND2x1)
                                                         upper[6] (net)
                      0.000000    0.000002    1.005601 ^ _361_/A (INVx1)
     1    0.000090    0.000000    0.000000    1.005601 v _361_/Y (INVx1)
                                                         _052_ (net)
                      0.000000    0.000000    1.005601 v _362_/B (NAND2x1)
     1    0.000103    0.000000    0.000000    1.005601 ^ _362_/Y (NAND2x1)
                                                         _053_ (net)
                      0.000000    0.000000    1.005601 ^ _363_/A (NOR2x1)
     1    0.000165    0.000000    0.000000    1.005601 v _363_/Y (NOR2x1)
                                                         _054_ (net)
                      0.000000    0.000002    1.005604 v _364_/B (NAND2x1)
     1    0.000401    0.000000    0.000000    1.005604 ^ _364_/Y (NAND2x1)
                                                         hd[3] (net)
                      0.000000    0.000019    1.005623 ^ hd[3] (out)
                                              1.005623   data arrival time

                      0.000000    0.200000    0.200000   clock vclk (rise edge)
                                  0.000000    0.200000   clock network delay (ideal)
                                  0.000000    0.200000   clock reconvergence pessimism
                                 -0.050000    0.150000   output external delay
                                              0.150000   data required time
---------------------------------------------------------------------------------------------
                                              0.150000   data required time
                                             -1.005623   data arrival time
---------------------------------------------------------------------------------------------
                                             -0.855623   slack (VIOLATED)




===========================================================================
 report_check_types -max_slew -max_cap -max_fanout -violators
============================================================================
======================= nom_tt_025C_0v50 Corner ===================================

max capacitance

Pin                                        Limit         Cap       Slack
------------------------------------------------------------------------
xp3_hi_l1[2].u_xp3/_23_/Y               0.010000    0.070739   -0.060739 (VIOLATED)
xp3_hi_l1[1].u_xp3/_23_/Y               0.010000    0.070421   -0.060421 (VIOLATED)
xp3_hi_l1[3].u_xp3/_23_/Y               0.010000    0.070415   -0.060415 (VIOLATED)
xp5_s2l2[0].u_xp5/_59_/Y                0.010000    0.070119   -0.060119 (VIOLATED)
xp5_hi_l2[0].u_xp5/_59_/Y               0.010000    0.070102   -0.060102 (VIOLATED)
xp5_s2l2[5].u_xp5/_59_/Y                0.010000    0.070096   -0.060096 (VIOLATED)
xp3_s2l1[11].u_xp3/_23_/Y               0.010000    0.070089   -0.060089 (VIOLATED)
xp5_s2l2[1].u_xp5/_59_/Y                0.010000    0.070087   -0.060087 (VIOLATED)
xp3_hi_l1[0].u_xp3/_23_/Y               0.010000    0.070084   -0.060084 (VIOLATED)
xp4_lo_l1[0].u_xp4/_41_/Y               0.010000    0.070079   -0.060079 (VIOLATED)
xp7_lo_l2[1].u_xp7/_127_/Y              0.010000    0.070077   -0.060077 (VIOLATED)
xp3_s2l1[9].u_xp3/_23_/Y                0.010000    0.070073   -0.060073 (VIOLATED)
xp3_s2l1[15].u_xp3/_23_/Y               0.010000    0.070068   -0.060068 (VIOLATED)
xp5_s2l2[3].u_xp5/_59_/Y                0.010000    0.070065   -0.060065 (VIOLATED)
xp3_s2l1[2].u_xp3/_23_/Y                0.010000    0.070065   -0.060065 (VIOLATED)
xp3_s2l1[4].u_xp3/_23_/Y                0.010000    0.070063   -0.060063 (VIOLATED)
xp4_lo_l1[1].u_xp4/_41_/Y               0.010000    0.070062   -0.060062 (VIOLATED)
u_xp9_hi_l3/_205_/Y                     0.010000    0.070058   -0.060058 (VIOLATED)
xp3_s2l1[13].u_xp3/_23_/Y               0.010000    0.070056   -0.060056 (VIOLATED)
xp5_s2l2[4].u_xp5/_59_/Y                0.010000    0.070056   -0.060056 (VIOLATED)
xp3_s2l1[7].u_xp3/_23_/Y                0.010000    0.070053   -0.060053 (VIOLATED)
xp4_lo_l1[2].u_xp4/_41_/Y               0.010000    0.070052   -0.060052 (VIOLATED)
xp3_s2l1[10].u_xp3/_23_/Y               0.010000    0.070050   -0.060050 (VIOLATED)
xp3_s2l1[0].u_xp3/_23_/Y                0.010000    0.070050   -0.060050 (VIOLATED)
xp3_s2l1[14].u_xp3/_23_/Y               0.010000    0.070050   -0.060050 (VIOLATED)
xp5_s2l2[7].u_xp5/_59_/Y                0.010000    0.070049   -0.060049 (VIOLATED)
xp5_s2l2[2].u_xp5/_59_/Y                0.010000    0.070049   -0.060049 (VIOLATED)
xp3_s2l1[5].u_xp3/_23_/Y                0.010000    0.070048   -0.060048 (VIOLATED)
xp3_s2l1[3].u_xp3/_23_/Y                0.010000    0.070046   -0.060046 (VIOLATED)
xp5_s2l2[6].u_xp5/_59_/Y                0.010000    0.070045   -0.060045 (VIOLATED)
xp4_lo_l1[3].u_xp4/_41_/Y               0.010000    0.070043   -0.060043 (VIOLATED)
xp7_lo_l2[0].u_xp7/_127_/Y              0.010000    0.070040   -0.060040 (VIOLATED)
xp3_s2l1[8].u_xp3/_23_/Y                0.010000    0.070039   -0.060039 (VIOLATED)
xp3_s2l1[6].u_xp3/_23_/Y                0.010000    0.070039   -0.060039 (VIOLATED)
xp5_hi_l2[1].u_xp5/_59_/Y               0.010000    0.070038   -0.060038 (VIOLATED)
xp3_s2l1[12].u_xp3/_23_/Y               0.010000    0.070034   -0.060034 (VIOLATED)
xp3_s2l1[1].u_xp3/_23_/Y                0.010000    0.070032   -0.060032 (VIOLATED)
u_xp13_lo_l3/_451_/Y                    0.010000    0.070030   -0.060030 (VIOLATED)
u_xp17x7_carry/_317_/Y                  0.010000    0.070025   -0.060025 (VIOLATED)



===========================================================================
report_parasitic_annotation -report_unannotated
============================================================================
Found 1 unannotated drivers.
 u_xp17x7_carry/_319_/Y
Found 0 partially unannotated drivers.

===========================================================================
max slew violation count 0
Writing metric design__max_slew_violation__count__corner:nom_tt_025C_0v50: 0
max fanout violation count 0
Writing metric design__max_fanout_violation__count__corner:nom_tt_025C_0v50: 0
max cap violation count 39
Writing metric design__max_cap_violation__count__corner:nom_tt_025C_0v50: 39
============================================================================

===========================================================================
check_setup -verbose -unconstrained_endpoints -multiple_clock -no_clock -no_input_delay -loops -generated_clocks
===========================================================================
