
===========================================================================
report_checks -path_delay max (Setup)
============================================================================
======================= nom_tt_025C_0v50 Corner ===================================

Startpoint: B[46] (input port clocked by vclk)
Endpoint: hd[3] (output port clocked by vclk)
Path Group: vclk
Path Type: max

Fanout         Cap        Slew       Delay        Time   Description
---------------------------------------------------------------------------------------------
                      0.000000    0.000000    0.000000   clock vclk (rise edge)
                                  0.000000    0.000000   clock network delay (ideal)
                                  0.050000    0.050000 v input external delay
     1    0.000276    0.100000    0.000000    0.050000 v B[46] (in)
                                                         B[46] (net)
                      0.100024    0.000008    0.050008 v _550_/B (XNOR2x1)
     2    0.000218    0.000000    0.000000    0.050008 ^ _550_/Y (XNOR2x1)
                                                         _168_ (net)
                      0.000000    0.000003    0.050010 ^ _551_/A (INVx1)
     1    0.000100    0.000000    0.000000    0.050010 v _551_/Y (INVx1)
                                                         _169_ (net)
                      0.000000    0.000000    0.050011 v _554_/A (NOR2x1)
     3    0.000327    0.000000    0.000000    0.050011 ^ _554_/Y (NOR2x1)
                                                         cell_oh_flat[69] (net)
                      0.000000    0.000008    0.050019 ^ xp3_s2l1[11].u_xp3/_16_/A (INVx1)
     2    0.000189    0.000000    0.000000    0.050019 v xp3_s2l1[11].u_xp3/_16_/Y (INVx1)
                                                         xp3_s2l1[11].u_xp3/_05_ (net)
                      0.000000    0.000001    0.050020 v xp3_s2l1[11].u_xp3/_23_/A (NOR2x1)
     1    0.070089    0.000000    0.000000    0.050020 ^ xp3_s2l1[11].u_xp3/_23_/Y (NOR2x1)
                                                         xp3_s2l1[11].u_xp3/sum_bit[0].grid_and (net)
                      0.000000    0.001509    0.051530 ^ xp3_s2l1[11].u_xp3/_25_/A (BUFx1)
     4    0.000473    0.200000    0.188000    0.239530 ^ xp3_s2l1[11].u_xp3/_25_/Y (BUFx1)
                                                         ps_flat[55] (net)
                      0.200000    0.000013    0.239542 ^ xp5_s2l2[5].u_xp5/_36_/A (INVx1)
     2    0.000222    0.000000    0.000000    0.239542 v xp5_s2l2[5].u_xp5/_36_/Y (INVx1)
                                                         xp5_s2l2[5].u_xp5/_08_ (net)
                      0.000000    0.000001    0.239544 v xp5_s2l2[5].u_xp5/_59_/A (NOR2x1)
     1    0.070096    0.000000    0.000000    0.239544 ^ xp5_s2l2[5].u_xp5/_59_/Y (NOR2x1)
                                                         xp5_s2l2[5].u_xp5/sum_bit[0].grid_and (net)
                      0.000000    0.001666    0.241210 ^ xp5_s2l2[5].u_xp5/_61_/A (BUFx1)
     2    0.000233    0.200000    0.188000    0.429210 ^ xp5_s2l2[5].u_xp5/_61_/Y (BUFx1)
                                                         r4_split[5].boh[0] (net)
                      0.200000    0.000004    0.429214 ^ _716_/B (NOR2x1)
     1    0.000130    0.000000    0.000000    0.429214 v _716_/Y (NOR2x1)
                                                         _273_ (net)
                      0.000000    0.000002    0.429215 v _717_/B (NAND2x1)
     2    0.000275    0.000000    0.000000    0.429215 ^ _717_/Y (NAND2x1)
                                                         hi_flat[15] (net)
                      0.000000    0.000006    0.429222 ^ xp3_hi_l1[2].u_xp3/_16_/A (INVx1)
     2    0.000238    0.000000    0.000000    0.429222 v xp3_hi_l1[2].u_xp3/_16_/Y (INVx1)
                                                         xp3_hi_l1[2].u_xp3/_05_ (net)
                      0.000000    0.000004    0.429225 v xp3_hi_l1[2].u_xp3/_23_/A (NOR2x1)
     1    0.070739    0.000000    0.000000    0.429225 ^ xp3_hi_l1[2].u_xp3/_23_/Y (NOR2x1)
                                                         xp3_hi_l1[2].u_xp3/sum_bit[0].grid_and (net)
                      0.000000    0.010470    0.439695 ^ xp3_hi_l1[2].u_xp3/_25_/A (BUFx1)
     2    0.000781    0.200000    0.188000    0.627695 ^ xp3_hi_l1[2].u_xp3/_25_/Y (BUFx1)
                                                         hl1_flat[10] (net)
                      0.200000    0.000090    0.627785 ^ xp5_hi_l2[1].u_xp5/_26_/A (INVx1)
     4    0.000397    0.000000    0.000000    0.627785 v xp5_hi_l2[1].u_xp5/_26_/Y (INVx1)
                                                         xp5_hi_l2[1].u_xp5/_00_ (net)
                      0.000000    0.000009    0.627794 v xp5_hi_l2[1].u_xp5/_59_/B (NOR2x1)
     1    0.070038    0.000000    0.000000    0.627794 ^ xp5_hi_l2[1].u_xp5/_59_/Y (NOR2x1)
                                                         xp5_hi_l2[1].u_xp5/sum_bit[0].grid_and (net)
                      0.000000    0.000746    0.628540 ^ xp5_hi_l2[1].u_xp5/_61_/A (BUFx1)
     6    0.000864    0.200000    0.188000    0.816540 ^ xp5_hi_l2[1].u_xp5/_61_/Y (BUFx1)
                                                         hl2_flat[9] (net)
                      0.200000    0.000022    0.816562 ^ u_xp9_hi_l3/_101_/A (INVx1)
     4    0.000796    0.000000    0.000000    0.816562 v u_xp9_hi_l3/_101_/Y (INVx1)
                                                         u_xp9_hi_l3/_043_ (net)
                      0.000000    0.000006    0.816568 v u_xp9_hi_l3/_205_/A (NOR2x1)
     1    0.070058    0.000000    0.000000    0.816568 ^ u_xp9_hi_l3/_205_/Y (NOR2x1)
                                                         u_xp9_hi_l3/sum_bit[0].grid_and (net)
                      0.000000    0.001004    0.817572 ^ u_xp9_hi_l3/_207_/A (BUFx1)
     3    0.000427    0.200000    0.188000    1.005572 ^ u_xp9_hi_l3/_207_/Y (BUFx1)
                                                         high_sum[0] (net)
                      0.200000    0.000017    1.005589 ^ u_xp17x7_carry/_148_/A (INVx1)
     5    0.000670    0.000000    0.000000    1.005589 v u_xp17x7_carry/_148_/Y (INVx1)
                                                         u_xp17x7_carry/_102_ (net)
                      0.000000    0.000009    1.005597 v u_xp17x7_carry/_183_/A1 (OAI21x1)
     1    0.000099    0.000000    0.000000    1.005597 ^ u_xp17x7_carry/_183_/Y (OAI21x1)
                                                         u_xp17x7_carry/_132_ (net)
                      0.000000    0.000000    1.005598 ^ u_xp17x7_carry/_186_/A (NOR2x1)
     1    0.000092    0.000000    0.000000    1.005598 v u_xp17x7_carry/_186_/Y (NOR2x1)
                                                         u_xp17x7_carry/_135_ (net)
                      0.000000    0.000000    1.005598 v u_xp17x7_carry/_191_/A (NAND2x1)
     2    0.000218    0.000000    0.000000    1.005598 ^ u_xp17x7_carry/_191_/Y (NAND2x1)
                                                         upper[6] (net)
                      0.000000    0.000002    1.005601 ^ _361_/A (INVx1)
     1    0.000090    0.000000    0.000000    1.005601 v _361_/Y (INVx1)
                                                         _052_ (net)
                      0.000000    0.000000    1.005601 v _362_/B (NAND2x1)
     1    0.000103    0.000000    0.000000    1.005601 ^ _362_/Y (NAND2x1)
                                                         _053_ (net)
                      0.000000    0.000000    1.005601 ^ _363_/A (NOR2x1)
     1    0.000165    0.000000    0.000000    1.005601 v _363_/Y (NOR2x1)
                                                         _054_ (net)
                      0.000000    0.000002    1.005604 v _364_/B (NAND2x1)
     1    0.000401    0.000000    0.000000    1.005604 ^ _364_/Y (NAND2x1)
                                                         hd[3] (net)
                      0.000000    0.000019    1.005623 ^ hd[3] (out)
                                              1.005623   data arrival time

                      0.000000    0.200000    0.200000   clock vclk (rise edge)
                                  0.000000    0.200000   clock network delay (ideal)
                                  0.000000    0.200000   clock reconvergence pessimism
                                 -0.050000    0.150000   output external delay
                                              0.150000   data required time
---------------------------------------------------------------------------------------------
                                              0.150000   data required time
                                             -1.005623   data arrival time
---------------------------------------------------------------------------------------------
                                             -0.855623   slack (VIOLATED)


Startpoint: B[46] (input port clocked by vclk)
Endpoint: hd[4] (output port clocked by vclk)
Path Group: vclk
Path Type: max

Fanout         Cap        Slew       Delay        Time   Description
---------------------------------------------------------------------------------------------
                      0.000000    0.000000    0.000000   clock vclk (rise edge)
                                  0.000000    0.000000   clock network delay (ideal)
                                  0.050000    0.050000 v input external delay
     1    0.000276    0.100000    0.000000    0.050000 v B[46] (in)
                                                         B[46] (net)
                      0.100024    0.000008    0.050008 v _550_/B (XNOR2x1)
     2    0.000218    0.000000    0.000000    0.050008 ^ _550_/Y (XNOR2x1)
                                                         _168_ (net)
                      0.000000    0.000003    0.050010 ^ _551_/A (INVx1)
     1    0.000100    0.000000    0.000000    0.050010 v _551_/Y (INVx1)
                                                         _169_ (net)
                      0.000000    0.000000    0.050011 v _554_/A (NOR2x1)
     3    0.000327    0.000000    0.000000    0.050011 ^ _554_/Y (NOR2x1)
                                                         cell_oh_flat[69] (net)
                      0.000000    0.000008    0.050019 ^ xp3_s2l1[11].u_xp3/_16_/A (INVx1)
     2    0.000189    0.000000    0.000000    0.050019 v xp3_s2l1[11].u_xp3/_16_/Y (INVx1)
                                                         xp3_s2l1[11].u_xp3/_05_ (net)
                      0.000000    0.000001    0.050020 v xp3_s2l1[11].u_xp3/_23_/A (NOR2x1)
     1    0.070089    0.000000    0.000000    0.050020 ^ xp3_s2l1[11].u_xp3/_23_/Y (NOR2x1)
                                                         xp3_s2l1[11].u_xp3/sum_bit[0].grid_and (net)
                      0.000000    0.001509    0.051530 ^ xp3_s2l1[11].u_xp3/_25_/A (BUFx1)
     4    0.000473    0.200000    0.188000    0.239530 ^ xp3_s2l1[11].u_xp3/_25_/Y (BUFx1)
                                                         ps_flat[55] (net)
                      0.200000    0.000013    0.239542 ^ xp5_s2l2[5].u_xp5/_36_/A (INVx1)
     2    0.000222    0.000000    0.000000    0.239542 v xp5_s2l2[5].u_xp5/_36_/Y (INVx1)
                                                         xp5_s2l2[5].u_xp5/_08_ (net)
                      0.000000    0.000001    0.239544 v xp5_s2l2[5].u_xp5/_59_/A (NOR2x1)
     1    0.070096    0.000000    0.000000    0.239544 ^ xp5_s2l2[5].u_xp5/_59_/Y (NOR2x1)
                                                         xp5_s2l2[5].u_xp5/sum_bit[0].grid_and (net)
                      0.000000    0.001666    0.241210 ^ xp5_s2l2[5].u_xp5/_61_/A (BUFx1)
     2    0.000233    0.200000    0.188000    0.429210 ^ xp5_s2l2[5].u_xp5/_61_/Y (BUFx1)
                                                         r4_split[5].boh[0] (net)
                      0.200000    0.000004    0.429214 ^ _716_/B (NOR2x1)
     1    0.000130    0.000000    0.000000    0.429214 v _716_/Y (NOR2x1)
                                                         _273_ (net)
                      0.000000    0.000002    0.429215 v _717_/B (NAND2x1)
     2    0.000275    0.000000    0.000000    0.429215 ^ _717_/Y (NAND2x1)
                                                         hi_flat[15] (net)
                      0.000000    0.000006    0.429222 ^ xp3_hi_l1[2].u_xp3/_16_/A (INVx1)
     2    0.000238    0.000000    0.000000    0.429222 v xp3_hi_l1[2].u_xp3/_16_/Y (INVx1)
                                                         xp3_hi_l1[2].u_xp3/_05_ (net)
                      0.000000    0.000004    0.429225 v xp3_hi_l1[2].u_xp3/_23_/A (NOR2x1)
     1    0.070739    0.000000    0.000000    0.429225 ^ xp3_hi_l1[2].u_xp3/_23_/Y (NOR2x1)
                                                         xp3_hi_l1[2].u_xp3/sum_bit[0].grid_and (net)
                      0.000000    0.010470    0.439695 ^ xp3_hi_l1[2].u_xp3/_25_/A (BUFx1)
     2    0.000781    0.200000    0.188000    0.627695 ^ xp3_hi_l1[2].u_xp3/_25_/Y (BUFx1)
                                                         hl1_flat[10] (net)
                      0.200000    0.000090    0.627785 ^ xp5_hi_l2[1].u_xp5/_26_/A (INVx1)
     4    0.000397    0.000000    0.000000    0.627785 v xp5_hi_l2[1].u_xp5/_26_/Y (INVx1)
                                                         xp5_hi_l2[1].u_xp5/_00_ (net)
                      0.000000    0.000009    0.627794 v xp5_hi_l2[1].u_xp5/_59_/B (NOR2x1)
     1    0.070038    0.000000    0.000000    0.627794 ^ xp5_hi_l2[1].u_xp5/_59_/Y (NOR2x1)
                                                         xp5_hi_l2[1].u_xp5/sum_bit[0].grid_and (net)
                      0.000000    0.000746    0.628540 ^ xp5_hi_l2[1].u_xp5/_61_/A (BUFx1)
     6    0.000864    0.200000    0.188000    0.816540 ^ xp5_hi_l2[1].u_xp5/_61_/Y (BUFx1)
                                                         hl2_flat[9] (net)
                      0.200000    0.000022    0.816562 ^ u_xp9_hi_l3/_101_/A (INVx1)
     4    0.000796    0.000000    0.000000    0.816562 v u_xp9_hi_l3/_101_/Y (INVx1)
                                                         u_xp9_hi_l3/_043_ (net)
                      0.000000    0.000006    0.816568 v u_xp9_hi_l3/_205_/A (NOR2x1)
     1    0.070058    0.000000    0.000000    0.816568 ^ u_xp9_hi_l3/_205_/Y (NOR2x1)
                                                         u_xp9_hi_l3/sum_bit[0].grid_and (net)
                      0.000000    0.001004    0.817572 ^ u_xp9_hi_l3/_207_/A (BUFx1)
     3    0.000427    0.200000    0.188000    1.005572 ^ u_xp9_hi_l3/_207_/Y (BUFx1)
                                                         high_sum[0] (net)
                      0.200000    0.000017    1.005589 ^ u_xp17x7_carry/_148_/A (INVx1)
     5    0.000670    0.000000    0.000000    1.005589 v u_xp17x7_carry/_148_/Y (INVx1)
                                                         u_xp17x7_carry/_102_ (net)
                      0.000000    0.000009    1.005597 v u_xp17x7_carry/_183_/A1 (OAI21x1)
     1    0.000099    0.000000    0.000000    1.005597 ^ u_xp17x7_carry/_183_/Y (OAI21x1)
                                                         u_xp17x7_carry/_132_ (net)
                      0.000000    0.000000    1.005598 ^ u_xp17x7_carry/_186_/A (NOR2x1)
     1    0.000092    0.000000    0.000000    1.005598 v u_xp17x7_carry/_186_/Y (NOR2x1)
                                                         u_xp17x7_carry/_135_ (net)
                      0.000000    0.000000    1.005598 v u_xp17x7_carry/_191_/A (NAND2x1)
     2    0.000218    0.000000    0.000000    1.005598 ^ u_xp17x7_carry/_191_/Y (NAND2x1)
                                                         upper[6] (net)
                      0.000000    0.000003    1.005601 ^ _366_/A (NOR2x1)
     1    0.000086    0.000000    0.000000    1.005601 v _366_/Y (NOR2x1)
                                                         _056_ (net)
                      0.000000    0.000000    1.005601 v _367_/A (NAND2x1)
     1    0.000073    0.000000    0.000000    1.005601 ^ _367_/Y (NAND2x1)
                                                         _057_ (net)
                      0.000000    0.000000    1.005601 ^ _368_/B (NOR2x1)
     1    0.000191    0.000000    0.000000    1.005601 v _368_/Y (NOR2x1)
                                                         _058_ (net)
                      0.000000    0.000003    1.005605 v _373_/A (NAND2x1)
     1    0.000206    0.000000    0.000000    1.005605 ^ _373_/Y (NAND2x1)
                                                         hd[4] (net)
                      0.000000    0.000006    1.005611 ^ hd[4] (out)
                                              1.005611   data arrival time

                      0.000000    0.200000    0.200000   clock vclk (rise edge)
                                  0.000000    0.200000   clock network delay (ideal)
                                  0.000000    0.200000   clock reconvergence pessimism
                                 -0.050000    0.150000   output external delay
                                              0.150000   data required time
---------------------------------------------------------------------------------------------
                                              0.150000   data required time
                                             -1.005611   data arrival time
---------------------------------------------------------------------------------------------
                                             -0.855611   slack (VIOLATED)


Startpoint: B[46] (input port clocked by vclk)
Endpoint: hd[2] (output port clocked by vclk)
Path Group: vclk
Path Type: max

Fanout         Cap        Slew       Delay        Time   Description
---------------------------------------------------------------------------------------------
                      0.000000    0.000000    0.000000   clock vclk (rise edge)
                                  0.000000    0.000000   clock network delay (ideal)
                                  0.050000    0.050000 v input external delay
     1    0.000276    0.100000    0.000000    0.050000 v B[46] (in)
                                                         B[46] (net)
                      0.100024    0.000008    0.050008 v _550_/B (XNOR2x1)
     2    0.000218    0.000000    0.000000    0.050008 ^ _550_/Y (XNOR2x1)
                                                         _168_ (net)
                      0.000000    0.000003    0.050010 ^ _551_/A (INVx1)
     1    0.000100    0.000000    0.000000    0.050010 v _551_/Y (INVx1)
                                                         _169_ (net)
                      0.000000    0.000000    0.050011 v _554_/A (NOR2x1)
     3    0.000327    0.000000    0.000000    0.050011 ^ _554_/Y (NOR2x1)
                                                         cell_oh_flat[69] (net)
                      0.000000    0.000008    0.050019 ^ xp3_s2l1[11].u_xp3/_16_/A (INVx1)
     2    0.000189    0.000000    0.000000    0.050019 v xp3_s2l1[11].u_xp3/_16_/Y (INVx1)
                                                         xp3_s2l1[11].u_xp3/_05_ (net)
                      0.000000    0.000001    0.050020 v xp3_s2l1[11].u_xp3/_23_/A (NOR2x1)
     1    0.070089    0.000000    0.000000    0.050020 ^ xp3_s2l1[11].u_xp3/_23_/Y (NOR2x1)
                                                         xp3_s2l1[11].u_xp3/sum_bit[0].grid_and (net)
                      0.000000    0.001509    0.051530 ^ xp3_s2l1[11].u_xp3/_25_/A (BUFx1)
     4    0.000473    0.200000    0.188000    0.239530 ^ xp3_s2l1[11].u_xp3/_25_/Y (BUFx1)
                                                         ps_flat[55] (net)
                      0.200000    0.000013    0.239542 ^ xp5_s2l2[5].u_xp5/_36_/A (INVx1)
     2    0.000222    0.000000    0.000000    0.239542 v xp5_s2l2[5].u_xp5/_36_/Y (INVx1)
                                                         xp5_s2l2[5].u_xp5/_08_ (net)
                      0.000000    0.000001    0.239544 v xp5_s2l2[5].u_xp5/_59_/A (NOR2x1)
     1    0.070096    0.000000    0.000000    0.239544 ^ xp5_s2l2[5].u_xp5/_59_/Y (NOR2x1)
                                                         xp5_s2l2[5].u_xp5/sum_bit[0].grid_and (net)
                      0.000000    0.001666    0.241210 ^ xp5_s2l2[5].u_xp5/_61_/A (BUFx1)
     2    0.000233    0.200000    0.188000    0.429210 ^ xp5_s2l2[5].u_xp5/_61_/Y (BUFx1)
                                                         r4_split[5].boh[0] (net)
                      0.200000    0.000004    0.429214 ^ _716_/B (NOR2x1)
     1    0.000130    0.000000    0.000000    0.429214 v _716_/Y (NOR2x1)
                                                         _273_ (net)
                      0.000000    0.000002    0.429215 v _717_/B (NAND2x1)
     2    0.000275    0.000000    0.000000    0.429215 ^ _717_/Y (NAND2x1)
                                                         hi_flat[15] (net)
                      0.000000    0.000006    0.429222 ^ xp3_hi_l1[2].u_xp3/_16_/A (INVx1)
     2    0.000238    0.000000    0.000000    0.429222 v xp3_hi_l1[2].u_xp3/_16_/Y (INVx1)
                                                         xp3_hi_l1[2].u_xp3/_05_ (net)
                      0.000000    0.000004    0.429225 v xp3_hi_l1[2].u_xp3/_23_/A (NOR2x1)
     1    0.070739    0.000000    0.000000    0.429225 ^ xp3_hi_l1[2].u_xp3/_23_/Y (NOR2x1)
                                                         xp3_hi_l1[2].u_xp3/sum_bit[0].grid_and (net)
                      0.000000    0.010470    0.439695 ^ xp3_hi_l1[2].u_xp3/_25_/A (BUFx1)
     2    0.000781    0.200000    0.188000    0.627695 ^ xp3_hi_l1[2].u_xp3/_25_/Y (BUFx1)
                                                         hl1_flat[10] (net)
                      0.200000    0.000090    0.627785 ^ xp5_hi_l2[1].u_xp5/_26_/A (INVx1)
     4    0.000397    0.000000    0.000000    0.627785 v xp5_hi_l2[1].u_xp5/_26_/Y (INVx1)
                                                         xp5_hi_l2[1].u_xp5/_00_ (net)
                      0.000000    0.000009    0.627794 v xp5_hi_l2[1].u_xp5/_59_/B (NOR2x1)
     1    0.070038    0.000000    0.000000    0.627794 ^ xp5_hi_l2[1].u_xp5/_59_/Y (NOR2x1)
                                                         xp5_hi_l2[1].u_xp5/sum_bit[0].grid_and (net)
                      0.000000    0.000746    0.628540 ^ xp5_hi_l2[1].u_xp5/_61_/A (BUFx1)
     6    0.000864    0.200000    0.188000    0.816540 ^ xp5_hi_l2[1].u_xp5/_61_/Y (BUFx1)
                                                         hl2_flat[9] (net)
                      0.200000    0.000022    0.816562 ^ u_xp9_hi_l3/_101_/A (INVx1)
     4    0.000796    0.000000    0.000000    0.816562 v u_xp9_hi_l3/_101_/Y (INVx1)
                                                         u_xp9_hi_l3/_043_ (net)
                      0.000000    0.000006    0.816568 v u_xp9_hi_l3/_205_/A (NOR2x1)
     1    0.070058    0.000000    0.000000    0.816568 ^ u_xp9_hi_l3/_205_/Y (NOR2x1)
                                                         u_xp9_hi_l3/sum_bit[0].grid_and (net)
                      0.000000    0.001004    0.817572 ^ u_xp9_hi_l3/_207_/A (BUFx1)
     3    0.000427    0.200000    0.188000    1.005572 ^ u_xp9_hi_l3/_207_/Y (BUFx1)
                                                         high_sum[0] (net)
                      0.200000    0.000017    1.005589 ^ u_xp17x7_carry/_148_/A (INVx1)
     5    0.000670    0.000000    0.000000    1.005589 v u_xp17x7_carry/_148_/Y (INVx1)
                                                         u_xp17x7_carry/_102_ (net)
                      0.000000    0.000008    1.005597 v u_xp17x7_carry/_162_/A1 (OAI21x1)
     2    0.000183    0.000000    0.000000    1.005597 ^ u_xp17x7_carry/_162_/Y (OAI21x1)
                                                         upper[3] (net)
                      0.000000    0.000002    1.005598 ^ _349_/B (NOR2x1)
     1    0.000167    0.000000    0.000000    1.005598 v _349_/Y (NOR2x1)
                                                         _041_ (net)
                      0.000000    0.000003    1.005601 v _350_/B (NAND2x1)
     1    0.000152    0.000000    0.000000    1.005601 ^ _350_/Y (NAND2x1)
                                                         _042_ (net)
                      0.000000    0.000003    1.005604 ^ _351_/B (NOR2x1)
     1    0.000107    0.000000    0.000000    1.005604 v _351_/Y (NOR2x1)
                                                         _043_ (net)
                      0.000000    0.000000    1.005605 v _352_/B (NAND2x1)
     1    0.000172    0.000000    0.000000    1.005605 ^ _352_/Y (NAND2x1)
                                                         hd[2] (net)
                      0.000000    0.000005    1.005610 ^ hd[2] (out)
                                              1.005610   data arrival time

                      0.000000    0.200000    0.200000   clock vclk (rise edge)
                                  0.000000    0.200000   clock network delay (ideal)
                                  0.000000    0.200000   clock reconvergence pessimism
                                 -0.050000    0.150000   output external delay
                                              0.150000   data required time
---------------------------------------------------------------------------------------------
                                              0.150000   data required time
                                             -1.005610   data arrival time
---------------------------------------------------------------------------------------------
                                             -0.855609   slack (VIOLATED)


Startpoint: B[46] (input port clocked by vclk)
Endpoint: hd[5] (output port clocked by vclk)
Path Group: vclk
Path Type: max

Fanout         Cap        Slew       Delay        Time   Description
---------------------------------------------------------------------------------------------
                      0.000000    0.000000    0.000000   clock vclk (rise edge)
                                  0.000000    0.000000   clock network delay (ideal)
                                  0.050000    0.050000 v input external delay
     1    0.000276    0.100000    0.000000    0.050000 v B[46] (in)
                                                         B[46] (net)
                      0.100024    0.000008    0.050008 v _550_/B (XNOR2x1)
     2    0.000218    0.000000    0.000000    0.050008 ^ _550_/Y (XNOR2x1)
                                                         _168_ (net)
                      0.000000    0.000003    0.050010 ^ _551_/A (INVx1)
     1    0.000100    0.000000    0.000000    0.050010 v _551_/Y (INVx1)
                                                         _169_ (net)
                      0.000000    0.000000    0.050011 v _554_/A (NOR2x1)
     3    0.000327    0.000000    0.000000    0.050011 ^ _554_/Y (NOR2x1)
                                                         cell_oh_flat[69] (net)
                      0.000000    0.000008    0.050019 ^ xp3_s2l1[11].u_xp3/_16_/A (INVx1)
     2    0.000189    0.000000    0.000000    0.050019 v xp3_s2l1[11].u_xp3/_16_/Y (INVx1)
                                                         xp3_s2l1[11].u_xp3/_05_ (net)
                      0.000000    0.000001    0.050020 v xp3_s2l1[11].u_xp3/_23_/A (NOR2x1)
     1    0.070089    0.000000    0.000000    0.050020 ^ xp3_s2l1[11].u_xp3/_23_/Y (NOR2x1)
                                                         xp3_s2l1[11].u_xp3/sum_bit[0].grid_and (net)
                      0.000000    0.001509    0.051530 ^ xp3_s2l1[11].u_xp3/_25_/A (BUFx1)
     4    0.000473    0.200000    0.188000    0.239530 ^ xp3_s2l1[11].u_xp3/_25_/Y (BUFx1)
                                                         ps_flat[55] (net)
                      0.200000    0.000013    0.239542 ^ xp5_s2l2[5].u_xp5/_36_/A (INVx1)
     2    0.000222    0.000000    0.000000    0.239542 v xp5_s2l2[5].u_xp5/_36_/Y (INVx1)
                                                         xp5_s2l2[5].u_xp5/_08_ (net)
                      0.000000    0.000001    0.239544 v xp5_s2l2[5].u_xp5/_59_/A (NOR2x1)
     1    0.070096    0.000000    0.000000    0.239544 ^ xp5_s2l2[5].u_xp5/_59_/Y (NOR2x1)
                                                         xp5_s2l2[5].u_xp5/sum_bit[0].grid_and (net)
                      0.000000    0.001666    0.241210 ^ xp5_s2l2[5].u_xp5/_61_/A (BUFx1)
     2    0.000233    0.200000    0.188000    0.429210 ^ xp5_s2l2[5].u_xp5/_61_/Y (BUFx1)
                                                         r4_split[5].boh[0] (net)
                      0.200000    0.000004    0.429213 ^ _703_/A (NOR2x1)
     1    0.000118    0.000000    0.000000    0.429213 v _703_/Y (NOR2x1)
                                                         _264_ (net)
                      0.000000    0.000000    0.429214 v _705_/A (NAND2x1)
     2    0.000528    0.000000    0.000000    0.429214 ^ _705_/Y (NAND2x1)
                                                         lo_flat[20] (net)
                      0.000000    0.000025    0.429239 ^ xp4_lo_l1[2].u_xp4/_24_/A (INVx1)
     3    0.000394    0.000000    0.000000    0.429239 v xp4_lo_l1[2].u_xp4/_24_/Y (INVx1)
                                                         xp4_lo_l1[2].u_xp4/_05_ (net)
                      0.000000    0.000002    0.429241 v xp4_lo_l1[2].u_xp4/_41_/A (NOR2x1)
     1    0.070052    0.000000    0.000000    0.429241 ^ xp4_lo_l1[2].u_xp4/_41_/Y (NOR2x1)
                                                         xp4_lo_l1[2].u_xp4/sum_bit[0].grid_and (net)
                      0.000000    0.000750    0.429991 ^ xp4_lo_l1[2].u_xp4/_43_/A (BUFx1)
     4    0.000693    0.200000    0.188000    0.617991 ^ xp4_lo_l1[2].u_xp4/_43_/Y (BUFx1)
                                                         ll1_flat[14] (net)
                      0.200000    0.000041    0.618032 ^ xp7_lo_l2[1].u_xp7/_058_/A (INVx1)
     4    0.000463    0.000000    0.000000    0.618032 v xp7_lo_l2[1].u_xp7/_058_/Y (INVx1)
                                                         xp7_lo_l2[1].u_xp7/_000_ (net)
                      0.000000    0.000004    0.618036 v xp7_lo_l2[1].u_xp7/_127_/B (NOR2x1)
     1    0.070077    0.000000    0.000000    0.618036 ^ xp7_lo_l2[1].u_xp7/_127_/Y (NOR2x1)
                                                         xp7_lo_l2[1].u_xp7/sum_bit[0].grid_and (net)
                      0.000000    0.001413    0.619449 ^ xp7_lo_l2[1].u_xp7/_129_/A (BUFx1)
     7    0.001253    0.200000    0.188000    0.807449 ^ xp7_lo_l2[1].u_xp7/_129_/Y (BUFx1)
                                                         ll2_flat[13] (net)
                      0.200000    0.000079    0.807528 ^ u_xp13_lo_l3/_220_/A (INVx1)
     7    0.001973    0.000000    0.000000    0.807528 v u_xp13_lo_l3/_220_/Y (INVx1)
                                                         u_xp13_lo_l3/_177_ (net)
                      0.000000    0.000044    0.807571 v u_xp13_lo_l3/_451_/A (NOR2x1)
     1    0.070030    0.000000    0.000000    0.807571 ^ u_xp13_lo_l3/_451_/Y (NOR2x1)
                                                         u_xp13_lo_l3/sum_bit[0].grid_and (net)
                      0.000000    0.000433    0.808005 ^ u_xp13_lo_l3/_453_/A (BUFx1)
     1    0.000082    0.200000    0.188000    0.996005 ^ u_xp13_lo_l3/_453_/Y (BUFx1)
                                                         low_sum[0] (net)
                      0.200000    0.000000    0.996005 ^ _301_/B (NOR2x1)
     1    0.000090    0.000000    0.000000    0.996005 v _301_/Y (NOR2x1)
                                                         _001_ (net)
                      0.000000    0.000000    0.996006 v _302_/B (NAND2x1)
    15    0.003583    0.000000    0.000000    0.996006 ^ _302_/Y (NAND2x1)
                                                         carry[0] (net)
                      0.000000    0.000883    0.996888 ^ u_xp17x7_carry/_259_/A1 (AOI21x1)
     1    0.000127    0.000000    0.000000    0.996888 v u_xp17x7_carry/_259_/Y (AOI21x1)
                                                         u_xp17x7_carry/_053_ (net)
                      0.000000    0.000002    0.996890 v u_xp17x7_carry/_260_/B (NAND2x1)
     1    0.000275    0.000000    0.000000    0.996890 ^ u_xp17x7_carry/_260_/Y (NAND2x1)
                                                         upper[13] (net)
                      0.000000    0.000007    0.996897 ^ _346_/B (NOR2x1)
     2    0.000658    0.000000    0.000000    0.996897 v _346_/Y (NOR2x1)
                                                         _038_ (net)
                      0.000000    0.000010    0.996907 v _347_/B (NAND2x1)
     2    0.000614    0.000000    0.000000    0.996907 ^ _347_/Y (NAND2x1)
                                                         _039_ (net)
                      0.000000    0.000010    0.996917 ^ _379_/A (INVx1)
     1    0.000076    0.000000    0.000000    0.996917 v _379_/Y (INVx1)
                                                         _068_ (net)
                      0.000000    0.000000    0.996917 v _380_/B (NAND2x1)
     1    0.000280    0.000000    0.000000    0.996917 ^ _380_/Y (NAND2x1)
                                                         hd[5] (net)
                      0.000000    0.000010    0.996927 ^ hd[5] (out)
                                              0.996927   data arrival time

                      0.000000    0.200000    0.200000   clock vclk (rise edge)
                                  0.000000    0.200000   clock network delay (ideal)
                                  0.000000    0.200000   clock reconvergence pessimism
                                 -0.050000    0.150000   output external delay
                                              0.150000   data required time
---------------------------------------------------------------------------------------------
                                              0.150000   data required time
                                             -0.996927   data arrival time
---------------------------------------------------------------------------------------------
                                             -0.846927   slack (VIOLATED)


Startpoint: B[46] (input port clocked by vclk)
Endpoint: hd[6] (output port clocked by vclk)
Path Group: vclk
Path Type: max

Fanout         Cap        Slew       Delay        Time   Description
---------------------------------------------------------------------------------------------
                      0.000000    0.000000    0.000000   clock vclk (rise edge)
                                  0.000000    0.000000   clock network delay (ideal)
                                  0.050000    0.050000 v input external delay
     1    0.000276    0.100000    0.000000    0.050000 v B[46] (in)
                                                         B[46] (net)
                      0.100024    0.000008    0.050008 v _550_/B (XNOR2x1)
     2    0.000218    0.000000    0.000000    0.050008 ^ _550_/Y (XNOR2x1)
                                                         _168_ (net)
                      0.000000    0.000003    0.050010 ^ _551_/A (INVx1)
     1    0.000100    0.000000    0.000000    0.050010 v _551_/Y (INVx1)
                                                         _169_ (net)
                      0.000000    0.000000    0.050011 v _554_/A (NOR2x1)
     3    0.000327    0.000000    0.000000    0.050011 ^ _554_/Y (NOR2x1)
                                                         cell_oh_flat[69] (net)
                      0.000000    0.000008    0.050019 ^ xp3_s2l1[11].u_xp3/_16_/A (INVx1)
     2    0.000189    0.000000    0.000000    0.050019 v xp3_s2l1[11].u_xp3/_16_/Y (INVx1)
                                                         xp3_s2l1[11].u_xp3/_05_ (net)
                      0.000000    0.000001    0.050020 v xp3_s2l1[11].u_xp3/_23_/A (NOR2x1)
     1    0.070089    0.000000    0.000000    0.050020 ^ xp3_s2l1[11].u_xp3/_23_/Y (NOR2x1)
                                                         xp3_s2l1[11].u_xp3/sum_bit[0].grid_and (net)
                      0.000000    0.001509    0.051530 ^ xp3_s2l1[11].u_xp3/_25_/A (BUFx1)
     4    0.000473    0.200000    0.188000    0.239530 ^ xp3_s2l1[11].u_xp3/_25_/Y (BUFx1)
                                                         ps_flat[55] (net)
                      0.200000    0.000013    0.239542 ^ xp5_s2l2[5].u_xp5/_36_/A (INVx1)
     2    0.000222    0.000000    0.000000    0.239542 v xp5_s2l2[5].u_xp5/_36_/Y (INVx1)
                                                         xp5_s2l2[5].u_xp5/_08_ (net)
                      0.000000    0.000001    0.239544 v xp5_s2l2[5].u_xp5/_59_/A (NOR2x1)
     1    0.070096    0.000000    0.000000    0.239544 ^ xp5_s2l2[5].u_xp5/_59_/Y (NOR2x1)
                                                         xp5_s2l2[5].u_xp5/sum_bit[0].grid_and (net)
                      0.000000    0.001666    0.241210 ^ xp5_s2l2[5].u_xp5/_61_/A (BUFx1)
     2    0.000233    0.200000    0.188000    0.429210 ^ xp5_s2l2[5].u_xp5/_61_/Y (BUFx1)
                                                         r4_split[5].boh[0] (net)
                      0.200000    0.000004    0.429213 ^ _703_/A (NOR2x1)
     1    0.000118    0.000000    0.000000    0.429213 v _703_/Y (NOR2x1)
                                                         _264_ (net)
                      0.000000    0.000000    0.429214 v _705_/A (NAND2x1)
     2    0.000528    0.000000    0.000000    0.429214 ^ _705_/Y (NAND2x1)
                                                         lo_flat[20] (net)
                      0.000000    0.000025    0.429239 ^ xp4_lo_l1[2].u_xp4/_24_/A (INVx1)
     3    0.000394    0.000000    0.000000    0.429239 v xp4_lo_l1[2].u_xp4/_24_/Y (INVx1)
                                                         xp4_lo_l1[2].u_xp4/_05_ (net)
                      0.000000    0.000002    0.429241 v xp4_lo_l1[2].u_xp4/_41_/A (NOR2x1)
     1    0.070052    0.000000    0.000000    0.429241 ^ xp4_lo_l1[2].u_xp4/_41_/Y (NOR2x1)
                                                         xp4_lo_l1[2].u_xp4/sum_bit[0].grid_and (net)
                      0.000000    0.000750    0.429991 ^ xp4_lo_l1[2].u_xp4/_43_/A (BUFx1)
     4    0.000693    0.200000    0.188000    0.617991 ^ xp4_lo_l1[2].u_xp4/_43_/Y (BUFx1)
                                                         ll1_flat[14] (net)
                      0.200000    0.000041    0.618032 ^ xp7_lo_l2[1].u_xp7/_058_/A (INVx1)
     4    0.000463    0.000000    0.000000    0.618032 v xp7_lo_l2[1].u_xp7/_058_/Y (INVx1)
                                                         xp7_lo_l2[1].u_xp7/_000_ (net)
                      0.000000    0.000004    0.618036 v xp7_lo_l2[1].u_xp7/_127_/B (NOR2x1)
     1    0.070077    0.000000    0.000000    0.618036 ^ xp7_lo_l2[1].u_xp7/_127_/Y (NOR2x1)
                                                         xp7_lo_l2[1].u_xp7/sum_bit[0].grid_and (net)
                      0.000000    0.001413    0.619449 ^ xp7_lo_l2[1].u_xp7/_129_/A (BUFx1)
     7    0.001253    0.200000    0.188000    0.807449 ^ xp7_lo_l2[1].u_xp7/_129_/Y (BUFx1)
                                                         ll2_flat[13] (net)
                      0.200000    0.000079    0.807528 ^ u_xp13_lo_l3/_220_/A (INVx1)
     7    0.001973    0.000000    0.000000    0.807528 v u_xp13_lo_l3/_220_/Y (INVx1)
                                                         u_xp13_lo_l3/_177_ (net)
                      0.000000    0.000044    0.807571 v u_xp13_lo_l3/_451_/A (NOR2x1)
     1    0.070030    0.000000    0.000000    0.807571 ^ u_xp13_lo_l3/_451_/Y (NOR2x1)
                                                         u_xp13_lo_l3/sum_bit[0].grid_and (net)
                      0.000000    0.000433    0.808005 ^ u_xp13_lo_l3/_453_/A (BUFx1)
     1    0.000082    0.200000    0.188000    0.996005 ^ u_xp13_lo_l3/_453_/Y (BUFx1)
                                                         low_sum[0] (net)
                      0.200000    0.000000    0.996005 ^ _301_/B (NOR2x1)
     1    0.000090    0.000000    0.000000    0.996005 v _301_/Y (NOR2x1)
                                                         _001_ (net)
                      0.000000    0.000000    0.996006 v _302_/B (NAND2x1)
    15    0.003583    0.000000    0.000000    0.996006 ^ _302_/Y (NAND2x1)
                                                         carry[0] (net)
                      0.000000    0.000784    0.996789 ^ u_xp17x7_carry/_289_/A1 (AOI21x1)
     1    0.000080    0.000000    0.000000    0.996789 v u_xp17x7_carry/_289_/Y (AOI21x1)
                                                         u_xp17x7_carry/_080_ (net)
                      0.000000    0.000000    0.996790 v u_xp17x7_carry/_290_/B (NAND2x1)
     1    0.000181    0.000000    0.000000    0.996790 ^ u_xp17x7_carry/_290_/Y (NAND2x1)
                                                         upper[16] (net)
                      0.000000    0.000003    0.996792 ^ _381_/A (INVx1)
     1    0.000116    0.000000    0.000000    0.996792 v _381_/Y (INVx1)
                                                         _069_ (net)
                      0.000000    0.000000    0.996793 v _383_/A (NAND2x1)
     1    0.000150    0.000000    0.000000    0.996793 ^ _383_/Y (NAND2x1)
                                                         _071_ (net)
                      0.000000    0.000002    0.996795 ^ _387_/A (NOR2x1)
     1    0.000109    0.000000    0.000000    0.996795 v _387_/Y (NOR2x1)
                                                         _075_ (net)
                      0.000000    0.000000    0.996796 v _388_/A (NAND2x1)
     1    0.000170    0.000000    0.000000    0.996796 ^ _388_/Y (NAND2x1)
                                                         hd[6] (net)
                      0.000000    0.000005    0.996800 ^ hd[6] (out)
                                              0.996800   data arrival time

                      0.000000    0.200000    0.200000   clock vclk (rise edge)
                                  0.000000    0.200000   clock network delay (ideal)
                                  0.000000    0.200000   clock reconvergence pessimism
                                 -0.050000    0.150000   output external delay
                                              0.150000   data required time
---------------------------------------------------------------------------------------------
                                              0.150000   data required time
                                             -0.996800   data arrival time
---------------------------------------------------------------------------------------------
                                             -0.846800   slack (VIOLATED)


Startpoint: B[46] (input port clocked by vclk)
Endpoint: hd[1] (output port clocked by vclk)
Path Group: vclk
Path Type: max

Fanout         Cap        Slew       Delay        Time   Description
---------------------------------------------------------------------------------------------
                      0.000000    0.000000    0.000000   clock vclk (rise edge)
                                  0.000000    0.000000   clock network delay (ideal)
                                  0.050000    0.050000 v input external delay
     1    0.000276    0.100000    0.000000    0.050000 v B[46] (in)
                                                         B[46] (net)
                      0.100024    0.000008    0.050008 v _550_/B (XNOR2x1)
     2    0.000218    0.000000    0.000000    0.050008 ^ _550_/Y (XNOR2x1)
                                                         _168_ (net)
                      0.000000    0.000003    0.050010 ^ _551_/A (INVx1)
     1    0.000100    0.000000    0.000000    0.050010 v _551_/Y (INVx1)
                                                         _169_ (net)
                      0.000000    0.000000    0.050011 v _554_/A (NOR2x1)
     3    0.000327    0.000000    0.000000    0.050011 ^ _554_/Y (NOR2x1)
                                                         cell_oh_flat[69] (net)
                      0.000000    0.000008    0.050019 ^ xp3_s2l1[11].u_xp3/_16_/A (INVx1)
     2    0.000189    0.000000    0.000000    0.050019 v xp3_s2l1[11].u_xp3/_16_/Y (INVx1)
                                                         xp3_s2l1[11].u_xp3/_05_ (net)
                      0.000000    0.000001    0.050020 v xp3_s2l1[11].u_xp3/_23_/A (NOR2x1)
     1    0.070089    0.000000    0.000000    0.050020 ^ xp3_s2l1[11].u_xp3/_23_/Y (NOR2x1)
                                                         xp3_s2l1[11].u_xp3/sum_bit[0].grid_and (net)
                      0.000000    0.001509    0.051530 ^ xp3_s2l1[11].u_xp3/_25_/A (BUFx1)
     4    0.000473    0.200000    0.188000    0.239530 ^ xp3_s2l1[11].u_xp3/_25_/Y (BUFx1)
                                                         ps_flat[55] (net)
                      0.200000    0.000013    0.239542 ^ xp5_s2l2[5].u_xp5/_36_/A (INVx1)
     2    0.000222    0.000000    0.000000    0.239542 v xp5_s2l2[5].u_xp5/_36_/Y (INVx1)
                                                         xp5_s2l2[5].u_xp5/_08_ (net)
                      0.000000    0.000001    0.239544 v xp5_s2l2[5].u_xp5/_59_/A (NOR2x1)
     1    0.070096    0.000000    0.000000    0.239544 ^ xp5_s2l2[5].u_xp5/_59_/Y (NOR2x1)
                                                         xp5_s2l2[5].u_xp5/sum_bit[0].grid_and (net)
                      0.000000    0.001666    0.241210 ^ xp5_s2l2[5].u_xp5/_61_/A (BUFx1)
     2    0.000233    0.200000    0.188000    0.429210 ^ xp5_s2l2[5].u_xp5/_61_/Y (BUFx1)
                                                         r4_split[5].boh[0] (net)
                      0.200000    0.000004    0.429213 ^ _703_/A (NOR2x1)
     1    0.000118    0.000000    0.000000    0.429213 v _703_/Y (NOR2x1)
                                                         _264_ (net)
                      0.000000    0.000000    0.429214 v _705_/A (NAND2x1)
     2    0.000528    0.000000    0.000000    0.429214 ^ _705_/Y (NAND2x1)
                                                         lo_flat[20] (net)
                      0.000000    0.000025    0.429239 ^ xp4_lo_l1[2].u_xp4/_24_/A (INVx1)
     3    0.000394    0.000000    0.000000    0.429239 v xp4_lo_l1[2].u_xp4/_24_/Y (INVx1)
                                                         xp4_lo_l1[2].u_xp4/_05_ (net)
                      0.000000    0.000002    0.429241 v xp4_lo_l1[2].u_xp4/_41_/A (NOR2x1)
     1    0.070052    0.000000    0.000000    0.429241 ^ xp4_lo_l1[2].u_xp4/_41_/Y (NOR2x1)
                                                         xp4_lo_l1[2].u_xp4/sum_bit[0].grid_and (net)
                      0.000000    0.000750    0.429991 ^ xp4_lo_l1[2].u_xp4/_43_/A (BUFx1)
     4    0.000693    0.200000    0.188000    0.617991 ^ xp4_lo_l1[2].u_xp4/_43_/Y (BUFx1)
                                                         ll1_flat[14] (net)
                      0.200000    0.000041    0.618032 ^ xp7_lo_l2[1].u_xp7/_058_/A (INVx1)
     4    0.000463    0.000000    0.000000    0.618032 v xp7_lo_l2[1].u_xp7/_058_/Y (INVx1)
                                                         xp7_lo_l2[1].u_xp7/_000_ (net)
                      0.000000    0.000004    0.618036 v xp7_lo_l2[1].u_xp7/_127_/B (NOR2x1)
     1    0.070077    0.000000    0.000000    0.618036 ^ xp7_lo_l2[1].u_xp7/_127_/Y (NOR2x1)
                                                         xp7_lo_l2[1].u_xp7/sum_bit[0].grid_and (net)
                      0.000000    0.001413    0.619449 ^ xp7_lo_l2[1].u_xp7/_129_/A (BUFx1)
     7    0.001253    0.200000    0.188000    0.807449 ^ xp7_lo_l2[1].u_xp7/_129_/Y (BUFx1)
                                                         ll2_flat[13] (net)
                      0.200000    0.000079    0.807528 ^ u_xp13_lo_l3/_220_/A (INVx1)
     7    0.001973    0.000000    0.000000    0.807528 v u_xp13_lo_l3/_220_/Y (INVx1)
                                                         u_xp13_lo_l3/_177_ (net)
                      0.000000    0.000092    0.807620 v u_xp13_lo_l3/_319_/B (NOR2x1)
     1    0.000079    0.000000    0.000000    0.807620 ^ u_xp13_lo_l3/_319_/Y (NOR2x1)
                                                         u_xp13_lo_l3/_053_ (net)
                      0.000000    0.000000    0.807620 ^ u_xp13_lo_l3/_320_/B (AOI21x1)
     1    0.000182    0.000000    0.000000    0.807620 v u_xp13_lo_l3/_320_/Y (AOI21x1)
                                                         u_xp13_lo_l3/_054_ (net)
                      0.000000    0.000003    0.807623 v u_xp13_lo_l3/_321_/B (NAND2x1)
     1    0.000086    0.000000    0.000000    0.807623 ^ u_xp13_lo_l3/_321_/Y (NAND2x1)
                                                         u_xp13_lo_l3/_055_ (net)
                      0.000000    0.000000    0.807623 ^ u_xp13_lo_l3/_325_/A (NOR2x1)
     1    0.000080    0.000000    0.000000    0.807623 v u_xp13_lo_l3/_325_/Y (NOR2x1)
                                                         u_xp13_lo_l3/_059_ (net)
                      0.000000    0.000000    0.807624 v u_xp13_lo_l3/_333_/A (NAND2x1)
     2    0.000603    0.000000    0.000000    0.807624 ^ u_xp13_lo_l3/_333_/Y (NAND2x1)
                                                         low_sum[11] (net)
                      0.000000    0.000035    0.807659 ^ _326_/A (INVx1)
     1    0.000075    0.000000    0.000000    0.807659 v _326_/Y (INVx1)
                                                         _020_ (net)
                      0.000000    0.000000    0.807659 v _327_/B (NAND2x1)
     1    0.000165    0.000000    0.000000    0.807659 ^ _327_/Y (NAND2x1)
                                                         _021_ (net)
                      0.000000    0.000003    0.807662 ^ _328_/A (NOR2x1)
     1    0.000126    0.000000    0.000000    0.807662 v _328_/Y (NOR2x1)
                                                         _022_ (net)
                      0.000000    0.000001    0.807664 v _330_/A (NAND2x1)
     1    0.000089    0.000000    0.000000    0.807664 ^ _330_/Y (NAND2x1)
                                                         _024_ (net)
                      0.000000    0.000000    0.807664 ^ _331_/A (NOR2x1)
     2    0.000286    0.000000    0.000000    0.807664 v _331_/Y (NOR2x1)
                                                         _025_ (net)
                      0.000000    0.000006    0.807670 v _340_/B (NAND2x1)
     1    0.000719    0.000000    0.000000    0.807670 ^ _340_/Y (NAND2x1)
                                                         hd[1] (net)
                      0.000000    0.000053    0.807723 ^ hd[1] (out)
                                              0.807723   data arrival time

                      0.000000    0.200000    0.200000   clock vclk (rise edge)
                                  0.000000    0.200000   clock network delay (ideal)
                                  0.000000    0.200000   clock reconvergence pessimism
                                 -0.050000    0.150000   output external delay
                                              0.150000   data required time
---------------------------------------------------------------------------------------------
                                              0.150000   data required time
                                             -0.807723   data arrival time
---------------------------------------------------------------------------------------------
                                             -0.657723   slack (VIOLATED)


Startpoint: B[46] (input port clocked by vclk)
Endpoint: hd[0] (output port clocked by vclk)
Path Group: vclk
Path Type: max

Fanout         Cap        Slew       Delay        Time   Description
---------------------------------------------------------------------------------------------
                      0.000000    0.000000    0.000000   clock vclk (rise edge)
                                  0.000000    0.000000   clock network delay (ideal)
                                  0.050000    0.050000 v input external delay
     1    0.000276    0.100000    0.000000    0.050000 v B[46] (in)
                                                         B[46] (net)
                      0.100024    0.000008    0.050008 v _550_/B (XNOR2x1)
     2    0.000218    0.000000    0.000000    0.050008 ^ _550_/Y (XNOR2x1)
                                                         _168_ (net)
                      0.000000    0.000003    0.050010 ^ _551_/A (INVx1)
     1    0.000100    0.000000    0.000000    0.050010 v _551_/Y (INVx1)
                                                         _169_ (net)
                      0.000000    0.000000    0.050011 v _554_/A (NOR2x1)
     3    0.000327    0.000000    0.000000    0.050011 ^ _554_/Y (NOR2x1)
                                                         cell_oh_flat[69] (net)
                      0.000000    0.000008    0.050019 ^ xp3_s2l1[11].u_xp3/_16_/A (INVx1)
     2    0.000189    0.000000    0.000000    0.050019 v xp3_s2l1[11].u_xp3/_16_/Y (INVx1)
                                                         xp3_s2l1[11].u_xp3/_05_ (net)
                      0.000000    0.000001    0.050020 v xp3_s2l1[11].u_xp3/_23_/A (NOR2x1)
     1    0.070089    0.000000    0.000000    0.050020 ^ xp3_s2l1[11].u_xp3/_23_/Y (NOR2x1)
                                                         xp3_s2l1[11].u_xp3/sum_bit[0].grid_and (net)
                      0.000000    0.001509    0.051530 ^ xp3_s2l1[11].u_xp3/_25_/A (BUFx1)
     4    0.000473    0.200000    0.188000    0.239530 ^ xp3_s2l1[11].u_xp3/_25_/Y (BUFx1)
                                                         ps_flat[55] (net)
                      0.200000    0.000013    0.239542 ^ xp5_s2l2[5].u_xp5/_36_/A (INVx1)
     2    0.000222    0.000000    0.000000    0.239542 v xp5_s2l2[5].u_xp5/_36_/Y (INVx1)
                                                         xp5_s2l2[5].u_xp5/_08_ (net)
                      0.000000    0.000001    0.239544 v xp5_s2l2[5].u_xp5/_59_/A (NOR2x1)
     1    0.070096    0.000000    0.000000    0.239544 ^ xp5_s2l2[5].u_xp5/_59_/Y (NOR2x1)
                                                         xp5_s2l2[5].u_xp5/sum_bit[0].grid_and (net)
                      0.000000    0.001666    0.241210 ^ xp5_s2l2[5].u_xp5/_61_/A (BUFx1)
     2    0.000233    0.200000    0.188000    0.429210 ^ xp5_s2l2[5].u_xp5/_61_/Y (BUFx1)
                                                         r4_split[5].boh[0] (net)
                      0.200000    0.000004    0.429213 ^ _703_/A (NOR2x1)
     1    0.000118    0.000000    0.000000    0.429213 v _703_/Y (NOR2x1)
                                                         _264_ (net)
                      0.000000    0.000000    0.429214 v _705_/A (NAND2x1)
     2    0.000528    0.000000    0.000000    0.429214 ^ _705_/Y (NAND2x1)
                                                         lo_flat[20] (net)
                      0.000000    0.000025    0.429239 ^ xp4_lo_l1[2].u_xp4/_24_/A (INVx1)
     3    0.000394    0.000000    0.000000    0.429239 v xp4_lo_l1[2].u_xp4/_24_/Y (INVx1)
                                                         xp4_lo_l1[2].u_xp4/_05_ (net)
                      0.000000    0.000002    0.429241 v xp4_lo_l1[2].u_xp4/_41_/A (NOR2x1)
     1    0.070052    0.000000    0.000000    0.429241 ^ xp4_lo_l1[2].u_xp4/_41_/Y (NOR2x1)
                                                         xp4_lo_l1[2].u_xp4/sum_bit[0].grid_and (net)
                      0.000000    0.000750    0.429991 ^ xp4_lo_l1[2].u_xp4/_43_/A (BUFx1)
     4    0.000693    0.200000    0.188000    0.617991 ^ xp4_lo_l1[2].u_xp4/_43_/Y (BUFx1)
                                                         ll1_flat[14] (net)
                      0.200000    0.000041    0.618032 ^ xp7_lo_l2[1].u_xp7/_058_/A (INVx1)
     4    0.000463    0.000000    0.000000    0.618032 v xp7_lo_l2[1].u_xp7/_058_/Y (INVx1)
                                                         xp7_lo_l2[1].u_xp7/_000_ (net)
                      0.000000    0.000004    0.618036 v xp7_lo_l2[1].u_xp7/_127_/B (NOR2x1)
     1    0.070077    0.000000    0.000000    0.618036 ^ xp7_lo_l2[1].u_xp7/_127_/Y (NOR2x1)
                                                         xp7_lo_l2[1].u_xp7/sum_bit[0].grid_and (net)
                      0.000000    0.001413    0.619449 ^ xp7_lo_l2[1].u_xp7/_129_/A (BUFx1)
     7    0.001253    0.200000    0.188000    0.807449 ^ xp7_lo_l2[1].u_xp7/_129_/Y (BUFx1)
                                                         ll2_flat[13] (net)
                      0.200000    0.000079    0.807528 ^ u_xp13_lo_l3/_220_/A (INVx1)
     7    0.001973    0.000000    0.000000    0.807528 v u_xp13_lo_l3/_220_/Y (INVx1)
                                                         u_xp13_lo_l3/_177_ (net)
                      0.000000    0.000092    0.807620 v u_xp13_lo_l3/_319_/B (NOR2x1)
     1    0.000079    0.000000    0.000000    0.807620 ^ u_xp13_lo_l3/_319_/Y (NOR2x1)
                                                         u_xp13_lo_l3/_053_ (net)
                      0.000000    0.000000    0.807620 ^ u_xp13_lo_l3/_320_/B (AOI21x1)
     1    0.000182    0.000000    0.000000    0.807620 v u_xp13_lo_l3/_320_/Y (AOI21x1)
                                                         u_xp13_lo_l3/_054_ (net)
                      0.000000    0.000003    0.807623 v u_xp13_lo_l3/_321_/B (NAND2x1)
     1    0.000086    0.000000    0.000000    0.807623 ^ u_xp13_lo_l3/_321_/Y (NAND2x1)
                                                         u_xp13_lo_l3/_055_ (net)
                      0.000000    0.000000    0.807623 ^ u_xp13_lo_l3/_325_/A (NOR2x1)
     1    0.000080    0.000000    0.000000    0.807623 v u_xp13_lo_l3/_325_/Y (NOR2x1)
                                                         u_xp13_lo_l3/_059_ (net)
                      0.000000    0.000000    0.807624 v u_xp13_lo_l3/_333_/A (NAND2x1)
     2    0.000603    0.000000    0.000000    0.807624 ^ u_xp13_lo_l3/_333_/Y (NAND2x1)
                                                         low_sum[11] (net)
                      0.000000    0.000035    0.807659 ^ _326_/A (INVx1)
     1    0.000075    0.000000    0.000000    0.807659 v _326_/Y (INVx1)
                                                         _020_ (net)
                      0.000000    0.000000    0.807659 v _327_/B (NAND2x1)
     1    0.000165    0.000000    0.000000    0.807659 ^ _327_/Y (NAND2x1)
                                                         _021_ (net)
                      0.000000    0.000003    0.807662 ^ _328_/A (NOR2x1)
     1    0.000126    0.000000    0.000000    0.807662 v _328_/Y (NOR2x1)
                                                         _022_ (net)
                      0.000000    0.000001    0.807664 v _330_/A (NAND2x1)
     1    0.000089    0.000000    0.000000    0.807664 ^ _330_/Y (NAND2x1)
                                                         _024_ (net)
                      0.000000    0.000000    0.807664 ^ _331_/A (NOR2x1)
     2    0.000286    0.000000    0.000000    0.807664 v _331_/Y (NOR2x1)
                                                         _025_ (net)
                      0.000000    0.000006    0.807670 v _332_/B (NAND2x1)
     1    0.000705    0.000000    0.000000    0.807670 ^ _332_/Y (NAND2x1)
                                                         hd[0] (net)
                      0.000000    0.000051    0.807721 ^ hd[0] (out)
                                              0.807721   data arrival time

                      0.000000    0.200000    0.200000   clock vclk (rise edge)
                                  0.000000    0.200000   clock network delay (ideal)
                                  0.000000    0.200000   clock reconvergence pessimism
                                 -0.050000    0.150000   output external delay
                                              0.150000   data required time
---------------------------------------------------------------------------------------------
                                              0.150000   data required time
                                             -0.807721   data arrival time
---------------------------------------------------------------------------------------------
                                             -0.657721   slack (VIOLATED)



