
===========================================================================
report_checks -path_delay min (Hold)
============================================================================
======================= nom_tt_025C_0v50 Corner ===================================

Startpoint: A[46] (input port clocked by vclk)
Endpoint: hd[5] (output port clocked by vclk)
Path Group: vclk
Path Type: min

Fanout         Cap        Slew       Delay        Time   Description
---------------------------------------------------------------------------------------------
                      0.000000    0.000000    0.000000   clock vclk (rise edge)
                                  0.000000    0.000000   clock network delay (ideal)
                                  0.050000    0.050000 ^ input external delay
     1    0.000160    0.100000    0.000000    0.050000 ^ A[46] (in)
                                                         A[46] (net)
                      0.100005    0.000002    0.050002 ^ _550_/A (XNOR2x1)
     2    0.000348    0.000000    0.000000    0.050002 v _550_/Y (XNOR2x1)
                                                         _168_ (net)
                      0.000000    0.000011    0.050012 v _555_/A (NOR2x1)
     2    0.018641    0.000000    0.000000    0.050012 ^ _555_/Y (NOR2x1)
                                                         cell_oh[71] (net)
                      0.000000    0.000255    0.050267 ^ xp3_s2l1_11/h2 (XP_3x3_M2M3)
     1    0.030821    0.002000    0.001000    0.051267 ^ xp3_s2l1_11/s4 (XP_3x3_M2M3)
                                                         ps[59] (net)
                      0.002000    0.000182    0.051449 ^ xp5_s2l2_5/h4 (XP_5x5_M2M3)
     2    0.000228    0.002000    0.001000    0.052449 ^ xp5_s2l2_5/s4 (XP_5x5_M2M3)
                                                         boh[49] (net)
                      0.002000    0.000002    0.052451 ^ _719_/B (NOR2x1)
     1    0.000120    0.000000    0.000000    0.052451 v _719_/Y (NOR2x1)
                                                         _275_ (net)
                      0.000000    0.000001    0.052453 v _720_/B (NAND2x1)
     1    0.031273    0.000000    0.000000    0.052453 ^ _720_/Y (NAND2x1)
                                                         hi[16] (net)
                      0.000000    0.000488    0.052940 ^ xp3_hi_l1_2/h1 (XP_3x3_M4M5)
     3    0.000580    0.002000    0.001000    0.053940 ^ xp3_hi_l1_2/s1 (XP_3x3_M4M5)
                                                         hl1[11] (net)
                      0.002000    0.000028    0.053968 ^ xp5h[1].u/_28_/B (NAND2x1)
     1    0.000171    0.000000    0.000000    0.053968 v xp5h[1].u/_28_/Y (NAND2x1)
                                                         xp5h[1].u/_02_ (net)
                      0.000000    0.000003    0.053971 v xp5h[1].u/_29_/B (OAI21x1)
     3    0.000939    0.000000    0.000000    0.053971 ^ xp5h[1].u/_29_/Y (OAI21x1)
                                                         hl2[10] (net)
                      0.000000    0.000081    0.054052 ^ u_hi_l3/_096_/A (INVx1)
     7    0.001380    0.000000    0.000000    0.054052 v u_hi_l3/_096_/Y (INVx1)
                                                         u_hi_l3/_039_ (net)
                      0.000000    0.000017    0.054070 v u_hi_l3/_104_/A1 (OAI21x1)
     5    0.000818    0.000000    0.000000    0.054070 ^ u_hi_l3/_104_/Y (OAI21x1)
                                                         high_sum[2] (net)
                      0.000000    0.000013    0.054083 ^ u_carry/_153_/A (INVx1)
     3    0.000525    0.000000    0.000000    0.054083 v u_carry/_153_/Y (INVx1)
                                                         u_carry/_106_ (net)
                      0.000000    0.000001    0.054084 v u_carry/_202_/A1 (OAI21x1)
     1    0.000176    0.000000    0.000000    0.054084 ^ u_carry/_202_/Y (OAI21x1)
                                                         u_carry/_001_ (net)
                      0.000000    0.000003    0.054087 ^ u_carry/_205_/A (NOR2x1)
     1    0.000103    0.000000    0.000000    0.054087 v u_carry/_205_/Y (NOR2x1)
                                                         u_carry/_004_ (net)
                      0.000000    0.000000    0.054088 v u_carry/_210_/A (NAND2x1)
     1    0.000191    0.000000    0.000000    0.054088 ^ u_carry/_210_/Y (NAND2x1)
                                                         upper[8] (net)
                      0.000000    0.000003    0.054091 ^ _374_/A (INVx1)
     1    0.000134    0.000000    0.000000    0.054091 v _374_/Y (INVx1)
                                                         _063_ (net)
                      0.000000    0.000002    0.054093 v _375_/A (NAND2x1)
     1    0.000434    0.000000    0.000000    0.054093 ^ _375_/Y (NAND2x1)
                                                         _064_ (net)
                      0.000000    0.000018    0.054111 ^ _378_/A (NOR2x1)
     1    0.000104    0.000000    0.000000    0.054111 v _378_/Y (NOR2x1)
                                                         _067_ (net)
                      0.000000    0.000000    0.054112 v _380_/A (NAND2x1)
     1    0.000085    0.000000    0.000000    0.054112 ^ _380_/Y (NAND2x1)
                                                         hd[5] (net)
                      0.000000    0.000000    0.054112 ^ hd[5] (out)
                                              0.054112   data arrival time

                      0.000000    0.000000    0.000000   clock vclk (rise edge)
                                  0.000000    0.000000   clock network delay (ideal)
                                  0.000000    0.000000   clock reconvergence pessimism
                                 -0.050000   -0.050000   output external delay
                                             -0.050000   data required time
---------------------------------------------------------------------------------------------
                                             -0.050000   data required time
                                             -0.054112   data arrival time
---------------------------------------------------------------------------------------------
                                              0.104112   slack (MET)


Startpoint: A[46] (input port clocked by vclk)
Endpoint: hd[3] (output port clocked by vclk)
Path Group: vclk
Path Type: min

Fanout         Cap        Slew       Delay        Time   Description
---------------------------------------------------------------------------------------------
                      0.000000    0.000000    0.000000   clock vclk (rise edge)
                                  0.000000    0.000000   clock network delay (ideal)
                                  0.050000    0.050000 ^ input external delay
     1    0.000160    0.100000    0.000000    0.050000 ^ A[46] (in)
                                                         A[46] (net)
                      0.100005    0.000002    0.050002 ^ _550_/A (XNOR2x1)
     2    0.000348    0.000000    0.000000    0.050002 v _550_/Y (XNOR2x1)
                                                         _168_ (net)
                      0.000000    0.000011    0.050012 v _555_/A (NOR2x1)
     2    0.018641    0.000000    0.000000    0.050012 ^ _555_/Y (NOR2x1)
                                                         cell_oh[71] (net)
                      0.000000    0.000255    0.050267 ^ xp3_s2l1_11/h2 (XP_3x3_M2M3)
     1    0.030821    0.002000    0.001000    0.051267 ^ xp3_s2l1_11/s4 (XP_3x3_M2M3)
                                                         ps[59] (net)
                      0.002000    0.000182    0.051449 ^ xp5_s2l2_5/h4 (XP_5x5_M2M3)
     2    0.000228    0.002000    0.001000    0.052449 ^ xp5_s2l2_5/s4 (XP_5x5_M2M3)
                                                         boh[49] (net)
                      0.002000    0.000002    0.052451 ^ _719_/B (NOR2x1)
     1    0.000120    0.000000    0.000000    0.052451 v _719_/Y (NOR2x1)
                                                         _275_ (net)
                      0.000000    0.000001    0.052453 v _720_/B (NAND2x1)
     1    0.031273    0.000000    0.000000    0.052453 ^ _720_/Y (NAND2x1)
                                                         hi[16] (net)
                      0.000000    0.000488    0.052940 ^ xp3_hi_l1_2/h1 (XP_3x3_M4M5)
     3    0.000580    0.002000    0.001000    0.053940 ^ xp3_hi_l1_2/s1 (XP_3x3_M4M5)
                                                         hl1[11] (net)
                      0.002000    0.000028    0.053968 ^ xp5h[1].u/_28_/B (NAND2x1)
     1    0.000171    0.000000    0.000000    0.053968 v xp5h[1].u/_28_/Y (NAND2x1)
                                                         xp5h[1].u/_02_ (net)
                      0.000000    0.000003    0.053971 v xp5h[1].u/_29_/B (OAI21x1)
     3    0.000939    0.000000    0.000000    0.053971 ^ xp5h[1].u/_29_/Y (OAI21x1)
                                                         hl2[10] (net)
                      0.000000    0.000081    0.054052 ^ u_hi_l3/_096_/A (INVx1)
     7    0.001380    0.000000    0.000000    0.054052 v u_hi_l3/_096_/Y (INVx1)
                                                         u_hi_l3/_039_ (net)
                      0.000000    0.000014    0.054067 v u_hi_l3/_098_/A1 (OAI21x1)
     5    0.000838    0.000000    0.000000    0.054067 ^ u_hi_l3/_098_/Y (OAI21x1)
                                                         high_sum[1] (net)
                      0.000000    0.000025    0.054092 ^ u_carry/_161_/A1 (AOI21x1)
     1    0.000285    0.000000    0.000000    0.054092 v u_carry/_161_/Y (AOI21x1)
                                                         u_carry/_113_ (net)
                      0.000000    0.000007    0.054099 v u_carry/_162_/B (OAI21x1)
     2    0.000231    0.000000    0.000000    0.054099 ^ u_carry/_162_/Y (OAI21x1)
                                                         upper[3] (net)
                      0.000000    0.000002    0.054102 ^ _354_/B (NOR2x1)
     1    0.000300    0.000000    0.000000    0.054102 v _354_/Y (NOR2x1)
                                                         _045_ (net)
                      0.000000    0.000008    0.054110 v _355_/B (NAND2x1)
     1    0.000115    0.000000    0.000000    0.054110 ^ _355_/Y (NAND2x1)
                                                         _046_ (net)
                      0.000000    0.000001    0.054111 ^ _359_/A (NOR2x1)
     1    0.000207    0.000000    0.000000    0.054111 v _359_/Y (NOR2x1)
                                                         _050_ (net)
                      0.000000    0.000005    0.054116 v _364_/A (NAND2x1)
     1    0.000086    0.000000    0.000000    0.054116 ^ _364_/Y (NAND2x1)
                                                         hd[3] (net)
                      0.000000    0.000000    0.054117 ^ hd[3] (out)
                                              0.054117   data arrival time

                      0.000000    0.000000    0.000000   clock vclk (rise edge)
                                  0.000000    0.000000   clock network delay (ideal)
                                  0.000000    0.000000   clock reconvergence pessimism
                                 -0.050000   -0.050000   output external delay
                                             -0.050000   data required time
---------------------------------------------------------------------------------------------
                                             -0.050000   data required time
                                             -0.054117   data arrival time
---------------------------------------------------------------------------------------------
                                              0.104117   slack (MET)


Startpoint: A[46] (input port clocked by vclk)
Endpoint: hd[4] (output port clocked by vclk)
Path Group: vclk
Path Type: min

Fanout         Cap        Slew       Delay        Time   Description
---------------------------------------------------------------------------------------------
                      0.000000    0.000000    0.000000   clock vclk (rise edge)
                                  0.000000    0.000000   clock network delay (ideal)
                                  0.050000    0.050000 ^ input external delay
     1    0.000160    0.100000    0.000000    0.050000 ^ A[46] (in)
                                                         A[46] (net)
                      0.100005    0.000002    0.050002 ^ _550_/A (XNOR2x1)
     2    0.000348    0.000000    0.000000    0.050002 v _550_/Y (XNOR2x1)
                                                         _168_ (net)
                      0.000000    0.000011    0.050012 v _555_/A (NOR2x1)
     2    0.018641    0.000000    0.000000    0.050012 ^ _555_/Y (NOR2x1)
                                                         cell_oh[71] (net)
                      0.000000    0.000255    0.050267 ^ xp3_s2l1_11/h2 (XP_3x3_M2M3)
     1    0.030821    0.002000    0.001000    0.051267 ^ xp3_s2l1_11/s4 (XP_3x3_M2M3)
                                                         ps[59] (net)
                      0.002000    0.000182    0.051449 ^ xp5_s2l2_5/h4 (XP_5x5_M2M3)
     2    0.000228    0.002000    0.001000    0.052449 ^ xp5_s2l2_5/s4 (XP_5x5_M2M3)
                                                         boh[49] (net)
                      0.002000    0.000002    0.052451 ^ _719_/B (NOR2x1)
     1    0.000120    0.000000    0.000000    0.052451 v _719_/Y (NOR2x1)
                                                         _275_ (net)
                      0.000000    0.000001    0.052453 v _720_/B (NAND2x1)
     1    0.031273    0.000000    0.000000    0.052453 ^ _720_/Y (NAND2x1)
                                                         hi[16] (net)
                      0.000000    0.000488    0.052940 ^ xp3_hi_l1_2/h1 (XP_3x3_M4M5)
     3    0.000580    0.002000    0.001000    0.053940 ^ xp3_hi_l1_2/s1 (XP_3x3_M4M5)
                                                         hl1[11] (net)
                      0.002000    0.000028    0.053968 ^ xp5h[1].u/_28_/B (NAND2x1)
     1    0.000171    0.000000    0.000000    0.053968 v xp5h[1].u/_28_/Y (NAND2x1)
                                                         xp5h[1].u/_02_ (net)
                      0.000000    0.000003    0.053971 v xp5h[1].u/_29_/B (OAI21x1)
     3    0.000939    0.000000    0.000000    0.053971 ^ xp5h[1].u/_29_/Y (OAI21x1)
                                                         hl2[10] (net)
                      0.000000    0.000081    0.054052 ^ u_hi_l3/_096_/A (INVx1)
     7    0.001380    0.000000    0.000000    0.054052 v u_hi_l3/_096_/Y (INVx1)
                                                         u_hi_l3/_039_ (net)
                      0.000000    0.000017    0.054070 v u_hi_l3/_104_/A1 (OAI21x1)
     5    0.000818    0.000000    0.000000    0.054070 ^ u_hi_l3/_104_/Y (OAI21x1)
                                                         high_sum[2] (net)
                      0.000000    0.000026    0.054096 ^ u_carry/_179_/A1 (AOI21x1)
     1    0.000130    0.000000    0.000000    0.054096 v u_carry/_179_/Y (AOI21x1)
                                                         u_carry/_129_ (net)
                      0.000000    0.000002    0.054098 v u_carry/_180_/B (NAND2x1)
     1    0.000193    0.000000    0.000000    0.054098 ^ u_carry/_180_/Y (NAND2x1)
                                                         upper[5] (net)
                      0.000000    0.000003    0.054101 ^ _348_/B (NOR2x1)
     2    0.000384    0.000000    0.000000    0.054101 v _348_/Y (NOR2x1)
                                                         _040_ (net)
                      0.000000    0.000009    0.054110 v _365_/B (NAND2x1)
     1    0.000211    0.000000    0.000000    0.054110 ^ _365_/Y (NAND2x1)
                                                         _055_ (net)
                      0.000000    0.000005    0.054115 ^ _368_/A (NOR2x1)
     1    0.000130    0.000000    0.000000    0.054115 v _368_/Y (NOR2x1)
                                                         _058_ (net)
                      0.000000    0.000002    0.054117 v _373_/A (NAND2x1)
     1    0.000153    0.000000    0.000000    0.054117 ^ _373_/Y (NAND2x1)
                                                         hd[4] (net)
                      0.000000    0.000003    0.054119 ^ hd[4] (out)
                                              0.054119   data arrival time

                      0.000000    0.000000    0.000000   clock vclk (rise edge)
                                  0.000000    0.000000   clock network delay (ideal)
                                  0.000000    0.000000   clock reconvergence pessimism
                                 -0.050000   -0.050000   output external delay
                                             -0.050000   data required time
---------------------------------------------------------------------------------------------
                                             -0.050000   data required time
                                             -0.054119   data arrival time
---------------------------------------------------------------------------------------------
                                              0.104119   slack (MET)


Startpoint: A[46] (input port clocked by vclk)
Endpoint: hd[2] (output port clocked by vclk)
Path Group: vclk
Path Type: min

Fanout         Cap        Slew       Delay        Time   Description
---------------------------------------------------------------------------------------------
                      0.000000    0.000000    0.000000   clock vclk (rise edge)
                                  0.000000    0.000000   clock network delay (ideal)
                                  0.050000    0.050000 ^ input external delay
     1    0.000160    0.100000    0.000000    0.050000 ^ A[46] (in)
                                                         A[46] (net)
                      0.100005    0.000002    0.050002 ^ _550_/A (XNOR2x1)
     2    0.000348    0.000000    0.000000    0.050002 v _550_/Y (XNOR2x1)
                                                         _168_ (net)
                      0.000000    0.000011    0.050012 v _555_/A (NOR2x1)
     2    0.018641    0.000000    0.000000    0.050012 ^ _555_/Y (NOR2x1)
                                                         cell_oh[71] (net)
                      0.000000    0.000255    0.050267 ^ xp3_s2l1_11/h2 (XP_3x3_M2M3)
     1    0.030821    0.002000    0.001000    0.051267 ^ xp3_s2l1_11/s4 (XP_3x3_M2M3)
                                                         ps[59] (net)
                      0.002000    0.000182    0.051449 ^ xp5_s2l2_5/h4 (XP_5x5_M2M3)
     2    0.000228    0.002000    0.001000    0.052449 ^ xp5_s2l2_5/s4 (XP_5x5_M2M3)
                                                         boh[49] (net)
                      0.002000    0.000002    0.052451 ^ _719_/B (NOR2x1)
     1    0.000120    0.000000    0.000000    0.052451 v _719_/Y (NOR2x1)
                                                         _275_ (net)
                      0.000000    0.000001    0.052453 v _720_/B (NAND2x1)
     1    0.031273    0.000000    0.000000    0.052453 ^ _720_/Y (NAND2x1)
                                                         hi[16] (net)
                      0.000000    0.000488    0.052940 ^ xp3_hi_l1_2/h1 (XP_3x3_M4M5)
     3    0.000580    0.002000    0.001000    0.053940 ^ xp3_hi_l1_2/s1 (XP_3x3_M4M5)
                                                         hl1[11] (net)
                      0.002000    0.000028    0.053968 ^ xp5h[1].u/_28_/B (NAND2x1)
     1    0.000171    0.000000    0.000000    0.053968 v xp5h[1].u/_28_/Y (NAND2x1)
                                                         xp5h[1].u/_02_ (net)
                      0.000000    0.000003    0.053971 v xp5h[1].u/_29_/B (OAI21x1)
     3    0.000939    0.000000    0.000000    0.053971 ^ xp5h[1].u/_29_/Y (OAI21x1)
                                                         hl2[10] (net)
                      0.000000    0.000081    0.054052 ^ u_hi_l3/_096_/A (INVx1)
     7    0.001380    0.000000    0.000000    0.054052 v u_hi_l3/_096_/Y (INVx1)
                                                         u_hi_l3/_039_ (net)
                      0.000000    0.000014    0.054067 v u_hi_l3/_098_/A1 (OAI21x1)
     5    0.000838    0.000000    0.000000    0.054067 ^ u_hi_l3/_098_/Y (OAI21x1)
                                                         high_sum[1] (net)
                      0.000000    0.000025    0.054092 ^ u_carry/_161_/A1 (AOI21x1)
     1    0.000285    0.000000    0.000000    0.054092 v u_carry/_161_/Y (AOI21x1)
                                                         u_carry/_113_ (net)
                      0.000000    0.000007    0.054099 v u_carry/_162_/B (OAI21x1)
     2    0.000231    0.000000    0.000000    0.054099 ^ u_carry/_162_/Y (OAI21x1)
                                                         upper[3] (net)
                      0.000000    0.000003    0.054102 ^ _349_/B (NOR2x1)
     1    0.000134    0.000000    0.000000    0.054102 v _349_/Y (NOR2x1)
                                                         _041_ (net)
                      0.000000    0.000002    0.054104 v _350_/B (NAND2x1)
     1    0.000358    0.000000    0.000000    0.054104 ^ _350_/Y (NAND2x1)
                                                         _042_ (net)
                      0.000000    0.000013    0.054117 ^ _351_/B (NOR2x1)
     1    0.000145    0.000000    0.000000    0.054117 v _351_/Y (NOR2x1)
                                                         _043_ (net)
                      0.000000    0.000002    0.054119 v _352_/B (NAND2x1)
     1    0.000153    0.000000    0.000000    0.054119 ^ _352_/Y (NAND2x1)
                                                         hd[2] (net)
                      0.000000    0.000003    0.054122 ^ hd[2] (out)
                                              0.054122   data arrival time

                      0.000000    0.000000    0.000000   clock vclk (rise edge)
                                  0.000000    0.000000   clock network delay (ideal)
                                  0.000000    0.000000   clock reconvergence pessimism
                                 -0.050000   -0.050000   output external delay
                                             -0.050000   data required time
---------------------------------------------------------------------------------------------
                                             -0.050000   data required time
                                             -0.054122   data arrival time
---------------------------------------------------------------------------------------------
                                              0.104122   slack (MET)


Startpoint: A[46] (input port clocked by vclk)
Endpoint: hd[6] (output port clocked by vclk)
Path Group: vclk
Path Type: min

Fanout         Cap        Slew       Delay        Time   Description
---------------------------------------------------------------------------------------------
                      0.000000    0.000000    0.000000   clock vclk (rise edge)
                                  0.000000    0.000000   clock network delay (ideal)
                                  0.050000    0.050000 ^ input external delay
     1    0.000160    0.100000    0.000000    0.050000 ^ A[46] (in)
                                                         A[46] (net)
                      0.100005    0.000002    0.050002 ^ _550_/A (XNOR2x1)
     2    0.000348    0.000000    0.000000    0.050002 v _550_/Y (XNOR2x1)
                                                         _168_ (net)
                      0.000000    0.000011    0.050012 v _555_/A (NOR2x1)
     2    0.018641    0.000000    0.000000    0.050012 ^ _555_/Y (NOR2x1)
                                                         cell_oh[71] (net)
                      0.000000    0.000255    0.050267 ^ xp3_s2l1_11/h2 (XP_3x3_M2M3)
     1    0.030821    0.002000    0.001000    0.051267 ^ xp3_s2l1_11/s4 (XP_3x3_M2M3)
                                                         ps[59] (net)
                      0.002000    0.000182    0.051449 ^ xp5_s2l2_5/h4 (XP_5x5_M2M3)
     2    0.000228    0.002000    0.001000    0.052449 ^ xp5_s2l2_5/s4 (XP_5x5_M2M3)
                                                         boh[49] (net)
                      0.002000    0.000002    0.052451 ^ _719_/B (NOR2x1)
     1    0.000120    0.000000    0.000000    0.052451 v _719_/Y (NOR2x1)
                                                         _275_ (net)
                      0.000000    0.000001    0.052453 v _720_/B (NAND2x1)
     1    0.031273    0.000000    0.000000    0.052453 ^ _720_/Y (NAND2x1)
                                                         hi[16] (net)
                      0.000000    0.000488    0.052940 ^ xp3_hi_l1_2/h1 (XP_3x3_M4M5)
     3    0.000547    0.002000    0.001000    0.053940 ^ xp3_hi_l1_2/s3 (XP_3x3_M4M5)
                                                         hl1[13] (net)
                      0.002000    0.000022    0.053962 ^ xp5h[1].u/_49_/A (NAND2x1)
     1    0.000177    0.000000    0.000000    0.053962 v xp5h[1].u/_49_/Y (NAND2x1)
                                                         xp5h[1].u/_19_ (net)
                      0.000000    0.000003    0.053964 v xp5h[1].u/_50_/B (OAI21x1)
     1    0.000179    0.000000    0.000000    0.053964 ^ xp5h[1].u/_50_/Y (OAI21x1)
                                                         xp5h[1].u/_20_ (net)
                      0.000000    0.000003    0.053968 ^ xp5h[1].u/_51_/B (AOI21x1)
     1    0.000137    0.000000    0.000000    0.053968 v xp5h[1].u/_51_/Y (AOI21x1)
                                                         xp5h[1].u/_21_ (net)
                      0.000000    0.000001    0.053969 v xp5h[1].u/_52_/B (OAI21x1)
     5    0.001624    0.000000    0.000000    0.053969 ^ xp5h[1].u/_52_/Y (OAI21x1)
                                                         hl2[14] (net)
                      0.000000    0.000171    0.054140 ^ u_hi_l3/_126_/A (INVx1)
     5    0.000965    0.000000    0.000000    0.054140 v u_hi_l3/_126_/Y (INVx1)
                                                         u_hi_l3/_064_ (net)
                      0.000000    0.000000    0.054141 v u_hi_l3/_191_/A1 (OAI21x1)
     1    0.000117    0.000000    0.000000    0.054141 ^ u_hi_l3/_191_/Y (OAI21x1)
                                                         u_hi_l3/_028_ (net)
                      0.000000    0.000000    0.054142 ^ u_hi_l3/_192_/B (AOI21x1)
     1    0.000177    0.000000    0.000000    0.054142 v u_hi_l3/_192_/Y (AOI21x1)
                                                         u_hi_l3/_029_ (net)
                      0.000000    0.000003    0.054145 v u_hi_l3/_195_/A (NAND2x1)
     4    0.001165    0.000000    0.000000    0.054145 ^ u_hi_l3/_195_/Y (NAND2x1)
                                                         high_sum[12] (net)
                      0.000000    0.000122    0.054267 ^ u_carry/_283_/A (NAND2x1)
     1    0.000113    0.000000    0.000000    0.054267 v u_carry/_283_/Y (NAND2x1)
                                                         u_carry/_074_ (net)
                      0.000000    0.000000    0.054268 v u_carry/_284_/B (OAI21x1)
     1    0.000137    0.000000    0.000000    0.054268 ^ u_carry/_284_/Y (OAI21x1)
                                                         u_carry/_075_ (net)
                      0.000000    0.000001    0.054269 ^ u_carry/_285_/B (NOR2x1)
     1    0.000394    0.000000    0.000000    0.054269 v u_carry/_285_/Y (NOR2x1)
                                                         u_carry/_076_ (net)
                      0.000000    0.000022    0.054291 v u_carry/_290_/A (NAND2x1)
     1    0.000115    0.000000    0.000000    0.054291 ^ u_carry/_290_/Y (NAND2x1)
                                                         upper[16] (net)
                      0.000000    0.000001    0.054292 ^ _381_/A (INVx1)
     1    0.000134    0.000000    0.000000    0.054292 v _381_/Y (INVx1)
                                                         _069_ (net)
                      0.000000    0.000002    0.054294 v _383_/A (NAND2x1)
     1    0.000115    0.000000    0.000000    0.054294 ^ _383_/Y (NAND2x1)
                                                         _071_ (net)
                      0.000000    0.000001    0.054295 ^ _387_/A (NOR2x1)
     1    0.000119    0.000000    0.000000    0.054295 v _387_/Y (NOR2x1)
                                                         _075_ (net)
                      0.000000    0.000001    0.054296 v _388_/A (NAND2x1)
     1    0.000099    0.000000    0.000000    0.054296 ^ _388_/Y (NAND2x1)
                                                         hd[6] (net)
                      0.000000    0.000001    0.054298 ^ hd[6] (out)
                                              0.054298   data arrival time

                      0.000000    0.000000    0.000000   clock vclk (rise edge)
                                  0.000000    0.000000   clock network delay (ideal)
                                  0.000000    0.000000   clock reconvergence pessimism
                                 -0.050000   -0.050000   output external delay
                                             -0.050000   data required time
---------------------------------------------------------------------------------------------
                                             -0.050000   data required time
                                             -0.054298   data arrival time
---------------------------------------------------------------------------------------------
                                              0.104298   slack (MET)


Startpoint: A[35] (input port clocked by vclk)
Endpoint: hd[1] (output port clocked by vclk)
Path Group: vclk
Path Type: min

Fanout         Cap        Slew       Delay        Time   Description
---------------------------------------------------------------------------------------------
                      0.000000    0.000000    0.000000   clock vclk (rise edge)
                                  0.000000    0.000000   clock network delay (ideal)
                                  0.050000    0.050000 ^ input external delay
     1    0.000154    0.100000    0.000000    0.050000 ^ A[35] (in)
                                                         A[35] (net)
                      0.100004    0.000001    0.050001 ^ _510_/A (XNOR2x1)
     2    0.000234    0.000000    0.000000    0.050001 ^ _510_/Y (XNOR2x1)
                                                         _146_ (net)
                      0.000000    0.000002    0.050003 ^ _511_/A (INVx1)
     1    0.000098    0.000000    0.000000    0.050003 v _511_/Y (INVx1)
                                                         _147_ (net)
                      0.000000    0.000000    0.050004 v _512_/B (NOR2x1)
     2    0.018640    0.000000    0.000000    0.050004 ^ _512_/Y (NOR2x1)
                                                         cell_oh[51] (net)
                      0.000000    0.000319    0.050322 ^ xp3_s2l1_8/h0 (XP_3x3_M2M3)
     1    0.030852    0.002000    0.001000    0.051322 ^ xp3_s2l1_8/s0 (XP_3x3_M2M3)
                                                         ps[40] (net)
                      0.002000    0.000383    0.051706 ^ xp5_s2l2_4/v0 (XP_5x5_M2M3)
     2    0.000249    0.002000    0.001000    0.052706 ^ xp5_s2l2_4/s0 (XP_5x5_M2M3)
                                                         boh[36] (net)
                      0.002000    0.000004    0.052709 ^ _685_/A (NOR2x1)
     1    0.000163    0.000000    0.000000    0.052709 v _685_/Y (NOR2x1)
                                                         _252_ (net)
                      0.000000    0.000002    0.052712 v _687_/A (NAND2x1)
     1    0.041641    0.000000    0.000000    0.052712 ^ _687_/Y (NAND2x1)
                                                         lo[16] (net)
                      0.000000    0.000429    0.053141 ^ xp4_lo_l1_2/v0 (XP_4x4_M4M5)
     4    0.000611    0.002000    0.001000    0.054141 ^ xp4_lo_l1_2/s3 (XP_4x4_M4M5)
                                                         ll1[17] (net)
                      0.002000    0.000010    0.054151 ^ xp7[1].u/_109_/A1 (AOI21x1)
     1    0.000168    0.000000    0.000000    0.054151 v xp7[1].u/_109_/Y (AOI21x1)
                                                         xp7[1].u/_045_ (net)
                      0.000000    0.000003    0.054153 v xp7[1].u/_110_/B (NAND2x1)
     8    0.001413    0.000000    0.000000    0.054153 ^ xp7[1].u/_110_/Y (NAND2x1)
                                                         ll2[20] (net)
                      0.000000    0.000037    0.054190 ^ u_lo_l3/_381_/B (NAND2x1)
     1    0.000170    0.000000    0.000000    0.054190 v u_lo_l3/_381_/Y (NAND2x1)
                                                         u_lo_l3/_112_ (net)
                      0.000000    0.000002    0.054192 v u_lo_l3/_382_/B (OAI21x1)
     1    0.000111    0.000000    0.000000    0.054192 ^ u_lo_l3/_382_/Y (OAI21x1)
                                                         u_lo_l3/_113_ (net)
                      0.000000    0.000000    0.054193 ^ u_lo_l3/_383_/B (AOI21x1)
     1    0.000129    0.000000    0.000000    0.054193 v u_lo_l3/_383_/Y (AOI21x1)
                                                         u_lo_l3/_114_ (net)
                      0.000000    0.000001    0.054195 v u_lo_l3/_384_/B (NAND2x1)
     2    0.000782    0.000000    0.000000    0.054195 ^ u_lo_l3/_384_/Y (NAND2x1)
                                                         low_sum[14] (net)
                      0.000000    0.000058    0.054253 ^ _334_/A (NOR2x1)
     1    0.000158    0.000000    0.000000    0.054253 v _334_/Y (NOR2x1)
                                                         _027_ (net)
                      0.000000    0.000002    0.054255 v _335_/B (NAND2x1)
     1    0.000211    0.000000    0.000000    0.054255 ^ _335_/Y (NAND2x1)
                                                         _028_ (net)
                      0.000000    0.000004    0.054259 ^ _339_/A (NOR2x1)
     1    0.000103    0.000000    0.000000    0.054259 v _339_/Y (NOR2x1)
                                                         _032_ (net)
                      0.000000    0.000000    0.054260 v _340_/A (NAND2x1)
     1    0.000772    0.000000    0.000000    0.054260 ^ _340_/Y (NAND2x1)
                                                         hd[1] (net)
                      0.000000    0.000060    0.054319 ^ hd[1] (out)
                                              0.054319   data arrival time

                      0.000000    0.000000    0.000000   clock vclk (rise edge)
                                  0.000000    0.000000   clock network delay (ideal)
                                  0.000000    0.000000   clock reconvergence pessimism
                                 -0.050000   -0.050000   output external delay
                                             -0.050000   data required time
---------------------------------------------------------------------------------------------
                                             -0.050000   data required time
                                             -0.054319   data arrival time
---------------------------------------------------------------------------------------------
                                              0.104319   slack (MET)


Startpoint: A[21] (input port clocked by vclk)
Endpoint: hd[0] (output port clocked by vclk)
Path Group: vclk
Path Type: min

Fanout         Cap        Slew       Delay        Time   Description
---------------------------------------------------------------------------------------------
                      0.000000    0.000000    0.000000   clock vclk (rise edge)
                                  0.000000    0.000000   clock network delay (ideal)
                                  0.050000    0.050000 ^ input external delay
     1    0.000259    0.100000    0.000000    0.050000 ^ A[21] (in)
                                                         A[21] (net)
                      0.100021    0.000007    0.050007 ^ _461_/A (XNOR2x1)
     2    0.000216    0.000000    0.000000    0.050007 v _461_/Y (XNOR2x1)
                                                         _118_ (net)
                      0.000000    0.000003    0.050010 v _462_/A (INVx1)
     1    0.000129    0.000000    0.000000    0.050010 ^ _462_/Y (INVx1)
                                                         _119_ (net)
                      0.000000    0.000001    0.050012 ^ _463_/B (NOR2x1)
     2    0.018614    0.000000    0.000000    0.050012 v _463_/Y (NOR2x1)
                                                         cell_oh[30] (net)
                      0.000000    0.000149    0.050161 v _465_/B (NOR2x1)
     1    0.018499    0.000000    0.000000    0.050161 ^ _465_/Y (NOR2x1)
                                                         cell_oh[31] (net)
                      0.000000    0.000088    0.050249 ^ xp3_s2l1_5/v1 (XP_3x3_M2M3)
     1    0.030834    0.002000    0.001000    0.051249 ^ xp3_s2l1_5/s3 (XP_3x3_M2M3)
                                                         ps[28] (net)
                      0.002000    0.000282    0.051531 ^ xp5_s2l2_2/h3 (XP_5x5_M2M3)
     2    0.000306    0.002000    0.001000    0.052531 ^ xp5_s2l2_2/s6 (XP_5x5_M2M3)
                                                         boh[24] (net)
                      0.002000    0.000007    0.052537 ^ _656_/A (INVx1)
     1    0.000127    0.000000    0.000000    0.052537 v _656_/Y (INVx1)
                                                         _233_ (net)
                      0.000000    0.000001    0.052539 v _657_/B (NAND2x1)
     1    0.041645    0.000000    0.000000    0.052539 ^ _657_/Y (NAND2x1)
                                                         lo[10] (net)
                      0.000000    0.000562    0.053100 ^ xp4_lo_l1_1/v2 (XP_4x4_M4M5)
     5    0.001080    0.002000    0.001000    0.054100 ^ xp4_lo_l1_1/s5 (XP_4x4_M4M5)
                                                         ll1[12] (net)
                      0.002000    0.000119    0.054219 ^ xp7[0].u/_125_/B (NAND2x1)
     1    0.000142    0.000000    0.000000    0.054219 v xp7[0].u/_125_/Y (NAND2x1)
                                                         xp7[0].u/_057_ (net)
                      0.000000    0.000002    0.054221 v xp7[0].u/_126_/B (OAI21x1)
     5    0.001293    0.000000    0.000000    0.054221 ^ xp7[0].u/_126_/Y (OAI21x1)
                                                         ll2[11] (net)
                      0.000000    0.000021    0.054242 ^ u_lo_l3/_442_/A (NAND2x1)
     1    0.000094    0.000000    0.000000    0.054242 v u_lo_l3/_442_/Y (NAND2x1)
                                                         u_lo_l3/_166_ (net)
                      0.000000    0.000000    0.054243 v u_lo_l3/_443_/B (OAI21x1)
     1    0.000160    0.000000    0.000000    0.054243 ^ u_lo_l3/_443_/Y (OAI21x1)
                                                         u_lo_l3/_167_ (net)
                      0.000000    0.000002    0.054245 ^ u_lo_l3/_444_/B (AOI21x1)
     1    0.000111    0.000000    0.000000    0.054245 v u_lo_l3/_444_/Y (AOI21x1)
                                                         u_lo_l3/_168_ (net)
                      0.000000    0.000000    0.054246 v u_lo_l3/_445_/B (OAI21x1)
     2    0.000506    0.000000    0.000000    0.054246 ^ u_lo_l3/_445_/Y (OAI21x1)
                                                         low_sum[21] (net)
                      0.000000    0.000024    0.054270 ^ _318_/A (NOR2x1)
     1    0.000099    0.000000    0.000000    0.054270 v _318_/Y (NOR2x1)
                                                         _012_ (net)
                      0.000000    0.000000    0.054271 v _320_/A (NAND2x1)
     1    0.000349    0.000000    0.000000    0.054271 ^ _320_/Y (NAND2x1)
                                                         _014_ (net)
                      0.000000    0.000011    0.054282 ^ _324_/A (NOR2x1)
     1    0.000103    0.000000    0.000000    0.054282 v _324_/Y (NOR2x1)
                                                         _018_ (net)
                      0.000000    0.000000    0.054283 v _332_/A (NAND2x1)
     1    0.000710    0.000000    0.000000    0.054283 ^ _332_/Y (NAND2x1)
                                                         hd[0] (net)
                      0.000000    0.000051    0.054333 ^ hd[0] (out)
                                              0.054333   data arrival time

                      0.000000    0.000000    0.000000   clock vclk (rise edge)
                                  0.000000    0.000000   clock network delay (ideal)
                                  0.000000    0.000000   clock reconvergence pessimism
                                 -0.050000   -0.050000   output external delay
                                             -0.050000   data required time
---------------------------------------------------------------------------------------------
                                             -0.050000   data required time
                                             -0.054333   data arrival time
---------------------------------------------------------------------------------------------
                                              0.104333   slack (MET)



