97. Printing statistics.

=== $paramod$0c81c207a310b72408f4f8831a797da054d9c1db\crosspoint_sum ===

   Number of wires:                 76
   Number of wire bits:            100
   Number of public wires:           4
   Number of public wire bits:      28
   Number of ports:                  3
   Number of port bits:             27
   Number of memories:               0
   Number of memory bits:            0
   Number of processes:              0
   Number of cells:                 85
     $_AND_                         49
     $_OR_                          36

   Area for cell type $_AND_ is unknown!
   Area for cell type $_OR_ is unknown!

=== $paramod$447b57bf24c7b74983678fdc90ff9df1e2f74a99\crosspoint_sum ===

   Number of wires:                132
   Number of wire bits:            164
   Number of public wires:           4
   Number of public wire bits:      36
   Number of ports:                  3
   Number of port bits:             35
   Number of memories:               0
   Number of memory bits:            0
   Number of processes:              0
   Number of cells:                145
     $_AND_                         81
     $_OR_                          64

   Area for cell type $_AND_ is unknown!
   Area for cell type $_OR_ is unknown!

=== $paramod$8edda239f4d2df5686186831f84415ebef22b7be\crosspoint_sum ===

   Number of wires:                 36
   Number of wire bits:             52
   Number of public wires:           4
   Number of public wire bits:      20
   Number of ports:                  3
   Number of port bits:             19
   Number of memories:               0
   Number of memory bits:            0
   Number of processes:              0
   Number of cells:                 41
     $_AND_                         25
     $_OR_                          16

   Area for cell type $_AND_ is unknown!
   Area for cell type $_OR_ is unknown!

=== $paramod$ba9e7beca6b891b4c373258dc7af53ad2b461b1f\crosspoint_sum ===

   Number of wires:                292
   Number of wire bits:            340
   Number of public wires:           4
   Number of public wire bits:      52
   Number of ports:                  3
   Number of port bits:             51
   Number of memories:               0
   Number of memory bits:            0
   Number of processes:              0
   Number of cells:                313
     $_AND_                        169
     $_OR_                         144

   Area for cell type $_AND_ is unknown!
   Area for cell type $_OR_ is unknown!

=== $paramod$cfb50a1dbed197bd831b1d7c0bd1d07ff391e3eb\crosspoint_sum ===

   Number of wires:                196
   Number of wire bits:            240
   Number of public wires:           4
   Number of public wire bits:      48
   Number of ports:                  3
   Number of port bits:             47
   Number of memories:               0
   Number of memory bits:            0
   Number of processes:              0
   Number of cells:                215
     $_AND_                        119
     $_OR_                          96

   Area for cell type $_AND_ is unknown!
   Area for cell type $_OR_ is unknown!

=== hamming_64b_cuboid_r4_via ===

   Number of wires:                185
   Number of wire bits:            772
   Number of public wires:          16
   Number of public wire bits:     603
   Number of ports:                  3
   Number of port bits:            135
   Number of memories:               0
   Number of memory bits:            0
   Number of processes:              0
   Number of cells:                365
     $_AND_                         32
     $_NOR_                         32
     $_OR_                         166
     $_XNOR_                        64
     $_XOR_                         32
     $paramod$0c81c207a310b72408f4f8831a797da054d9c1db\crosspoint_sum      2
     $paramod$447b57bf24c7b74983678fdc90ff9df1e2f74a99\crosspoint_sum      1
     $paramod$8edda239f4d2df5686186831f84415ebef22b7be\crosspoint_sum      2
     $paramod$ba9e7beca6b891b4c373258dc7af53ad2b461b1f\crosspoint_sum      1
     $paramod$cfb50a1dbed197bd831b1d7c0bd1d07ff391e3eb\crosspoint_sum      1
     XP_3x3_M2M3                    16
     XP_3x3_M4M5                     4
     XP_4x4_M4M5                     4
     XP_5x5_M2M3                     8

   Area for cell type $_AND_ is unknown!
   Area for cell type $_OR_ is unknown!
   Area for cell type $_NOR_ is unknown!
   Area for cell type $_XOR_ is unknown!
   Area for cell type $_XNOR_ is unknown!
   Area for cell type $paramod$8edda239f4d2df5686186831f84415ebef22b7be\crosspoint_sum is unknown!
   Area for cell type $paramod$0c81c207a310b72408f4f8831a797da054d9c1db\crosspoint_sum is unknown!
   Area for cell type $paramod$cfb50a1dbed197bd831b1d7c0bd1d07ff391e3eb\crosspoint_sum is unknown!
   Area for cell type $paramod$447b57bf24c7b74983678fdc90ff9df1e2f74a99\crosspoint_sum is unknown!
   Area for cell type $paramod$ba9e7beca6b891b4c373258dc7af53ad2b461b1f\crosspoint_sum is unknown!

   Chip area for module '\hamming_64b_cuboid_r4_via': 429696.000000
     of which used for sequential elements: 0.000000 (0.00%)

=== design hierarchy ===

   hamming_64b_cuboid_r4_via         1
     $paramod$0c81c207a310b72408f4f8831a797da054d9c1db\crosspoint_sum      2
     $paramod$447b57bf24c7b74983678fdc90ff9df1e2f74a99\crosspoint_sum      1
     $paramod$8edda239f4d2df5686186831f84415ebef22b7be\crosspoint_sum      2
     $paramod$ba9e7beca6b891b4c373258dc7af53ad2b461b1f\crosspoint_sum      1
     $paramod$cfb50a1dbed197bd831b1d7c0bd1d07ff391e3eb\crosspoint_sum      1

   Number of wires:               1029
   Number of wire bits:           1820
   Number of public wires:          44
   Number of public wire bits:     835
   Number of ports:                 24
   Number of port bits:            360
   Number of memories:               0
   Number of memory bits:            0
   Number of processes:              0
   Number of cells:               1283
     $_AND_                        549
     $_NOR_                         32
     $_OR_                         574
     $_XNOR_                        64
     $_XOR_                         32
     XP_3x3_M2M3                    16
     XP_3x3_M4M5                     4
     XP_4x4_M4M5                     4
     XP_5x5_M2M3                     8

   Area for cell type $_AND_ is unknown!
   Area for cell type $_OR_ is unknown!

   Chip area for top module '\hamming_64b_cuboid_r4_via': 429696.000000
     of which used for sequential elements: 0.000000 (0.00%)

