
===========================================================================
report_checks -unconstrained
===========================================================================
======================= nom_tt_025C_0v50 Corner ===================================

Startpoint: B[15] (input port clocked by vclk)
Endpoint: hd[2] (output port clocked by vclk)
Path Group: vclk
Path Type: max

Fanout         Cap        Slew       Delay        Time   Description
---------------------------------------------------------------------------------------------
                      0.000000    0.000000    0.000000   clock vclk (rise edge)
                                  0.000000    0.000000   clock network delay (ideal)
                                  0.050000    0.050000 v input external delay
     1    0.000070    0.100000    0.000000    0.050000 v B[15] (in)
                                                         B[15] (net)
                      0.100000    0.000000    0.050000 v _440_/B (XNOR2x1)
     2    0.000140    0.000000    0.000000    0.050000 v _440_/Y (XNOR2x1)
                                                         _106_ (net)
                      0.000000    0.000000    0.050000 v _443_/B (NOR2x1)
     2    0.018550    0.000000    0.000000    0.050000 ^ _443_/Y (NOR2x1)
                                                         cell_oh[23] (net)
                      0.000000    0.000000    0.050000 ^ xp3_s2l1_3/h2 (XP_3x3_M2M3)
     1    0.030800    0.002000    0.001000    0.051000 ^ xp3_s2l1_3/s4 (XP_3x3_M2M3)
                                                         ps[19] (net)
                      0.002000    0.000000    0.051000 ^ xp5_s2l2_1/h4 (XP_5x5_M2M3)
     2    0.031270    0.002000    0.001000    0.052000 ^ xp5_s2l2_1/s8 (XP_5x5_M2M3)
                                                         boh[17] (net)
                      0.002000    0.000000    0.052000 ^ _632_/A (INVx1)
     1    0.000070    0.000000    0.000000    0.052000 v _632_/Y (INVx1)
                                                         _217_ (net)
                      0.000000    0.000000    0.052000 v _633_/B (NAND2x1)
     1    0.041600    0.000000    0.000000    0.052000 ^ _633_/Y (NAND2x1)
                                                         lo[4] (net)
                      0.000000    0.000000    0.052000 ^ xp4_lo_l1_0/h0 (XP_4x4_M4M5)
     4    0.000280    0.002000    0.001000    0.053000 ^ xp4_lo_l1_0/s0 (XP_4x4_M4M5)
                                                         ll1[0] (net)
                      0.002000    0.000000    0.053000 ^ xp7[0].u/_058_/A (INVx1)
     4    0.000280    0.000000    0.000000    0.053000 v xp7[0].u/_058_/Y (INVx1)
                                                         xp7[0].u/_000_ (net)
                      0.000000    0.000000    0.053000 v xp7[0].u/_127_/B (NOR2x1)
     1    0.070000    0.000000    0.000000    0.053000 ^ xp7[0].u/_127_/Y (NOR2x1)
                                                         xp7[0].u/sum_bit[0].grid_and (net)
                      0.000000    0.000000    0.053000 ^ xp7[0].u/_129_/A (BUFx1)
     6    0.000420    0.200000    0.188000    0.241000 ^ xp7[0].u/_129_/Y (BUFx1)
                                                         ll2[0] (net)
                      0.200000    0.000000    0.241000 ^ u_lo_l3/_214_/A (INVx1)
     8    0.000560    0.000000    0.000000    0.241000 v u_lo_l3/_214_/Y (INVx1)
                                                         u_lo_l3/_172_ (net)
                      0.000000    0.000000    0.241000 v u_lo_l3/_451_/B (NOR2x1)
     1    0.070000    0.000000    0.000000    0.241000 ^ u_lo_l3/_451_/Y (NOR2x1)
                                                         u_lo_l3/sum_bit[0].grid_and (net)
                      0.000000    0.000000    0.241000 ^ u_lo_l3/_453_/A (BUFx1)
     1    0.000070    0.200000    0.188000    0.429000 ^ u_lo_l3/_453_/Y (BUFx1)
                                                         low_sum[0] (net)
                      0.200000    0.000000    0.429000 ^ _301_/B (NOR2x1)
     1    0.000070    0.000000    0.000000    0.429000 v _301_/Y (NOR2x1)
                                                         _001_ (net)
                      0.000000    0.000000    0.429000 v _302_/B (NAND2x1)
    15    0.001050    0.000000    0.000000    0.429000 ^ _302_/Y (NAND2x1)
                                                         carry[0] (net)
                      0.000000    0.000000    0.429000 ^ u_carry/_159_/B (NAND2x1)
     1    0.000070    0.000000    0.000000    0.429000 v u_carry/_159_/Y (NAND2x1)
                                                         u_carry/_111_ (net)
                      0.000000    0.000000    0.429000 v u_carry/_160_/B (OAI21x1)
     1    0.000070    0.000000    0.000000    0.429000 ^ u_carry/_160_/Y (OAI21x1)
                                                         u_carry/_112_ (net)
                      0.000000    0.000000    0.429000 ^ u_carry/_161_/B (AOI21x1)
     1    0.000070    0.000000    0.000000    0.429000 v u_carry/_161_/Y (AOI21x1)
                                                         u_carry/_113_ (net)
                      0.000000    0.000000    0.429000 v u_carry/_162_/B (OAI21x1)
     2    0.000140    0.000000    0.000000    0.429000 ^ u_carry/_162_/Y (OAI21x1)
                                                         upper[3] (net)
                      0.000000    0.000000    0.429000 ^ _349_/B (NOR2x1)
     1    0.000070    0.000000    0.000000    0.429000 v _349_/Y (NOR2x1)
                                                         _041_ (net)
                      0.000000    0.000000    0.429000 v _350_/B (NAND2x1)
     1    0.000070    0.000000    0.000000    0.429000 ^ _350_/Y (NAND2x1)
                                                         _042_ (net)
                      0.000000    0.000000    0.429000 ^ _351_/B (NOR2x1)
     1    0.000070    0.000000    0.000000    0.429000 v _351_/Y (NOR2x1)
                                                         _043_ (net)
                      0.000000    0.000000    0.429000 v _352_/B (NAND2x1)
     1    0.000000    0.000000    0.000000    0.429000 ^ _352_/Y (NAND2x1)
                                                         hd[2] (net)
                      0.000000    0.000000    0.429000 ^ hd[2] (out)
                                              0.429000   data arrival time

                      0.000000    0.200000    0.200000   clock vclk (rise edge)
                                  0.000000    0.200000   clock network delay (ideal)
                                  0.000000    0.200000   clock reconvergence pessimism
                                 -0.050000    0.150000   output external delay
                                              0.150000   data required time
---------------------------------------------------------------------------------------------
                                              0.150000   data required time
                                             -0.429000   data arrival time
---------------------------------------------------------------------------------------------
                                             -0.279000   slack (VIOLATED)




===========================================================================
report_checks --slack_max -0.01
============================================================================
======================= nom_tt_025C_0v50 Corner ===================================

Startpoint: B[15] (input port clocked by vclk)
Endpoint: hd[2] (output port clocked by vclk)
Path Group: vclk
Path Type: max

Fanout         Cap        Slew       Delay        Time   Description
---------------------------------------------------------------------------------------------
                      0.000000    0.000000    0.000000   clock vclk (rise edge)
                                  0.000000    0.000000   clock network delay (ideal)
                                  0.050000    0.050000 v input external delay
     1    0.000070    0.100000    0.000000    0.050000 v B[15] (in)
                                                         B[15] (net)
                      0.100000    0.000000    0.050000 v _440_/B (XNOR2x1)
     2    0.000140    0.000000    0.000000    0.050000 v _440_/Y (XNOR2x1)
                                                         _106_ (net)
                      0.000000    0.000000    0.050000 v _443_/B (NOR2x1)
     2    0.018550    0.000000    0.000000    0.050000 ^ _443_/Y (NOR2x1)
                                                         cell_oh[23] (net)
                      0.000000    0.000000    0.050000 ^ xp3_s2l1_3/h2 (XP_3x3_M2M3)
     1    0.030800    0.002000    0.001000    0.051000 ^ xp3_s2l1_3/s4 (XP_3x3_M2M3)
                                                         ps[19] (net)
                      0.002000    0.000000    0.051000 ^ xp5_s2l2_1/h4 (XP_5x5_M2M3)
     2    0.031270    0.002000    0.001000    0.052000 ^ xp5_s2l2_1/s8 (XP_5x5_M2M3)
                                                         boh[17] (net)
                      0.002000    0.000000    0.052000 ^ _632_/A (INVx1)
     1    0.000070    0.000000    0.000000    0.052000 v _632_/Y (INVx1)
                                                         _217_ (net)
                      0.000000    0.000000    0.052000 v _633_/B (NAND2x1)
     1    0.041600    0.000000    0.000000    0.052000 ^ _633_/Y (NAND2x1)
                                                         lo[4] (net)
                      0.000000    0.000000    0.052000 ^ xp4_lo_l1_0/h0 (XP_4x4_M4M5)
     4    0.000280    0.002000    0.001000    0.053000 ^ xp4_lo_l1_0/s0 (XP_4x4_M4M5)
                                                         ll1[0] (net)
                      0.002000    0.000000    0.053000 ^ xp7[0].u/_058_/A (INVx1)
     4    0.000280    0.000000    0.000000    0.053000 v xp7[0].u/_058_/Y (INVx1)
                                                         xp7[0].u/_000_ (net)
                      0.000000    0.000000    0.053000 v xp7[0].u/_127_/B (NOR2x1)
     1    0.070000    0.000000    0.000000    0.053000 ^ xp7[0].u/_127_/Y (NOR2x1)
                                                         xp7[0].u/sum_bit[0].grid_and (net)
                      0.000000    0.000000    0.053000 ^ xp7[0].u/_129_/A (BUFx1)
     6    0.000420    0.200000    0.188000    0.241000 ^ xp7[0].u/_129_/Y (BUFx1)
                                                         ll2[0] (net)
                      0.200000    0.000000    0.241000 ^ u_lo_l3/_214_/A (INVx1)
     8    0.000560    0.000000    0.000000    0.241000 v u_lo_l3/_214_/Y (INVx1)
                                                         u_lo_l3/_172_ (net)
                      0.000000    0.000000    0.241000 v u_lo_l3/_451_/B (NOR2x1)
     1    0.070000    0.000000    0.000000    0.241000 ^ u_lo_l3/_451_/Y (NOR2x1)
                                                         u_lo_l3/sum_bit[0].grid_and (net)
                      0.000000    0.000000    0.241000 ^ u_lo_l3/_453_/A (BUFx1)
     1    0.000070    0.200000    0.188000    0.429000 ^ u_lo_l3/_453_/Y (BUFx1)
                                                         low_sum[0] (net)
                      0.200000    0.000000    0.429000 ^ _301_/B (NOR2x1)
     1    0.000070    0.000000    0.000000    0.429000 v _301_/Y (NOR2x1)
                                                         _001_ (net)
                      0.000000    0.000000    0.429000 v _302_/B (NAND2x1)
    15    0.001050    0.000000    0.000000    0.429000 ^ _302_/Y (NAND2x1)
                                                         carry[0] (net)
                      0.000000    0.000000    0.429000 ^ u_carry/_159_/B (NAND2x1)
     1    0.000070    0.000000    0.000000    0.429000 v u_carry/_159_/Y (NAND2x1)
                                                         u_carry/_111_ (net)
                      0.000000    0.000000    0.429000 v u_carry/_160_/B (OAI21x1)
     1    0.000070    0.000000    0.000000    0.429000 ^ u_carry/_160_/Y (OAI21x1)
                                                         u_carry/_112_ (net)
                      0.000000    0.000000    0.429000 ^ u_carry/_161_/B (AOI21x1)
     1    0.000070    0.000000    0.000000    0.429000 v u_carry/_161_/Y (AOI21x1)
                                                         u_carry/_113_ (net)
                      0.000000    0.000000    0.429000 v u_carry/_162_/B (OAI21x1)
     2    0.000140    0.000000    0.000000    0.429000 ^ u_carry/_162_/Y (OAI21x1)
                                                         upper[3] (net)
                      0.000000    0.000000    0.429000 ^ _349_/B (NOR2x1)
     1    0.000070    0.000000    0.000000    0.429000 v _349_/Y (NOR2x1)
                                                         _041_ (net)
                      0.000000    0.000000    0.429000 v _350_/B (NAND2x1)
     1    0.000070    0.000000    0.000000    0.429000 ^ _350_/Y (NAND2x1)
                                                         _042_ (net)
                      0.000000    0.000000    0.429000 ^ _351_/B (NOR2x1)
     1    0.000070    0.000000    0.000000    0.429000 v _351_/Y (NOR2x1)
                                                         _043_ (net)
                      0.000000    0.000000    0.429000 v _352_/B (NAND2x1)
     1    0.000000    0.000000    0.000000    0.429000 ^ _352_/Y (NAND2x1)
                                                         hd[2] (net)
                      0.000000    0.000000    0.429000 ^ hd[2] (out)
                                              0.429000   data arrival time

                      0.000000    0.200000    0.200000   clock vclk (rise edge)
                                  0.000000    0.200000   clock network delay (ideal)
                                  0.000000    0.200000   clock reconvergence pessimism
                                 -0.050000    0.150000   output external delay
                                              0.150000   data required time
---------------------------------------------------------------------------------------------
                                              0.150000   data required time
                                             -0.429000   data arrival time
---------------------------------------------------------------------------------------------
                                             -0.279000   slack (VIOLATED)




===========================================================================
 report_check_types -max_slew -max_cap -max_fanout -violators
============================================================================
======================= nom_tt_025C_0v50 Corner ===================================

max capacitance

Pin                                        Limit         Cap       Slack
------------------------------------------------------------------------
u_carry/_317_/Y                         0.010000    0.070000   -0.060000 (VIOLATED)
u_hi_l3/_205_/Y                         0.010000    0.070000   -0.060000 (VIOLATED)
u_lo_l3/_451_/Y                         0.010000    0.070000   -0.060000 (VIOLATED)
xp5h[0].u/_59_/Y                        0.010000    0.070000   -0.060000 (VIOLATED)
xp5h[1].u/_59_/Y                        0.010000    0.070000   -0.060000 (VIOLATED)
xp7[0].u/_127_/Y                        0.010000    0.070000   -0.060000 (VIOLATED)
xp7[1].u/_127_/Y                        0.010000    0.070000   -0.060000 (VIOLATED)
_615_/Y                                 0.010000    0.041600   -0.031600 (VIOLATED)
_618_/Y                                 0.010000    0.041600   -0.031600 (VIOLATED)
_621_/Y                                 0.010000    0.041600   -0.031600 (VIOLATED)
_624_/Y                                 0.010000    0.041600   -0.031600 (VIOLATED)
_633_/Y                                 0.010000    0.041600   -0.031600 (VIOLATED)
_636_/Y                                 0.010000    0.041600   -0.031600 (VIOLATED)
_639_/Y                                 0.010000    0.041600   -0.031600 (VIOLATED)
_642_/Y                                 0.010000    0.041600   -0.031600 (VIOLATED)
_651_/Y                                 0.010000    0.041600   -0.031600 (VIOLATED)
_654_/Y                                 0.010000    0.041600   -0.031600 (VIOLATED)
_657_/Y                                 0.010000    0.041600   -0.031600 (VIOLATED)
_660_/Y                                 0.010000    0.041600   -0.031600 (VIOLATED)
_669_/Y                                 0.010000    0.041600   -0.031600 (VIOLATED)
_672_/Y                                 0.010000    0.041600   -0.031600 (VIOLATED)
_675_/Y                                 0.010000    0.041600   -0.031600 (VIOLATED)
_678_/Y                                 0.010000    0.041600   -0.031600 (VIOLATED)
_687_/Y                                 0.010000    0.041600   -0.031600 (VIOLATED)
_690_/Y                                 0.010000    0.041600   -0.031600 (VIOLATED)
_693_/Y                                 0.010000    0.041600   -0.031600 (VIOLATED)
_696_/Y                                 0.010000    0.041600   -0.031600 (VIOLATED)
_705_/Y                                 0.010000    0.041600   -0.031600 (VIOLATED)
_708_/Y                                 0.010000    0.041600   -0.031600 (VIOLATED)
_711_/Y                                 0.010000    0.041600   -0.031600 (VIOLATED)
_714_/Y                                 0.010000    0.041600   -0.031600 (VIOLATED)
_723_/Y                                 0.010000    0.041600   -0.031600 (VIOLATED)
_726_/Y                                 0.010000    0.041600   -0.031600 (VIOLATED)
_729_/Y                                 0.010000    0.041600   -0.031600 (VIOLATED)
_732_/Y                                 0.010000    0.041600   -0.031600 (VIOLATED)
_741_/Y                                 0.010000    0.041600   -0.031600 (VIOLATED)
_744_/Y                                 0.010000    0.041600   -0.031600 (VIOLATED)
_747_/Y                                 0.010000    0.041600   -0.031600 (VIOLATED)
_750_/Y                                 0.010000    0.041600   -0.031600 (VIOLATED)
_627_/Y                                 0.010000    0.031200   -0.021200 (VIOLATED)
_630_/Y                                 0.010000    0.031200   -0.021200 (VIOLATED)
_645_/Y                                 0.010000    0.031200   -0.021200 (VIOLATED)
_648_/Y                                 0.010000    0.031200   -0.021200 (VIOLATED)
_663_/Y                                 0.010000    0.031200   -0.021200 (VIOLATED)
_666_/Y                                 0.010000    0.031200   -0.021200 (VIOLATED)
_681_/Y                                 0.010000    0.031200   -0.021200 (VIOLATED)
_684_/Y                                 0.010000    0.031200   -0.021200 (VIOLATED)
_699_/Y                                 0.010000    0.031200   -0.021200 (VIOLATED)
_702_/Y                                 0.010000    0.031200   -0.021200 (VIOLATED)
_717_/Y                                 0.010000    0.031200   -0.021200 (VIOLATED)
_720_/Y                                 0.010000    0.031200   -0.021200 (VIOLATED)
_735_/Y                                 0.010000    0.031200   -0.021200 (VIOLATED)
_738_/Y                                 0.010000    0.031200   -0.021200 (VIOLATED)
_753_/Y                                 0.010000    0.031200   -0.021200 (VIOLATED)
_756_/Y                                 0.010000    0.031200   -0.021200 (VIOLATED)
_393_/Y                                 0.010000    0.018550   -0.008550 (VIOLATED)
_394_/Y                                 0.010000    0.018550   -0.008550 (VIOLATED)
_400_/Y                                 0.010000    0.018550   -0.008550 (VIOLATED)
_401_/Y                                 0.010000    0.018550   -0.008550 (VIOLATED)
_407_/Y                                 0.010000    0.018550   -0.008550 (VIOLATED)
_408_/Y                                 0.010000    0.018550   -0.008550 (VIOLATED)
_414_/Y                                 0.010000    0.018550   -0.008550 (VIOLATED)
_415_/Y                                 0.010000    0.018550   -0.008550 (VIOLATED)
_421_/Y                                 0.010000    0.018550   -0.008550 (VIOLATED)
_422_/Y                                 0.010000    0.018550   -0.008550 (VIOLATED)
_428_/Y                                 0.010000    0.018550   -0.008550 (VIOLATED)
_429_/Y                                 0.010000    0.018550   -0.008550 (VIOLATED)
_435_/Y                                 0.010000    0.018550   -0.008550 (VIOLATED)
_436_/Y                                 0.010000    0.018550   -0.008550 (VIOLATED)
_442_/Y                                 0.010000    0.018550   -0.008550 (VIOLATED)
_443_/Y                                 0.010000    0.018550   -0.008550 (VIOLATED)
_449_/Y                                 0.010000    0.018550   -0.008550 (VIOLATED)
_450_/Y                                 0.010000    0.018550   -0.008550 (VIOLATED)
_456_/Y                                 0.010000    0.018550   -0.008550 (VIOLATED)
_457_/Y                                 0.010000    0.018550   -0.008550 (VIOLATED)
_463_/Y                                 0.010000    0.018550   -0.008550 (VIOLATED)
_464_/Y                                 0.010000    0.018550   -0.008550 (VIOLATED)
_470_/Y                                 0.010000    0.018550   -0.008550 (VIOLATED)
_471_/Y                                 0.010000    0.018550   -0.008550 (VIOLATED)
_477_/Y                                 0.010000    0.018550   -0.008550 (VIOLATED)
_478_/Y                                 0.010000    0.018550   -0.008550 (VIOLATED)
_484_/Y                                 0.010000    0.018550   -0.008550 (VIOLATED)
_485_/Y                                 0.010000    0.018550   -0.008550 (VIOLATED)
_491_/Y                                 0.010000    0.018550   -0.008550 (VIOLATED)
_492_/Y                                 0.010000    0.018550   -0.008550 (VIOLATED)
_498_/Y                                 0.010000    0.018550   -0.008550 (VIOLATED)
_499_/Y                                 0.010000    0.018550   -0.008550 (VIOLATED)
_505_/Y                                 0.010000    0.018550   -0.008550 (VIOLATED)
_506_/Y                                 0.010000    0.018550   -0.008550 (VIOLATED)
_512_/Y                                 0.010000    0.018550   -0.008550 (VIOLATED)
_513_/Y                                 0.010000    0.018550   -0.008550 (VIOLATED)
_519_/Y                                 0.010000    0.018550   -0.008550 (VIOLATED)
_520_/Y                                 0.010000    0.018550   -0.008550 (VIOLATED)
_526_/Y                                 0.010000    0.018550   -0.008550 (VIOLATED)
_527_/Y                                 0.010000    0.018550   -0.008550 (VIOLATED)
_533_/Y                                 0.010000    0.018550   -0.008550 (VIOLATED)
_534_/Y                                 0.010000    0.018550   -0.008550 (VIOLATED)
_540_/Y                                 0.010000    0.018550   -0.008550 (VIOLATED)
_541_/Y                                 0.010000    0.018550   -0.008550 (VIOLATED)
_547_/Y                                 0.010000    0.018550   -0.008550 (VIOLATED)
_548_/Y                                 0.010000    0.018550   -0.008550 (VIOLATED)
_554_/Y                                 0.010000    0.018550   -0.008550 (VIOLATED)
_555_/Y                                 0.010000    0.018550   -0.008550 (VIOLATED)
_561_/Y                                 0.010000    0.018550   -0.008550 (VIOLATED)
_562_/Y                                 0.010000    0.018550   -0.008550 (VIOLATED)
_568_/Y                                 0.010000    0.018550   -0.008550 (VIOLATED)
_569_/Y                                 0.010000    0.018550   -0.008550 (VIOLATED)
_575_/Y                                 0.010000    0.018550   -0.008550 (VIOLATED)
_576_/Y                                 0.010000    0.018550   -0.008550 (VIOLATED)
_582_/Y                                 0.010000    0.018550   -0.008550 (VIOLATED)
_583_/Y                                 0.010000    0.018550   -0.008550 (VIOLATED)
_589_/Y                                 0.010000    0.018550   -0.008550 (VIOLATED)
_590_/Y                                 0.010000    0.018550   -0.008550 (VIOLATED)
_596_/Y                                 0.010000    0.018550   -0.008550 (VIOLATED)
_597_/Y                                 0.010000    0.018550   -0.008550 (VIOLATED)
_603_/Y                                 0.010000    0.018550   -0.008550 (VIOLATED)
_604_/Y                                 0.010000    0.018550   -0.008550 (VIOLATED)
_610_/Y                                 0.010000    0.018550   -0.008550 (VIOLATED)
_611_/Y                                 0.010000    0.018550   -0.008550 (VIOLATED)
_395_/Y                                 0.010000    0.018480   -0.008480 (VIOLATED)
_402_/Y                                 0.010000    0.018480   -0.008480 (VIOLATED)
_409_/Y                                 0.010000    0.018480   -0.008480 (VIOLATED)
_416_/Y                                 0.010000    0.018480   -0.008480 (VIOLATED)
_423_/Y                                 0.010000    0.018480   -0.008480 (VIOLATED)
_430_/Y                                 0.010000    0.018480   -0.008480 (VIOLATED)
_437_/Y                                 0.010000    0.018480   -0.008480 (VIOLATED)
_444_/Y                                 0.010000    0.018480   -0.008480 (VIOLATED)
_451_/Y                                 0.010000    0.018480   -0.008480 (VIOLATED)
_458_/Y                                 0.010000    0.018480   -0.008480 (VIOLATED)
_465_/Y                                 0.010000    0.018480   -0.008480 (VIOLATED)
_472_/Y                                 0.010000    0.018480   -0.008480 (VIOLATED)
_479_/Y                                 0.010000    0.018480   -0.008480 (VIOLATED)
_486_/Y                                 0.010000    0.018480   -0.008480 (VIOLATED)
_493_/Y                                 0.010000    0.018480   -0.008480 (VIOLATED)
_500_/Y                                 0.010000    0.018480   -0.008480 (VIOLATED)
_507_/Y                                 0.010000    0.018480   -0.008480 (VIOLATED)
_514_/Y                                 0.010000    0.018480   -0.008480 (VIOLATED)
_521_/Y                                 0.010000    0.018480   -0.008480 (VIOLATED)
_528_/Y                                 0.010000    0.018480   -0.008480 (VIOLATED)
_535_/Y                                 0.010000    0.018480   -0.008480 (VIOLATED)
_542_/Y                                 0.010000    0.018480   -0.008480 (VIOLATED)
_549_/Y                                 0.010000    0.018480   -0.008480 (VIOLATED)
_556_/Y                                 0.010000    0.018480   -0.008480 (VIOLATED)
_563_/Y                                 0.010000    0.018480   -0.008480 (VIOLATED)
_570_/Y                                 0.010000    0.018480   -0.008480 (VIOLATED)
_577_/Y                                 0.010000    0.018480   -0.008480 (VIOLATED)
_584_/Y                                 0.010000    0.018480   -0.008480 (VIOLATED)
_591_/Y                                 0.010000    0.018480   -0.008480 (VIOLATED)
_598_/Y                                 0.010000    0.018480   -0.008480 (VIOLATED)
_605_/Y                                 0.010000    0.018480   -0.008480 (VIOLATED)
_612_/Y                                 0.010000    0.018480   -0.008480 (VIOLATED)



===========================================================================
report_parasitic_annotation -report_unannotated
============================================================================
Found 1526 unannotated drivers.
 A[0]
 A[10]
 A[11]
 A[12]
 A[13]
 A[14]
 A[15]
 A[16]
 A[17]
 A[18]
 A[19]
 A[1]
 A[20]
 A[21]
 A[22]
 A[23]
 A[24]
 A[25]
 A[26]
 A[27]
 A[28]
 A[29]
 A[2]
 A[30]
 A[31]
 A[32]
 A[33]
 A[34]
 A[35]
 A[36]
 A[37]
 A[38]
 A[39]
 A[3]
 A[40]
 A[41]
 A[42]
 A[43]
 A[44]
 A[45]
 A[46]
 A[47]
 A[48]
 A[49]
 A[4]
 A[50]
 A[51]
 A[52]
 A[53]
 A[54]
 A[55]
 A[56]
 A[57]
 A[58]
 A[59]
 A[5]
 A[60]
 A[61]
 A[62]
 A[63]
 A[6]
 A[7]
 A[8]
 A[9]
 B[0]
 B[10]
 B[11]
 B[12]
 B[13]
 B[14]
 B[15]
 B[16]
 B[17]
 B[18]
 B[19]
 B[1]
 B[20]
 B[21]
 B[22]
 B[23]
 B[24]
 B[25]
 B[26]
 B[27]
 B[28]
 B[29]
 B[2]
 B[30]
 B[31]
 B[32]
 B[33]
 B[34]
 B[35]
 B[36]
 B[37]
 B[38]
 B[39]
 B[3]
 B[40]
 B[41]
 B[42]
 B[43]
 B[44]
 B[45]
 B[46]
 B[47]
 B[48]
 B[49]
 B[4]
 B[50]
 B[51]
 B[52]
 B[53]
 B[54]
 B[55]
 B[56]
 B[57]
 B[58]
 B[59]
 B[5]
 B[60]
 B[61]
 B[62]
 B[63]
 B[6]
 B[7]
 B[8]
 B[9]
 _300_/Y
 _301_/Y
 _302_/Y
 _303_/Y
 _304_/Y
 _305_/Y
 _306_/Y
 _307_/Y
 _308_/Y
 _309_/Y
 _310_/Y
 _311_/Y
 _312_/Y
 _313_/Y
 _314_/Y
 _315_/Y
 _316_/Y
 _317_/Y
 _318_/Y
 _319_/Y
 _320_/Y
 _321_/Y
 _322_/Y
 _323_/Y
 _324_/Y
 _325_/Y
 _326_/Y
 _327_/Y
 _328_/Y
 _329_/Y
 _330_/Y
 _331_/Y
 _332_/Y
 _333_/Y
 _334_/Y
 _335_/Y
 _336_/Y
 _337_/Y
 _338_/Y
 _339_/Y
 _340_/Y
 _341_/Y
 _342_/Y
 _343_/Y
 _344_/Y
 _345_/Y
 _346_/Y
 _347_/Y
 _348_/Y
 _349_/Y
 _350_/Y
 _351_/Y
 _352_/Y
 _353_/Y
 _354_/Y
 _355_/Y
 _356_/Y
 _357_/Y
 _358_/Y
 _359_/Y
 _360_/Y
 _361_/Y
 _362_/Y
 _363_/Y
 _364_/Y
 _365_/Y
 _366_/Y
 _367_/Y
 _368_/Y
 _369_/Y
 _370_/Y
 _371_/Y
 _372_/Y
 _373_/Y
 _374_/Y
 _375_/Y
 _376_/Y
 _377_/Y
 _378_/Y
 _379_/Y
 _380_/Y
 _381_/Y
 _382_/Y
 _383_/Y
 _384_/Y
 _385_/Y
 _386_/Y
 _387_/Y
 _388_/Y
 _389_/Y
 _390_/Y
 _391_/Y
 _392_/Y
 _393_/Y
 _394_/Y
 _395_/Y
 _396_/Y
 _397_/Y
 _398_/Y
 _399_/Y
 _400_/Y
 _401_/Y
 _402_/Y
 _403_/Y
 _404_/Y
 _405_/Y
 _406_/Y
 _407_/Y
 _408_/Y
 _409_/Y
 _410_/Y
 _411_/Y
 _412_/Y
 _413_/Y
 _414_/Y
 _415_/Y
 _416_/Y
 _417_/Y
 _418_/Y
 _419_/Y
 _420_/Y
 _421_/Y
 _422_/Y
 _423_/Y
 _424_/Y
 _425_/Y
 _426_/Y
 _427_/Y
 _428_/Y
 _429_/Y
 _430_/Y
 _431_/Y
 _432_/Y
 _433_/Y
 _434_/Y
 _435_/Y
 _436_/Y
 _437_/Y
 _438_/Y
 _439_/Y
 _440_/Y
 _441_/Y
 _442_/Y
 _443_/Y
 _444_/Y
 _445_/Y
 _446_/Y
 _447_/Y
 _448_/Y
 _449_/Y
 _450_/Y
 _451_/Y
 _452_/Y
 _453_/Y
 _454_/Y
 _455_/Y
 _456_/Y
 _457_/Y
 _458_/Y
 _459_/Y
 _460_/Y
 _461_/Y
 _462_/Y
 _463_/Y
 _464_/Y
 _465_/Y
 _466_/Y
 _467_/Y
 _468_/Y
 _469_/Y
 _470_/Y
 _471_/Y
 _472_/Y
 _473_/Y
 _474_/Y
 _475_/Y
 _476_/Y
 _477_/Y
 _478_/Y
 _479_/Y
 _480_/Y
 _481_/Y
 _482_/Y
 _483_/Y
 _484_/Y
 _485_/Y
 _486_/Y
 _487_/Y
 _488_/Y
 _489_/Y
 _490_/Y
 _491_/Y
 _492_/Y
 _493_/Y
 _494_/Y
 _495_/Y
 _496_/Y
 _497_/Y
 _498_/Y
 _499_/Y
 _500_/Y
 _501_/Y
 _502_/Y
 _503_/Y
 _504_/Y
 _505_/Y
 _506_/Y
 _507_/Y
 _508_/Y
 _509_/Y
 _510_/Y
 _511_/Y
 _512_/Y
 _513_/Y
 _514_/Y
 _515_/Y
 _516_/Y
 _517_/Y
 _518_/Y
 _519_/Y
 _520_/Y
 _521_/Y
 _522_/Y
 _523_/Y
 _524_/Y
 _525_/Y
 _526_/Y
 _527_/Y
 _528_/Y
 _529_/Y
 _530_/Y
 _531_/Y
 _532_/Y
 _533_/Y
 _534_/Y
 _535_/Y
 _536_/Y
 _537_/Y
 _538_/Y
 _539_/Y
 _540_/Y
 _541_/Y
 _542_/Y
 _543_/Y
 _544_/Y
 _545_/Y
 _546_/Y
 _547_/Y
 _548_/Y
 _549_/Y
 _550_/Y
 _551_/Y
 _552_/Y
 _553_/Y
 _554_/Y
 _555_/Y
 _556_/Y
 _557_/Y
 _558_/Y
 _559_/Y
 _560_/Y
 _561_/Y
 _562_/Y
 _563_/Y
 _564_/Y
 _565_/Y
 _566_/Y
 _567_/Y
 _568_/Y
 _569_/Y
 _570_/Y
 _571_/Y
 _572_/Y
 _573_/Y
 _574_/Y
 _575_/Y
 _576_/Y
 _577_/Y
 _578_/Y
 _579_/Y
 _580_/Y
 _581_/Y
 _582_/Y
 _583_/Y
 _584_/Y
 _585_/Y
 _586_/Y
 _587_/Y
 _588_/Y
 _589_/Y
 _590_/Y
 _591_/Y
 _592_/Y
 _593_/Y
 _594_/Y
 _595_/Y
 _596_/Y
 _597_/Y
 _598_/Y
 _599_/Y
 _600_/Y
 _601_/Y
 _602_/Y
 _603_/Y
 _604_/Y
 _605_/Y
 _606_/Y
 _607_/Y
 _608_/Y
 _609_/Y
 _610_/Y
 _611_/Y
 _612_/Y
 _613_/Y
 _614_/Y
 _615_/Y
 _616_/Y
 _617_/Y
 _618_/Y
 _619_/Y
 _620_/Y
 _621_/Y
 _622_/Y
 _623_/Y
 _624_/Y
 _625_/Y
 _626_/Y
 _627_/Y
 _628_/Y
 _629_/Y
 _630_/Y
 _631_/Y
 _632_/Y
 _633_/Y
 _634_/Y
 _635_/Y
 _636_/Y
 _637_/Y
 _638_/Y
 _639_/Y
 _640_/Y
 _641_/Y
 _642_/Y
 _643_/Y
 _644_/Y
 _645_/Y
 _646_/Y
 _647_/Y
 _648_/Y
 _649_/Y
 _650_/Y
 _651_/Y
 _652_/Y
 _653_/Y
 _654_/Y
 _655_/Y
 _656_/Y
 _657_/Y
 _658_/Y
 _659_/Y
 _660_/Y
 _661_/Y
 _662_/Y
 _663_/Y
 _664_/Y
 _665_/Y
 _666_/Y
 _667_/Y
 _668_/Y
 _669_/Y
 _670_/Y
 _671_/Y
 _672_/Y
 _673_/Y
 _674_/Y
 _675_/Y
 _676_/Y
 _677_/Y
 _678_/Y
 _679_/Y
 _680_/Y
 _681_/Y
 _682_/Y
 _683_/Y
 _684_/Y
 _685_/Y
 _686_/Y
 _687_/Y
 _688_/Y
 _689_/Y
 _690_/Y
 _691_/Y
 _692_/Y
 _693_/Y
 _694_/Y
 _695_/Y
 _696_/Y
 _697_/Y
 _698_/Y
 _699_/Y
 _700_/Y
 _701_/Y
 _702_/Y
 _703_/Y
 _704_/Y
 _705_/Y
 _706_/Y
 _707_/Y
 _708_/Y
 _709_/Y
 _710_/Y
 _711_/Y
 _712_/Y
 _713_/Y
 _714_/Y
 _715_/Y
 _716_/Y
 _717_/Y
 _718_/Y
 _719_/Y
 _720_/Y
 _721_/Y
 _722_/Y
 _723_/Y
 _724_/Y
 _725_/Y
 _726_/Y
 _727_/Y
 _728_/Y
 _729_/Y
 _730_/Y
 _731_/Y
 _732_/Y
 _733_/Y
 _734_/Y
 _735_/Y
 _736_/Y
 _737_/Y
 _738_/Y
 _739_/Y
 _740_/Y
 _741_/Y
 _742_/Y
 _743_/Y
 _744_/Y
 _745_/Y
 _746_/Y
 _747_/Y
 _748_/Y
 _749_/Y
 _750_/Y
 _751_/Y
 _752_/Y
 _753_/Y
 _754_/Y
 _755_/Y
 _756_/Y
 u_carry/_148_/Y
 u_carry/_149_/Y
 u_carry/_150_/Y
 u_carry/_151_/Y
 u_carry/_152_/Y
 u_carry/_153_/Y
 u_carry/_154_/Y
 u_carry/_155_/Y
 u_carry/_156_/Y
 u_carry/_157_/Y
 u_carry/_158_/Y
 u_carry/_159_/Y
 u_carry/_160_/Y
 u_carry/_161_/Y
 u_carry/_162_/Y
 u_carry/_163_/Y
 u_carry/_164_/Y
 u_carry/_165_/Y
 u_carry/_166_/Y
 u_carry/_167_/Y
 u_carry/_168_/Y
 u_carry/_169_/Y
 u_carry/_170_/Y
 u_carry/_171_/Y
 u_carry/_172_/Y
 u_carry/_173_/Y
 u_carry/_174_/Y
 u_carry/_175_/Y
 u_carry/_176_/Y
 u_carry/_177_/Y
 u_carry/_178_/Y
 u_carry/_179_/Y
 u_carry/_180_/Y
 u_carry/_181_/Y
 u_carry/_182_/Y
 u_carry/_183_/Y
 u_carry/_184_/Y
 u_carry/_185_/Y
 u_carry/_186_/Y
 u_carry/_187_/Y
 u_carry/_188_/Y
 u_carry/_189_/Y
 u_carry/_190_/Y
 u_carry/_191_/Y
 u_carry/_192_/Y
 u_carry/_193_/Y
 u_carry/_194_/Y
 u_carry/_195_/Y
 u_carry/_196_/Y
 u_carry/_197_/Y
 u_carry/_198_/Y
 u_carry/_199_/Y
 u_carry/_200_/Y
 u_carry/_201_/Y
 u_carry/_202_/Y
 u_carry/_203_/Y
 u_carry/_204_/Y
 u_carry/_205_/Y
 u_carry/_206_/Y
 u_carry/_207_/Y
 u_carry/_208_/Y
 u_carry/_209_/Y
 u_carry/_210_/Y
 u_carry/_211_/Y
 u_carry/_212_/Y
 u_carry/_213_/Y
 u_carry/_214_/Y
 u_carry/_215_/Y
 u_carry/_216_/Y
 u_carry/_217_/Y
 u_carry/_218_/Y
 u_carry/_219_/Y
 u_carry/_220_/Y
 u_carry/_221_/Y
 u_carry/_222_/Y
 u_carry/_223_/Y
 u_carry/_224_/Y
 u_carry/_225_/Y
 u_carry/_226_/Y
 u_carry/_227_/Y
 u_carry/_228_/Y
 u_carry/_229_/Y
 u_carry/_230_/Y
 u_carry/_231_/Y
 u_carry/_232_/Y
 u_carry/_233_/Y
 u_carry/_234_/Y
 u_carry/_235_/Y
 u_carry/_236_/Y
 u_carry/_237_/Y
 u_carry/_238_/Y
 u_carry/_239_/Y
 u_carry/_240_/Y
 u_carry/_241_/Y
 u_carry/_242_/Y
 u_carry/_243_/Y
 u_carry/_244_/Y
 u_carry/_245_/Y
 u_carry/_246_/Y
 u_carry/_247_/Y
 u_carry/_248_/Y
 u_carry/_249_/Y
 u_carry/_250_/Y
 u_carry/_251_/Y
 u_carry/_252_/Y
 u_carry/_253_/Y
 u_carry/_254_/Y
 u_carry/_255_/Y
 u_carry/_256_/Y
 u_carry/_257_/Y
 u_carry/_258_/Y
 u_carry/_259_/Y
 u_carry/_260_/Y
 u_carry/_261_/Y
 u_carry/_262_/Y
 u_carry/_263_/Y
 u_carry/_264_/Y
 u_carry/_265_/Y
 u_carry/_266_/Y
 u_carry/_267_/Y
 u_carry/_268_/Y
 u_carry/_269_/Y
 u_carry/_270_/Y
 u_carry/_271_/Y
 u_carry/_272_/Y
 u_carry/_273_/Y
 u_carry/_274_/Y
 u_carry/_275_/Y
 u_carry/_276_/Y
 u_carry/_277_/Y
 u_carry/_278_/Y
 u_carry/_279_/Y
 u_carry/_280_/Y
 u_carry/_281_/Y
 u_carry/_282_/Y
 u_carry/_283_/Y
 u_carry/_284_/Y
 u_carry/_285_/Y
 u_carry/_286_/Y
 u_carry/_287_/Y
 u_carry/_288_/Y
 u_carry/_289_/Y
 u_carry/_290_/Y
 u_carry/_291_/Y
 u_carry/_292_/Y
 u_carry/_293_/Y
 u_carry/_294_/Y
 u_carry/_295_/Y
 u_carry/_296_/Y
 u_carry/_297_/Y
 u_carry/_298_/Y
 u_carry/_299_/Y
 u_carry/_300_/Y
 u_carry/_301_/Y
 u_carry/_302_/Y
 u_carry/_303_/Y
 u_carry/_304_/Y
 u_carry/_305_/Y
 u_carry/_306_/Y
 u_carry/_307_/Y
 u_carry/_308_/Y
 u_carry/_309_/Y
 u_carry/_310_/Y
 u_carry/_311_/Y
 u_carry/_312_/Y
 u_carry/_313_/Y
 u_carry/_314_/Y
 u_carry/_315_/Y
 u_carry/_316_/Y
 u_carry/_317_/Y
 u_carry/_318_/Y
 u_carry/_319_/Y
 u_hi_l3/_095_/Y
 u_hi_l3/_096_/Y
 u_hi_l3/_097_/Y
 u_hi_l3/_098_/Y
 u_hi_l3/_099_/Y
 u_hi_l3/_100_/Y
 u_hi_l3/_101_/Y
 u_hi_l3/_102_/Y
 u_hi_l3/_103_/Y
 u_hi_l3/_104_/Y
 u_hi_l3/_105_/Y
 u_hi_l3/_106_/Y
 u_hi_l3/_107_/Y
 u_hi_l3/_108_/Y
 u_hi_l3/_109_/Y
 u_hi_l3/_110_/Y
 u_hi_l3/_111_/Y
 u_hi_l3/_112_/Y
 u_hi_l3/_113_/Y
 u_hi_l3/_114_/Y
 u_hi_l3/_115_/Y
 u_hi_l3/_116_/Y
 u_hi_l3/_117_/Y
 u_hi_l3/_118_/Y
 u_hi_l3/_119_/Y
 u_hi_l3/_120_/Y
 u_hi_l3/_121_/Y
 u_hi_l3/_122_/Y
 u_hi_l3/_123_/Y
 u_hi_l3/_124_/Y
 u_hi_l3/_125_/Y
 u_hi_l3/_126_/Y
 u_hi_l3/_127_/Y
 u_hi_l3/_128_/Y
 u_hi_l3/_129_/Y
 u_hi_l3/_130_/Y
 u_hi_l3/_131_/Y
 u_hi_l3/_132_/Y
 u_hi_l3/_133_/Y
 u_hi_l3/_134_/Y
 u_hi_l3/_135_/Y
 u_hi_l3/_136_/Y
 u_hi_l3/_137_/Y
 u_hi_l3/_138_/Y
 u_hi_l3/_139_/Y
 u_hi_l3/_140_/Y
 u_hi_l3/_141_/Y
 u_hi_l3/_142_/Y
 u_hi_l3/_143_/Y
 u_hi_l3/_144_/Y
 u_hi_l3/_145_/Y
 u_hi_l3/_146_/Y
 u_hi_l3/_147_/Y
 u_hi_l3/_148_/Y
 u_hi_l3/_149_/Y
 u_hi_l3/_150_/Y
 u_hi_l3/_151_/Y
 u_hi_l3/_152_/Y
 u_hi_l3/_153_/Y
 u_hi_l3/_154_/Y
 u_hi_l3/_155_/Y
 u_hi_l3/_156_/Y
 u_hi_l3/_157_/Y
 u_hi_l3/_158_/Y
 u_hi_l3/_159_/Y
 u_hi_l3/_160_/Y
 u_hi_l3/_161_/Y
 u_hi_l3/_162_/Y
 u_hi_l3/_163_/Y
 u_hi_l3/_164_/Y
 u_hi_l3/_165_/Y
 u_hi_l3/_166_/Y
 u_hi_l3/_167_/Y
 u_hi_l3/_168_/Y
 u_hi_l3/_169_/Y
 u_hi_l3/_170_/Y
 u_hi_l3/_171_/Y
 u_hi_l3/_172_/Y
 u_hi_l3/_173_/Y
 u_hi_l3/_174_/Y
 u_hi_l3/_175_/Y
 u_hi_l3/_176_/Y
 u_hi_l3/_177_/Y
 u_hi_l3/_178_/Y
 u_hi_l3/_179_/Y
 u_hi_l3/_180_/Y
 u_hi_l3/_181_/Y
 u_hi_l3/_182_/Y
 u_hi_l3/_183_/Y
 u_hi_l3/_184_/Y
 u_hi_l3/_185_/Y
 u_hi_l3/_186_/Y
 u_hi_l3/_187_/Y
 u_hi_l3/_188_/Y
 u_hi_l3/_189_/Y
 u_hi_l3/_190_/Y
 u_hi_l3/_191_/Y
 u_hi_l3/_192_/Y
 u_hi_l3/_193_/Y
 u_hi_l3/_194_/Y
 u_hi_l3/_195_/Y
 u_hi_l3/_196_/Y
 u_hi_l3/_197_/Y
 u_hi_l3/_198_/Y
 u_hi_l3/_199_/Y
 u_hi_l3/_200_/Y
 u_hi_l3/_201_/Y
 u_hi_l3/_202_/Y
 u_hi_l3/_203_/Y
 u_hi_l3/_204_/Y
 u_hi_l3/_205_/Y
 u_hi_l3/_206_/Y
 u_hi_l3/_207_/Y
 u_lo_l3/_214_/Y
 u_lo_l3/_215_/Y
 u_lo_l3/_216_/Y
 u_lo_l3/_217_/Y
 u_lo_l3/_218_/Y
 u_lo_l3/_219_/Y
 u_lo_l3/_220_/Y
 u_lo_l3/_221_/Y
 u_lo_l3/_222_/Y
 u_lo_l3/_223_/Y
 u_lo_l3/_224_/Y
 u_lo_l3/_225_/Y
 u_lo_l3/_226_/Y
 u_lo_l3/_227_/Y
 u_lo_l3/_228_/Y
 u_lo_l3/_229_/Y
 u_lo_l3/_230_/Y
 u_lo_l3/_231_/Y
 u_lo_l3/_232_/Y
 u_lo_l3/_233_/Y
 u_lo_l3/_234_/Y
 u_lo_l3/_235_/Y
 u_lo_l3/_236_/Y
 u_lo_l3/_237_/Y
 u_lo_l3/_238_/Y
 u_lo_l3/_239_/Y
 u_lo_l3/_240_/Y
 u_lo_l3/_241_/Y
 u_lo_l3/_242_/Y
 u_lo_l3/_243_/Y
 u_lo_l3/_244_/Y
 u_lo_l3/_245_/Y
 u_lo_l3/_246_/Y
 u_lo_l3/_247_/Y
 u_lo_l3/_248_/Y
 u_lo_l3/_249_/Y
 u_lo_l3/_250_/Y
 u_lo_l3/_251_/Y
 u_lo_l3/_252_/Y
 u_lo_l3/_253_/Y
 u_lo_l3/_254_/Y
 u_lo_l3/_255_/Y
 u_lo_l3/_256_/Y
 u_lo_l3/_257_/Y
 u_lo_l3/_258_/Y
 u_lo_l3/_259_/Y
 u_lo_l3/_260_/Y
 u_lo_l3/_261_/Y
 u_lo_l3/_262_/Y
 u_lo_l3/_263_/Y
 u_lo_l3/_264_/Y
 u_lo_l3/_265_/Y
 u_lo_l3/_266_/Y
 u_lo_l3/_267_/Y
 u_lo_l3/_268_/Y
 u_lo_l3/_269_/Y
 u_lo_l3/_270_/Y
 u_lo_l3/_271_/Y
 u_lo_l3/_272_/Y
 u_lo_l3/_273_/Y
 u_lo_l3/_274_/Y
 u_lo_l3/_275_/Y
 u_lo_l3/_276_/Y
 u_lo_l3/_277_/Y
 u_lo_l3/_278_/Y
 u_lo_l3/_279_/Y
 u_lo_l3/_280_/Y
 u_lo_l3/_281_/Y
 u_lo_l3/_282_/Y
 u_lo_l3/_283_/Y
 u_lo_l3/_284_/Y
 u_lo_l3/_285_/Y
 u_lo_l3/_286_/Y
 u_lo_l3/_287_/Y
 u_lo_l3/_288_/Y
 u_lo_l3/_289_/Y
 u_lo_l3/_290_/Y
 u_lo_l3/_291_/Y
 u_lo_l3/_292_/Y
 u_lo_l3/_293_/Y
 u_lo_l3/_294_/Y
 u_lo_l3/_295_/Y
 u_lo_l3/_296_/Y
 u_lo_l3/_297_/Y
 u_lo_l3/_298_/Y
 u_lo_l3/_299_/Y
 u_lo_l3/_300_/Y
 u_lo_l3/_301_/Y
 u_lo_l3/_302_/Y
 u_lo_l3/_303_/Y
 u_lo_l3/_304_/Y
 u_lo_l3/_305_/Y
 u_lo_l3/_306_/Y
 u_lo_l3/_307_/Y
 u_lo_l3/_308_/Y
 u_lo_l3/_309_/Y
 u_lo_l3/_310_/Y
 u_lo_l3/_311_/Y
 u_lo_l3/_312_/Y
 u_lo_l3/_313_/Y
 u_lo_l3/_314_/Y
 u_lo_l3/_315_/Y
 u_lo_l3/_316_/Y
 u_lo_l3/_317_/Y
 u_lo_l3/_318_/Y
 u_lo_l3/_319_/Y
 u_lo_l3/_320_/Y
 u_lo_l3/_321_/Y
 u_lo_l3/_322_/Y
 u_lo_l3/_323_/Y
 u_lo_l3/_324_/Y
 u_lo_l3/_325_/Y
 u_lo_l3/_326_/Y
 u_lo_l3/_327_/Y
 u_lo_l3/_328_/Y
 u_lo_l3/_329_/Y
 u_lo_l3/_330_/Y
 u_lo_l3/_331_/Y
 u_lo_l3/_332_/Y
 u_lo_l3/_333_/Y
 u_lo_l3/_334_/Y
 u_lo_l3/_335_/Y
 u_lo_l3/_336_/Y
 u_lo_l3/_337_/Y
 u_lo_l3/_338_/Y
 u_lo_l3/_339_/Y
 u_lo_l3/_340_/Y
 u_lo_l3/_341_/Y
 u_lo_l3/_342_/Y
 u_lo_l3/_343_/Y
 u_lo_l3/_344_/Y
 u_lo_l3/_345_/Y
 u_lo_l3/_346_/Y
 u_lo_l3/_347_/Y
 u_lo_l3/_348_/Y
 u_lo_l3/_349_/Y
 u_lo_l3/_350_/Y
 u_lo_l3/_351_/Y
 u_lo_l3/_352_/Y
 u_lo_l3/_353_/Y
 u_lo_l3/_354_/Y
 u_lo_l3/_355_/Y
 u_lo_l3/_356_/Y
 u_lo_l3/_357_/Y
 u_lo_l3/_358_/Y
 u_lo_l3/_359_/Y
 u_lo_l3/_360_/Y
 u_lo_l3/_361_/Y
 u_lo_l3/_362_/Y
 u_lo_l3/_363_/Y
 u_lo_l3/_364_/Y
 u_lo_l3/_365_/Y
 u_lo_l3/_366_/Y
 u_lo_l3/_367_/Y
 u_lo_l3/_368_/Y
 u_lo_l3/_369_/Y
 u_lo_l3/_370_/Y
 u_lo_l3/_371_/Y
 u_lo_l3/_372_/Y
 u_lo_l3/_373_/Y
 u_lo_l3/_374_/Y
 u_lo_l3/_375_/Y
 u_lo_l3/_376_/Y
 u_lo_l3/_377_/Y
 u_lo_l3/_378_/Y
 u_lo_l3/_379_/Y
 u_lo_l3/_380_/Y
 u_lo_l3/_381_/Y
 u_lo_l3/_382_/Y
 u_lo_l3/_383_/Y
 u_lo_l3/_384_/Y
 u_lo_l3/_385_/Y
 u_lo_l3/_386_/Y
 u_lo_l3/_387_/Y
 u_lo_l3/_388_/Y
 u_lo_l3/_389_/Y
 u_lo_l3/_390_/Y
 u_lo_l3/_391_/Y
 u_lo_l3/_392_/Y
 u_lo_l3/_393_/Y
 u_lo_l3/_394_/Y
 u_lo_l3/_395_/Y
 u_lo_l3/_396_/Y
 u_lo_l3/_397_/Y
 u_lo_l3/_398_/Y
 u_lo_l3/_399_/Y
 u_lo_l3/_400_/Y
 u_lo_l3/_401_/Y
 u_lo_l3/_402_/Y
 u_lo_l3/_403_/Y
 u_lo_l3/_404_/Y
 u_lo_l3/_405_/Y
 u_lo_l3/_406_/Y
 u_lo_l3/_407_/Y
 u_lo_l3/_408_/Y
 u_lo_l3/_409_/Y
 u_lo_l3/_410_/Y
 u_lo_l3/_411_/Y
 u_lo_l3/_412_/Y
 u_lo_l3/_413_/Y
 u_lo_l3/_414_/Y
 u_lo_l3/_415_/Y
 u_lo_l3/_416_/Y
 u_lo_l3/_417_/Y
 u_lo_l3/_418_/Y
 u_lo_l3/_419_/Y
 u_lo_l3/_420_/Y
 u_lo_l3/_421_/Y
 u_lo_l3/_422_/Y
 u_lo_l3/_423_/Y
 u_lo_l3/_424_/Y
 u_lo_l3/_425_/Y
 u_lo_l3/_426_/Y
 u_lo_l3/_427_/Y
 u_lo_l3/_428_/Y
 u_lo_l3/_429_/Y
 u_lo_l3/_430_/Y
 u_lo_l3/_431_/Y
 u_lo_l3/_432_/Y
 u_lo_l3/_433_/Y
 u_lo_l3/_434_/Y
 u_lo_l3/_435_/Y
 u_lo_l3/_436_/Y
 u_lo_l3/_437_/Y
 u_lo_l3/_438_/Y
 u_lo_l3/_439_/Y
 u_lo_l3/_440_/Y
 u_lo_l3/_441_/Y
 u_lo_l3/_442_/Y
 u_lo_l3/_443_/Y
 u_lo_l3/_444_/Y
 u_lo_l3/_445_/Y
 u_lo_l3/_446_/Y
 u_lo_l3/_447_/Y
 u_lo_l3/_448_/Y
 u_lo_l3/_449_/Y
 u_lo_l3/_450_/Y
 u_lo_l3/_451_/Y
 u_lo_l3/_452_/Y
 u_lo_l3/_453_/Y
 xp3_hi_l1_0/s0
 xp3_hi_l1_0/s1
 xp3_hi_l1_0/s2
 xp3_hi_l1_0/s3
 xp3_hi_l1_0/s4
 xp3_hi_l1_1/s0
 xp3_hi_l1_1/s1
 xp3_hi_l1_1/s2
 xp3_hi_l1_1/s3
 xp3_hi_l1_1/s4
 xp3_hi_l1_2/s0
 xp3_hi_l1_2/s1
 xp3_hi_l1_2/s2
 xp3_hi_l1_2/s3
 xp3_hi_l1_2/s4
 xp3_hi_l1_3/s0
 xp3_hi_l1_3/s1
 xp3_hi_l1_3/s2
 xp3_hi_l1_3/s3
 xp3_hi_l1_3/s4
 xp3_s2l1_0/s0
 xp3_s2l1_0/s1
 xp3_s2l1_0/s2
 xp3_s2l1_0/s3
 xp3_s2l1_0/s4
 xp3_s2l1_1/s0
 xp3_s2l1_1/s1
 xp3_s2l1_1/s2
 xp3_s2l1_1/s3
 xp3_s2l1_1/s4
 xp3_s2l1_10/s0
 xp3_s2l1_10/s1
 xp3_s2l1_10/s2
 xp3_s2l1_10/s3
 xp3_s2l1_10/s4
 xp3_s2l1_11/s0
 xp3_s2l1_11/s1
 xp3_s2l1_11/s2
 xp3_s2l1_11/s3
 xp3_s2l1_11/s4
 xp3_s2l1_12/s0
 xp3_s2l1_12/s1
 xp3_s2l1_12/s2
 xp3_s2l1_12/s3
 xp3_s2l1_12/s4
 xp3_s2l1_13/s0
 xp3_s2l1_13/s1
 xp3_s2l1_13/s2
 xp3_s2l1_13/s3
 xp3_s2l1_13/s4
 xp3_s2l1_14/s0
 xp3_s2l1_14/s1
 xp3_s2l1_14/s2
 xp3_s2l1_14/s3
 xp3_s2l1_14/s4
 xp3_s2l1_15/s0
 xp3_s2l1_15/s1
 xp3_s2l1_15/s2
 xp3_s2l1_15/s3
 xp3_s2l1_15/s4
 xp3_s2l1_2/s0
 xp3_s2l1_2/s1
 xp3_s2l1_2/s2
 xp3_s2l1_2/s3
 xp3_s2l1_2/s4
 xp3_s2l1_3/s0
 xp3_s2l1_3/s1
 xp3_s2l1_3/s2
 xp3_s2l1_3/s3
 xp3_s2l1_3/s4
 xp3_s2l1_4/s0
 xp3_s2l1_4/s1
 xp3_s2l1_4/s2
 xp3_s2l1_4/s3
 xp3_s2l1_4/s4
 xp3_s2l1_5/s0
 xp3_s2l1_5/s1
 xp3_s2l1_5/s2
 xp3_s2l1_5/s3
 xp3_s2l1_5/s4
 xp3_s2l1_6/s0
 xp3_s2l1_6/s1
 xp3_s2l1_6/s2
 xp3_s2l1_6/s3
 xp3_s2l1_6/s4
 xp3_s2l1_7/s0
 xp3_s2l1_7/s1
 xp3_s2l1_7/s2
 xp3_s2l1_7/s3
 xp3_s2l1_7/s4
 xp3_s2l1_8/s0
 xp3_s2l1_8/s1
 xp3_s2l1_8/s2
 xp3_s2l1_8/s3
 xp3_s2l1_8/s4
 xp3_s2l1_9/s0
 xp3_s2l1_9/s1
 xp3_s2l1_9/s2
 xp3_s2l1_9/s3
 xp3_s2l1_9/s4
 xp4_lo_l1_0/s0
 xp4_lo_l1_0/s1
 xp4_lo_l1_0/s2
 xp4_lo_l1_0/s3
 xp4_lo_l1_0/s4
 xp4_lo_l1_0/s5
 xp4_lo_l1_0/s6
 xp4_lo_l1_1/s0
 xp4_lo_l1_1/s1
 xp4_lo_l1_1/s2
 xp4_lo_l1_1/s3
 xp4_lo_l1_1/s4
 xp4_lo_l1_1/s5
 xp4_lo_l1_1/s6
 xp4_lo_l1_2/s0
 xp4_lo_l1_2/s1
 xp4_lo_l1_2/s2
 xp4_lo_l1_2/s3
 xp4_lo_l1_2/s4
 xp4_lo_l1_2/s5
 xp4_lo_l1_2/s6
 xp4_lo_l1_3/s0
 xp4_lo_l1_3/s1
 xp4_lo_l1_3/s2
 xp4_lo_l1_3/s3
 xp4_lo_l1_3/s4
 xp4_lo_l1_3/s5
 xp4_lo_l1_3/s6
 xp5_s2l2_0/s0
 xp5_s2l2_0/s1
 xp5_s2l2_0/s2
 xp5_s2l2_0/s3
 xp5_s2l2_0/s4
 xp5_s2l2_0/s5
 xp5_s2l2_0/s6
 xp5_s2l2_0/s7
 xp5_s2l2_0/s8
 xp5_s2l2_1/s0
 xp5_s2l2_1/s1
 xp5_s2l2_1/s2
 xp5_s2l2_1/s3
 xp5_s2l2_1/s4
 xp5_s2l2_1/s5
 xp5_s2l2_1/s6
 xp5_s2l2_1/s7
 xp5_s2l2_1/s8
 xp5_s2l2_2/s0
 xp5_s2l2_2/s1
 xp5_s2l2_2/s2
 xp5_s2l2_2/s3
 xp5_s2l2_2/s4
 xp5_s2l2_2/s5
 xp5_s2l2_2/s6
 xp5_s2l2_2/s7
 xp5_s2l2_2/s8
 xp5_s2l2_3/s0
 xp5_s2l2_3/s1
 xp5_s2l2_3/s2
 xp5_s2l2_3/s3
 xp5_s2l2_3/s4
 xp5_s2l2_3/s5
 xp5_s2l2_3/s6
 xp5_s2l2_3/s7
 xp5_s2l2_3/s8
 xp5_s2l2_4/s0
 xp5_s2l2_4/s1
 xp5_s2l2_4/s2
 xp5_s2l2_4/s3
 xp5_s2l2_4/s4
 xp5_s2l2_4/s5
 xp5_s2l2_4/s6
 xp5_s2l2_4/s7
 xp5_s2l2_4/s8
 xp5_s2l2_5/s0
 xp5_s2l2_5/s1
 xp5_s2l2_5/s2
 xp5_s2l2_5/s3
 xp5_s2l2_5/s4
 xp5_s2l2_5/s5
 xp5_s2l2_5/s6
 xp5_s2l2_5/s7
 xp5_s2l2_5/s8
 xp5_s2l2_6/s0
 xp5_s2l2_6/s1
 xp5_s2l2_6/s2
 xp5_s2l2_6/s3
 xp5_s2l2_6/s4
 xp5_s2l2_6/s5
 xp5_s2l2_6/s6
 xp5_s2l2_6/s7
 xp5_s2l2_6/s8
 xp5_s2l2_7/s0
 xp5_s2l2_7/s1
 xp5_s2l2_7/s2
 xp5_s2l2_7/s3
 xp5_s2l2_7/s4
 xp5_s2l2_7/s5
 xp5_s2l2_7/s6
 xp5_s2l2_7/s7
 xp5_s2l2_7/s8
 xp5h\[0\].u/_26_/Y
 xp5h\[0\].u/_27_/Y
 xp5h\[0\].u/_28_/Y
 xp5h\[0\].u/_29_/Y
 xp5h\[0\].u/_30_/Y
 xp5h\[0\].u/_31_/Y
 xp5h\[0\].u/_32_/Y
 xp5h\[0\].u/_33_/Y
 xp5h\[0\].u/_34_/Y
 xp5h\[0\].u/_35_/Y
 xp5h\[0\].u/_36_/Y
 xp5h\[0\].u/_37_/Y
 xp5h\[0\].u/_38_/Y
 xp5h\[0\].u/_39_/Y
 xp5h\[0\].u/_40_/Y
 xp5h\[0\].u/_41_/Y
 xp5h\[0\].u/_42_/Y
 xp5h\[0\].u/_43_/Y
 xp5h\[0\].u/_44_/Y
 xp5h\[0\].u/_45_/Y
 xp5h\[0\].u/_46_/Y
 xp5h\[0\].u/_47_/Y
 xp5h\[0\].u/_48_/Y
 xp5h\[0\].u/_49_/Y
 xp5h\[0\].u/_50_/Y
 xp5h\[0\].u/_51_/Y
 xp5h\[0\].u/_52_/Y
 xp5h\[0\].u/_53_/Y
 xp5h\[0\].u/_54_/Y
 xp5h\[0\].u/_55_/Y
 xp5h\[0\].u/_56_/Y
 xp5h\[0\].u/_57_/Y
 xp5h\[0\].u/_58_/Y
 xp5h\[0\].u/_59_/Y
 xp5h\[0\].u/_60_/Y
 xp5h\[0\].u/_61_/Y
 xp5h\[1\].u/_26_/Y
 xp5h\[1\].u/_27_/Y
 xp5h\[1\].u/_28_/Y
 xp5h\[1\].u/_29_/Y
 xp5h\[1\].u/_30_/Y
 xp5h\[1\].u/_31_/Y
 xp5h\[1\].u/_32_/Y
 xp5h\[1\].u/_33_/Y
 xp5h\[1\].u/_34_/Y
 xp5h\[1\].u/_35_/Y
 xp5h\[1\].u/_36_/Y
 xp5h\[1\].u/_37_/Y
 xp5h\[1\].u/_38_/Y
 xp5h\[1\].u/_39_/Y
 xp5h\[1\].u/_40_/Y
 xp5h\[1\].u/_41_/Y
 xp5h\[1\].u/_42_/Y
 xp5h\[1\].u/_43_/Y
 xp5h\[1\].u/_44_/Y
 xp5h\[1\].u/_45_/Y
 xp5h\[1\].u/_46_/Y
 xp5h\[1\].u/_47_/Y
 xp5h\[1\].u/_48_/Y
 xp5h\[1\].u/_49_/Y
 xp5h\[1\].u/_50_/Y
 xp5h\[1\].u/_51_/Y
 xp5h\[1\].u/_52_/Y
 xp5h\[1\].u/_53_/Y
 xp5h\[1\].u/_54_/Y
 xp5h\[1\].u/_55_/Y
 xp5h\[1\].u/_56_/Y
 xp5h\[1\].u/_57_/Y
 xp5h\[1\].u/_58_/Y
 xp5h\[1\].u/_59_/Y
 xp5h\[1\].u/_60_/Y
 xp5h\[1\].u/_61_/Y
 xp7\[0\].u/_058_/Y
 xp7\[0\].u/_059_/Y
 xp7\[0\].u/_060_/Y
 xp7\[0\].u/_061_/Y
 xp7\[0\].u/_062_/Y
 xp7\[0\].u/_063_/Y
 xp7\[0\].u/_064_/Y
 xp7\[0\].u/_065_/Y
 xp7\[0\].u/_066_/Y
 xp7\[0\].u/_067_/Y
 xp7\[0\].u/_068_/Y
 xp7\[0\].u/_069_/Y
 xp7\[0\].u/_070_/Y
 xp7\[0\].u/_071_/Y
 xp7\[0\].u/_072_/Y
 xp7\[0\].u/_073_/Y
 xp7\[0\].u/_074_/Y
 xp7\[0\].u/_075_/Y
 xp7\[0\].u/_076_/Y
 xp7\[0\].u/_077_/Y
 xp7\[0\].u/_078_/Y
 xp7\[0\].u/_079_/Y
 xp7\[0\].u/_080_/Y
 xp7\[0\].u/_081_/Y
 xp7\[0\].u/_082_/Y
 xp7\[0\].u/_083_/Y
 xp7\[0\].u/_084_/Y
 xp7\[0\].u/_085_/Y
 xp7\[0\].u/_086_/Y
 xp7\[0\].u/_087_/Y
 xp7\[0\].u/_088_/Y
 xp7\[0\].u/_089_/Y
 xp7\[0\].u/_090_/Y
 xp7\[0\].u/_091_/Y
 xp7\[0\].u/_092_/Y
 xp7\[0\].u/_093_/Y
 xp7\[0\].u/_094_/Y
 xp7\[0\].u/_095_/Y
 xp7\[0\].u/_096_/Y
 xp7\[0\].u/_097_/Y
 xp7\[0\].u/_098_/Y
 xp7\[0\].u/_099_/Y
 xp7\[0\].u/_100_/Y
 xp7\[0\].u/_101_/Y
 xp7\[0\].u/_102_/Y
 xp7\[0\].u/_103_/Y
 xp7\[0\].u/_104_/Y
 xp7\[0\].u/_105_/Y
 xp7\[0\].u/_106_/Y
 xp7\[0\].u/_107_/Y
 xp7\[0\].u/_108_/Y
 xp7\[0\].u/_109_/Y
 xp7\[0\].u/_110_/Y
 xp7\[0\].u/_111_/Y
 xp7\[0\].u/_112_/Y
 xp7\[0\].u/_113_/Y
 xp7\[0\].u/_114_/Y
 xp7\[0\].u/_115_/Y
 xp7\[0\].u/_116_/Y
 xp7\[0\].u/_117_/Y
 xp7\[0\].u/_118_/Y
 xp7\[0\].u/_119_/Y
 xp7\[0\].u/_120_/Y
 xp7\[0\].u/_121_/Y
 xp7\[0\].u/_122_/Y
 xp7\[0\].u/_123_/Y
 xp7\[0\].u/_124_/Y
 xp7\[0\].u/_125_/Y
 xp7\[0\].u/_126_/Y
 xp7\[0\].u/_127_/Y
 xp7\[0\].u/_128_/Y
 xp7\[0\].u/_129_/Y
 xp7\[1\].u/_058_/Y
 xp7\[1\].u/_059_/Y
 xp7\[1\].u/_060_/Y
 xp7\[1\].u/_061_/Y
 xp7\[1\].u/_062_/Y
 xp7\[1\].u/_063_/Y
 xp7\[1\].u/_064_/Y
 xp7\[1\].u/_065_/Y
 xp7\[1\].u/_066_/Y
 xp7\[1\].u/_067_/Y
 xp7\[1\].u/_068_/Y
 xp7\[1\].u/_069_/Y
 xp7\[1\].u/_070_/Y
 xp7\[1\].u/_071_/Y
 xp7\[1\].u/_072_/Y
 xp7\[1\].u/_073_/Y
 xp7\[1\].u/_074_/Y
 xp7\[1\].u/_075_/Y
 xp7\[1\].u/_076_/Y
 xp7\[1\].u/_077_/Y
 xp7\[1\].u/_078_/Y
 xp7\[1\].u/_079_/Y
 xp7\[1\].u/_080_/Y
 xp7\[1\].u/_081_/Y
 xp7\[1\].u/_082_/Y
 xp7\[1\].u/_083_/Y
 xp7\[1\].u/_084_/Y
 xp7\[1\].u/_085_/Y
 xp7\[1\].u/_086_/Y
 xp7\[1\].u/_087_/Y
 xp7\[1\].u/_088_/Y
 xp7\[1\].u/_089_/Y
 xp7\[1\].u/_090_/Y
 xp7\[1\].u/_091_/Y
 xp7\[1\].u/_092_/Y
 xp7\[1\].u/_093_/Y
 xp7\[1\].u/_094_/Y
 xp7\[1\].u/_095_/Y
 xp7\[1\].u/_096_/Y
 xp7\[1\].u/_097_/Y
 xp7\[1\].u/_098_/Y
 xp7\[1\].u/_099_/Y
 xp7\[1\].u/_100_/Y
 xp7\[1\].u/_101_/Y
 xp7\[1\].u/_102_/Y
 xp7\[1\].u/_103_/Y
 xp7\[1\].u/_104_/Y
 xp7\[1\].u/_105_/Y
 xp7\[1\].u/_106_/Y
 xp7\[1\].u/_107_/Y
 xp7\[1\].u/_108_/Y
 xp7\[1\].u/_109_/Y
 xp7\[1\].u/_110_/Y
 xp7\[1\].u/_111_/Y
 xp7\[1\].u/_112_/Y
 xp7\[1\].u/_113_/Y
 xp7\[1\].u/_114_/Y
 xp7\[1\].u/_115_/Y
 xp7\[1\].u/_116_/Y
 xp7\[1\].u/_117_/Y
 xp7\[1\].u/_118_/Y
 xp7\[1\].u/_119_/Y
 xp7\[1\].u/_120_/Y
 xp7\[1\].u/_121_/Y
 xp7\[1\].u/_122_/Y
 xp7\[1\].u/_123_/Y
 xp7\[1\].u/_124_/Y
 xp7\[1\].u/_125_/Y
 xp7\[1\].u/_126_/Y
 xp7\[1\].u/_127_/Y
 xp7\[1\].u/_128_/Y
 xp7\[1\].u/_129_/Y
Found 0 partially unannotated drivers.

===========================================================================
max slew violation count 0
max fanout violation count 0
max cap violation count 151
============================================================================

===========================================================================
check_setup -verbose -unconstrained_endpoints -multiple_clock -no_clock -no_input_delay -loops -generated_clocks
===========================================================================
