
===========================================================================
report_checks -path_delay max (Setup)
============================================================================
======================= nom_tt_025C_0v50 Corner ===================================

Startpoint: B[15] (input port clocked by vclk)
Endpoint: hd[2] (output port clocked by vclk)
Path Group: vclk
Path Type: max

Fanout         Cap        Slew       Delay        Time   Description
---------------------------------------------------------------------------------------------
                      0.000000    0.000000    0.000000   clock vclk (rise edge)
                                  0.000000    0.000000   clock network delay (ideal)
                                  0.050000    0.050000 v input external delay
     1    0.000070    0.100000    0.000000    0.050000 v B[15] (in)
                                                         B[15] (net)
                      0.100000    0.000000    0.050000 v _440_/B (XNOR2x1)
     2    0.000140    0.000000    0.000000    0.050000 v _440_/Y (XNOR2x1)
                                                         _106_ (net)
                      0.000000    0.000000    0.050000 v _443_/B (NOR2x1)
     2    0.018550    0.000000    0.000000    0.050000 ^ _443_/Y (NOR2x1)
                                                         cell_oh[23] (net)
                      0.000000    0.000000    0.050000 ^ xp3_s2l1_3/h2 (XP_3x3_M2M3)
     1    0.030800    0.002000    0.001000    0.051000 ^ xp3_s2l1_3/s4 (XP_3x3_M2M3)
                                                         ps[19] (net)
                      0.002000    0.000000    0.051000 ^ xp5_s2l2_1/h4 (XP_5x5_M2M3)
     2    0.031270    0.002000    0.001000    0.052000 ^ xp5_s2l2_1/s8 (XP_5x5_M2M3)
                                                         boh[17] (net)
                      0.002000    0.000000    0.052000 ^ _632_/A (INVx1)
     1    0.000070    0.000000    0.000000    0.052000 v _632_/Y (INVx1)
                                                         _217_ (net)
                      0.000000    0.000000    0.052000 v _633_/B (NAND2x1)
     1    0.041600    0.000000    0.000000    0.052000 ^ _633_/Y (NAND2x1)
                                                         lo[4] (net)
                      0.000000    0.000000    0.052000 ^ xp4_lo_l1_0/h0 (XP_4x4_M4M5)
     4    0.000280    0.002000    0.001000    0.053000 ^ xp4_lo_l1_0/s0 (XP_4x4_M4M5)
                                                         ll1[0] (net)
                      0.002000    0.000000    0.053000 ^ xp7[0].u/_058_/A (INVx1)
     4    0.000280    0.000000    0.000000    0.053000 v xp7[0].u/_058_/Y (INVx1)
                                                         xp7[0].u/_000_ (net)
                      0.000000    0.000000    0.053000 v xp7[0].u/_127_/B (NOR2x1)
     1    0.070000    0.000000    0.000000    0.053000 ^ xp7[0].u/_127_/Y (NOR2x1)
                                                         xp7[0].u/sum_bit[0].grid_and (net)
                      0.000000    0.000000    0.053000 ^ xp7[0].u/_129_/A (BUFx1)
     6    0.000420    0.200000    0.188000    0.241000 ^ xp7[0].u/_129_/Y (BUFx1)
                                                         ll2[0] (net)
                      0.200000    0.000000    0.241000 ^ u_lo_l3/_214_/A (INVx1)
     8    0.000560    0.000000    0.000000    0.241000 v u_lo_l3/_214_/Y (INVx1)
                                                         u_lo_l3/_172_ (net)
                      0.000000    0.000000    0.241000 v u_lo_l3/_451_/B (NOR2x1)
     1    0.070000    0.000000    0.000000    0.241000 ^ u_lo_l3/_451_/Y (NOR2x1)
                                                         u_lo_l3/sum_bit[0].grid_and (net)
                      0.000000    0.000000    0.241000 ^ u_lo_l3/_453_/A (BUFx1)
     1    0.000070    0.200000    0.188000    0.429000 ^ u_lo_l3/_453_/Y (BUFx1)
                                                         low_sum[0] (net)
                      0.200000    0.000000    0.429000 ^ _301_/B (NOR2x1)
     1    0.000070    0.000000    0.000000    0.429000 v _301_/Y (NOR2x1)
                                                         _001_ (net)
                      0.000000    0.000000    0.429000 v _302_/B (NAND2x1)
    15    0.001050    0.000000    0.000000    0.429000 ^ _302_/Y (NAND2x1)
                                                         carry[0] (net)
                      0.000000    0.000000    0.429000 ^ u_carry/_159_/B (NAND2x1)
     1    0.000070    0.000000    0.000000    0.429000 v u_carry/_159_/Y (NAND2x1)
                                                         u_carry/_111_ (net)
                      0.000000    0.000000    0.429000 v u_carry/_160_/B (OAI21x1)
     1    0.000070    0.000000    0.000000    0.429000 ^ u_carry/_160_/Y (OAI21x1)
                                                         u_carry/_112_ (net)
                      0.000000    0.000000    0.429000 ^ u_carry/_161_/B (AOI21x1)
     1    0.000070    0.000000    0.000000    0.429000 v u_carry/_161_/Y (AOI21x1)
                                                         u_carry/_113_ (net)
                      0.000000    0.000000    0.429000 v u_carry/_162_/B (OAI21x1)
     2    0.000140    0.000000    0.000000    0.429000 ^ u_carry/_162_/Y (OAI21x1)
                                                         upper[3] (net)
                      0.000000    0.000000    0.429000 ^ _349_/B (NOR2x1)
     1    0.000070    0.000000    0.000000    0.429000 v _349_/Y (NOR2x1)
                                                         _041_ (net)
                      0.000000    0.000000    0.429000 v _350_/B (NAND2x1)
     1    0.000070    0.000000    0.000000    0.429000 ^ _350_/Y (NAND2x1)
                                                         _042_ (net)
                      0.000000    0.000000    0.429000 ^ _351_/B (NOR2x1)
     1    0.000070    0.000000    0.000000    0.429000 v _351_/Y (NOR2x1)
                                                         _043_ (net)
                      0.000000    0.000000    0.429000 v _352_/B (NAND2x1)
     1    0.000000    0.000000    0.000000    0.429000 ^ _352_/Y (NAND2x1)
                                                         hd[2] (net)
                      0.000000    0.000000    0.429000 ^ hd[2] (out)
                                              0.429000   data arrival time

                      0.000000    0.200000    0.200000   clock vclk (rise edge)
                                  0.000000    0.200000   clock network delay (ideal)
                                  0.000000    0.200000   clock reconvergence pessimism
                                 -0.050000    0.150000   output external delay
                                              0.150000   data required time
---------------------------------------------------------------------------------------------
                                              0.150000   data required time
                                             -0.429000   data arrival time
---------------------------------------------------------------------------------------------
                                             -0.279000   slack (VIOLATED)


Startpoint: B[15] (input port clocked by vclk)
Endpoint: hd[3] (output port clocked by vclk)
Path Group: vclk
Path Type: max

Fanout         Cap        Slew       Delay        Time   Description
---------------------------------------------------------------------------------------------
                      0.000000    0.000000    0.000000   clock vclk (rise edge)
                                  0.000000    0.000000   clock network delay (ideal)
                                  0.050000    0.050000 v input external delay
     1    0.000070    0.100000    0.000000    0.050000 v B[15] (in)
                                                         B[15] (net)
                      0.100000    0.000000    0.050000 v _440_/B (XNOR2x1)
     2    0.000140    0.000000    0.000000    0.050000 v _440_/Y (XNOR2x1)
                                                         _106_ (net)
                      0.000000    0.000000    0.050000 v _443_/B (NOR2x1)
     2    0.018550    0.000000    0.000000    0.050000 ^ _443_/Y (NOR2x1)
                                                         cell_oh[23] (net)
                      0.000000    0.000000    0.050000 ^ xp3_s2l1_3/h2 (XP_3x3_M2M3)
     1    0.030800    0.002000    0.001000    0.051000 ^ xp3_s2l1_3/s4 (XP_3x3_M2M3)
                                                         ps[19] (net)
                      0.002000    0.000000    0.051000 ^ xp5_s2l2_1/h4 (XP_5x5_M2M3)
     2    0.031270    0.002000    0.001000    0.052000 ^ xp5_s2l2_1/s8 (XP_5x5_M2M3)
                                                         boh[17] (net)
                      0.002000    0.000000    0.052000 ^ _632_/A (INVx1)
     1    0.000070    0.000000    0.000000    0.052000 v _632_/Y (INVx1)
                                                         _217_ (net)
                      0.000000    0.000000    0.052000 v _633_/B (NAND2x1)
     1    0.041600    0.000000    0.000000    0.052000 ^ _633_/Y (NAND2x1)
                                                         lo[4] (net)
                      0.000000    0.000000    0.052000 ^ xp4_lo_l1_0/h0 (XP_4x4_M4M5)
     4    0.000280    0.002000    0.001000    0.053000 ^ xp4_lo_l1_0/s0 (XP_4x4_M4M5)
                                                         ll1[0] (net)
                      0.002000    0.000000    0.053000 ^ xp7[0].u/_058_/A (INVx1)
     4    0.000280    0.000000    0.000000    0.053000 v xp7[0].u/_058_/Y (INVx1)
                                                         xp7[0].u/_000_ (net)
                      0.000000    0.000000    0.053000 v xp7[0].u/_127_/B (NOR2x1)
     1    0.070000    0.000000    0.000000    0.053000 ^ xp7[0].u/_127_/Y (NOR2x1)
                                                         xp7[0].u/sum_bit[0].grid_and (net)
                      0.000000    0.000000    0.053000 ^ xp7[0].u/_129_/A (BUFx1)
     6    0.000420    0.200000    0.188000    0.241000 ^ xp7[0].u/_129_/Y (BUFx1)
                                                         ll2[0] (net)
                      0.200000    0.000000    0.241000 ^ u_lo_l3/_214_/A (INVx1)
     8    0.000560    0.000000    0.000000    0.241000 v u_lo_l3/_214_/Y (INVx1)
                                                         u_lo_l3/_172_ (net)
                      0.000000    0.000000    0.241000 v u_lo_l3/_451_/B (NOR2x1)
     1    0.070000    0.000000    0.000000    0.241000 ^ u_lo_l3/_451_/Y (NOR2x1)
                                                         u_lo_l3/sum_bit[0].grid_and (net)
                      0.000000    0.000000    0.241000 ^ u_lo_l3/_453_/A (BUFx1)
     1    0.000070    0.200000    0.188000    0.429000 ^ u_lo_l3/_453_/Y (BUFx1)
                                                         low_sum[0] (net)
                      0.200000    0.000000    0.429000 ^ _301_/B (NOR2x1)
     1    0.000070    0.000000    0.000000    0.429000 v _301_/Y (NOR2x1)
                                                         _001_ (net)
                      0.000000    0.000000    0.429000 v _302_/B (NAND2x1)
    15    0.001050    0.000000    0.000000    0.429000 ^ _302_/Y (NAND2x1)
                                                         carry[0] (net)
                      0.000000    0.000000    0.429000 ^ u_carry/_190_/A1 (AOI21x1)
     1    0.000070    0.000000    0.000000    0.429000 v u_carry/_190_/Y (AOI21x1)
                                                         u_carry/_139_ (net)
                      0.000000    0.000000    0.429000 v u_carry/_191_/B (NAND2x1)
     2    0.000140    0.000000    0.000000    0.429000 ^ u_carry/_191_/Y (NAND2x1)
                                                         upper[6] (net)
                      0.000000    0.000000    0.429000 ^ _361_/A (INVx1)
     1    0.000070    0.000000    0.000000    0.429000 v _361_/Y (INVx1)
                                                         _052_ (net)
                      0.000000    0.000000    0.429000 v _362_/B (NAND2x1)
     1    0.000070    0.000000    0.000000    0.429000 ^ _362_/Y (NAND2x1)
                                                         _053_ (net)
                      0.000000    0.000000    0.429000 ^ _363_/A (NOR2x1)
     1    0.000070    0.000000    0.000000    0.429000 v _363_/Y (NOR2x1)
                                                         _054_ (net)
                      0.000000    0.000000    0.429000 v _364_/B (NAND2x1)
     1    0.000000    0.000000    0.000000    0.429000 ^ _364_/Y (NAND2x1)
                                                         hd[3] (net)
                      0.000000    0.000000    0.429000 ^ hd[3] (out)
                                              0.429000   data arrival time

                      0.000000    0.200000    0.200000   clock vclk (rise edge)
                                  0.000000    0.200000   clock network delay (ideal)
                                  0.000000    0.200000   clock reconvergence pessimism
                                 -0.050000    0.150000   output external delay
                                              0.150000   data required time
---------------------------------------------------------------------------------------------
                                              0.150000   data required time
                                             -0.429000   data arrival time
---------------------------------------------------------------------------------------------
                                             -0.279000   slack (VIOLATED)


Startpoint: B[15] (input port clocked by vclk)
Endpoint: hd[4] (output port clocked by vclk)
Path Group: vclk
Path Type: max

Fanout         Cap        Slew       Delay        Time   Description
---------------------------------------------------------------------------------------------
                      0.000000    0.000000    0.000000   clock vclk (rise edge)
                                  0.000000    0.000000   clock network delay (ideal)
                                  0.050000    0.050000 v input external delay
     1    0.000070    0.100000    0.000000    0.050000 v B[15] (in)
                                                         B[15] (net)
                      0.100000    0.000000    0.050000 v _440_/B (XNOR2x1)
     2    0.000140    0.000000    0.000000    0.050000 ^ _440_/Y (XNOR2x1)
                                                         _106_ (net)
                      0.000000    0.000000    0.050000 ^ _441_/A (INVx1)
     1    0.000070    0.000000    0.000000    0.050000 v _441_/Y (INVx1)
                                                         _107_ (net)
                      0.000000    0.000000    0.050000 v _442_/B (NOR2x1)
     2    0.018550    0.000000    0.000000    0.050000 ^ _442_/Y (NOR2x1)
                                                         cell_oh[21] (net)
                      0.000000    0.000000    0.050000 ^ xp3_s2l1_3/h0 (XP_3x3_M2M3)
     1    0.030800    0.002000    0.001000    0.051000 ^ xp3_s2l1_3/s0 (XP_3x3_M2M3)
                                                         ps[15] (net)
                      0.002000    0.000000    0.051000 ^ xp5_s2l2_1/h0 (XP_5x5_M2M3)
     2    0.000140    0.002000    0.001000    0.052000 ^ xp5_s2l2_1/s0 (XP_5x5_M2M3)
                                                         boh[9] (net)
                      0.002000    0.000000    0.052000 ^ _644_/B (NOR2x1)
     1    0.000070    0.000000    0.000000    0.052000 v _644_/Y (NOR2x1)
                                                         _225_ (net)
                      0.000000    0.000000    0.052000 v _645_/B (NAND2x1)
     1    0.031200    0.000000    0.000000    0.052000 ^ _645_/Y (NAND2x1)
                                                         hi[3] (net)
                      0.000000    0.000000    0.052000 ^ xp3_hi_l1_0/h0 (XP_3x3_M4M5)
     2    0.000140    0.002000    0.001000    0.053000 ^ xp3_hi_l1_0/s0 (XP_3x3_M4M5)
                                                         hl1[0] (net)
                      0.002000    0.000000    0.053000 ^ xp5h[0].u/_26_/A (INVx1)
     4    0.000280    0.000000    0.000000    0.053000 v xp5h[0].u/_26_/Y (INVx1)
                                                         xp5h[0].u/_00_ (net)
                      0.000000    0.000000    0.053000 v xp5h[0].u/_59_/B (NOR2x1)
     1    0.070000    0.000000    0.000000    0.053000 ^ xp5h[0].u/_59_/Y (NOR2x1)
                                                         xp5h[0].u/sum_bit[0].grid_and (net)
                      0.000000    0.000000    0.053000 ^ xp5h[0].u/_61_/A (BUFx1)
     5    0.000350    0.200000    0.188000    0.241000 ^ xp5h[0].u/_61_/Y (BUFx1)
                                                         hl2[0] (net)
                      0.200000    0.000000    0.241000 ^ u_hi_l3/_095_/A (INVx1)
     5    0.000350    0.000000    0.000000    0.241000 v u_hi_l3/_095_/Y (INVx1)
                                                         u_hi_l3/_038_ (net)
                      0.000000    0.000000    0.241000 v u_hi_l3/_205_/B (NOR2x1)
     1    0.070000    0.000000    0.000000    0.241000 ^ u_hi_l3/_205_/Y (NOR2x1)
                                                         u_hi_l3/sum_bit[0].grid_and (net)
                      0.000000    0.000000    0.241000 ^ u_hi_l3/_207_/A (BUFx1)
     3    0.000210    0.200000    0.188000    0.429000 ^ u_hi_l3/_207_/Y (BUFx1)
                                                         high_sum[0] (net)
                      0.200000    0.000000    0.429000 ^ u_carry/_148_/A (INVx1)
     5    0.000350    0.000000    0.000000    0.429000 v u_carry/_148_/Y (INVx1)
                                                         u_carry/_102_ (net)
                      0.000000    0.000000    0.429000 v u_carry/_168_/B (NOR2x1)
     1    0.000070    0.000000    0.000000    0.429000 ^ u_carry/_168_/Y (NOR2x1)
                                                         u_carry/_119_ (net)
                      0.000000    0.000000    0.429000 ^ u_carry/_169_/B (AOI21x1)
     1    0.000070    0.000000    0.000000    0.429000 v u_carry/_169_/Y (AOI21x1)
                                                         u_carry/_120_ (net)
                      0.000000    0.000000    0.429000 v u_carry/_170_/B (NAND2x1)
     1    0.000070    0.000000    0.000000    0.429000 ^ u_carry/_170_/Y (NAND2x1)
                                                         upper[4] (net)
                      0.000000    0.000000    0.429000 ^ _370_/A (INVx1)
     1    0.000070    0.000000    0.000000    0.429000 v _370_/Y (INVx1)
                                                         _060_ (net)
                      0.000000    0.000000    0.429000 v _371_/B (NAND2x1)
     1    0.000070    0.000000    0.000000    0.429000 ^ _371_/Y (NAND2x1)
                                                         _061_ (net)
                      0.000000    0.000000    0.429000 ^ _372_/A (NOR2x1)
     1    0.000070    0.000000    0.000000    0.429000 v _372_/Y (NOR2x1)
                                                         _062_ (net)
                      0.000000    0.000000    0.429000 v _373_/B (NAND2x1)
     1    0.000000    0.000000    0.000000    0.429000 ^ _373_/Y (NAND2x1)
                                                         hd[4] (net)
                      0.000000    0.000000    0.429000 ^ hd[4] (out)
                                              0.429000   data arrival time

                      0.000000    0.200000    0.200000   clock vclk (rise edge)
                                  0.000000    0.200000   clock network delay (ideal)
                                  0.000000    0.200000   clock reconvergence pessimism
                                 -0.050000    0.150000   output external delay
                                              0.150000   data required time
---------------------------------------------------------------------------------------------
                                              0.150000   data required time
                                             -0.429000   data arrival time
---------------------------------------------------------------------------------------------
                                             -0.279000   slack (VIOLATED)


Startpoint: B[15] (input port clocked by vclk)
Endpoint: hd[5] (output port clocked by vclk)
Path Group: vclk
Path Type: max

Fanout         Cap        Slew       Delay        Time   Description
---------------------------------------------------------------------------------------------
                      0.000000    0.000000    0.000000   clock vclk (rise edge)
                                  0.000000    0.000000   clock network delay (ideal)
                                  0.050000    0.050000 v input external delay
     1    0.000070    0.100000    0.000000    0.050000 v B[15] (in)
                                                         B[15] (net)
                      0.100000    0.000000    0.050000 v _440_/B (XNOR2x1)
     2    0.000140    0.000000    0.000000    0.050000 v _440_/Y (XNOR2x1)
                                                         _106_ (net)
                      0.000000    0.000000    0.050000 v _443_/B (NOR2x1)
     2    0.018550    0.000000    0.000000    0.050000 ^ _443_/Y (NOR2x1)
                                                         cell_oh[23] (net)
                      0.000000    0.000000    0.050000 ^ xp3_s2l1_3/h2 (XP_3x3_M2M3)
     1    0.030800    0.002000    0.001000    0.051000 ^ xp3_s2l1_3/s4 (XP_3x3_M2M3)
                                                         ps[19] (net)
                      0.002000    0.000000    0.051000 ^ xp5_s2l2_1/h4 (XP_5x5_M2M3)
     2    0.031270    0.002000    0.001000    0.052000 ^ xp5_s2l2_1/s8 (XP_5x5_M2M3)
                                                         boh[17] (net)
                      0.002000    0.000000    0.052000 ^ _632_/A (INVx1)
     1    0.000070    0.000000    0.000000    0.052000 v _632_/Y (INVx1)
                                                         _217_ (net)
                      0.000000    0.000000    0.052000 v _633_/B (NAND2x1)
     1    0.041600    0.000000    0.000000    0.052000 ^ _633_/Y (NAND2x1)
                                                         lo[4] (net)
                      0.000000    0.000000    0.052000 ^ xp4_lo_l1_0/h0 (XP_4x4_M4M5)
     4    0.000280    0.002000    0.001000    0.053000 ^ xp4_lo_l1_0/s0 (XP_4x4_M4M5)
                                                         ll1[0] (net)
                      0.002000    0.000000    0.053000 ^ xp7[0].u/_058_/A (INVx1)
     4    0.000280    0.000000    0.000000    0.053000 v xp7[0].u/_058_/Y (INVx1)
                                                         xp7[0].u/_000_ (net)
                      0.000000    0.000000    0.053000 v xp7[0].u/_127_/B (NOR2x1)
     1    0.070000    0.000000    0.000000    0.053000 ^ xp7[0].u/_127_/Y (NOR2x1)
                                                         xp7[0].u/sum_bit[0].grid_and (net)
                      0.000000    0.000000    0.053000 ^ xp7[0].u/_129_/A (BUFx1)
     6    0.000420    0.200000    0.188000    0.241000 ^ xp7[0].u/_129_/Y (BUFx1)
                                                         ll2[0] (net)
                      0.200000    0.000000    0.241000 ^ u_lo_l3/_214_/A (INVx1)
     8    0.000560    0.000000    0.000000    0.241000 v u_lo_l3/_214_/Y (INVx1)
                                                         u_lo_l3/_172_ (net)
                      0.000000    0.000000    0.241000 v u_lo_l3/_451_/B (NOR2x1)
     1    0.070000    0.000000    0.000000    0.241000 ^ u_lo_l3/_451_/Y (NOR2x1)
                                                         u_lo_l3/sum_bit[0].grid_and (net)
                      0.000000    0.000000    0.241000 ^ u_lo_l3/_453_/A (BUFx1)
     1    0.000070    0.200000    0.188000    0.429000 ^ u_lo_l3/_453_/Y (BUFx1)
                                                         low_sum[0] (net)
                      0.200000    0.000000    0.429000 ^ _301_/B (NOR2x1)
     1    0.000070    0.000000    0.000000    0.429000 v _301_/Y (NOR2x1)
                                                         _001_ (net)
                      0.000000    0.000000    0.429000 v _302_/B (NAND2x1)
    15    0.001050    0.000000    0.000000    0.429000 ^ _302_/Y (NAND2x1)
                                                         carry[0] (net)
                      0.000000    0.000000    0.429000 ^ u_carry/_259_/A1 (AOI21x1)
     1    0.000070    0.000000    0.000000    0.429000 v u_carry/_259_/Y (AOI21x1)
                                                         u_carry/_053_ (net)
                      0.000000    0.000000    0.429000 v u_carry/_260_/B (NAND2x1)
     1    0.000070    0.000000    0.000000    0.429000 ^ u_carry/_260_/Y (NAND2x1)
                                                         upper[13] (net)
                      0.000000    0.000000    0.429000 ^ _346_/B (NOR2x1)
     2    0.000140    0.000000    0.000000    0.429000 v _346_/Y (NOR2x1)
                                                         _038_ (net)
                      0.000000    0.000000    0.429000 v _347_/B (NAND2x1)
     2    0.000140    0.000000    0.000000    0.429000 ^ _347_/Y (NAND2x1)
                                                         _039_ (net)
                      0.000000    0.000000    0.429000 ^ _379_/A (INVx1)
     1    0.000070    0.000000    0.000000    0.429000 v _379_/Y (INVx1)
                                                         _068_ (net)
                      0.000000    0.000000    0.429000 v _380_/B (NAND2x1)
     1    0.000000    0.000000    0.000000    0.429000 ^ _380_/Y (NAND2x1)
                                                         hd[5] (net)
                      0.000000    0.000000    0.429000 ^ hd[5] (out)
                                              0.429000   data arrival time

                      0.000000    0.200000    0.200000   clock vclk (rise edge)
                                  0.000000    0.200000   clock network delay (ideal)
                                  0.000000    0.200000   clock reconvergence pessimism
                                 -0.050000    0.150000   output external delay
                                              0.150000   data required time
---------------------------------------------------------------------------------------------
                                              0.150000   data required time
                                             -0.429000   data arrival time
---------------------------------------------------------------------------------------------
                                             -0.279000   slack (VIOLATED)


Startpoint: B[15] (input port clocked by vclk)
Endpoint: hd[6] (output port clocked by vclk)
Path Group: vclk
Path Type: max

Fanout         Cap        Slew       Delay        Time   Description
---------------------------------------------------------------------------------------------
                      0.000000    0.000000    0.000000   clock vclk (rise edge)
                                  0.000000    0.000000   clock network delay (ideal)
                                  0.050000    0.050000 v input external delay
     1    0.000070    0.100000    0.000000    0.050000 v B[15] (in)
                                                         B[15] (net)
                      0.100000    0.000000    0.050000 v _440_/B (XNOR2x1)
     2    0.000140    0.000000    0.000000    0.050000 v _440_/Y (XNOR2x1)
                                                         _106_ (net)
                      0.000000    0.000000    0.050000 v _443_/B (NOR2x1)
     2    0.018550    0.000000    0.000000    0.050000 ^ _443_/Y (NOR2x1)
                                                         cell_oh[23] (net)
                      0.000000    0.000000    0.050000 ^ xp3_s2l1_3/h2 (XP_3x3_M2M3)
     1    0.030800    0.002000    0.001000    0.051000 ^ xp3_s2l1_3/s4 (XP_3x3_M2M3)
                                                         ps[19] (net)
                      0.002000    0.000000    0.051000 ^ xp5_s2l2_1/h4 (XP_5x5_M2M3)
     2    0.031270    0.002000    0.001000    0.052000 ^ xp5_s2l2_1/s8 (XP_5x5_M2M3)
                                                         boh[17] (net)
                      0.002000    0.000000    0.052000 ^ _632_/A (INVx1)
     1    0.000070    0.000000    0.000000    0.052000 v _632_/Y (INVx1)
                                                         _217_ (net)
                      0.000000    0.000000    0.052000 v _633_/B (NAND2x1)
     1    0.041600    0.000000    0.000000    0.052000 ^ _633_/Y (NAND2x1)
                                                         lo[4] (net)
                      0.000000    0.000000    0.052000 ^ xp4_lo_l1_0/h0 (XP_4x4_M4M5)
     4    0.000280    0.002000    0.001000    0.053000 ^ xp4_lo_l1_0/s0 (XP_4x4_M4M5)
                                                         ll1[0] (net)
                      0.002000    0.000000    0.053000 ^ xp7[0].u/_058_/A (INVx1)
     4    0.000280    0.000000    0.000000    0.053000 v xp7[0].u/_058_/Y (INVx1)
                                                         xp7[0].u/_000_ (net)
                      0.000000    0.000000    0.053000 v xp7[0].u/_127_/B (NOR2x1)
     1    0.070000    0.000000    0.000000    0.053000 ^ xp7[0].u/_127_/Y (NOR2x1)
                                                         xp7[0].u/sum_bit[0].grid_and (net)
                      0.000000    0.000000    0.053000 ^ xp7[0].u/_129_/A (BUFx1)
     6    0.000420    0.200000    0.188000    0.241000 ^ xp7[0].u/_129_/Y (BUFx1)
                                                         ll2[0] (net)
                      0.200000    0.000000    0.241000 ^ u_lo_l3/_214_/A (INVx1)
     8    0.000560    0.000000    0.000000    0.241000 v u_lo_l3/_214_/Y (INVx1)
                                                         u_lo_l3/_172_ (net)
                      0.000000    0.000000    0.241000 v u_lo_l3/_451_/B (NOR2x1)
     1    0.070000    0.000000    0.000000    0.241000 ^ u_lo_l3/_451_/Y (NOR2x1)
                                                         u_lo_l3/sum_bit[0].grid_and (net)
                      0.000000    0.000000    0.241000 ^ u_lo_l3/_453_/A (BUFx1)
     1    0.000070    0.200000    0.188000    0.429000 ^ u_lo_l3/_453_/Y (BUFx1)
                                                         low_sum[0] (net)
                      0.200000    0.000000    0.429000 ^ _301_/B (NOR2x1)
     1    0.000070    0.000000    0.000000    0.429000 v _301_/Y (NOR2x1)
                                                         _001_ (net)
                      0.000000    0.000000    0.429000 v _302_/B (NAND2x1)
    15    0.001050    0.000000    0.000000    0.429000 ^ _302_/Y (NAND2x1)
                                                         carry[0] (net)
                      0.000000    0.000000    0.429000 ^ u_carry/_289_/A1 (AOI21x1)
     1    0.000070    0.000000    0.000000    0.429000 v u_carry/_289_/Y (AOI21x1)
                                                         u_carry/_080_ (net)
                      0.000000    0.000000    0.429000 v u_carry/_290_/B (NAND2x1)
     1    0.000070    0.000000    0.000000    0.429000 ^ u_carry/_290_/Y (NAND2x1)
                                                         upper[16] (net)
                      0.000000    0.000000    0.429000 ^ _381_/A (INVx1)
     1    0.000070    0.000000    0.000000    0.429000 v _381_/Y (INVx1)
                                                         _069_ (net)
                      0.000000    0.000000    0.429000 v _383_/A (NAND2x1)
     1    0.000070    0.000000    0.000000    0.429000 ^ _383_/Y (NAND2x1)
                                                         _071_ (net)
                      0.000000    0.000000    0.429000 ^ _387_/A (NOR2x1)
     1    0.000070    0.000000    0.000000    0.429000 v _387_/Y (NOR2x1)
                                                         _075_ (net)
                      0.000000    0.000000    0.429000 v _388_/A (NAND2x1)
     1    0.000000    0.000000    0.000000    0.429000 ^ _388_/Y (NAND2x1)
                                                         hd[6] (net)
                      0.000000    0.000000    0.429000 ^ hd[6] (out)
                                              0.429000   data arrival time

                      0.000000    0.200000    0.200000   clock vclk (rise edge)
                                  0.000000    0.200000   clock network delay (ideal)
                                  0.000000    0.200000   clock reconvergence pessimism
                                 -0.050000    0.150000   output external delay
                                              0.150000   data required time
---------------------------------------------------------------------------------------------
                                              0.150000   data required time
                                             -0.429000   data arrival time
---------------------------------------------------------------------------------------------
                                             -0.279000   slack (VIOLATED)


Startpoint: B[15] (input port clocked by vclk)
Endpoint: hd[0] (output port clocked by vclk)
Path Group: vclk
Path Type: max

Fanout         Cap        Slew       Delay        Time   Description
---------------------------------------------------------------------------------------------
                      0.000000    0.000000    0.000000   clock vclk (rise edge)
                                  0.000000    0.000000   clock network delay (ideal)
                                  0.050000    0.050000 v input external delay
     1    0.000070    0.100000    0.000000    0.050000 v B[15] (in)
                                                         B[15] (net)
                      0.100000    0.000000    0.050000 v _440_/B (XNOR2x1)
     2    0.000140    0.000000    0.000000    0.050000 v _440_/Y (XNOR2x1)
                                                         _106_ (net)
                      0.000000    0.000000    0.050000 v _443_/B (NOR2x1)
     2    0.018550    0.000000    0.000000    0.050000 ^ _443_/Y (NOR2x1)
                                                         cell_oh[23] (net)
                      0.000000    0.000000    0.050000 ^ xp3_s2l1_3/h2 (XP_3x3_M2M3)
     1    0.030800    0.002000    0.001000    0.051000 ^ xp3_s2l1_3/s4 (XP_3x3_M2M3)
                                                         ps[19] (net)
                      0.002000    0.000000    0.051000 ^ xp5_s2l2_1/h4 (XP_5x5_M2M3)
     2    0.031270    0.002000    0.001000    0.052000 ^ xp5_s2l2_1/s8 (XP_5x5_M2M3)
                                                         boh[17] (net)
                      0.002000    0.000000    0.052000 ^ _632_/A (INVx1)
     1    0.000070    0.000000    0.000000    0.052000 v _632_/Y (INVx1)
                                                         _217_ (net)
                      0.000000    0.000000    0.052000 v _633_/B (NAND2x1)
     1    0.041600    0.000000    0.000000    0.052000 ^ _633_/Y (NAND2x1)
                                                         lo[4] (net)
                      0.000000    0.000000    0.052000 ^ xp4_lo_l1_0/h0 (XP_4x4_M4M5)
     4    0.000280    0.002000    0.001000    0.053000 ^ xp4_lo_l1_0/s0 (XP_4x4_M4M5)
                                                         ll1[0] (net)
                      0.002000    0.000000    0.053000 ^ xp7[0].u/_058_/A (INVx1)
     4    0.000280    0.000000    0.000000    0.053000 v xp7[0].u/_058_/Y (INVx1)
                                                         xp7[0].u/_000_ (net)
                      0.000000    0.000000    0.053000 v xp7[0].u/_127_/B (NOR2x1)
     1    0.070000    0.000000    0.000000    0.053000 ^ xp7[0].u/_127_/Y (NOR2x1)
                                                         xp7[0].u/sum_bit[0].grid_and (net)
                      0.000000    0.000000    0.053000 ^ xp7[0].u/_129_/A (BUFx1)
     6    0.000420    0.200000    0.188000    0.241000 ^ xp7[0].u/_129_/Y (BUFx1)
                                                         ll2[0] (net)
                      0.200000    0.000000    0.241000 ^ u_lo_l3/_332_/A1 (AOI21x1)
     1    0.000070    0.000000    0.000000    0.241000 v u_lo_l3/_332_/Y (AOI21x1)
                                                         u_lo_l3/_066_ (net)
                      0.000000    0.000000    0.241000 v u_lo_l3/_333_/B (NAND2x1)
     2    0.000140    0.000000    0.000000    0.241000 ^ u_lo_l3/_333_/Y (NAND2x1)
                                                         low_sum[11] (net)
                      0.000000    0.000000    0.241000 ^ _326_/A (INVx1)
     1    0.000070    0.000000    0.000000    0.241000 v _326_/Y (INVx1)
                                                         _020_ (net)
                      0.000000    0.000000    0.241000 v _327_/B (NAND2x1)
     1    0.000070    0.000000    0.000000    0.241000 ^ _327_/Y (NAND2x1)
                                                         _021_ (net)
                      0.000000    0.000000    0.241000 ^ _328_/A (NOR2x1)
     1    0.000070    0.000000    0.000000    0.241000 v _328_/Y (NOR2x1)
                                                         _022_ (net)
                      0.000000    0.000000    0.241000 v _330_/A (NAND2x1)
     1    0.000070    0.000000    0.000000    0.241000 ^ _330_/Y (NAND2x1)
                                                         _024_ (net)
                      0.000000    0.000000    0.241000 ^ _331_/A (NOR2x1)
     2    0.000140    0.000000    0.000000    0.241000 v _331_/Y (NOR2x1)
                                                         _025_ (net)
                      0.000000    0.000000    0.241000 v _332_/B (NAND2x1)
     1    0.000000    0.000000    0.000000    0.241000 ^ _332_/Y (NAND2x1)
                                                         hd[0] (net)
                      0.000000    0.000000    0.241000 ^ hd[0] (out)
                                              0.241000   data arrival time

                      0.000000    0.200000    0.200000   clock vclk (rise edge)
                                  0.000000    0.200000   clock network delay (ideal)
                                  0.000000    0.200000   clock reconvergence pessimism
                                 -0.050000    0.150000   output external delay
                                              0.150000   data required time
---------------------------------------------------------------------------------------------
                                              0.150000   data required time
                                             -0.241000   data arrival time
---------------------------------------------------------------------------------------------
                                             -0.091000   slack (VIOLATED)


Startpoint: B[15] (input port clocked by vclk)
Endpoint: hd[1] (output port clocked by vclk)
Path Group: vclk
Path Type: max

Fanout         Cap        Slew       Delay        Time   Description
---------------------------------------------------------------------------------------------
                      0.000000    0.000000    0.000000   clock vclk (rise edge)
                                  0.000000    0.000000   clock network delay (ideal)
                                  0.050000    0.050000 v input external delay
     1    0.000070    0.100000    0.000000    0.050000 v B[15] (in)
                                                         B[15] (net)
                      0.100000    0.000000    0.050000 v _440_/B (XNOR2x1)
     2    0.000140    0.000000    0.000000    0.050000 v _440_/Y (XNOR2x1)
                                                         _106_ (net)
                      0.000000    0.000000    0.050000 v _443_/B (NOR2x1)
     2    0.018550    0.000000    0.000000    0.050000 ^ _443_/Y (NOR2x1)
                                                         cell_oh[23] (net)
                      0.000000    0.000000    0.050000 ^ xp3_s2l1_3/h2 (XP_3x3_M2M3)
     1    0.030800    0.002000    0.001000    0.051000 ^ xp3_s2l1_3/s4 (XP_3x3_M2M3)
                                                         ps[19] (net)
                      0.002000    0.000000    0.051000 ^ xp5_s2l2_1/h4 (XP_5x5_M2M3)
     2    0.031270    0.002000    0.001000    0.052000 ^ xp5_s2l2_1/s8 (XP_5x5_M2M3)
                                                         boh[17] (net)
                      0.002000    0.000000    0.052000 ^ _632_/A (INVx1)
     1    0.000070    0.000000    0.000000    0.052000 v _632_/Y (INVx1)
                                                         _217_ (net)
                      0.000000    0.000000    0.052000 v _633_/B (NAND2x1)
     1    0.041600    0.000000    0.000000    0.052000 ^ _633_/Y (NAND2x1)
                                                         lo[4] (net)
                      0.000000    0.000000    0.052000 ^ xp4_lo_l1_0/h0 (XP_4x4_M4M5)
     4    0.000280    0.002000    0.001000    0.053000 ^ xp4_lo_l1_0/s0 (XP_4x4_M4M5)
                                                         ll1[0] (net)
                      0.002000    0.000000    0.053000 ^ xp7[0].u/_058_/A (INVx1)
     4    0.000280    0.000000    0.000000    0.053000 v xp7[0].u/_058_/Y (INVx1)
                                                         xp7[0].u/_000_ (net)
                      0.000000    0.000000    0.053000 v xp7[0].u/_127_/B (NOR2x1)
     1    0.070000    0.000000    0.000000    0.053000 ^ xp7[0].u/_127_/Y (NOR2x1)
                                                         xp7[0].u/sum_bit[0].grid_and (net)
                      0.000000    0.000000    0.053000 ^ xp7[0].u/_129_/A (BUFx1)
     6    0.000420    0.200000    0.188000    0.241000 ^ xp7[0].u/_129_/Y (BUFx1)
                                                         ll2[0] (net)
                      0.200000    0.000000    0.241000 ^ u_lo_l3/_332_/A1 (AOI21x1)
     1    0.000070    0.000000    0.000000    0.241000 v u_lo_l3/_332_/Y (AOI21x1)
                                                         u_lo_l3/_066_ (net)
                      0.000000    0.000000    0.241000 v u_lo_l3/_333_/B (NAND2x1)
     2    0.000140    0.000000    0.000000    0.241000 ^ u_lo_l3/_333_/Y (NAND2x1)
                                                         low_sum[11] (net)
                      0.000000    0.000000    0.241000 ^ _326_/A (INVx1)
     1    0.000070    0.000000    0.000000    0.241000 v _326_/Y (INVx1)
                                                         _020_ (net)
                      0.000000    0.000000    0.241000 v _327_/B (NAND2x1)
     1    0.000070    0.000000    0.000000    0.241000 ^ _327_/Y (NAND2x1)
                                                         _021_ (net)
                      0.000000    0.000000    0.241000 ^ _328_/A (NOR2x1)
     1    0.000070    0.000000    0.000000    0.241000 v _328_/Y (NOR2x1)
                                                         _022_ (net)
                      0.000000    0.000000    0.241000 v _330_/A (NAND2x1)
     1    0.000070    0.000000    0.000000    0.241000 ^ _330_/Y (NAND2x1)
                                                         _024_ (net)
                      0.000000    0.000000    0.241000 ^ _331_/A (NOR2x1)
     2    0.000140    0.000000    0.000000    0.241000 v _331_/Y (NOR2x1)
                                                         _025_ (net)
                      0.000000    0.000000    0.241000 v _340_/B (NAND2x1)
     1    0.000000    0.000000    0.000000    0.241000 ^ _340_/Y (NAND2x1)
                                                         hd[1] (net)
                      0.000000    0.000000    0.241000 ^ hd[1] (out)
                                              0.241000   data arrival time

                      0.000000    0.200000    0.200000   clock vclk (rise edge)
                                  0.000000    0.200000   clock network delay (ideal)
                                  0.000000    0.200000   clock reconvergence pessimism
                                 -0.050000    0.150000   output external delay
                                              0.150000   data required time
---------------------------------------------------------------------------------------------
                                              0.150000   data required time
                                             -0.241000   data arrival time
---------------------------------------------------------------------------------------------
                                             -0.091000   slack (VIOLATED)



