
===========================================================================
report_checks -path_delay min (Hold)
============================================================================
======================= nom_tt_025C_0v50 Corner ===================================

Startpoint: B[63] (input port clocked by vclk)
Endpoint: hd[0] (output port clocked by vclk)
Path Group: vclk
Path Type: min

Fanout         Cap        Slew       Delay        Time   Description
---------------------------------------------------------------------------------------------
                      0.000000    0.000000    0.000000   clock vclk (rise edge)
                                  0.000000    0.000000   clock network delay (ideal)
                                  0.050000    0.050000 ^ input external delay
     1    0.000070    0.100000    0.000000    0.050000 ^ B[63] (in)
                                                         B[63] (net)
                      0.100000    0.000000    0.050000 ^ _608_/B (XNOR2x1)
     2    0.000140    0.000000    0.000000    0.050000 ^ _608_/Y (XNOR2x1)
                                                         _202_ (net)
                      0.000000    0.000000    0.050000 ^ _609_/A (INVx1)
     1    0.000070    0.000000    0.000000    0.050000 v _609_/Y (INVx1)
                                                         _203_ (net)
                      0.000000    0.000000    0.050000 v _610_/B (NOR2x1)
     2    0.018550    0.000000    0.000000    0.050000 ^ _610_/Y (NOR2x1)
                                                         cell_oh[93] (net)
                      0.000000    0.000000    0.050000 ^ xp3_s2l1_15/h0 (XP_3x3_M2M3)
     1    0.030800    0.002000    0.001000    0.051000 ^ xp3_s2l1_15/s2 (XP_3x3_M2M3)
                                                         ps[77] (net)
                      0.002000    0.000000    0.051000 ^ xp5_s2l2_7/h2 (XP_5x5_M2M3)
     2    0.000140    0.002000    0.001000    0.052000 ^ xp5_s2l2_7/s6 (XP_5x5_M2M3)
                                                         boh[69] (net)
                      0.002000    0.000000    0.052000 ^ _746_/A (INVx1)
     1    0.000070    0.000000    0.000000    0.052000 v _746_/Y (INVx1)
                                                         _293_ (net)
                      0.000000    0.000000    0.052000 v _747_/B (NAND2x1)
     1    0.041600    0.000000    0.000000    0.052000 ^ _747_/Y (NAND2x1)
                                                         lo[30] (net)
                      0.000000    0.000000    0.052000 ^ xp4_lo_l1_3/h2 (XP_4x4_M4M5)
     5    0.000350    0.002000    0.001000    0.053000 ^ xp4_lo_l1_3/s5 (XP_4x4_M4M5)
                                                         ll1[26] (net)
                      0.002000    0.000000    0.053000 ^ xp7[1].u/_125_/B (NAND2x1)
     1    0.000070    0.000000    0.000000    0.053000 v xp7[1].u/_125_/Y (NAND2x1)
                                                         xp7[1].u/_057_ (net)
                      0.000000    0.000000    0.053000 v xp7[1].u/_126_/B (OAI21x1)
    10    0.000700    0.000000    0.000000    0.053000 ^ xp7[1].u/_126_/Y (OAI21x1)
                                                         ll2[24] (net)
                      0.000000    0.000000    0.053000 ^ u_lo_l3/_449_/B (NAND2x1)
     1    0.000070    0.000000    0.000000    0.053000 v u_lo_l3/_449_/Y (NAND2x1)
                                                         u_lo_l3/_171_ (net)
                      0.000000    0.000000    0.053000 v u_lo_l3/_450_/B (OAI21x1)
     2    0.000140    0.000000    0.000000    0.053000 ^ u_lo_l3/_450_/Y (OAI21x1)
                                                         low_sum[23] (net)
                      0.000000    0.000000    0.053000 ^ _331_/B (NOR2x1)
     2    0.000140    0.000000    0.000000    0.053000 v _331_/Y (NOR2x1)
                                                         _025_ (net)
                      0.000000    0.000000    0.053000 v _332_/B (NAND2x1)
     1    0.000000    0.000000    0.000000    0.053000 ^ _332_/Y (NAND2x1)
                                                         hd[0] (net)
                      0.000000    0.000000    0.053000 ^ hd[0] (out)
                                              0.053000   data arrival time

                      0.000000    0.000000    0.000000   clock vclk (rise edge)
                                  0.000000    0.000000   clock network delay (ideal)
                                  0.000000    0.000000   clock reconvergence pessimism
                                 -0.050000   -0.050000   output external delay
                                             -0.050000   data required time
---------------------------------------------------------------------------------------------
                                             -0.050000   data required time
                                             -0.053000   data arrival time
---------------------------------------------------------------------------------------------
                                              0.103000   slack (MET)


Startpoint: B[63] (input port clocked by vclk)
Endpoint: hd[1] (output port clocked by vclk)
Path Group: vclk
Path Type: min

Fanout         Cap        Slew       Delay        Time   Description
---------------------------------------------------------------------------------------------
                      0.000000    0.000000    0.000000   clock vclk (rise edge)
                                  0.000000    0.000000   clock network delay (ideal)
                                  0.050000    0.050000 ^ input external delay
     1    0.000070    0.100000    0.000000    0.050000 ^ B[63] (in)
                                                         B[63] (net)
                      0.100000    0.000000    0.050000 ^ _608_/B (XNOR2x1)
     2    0.000140    0.000000    0.000000    0.050000 ^ _608_/Y (XNOR2x1)
                                                         _202_ (net)
                      0.000000    0.000000    0.050000 ^ _609_/A (INVx1)
     1    0.000070    0.000000    0.000000    0.050000 v _609_/Y (INVx1)
                                                         _203_ (net)
                      0.000000    0.000000    0.050000 v _610_/B (NOR2x1)
     2    0.018550    0.000000    0.000000    0.050000 ^ _610_/Y (NOR2x1)
                                                         cell_oh[93] (net)
                      0.000000    0.000000    0.050000 ^ xp3_s2l1_15/h0 (XP_3x3_M2M3)
     1    0.030800    0.002000    0.001000    0.051000 ^ xp3_s2l1_15/s2 (XP_3x3_M2M3)
                                                         ps[77] (net)
                      0.002000    0.000000    0.051000 ^ xp5_s2l2_7/h2 (XP_5x5_M2M3)
     2    0.000140    0.002000    0.001000    0.052000 ^ xp5_s2l2_7/s6 (XP_5x5_M2M3)
                                                         boh[69] (net)
                      0.002000    0.000000    0.052000 ^ _746_/A (INVx1)
     1    0.000070    0.000000    0.000000    0.052000 v _746_/Y (INVx1)
                                                         _293_ (net)
                      0.000000    0.000000    0.052000 v _747_/B (NAND2x1)
     1    0.041600    0.000000    0.000000    0.052000 ^ _747_/Y (NAND2x1)
                                                         lo[30] (net)
                      0.000000    0.000000    0.052000 ^ xp4_lo_l1_3/h2 (XP_4x4_M4M5)
     5    0.000350    0.002000    0.001000    0.053000 ^ xp4_lo_l1_3/s5 (XP_4x4_M4M5)
                                                         ll1[26] (net)
                      0.002000    0.000000    0.053000 ^ xp7[1].u/_125_/B (NAND2x1)
     1    0.000070    0.000000    0.000000    0.053000 v xp7[1].u/_125_/Y (NAND2x1)
                                                         xp7[1].u/_057_ (net)
                      0.000000    0.000000    0.053000 v xp7[1].u/_126_/B (OAI21x1)
    10    0.000700    0.000000    0.000000    0.053000 ^ xp7[1].u/_126_/Y (OAI21x1)
                                                         ll2[24] (net)
                      0.000000    0.000000    0.053000 ^ u_lo_l3/_449_/B (NAND2x1)
     1    0.000070    0.000000    0.000000    0.053000 v u_lo_l3/_449_/Y (NAND2x1)
                                                         u_lo_l3/_171_ (net)
                      0.000000    0.000000    0.053000 v u_lo_l3/_450_/B (OAI21x1)
     2    0.000140    0.000000    0.000000    0.053000 ^ u_lo_l3/_450_/Y (OAI21x1)
                                                         low_sum[23] (net)
                      0.000000    0.000000    0.053000 ^ _331_/B (NOR2x1)
     2    0.000140    0.000000    0.000000    0.053000 v _331_/Y (NOR2x1)
                                                         _025_ (net)
                      0.000000    0.000000    0.053000 v _340_/B (NAND2x1)
     1    0.000000    0.000000    0.000000    0.053000 ^ _340_/Y (NAND2x1)
                                                         hd[1] (net)
                      0.000000    0.000000    0.053000 ^ hd[1] (out)
                                              0.053000   data arrival time

                      0.000000    0.000000    0.000000   clock vclk (rise edge)
                                  0.000000    0.000000   clock network delay (ideal)
                                  0.000000    0.000000   clock reconvergence pessimism
                                 -0.050000   -0.050000   output external delay
                                             -0.050000   data required time
---------------------------------------------------------------------------------------------
                                             -0.050000   data required time
                                             -0.053000   data arrival time
---------------------------------------------------------------------------------------------
                                              0.103000   slack (MET)


Startpoint: B[15] (input port clocked by vclk)
Endpoint: hd[2] (output port clocked by vclk)
Path Group: vclk
Path Type: min

Fanout         Cap        Slew       Delay        Time   Description
---------------------------------------------------------------------------------------------
                      0.000000    0.000000    0.000000   clock vclk (rise edge)
                                  0.000000    0.000000   clock network delay (ideal)
                                  0.050000    0.050000 ^ input external delay
     1    0.000070    0.100000    0.000000    0.050000 ^ B[15] (in)
                                                         B[15] (net)
                      0.100000    0.000000    0.050000 ^ _440_/B (XNOR2x1)
     2    0.000140    0.000000    0.000000    0.050000 v _440_/Y (XNOR2x1)
                                                         _106_ (net)
                      0.000000    0.000000    0.050000 v _443_/B (NOR2x1)
     2    0.018550    0.000000    0.000000    0.050000 ^ _443_/Y (NOR2x1)
                                                         cell_oh[23] (net)
                      0.000000    0.000000    0.050000 ^ xp3_s2l1_3/h2 (XP_3x3_M2M3)
     1    0.030800    0.002000    0.001000    0.051000 ^ xp3_s2l1_3/s4 (XP_3x3_M2M3)
                                                         ps[19] (net)
                      0.002000    0.000000    0.051000 ^ xp5_s2l2_1/h4 (XP_5x5_M2M3)
     2    0.031270    0.002000    0.001000    0.052000 ^ xp5_s2l2_1/s8 (XP_5x5_M2M3)
                                                         boh[17] (net)
                      0.002000    0.000000    0.052000 ^ _632_/A (INVx1)
     1    0.000070    0.000000    0.000000    0.052000 v _632_/Y (INVx1)
                                                         _217_ (net)
                      0.000000    0.000000    0.052000 v _633_/B (NAND2x1)
     1    0.041600    0.000000    0.000000    0.052000 ^ _633_/Y (NAND2x1)
                                                         lo[4] (net)
                      0.000000    0.000000    0.052000 ^ xp4_lo_l1_0/h0 (XP_4x4_M4M5)
     5    0.000350    0.002000    0.001000    0.053000 ^ xp4_lo_l1_0/s1 (XP_4x4_M4M5)
                                                         ll1[1] (net)
                      0.002000    0.000000    0.053000 ^ xp7[0].u/_060_/B (NAND2x1)
     1    0.000070    0.000000    0.000000    0.053000 v xp7[0].u/_060_/Y (NAND2x1)
                                                         xp7[0].u/_002_ (net)
                      0.000000    0.000000    0.053000 v xp7[0].u/_061_/B (OAI21x1)
     9    0.000630    0.000000    0.000000    0.053000 ^ xp7[0].u/_061_/Y (OAI21x1)
                                                         ll2[1] (net)
                      0.000000    0.000000    0.053000 ^ u_lo_l3/_216_/B (NAND2x1)
     1    0.000070    0.000000    0.000000    0.053000 v u_lo_l3/_216_/Y (NAND2x1)
                                                         u_lo_l3/_174_ (net)
                      0.000000    0.000000    0.053000 v u_lo_l3/_217_/B (OAI21x1)
     2    0.000140    0.000000    0.000000    0.053000 ^ u_lo_l3/_217_/Y (OAI21x1)
                                                         low_sum[1] (net)
                      0.000000    0.000000    0.053000 ^ _301_/A (NOR2x1)
     1    0.000070    0.000000    0.000000    0.053000 v _301_/Y (NOR2x1)
                                                         _001_ (net)
                      0.000000    0.000000    0.053000 v _302_/B (NAND2x1)
    15    0.001050    0.000000    0.000000    0.053000 ^ _302_/Y (NAND2x1)
                                                         carry[0] (net)
                      0.000000    0.000000    0.053000 ^ u_carry/_159_/B (NAND2x1)
     1    0.000070    0.000000    0.000000    0.053000 v u_carry/_159_/Y (NAND2x1)
                                                         u_carry/_111_ (net)
                      0.000000    0.000000    0.053000 v u_carry/_160_/B (OAI21x1)
     1    0.000070    0.000000    0.000000    0.053000 ^ u_carry/_160_/Y (OAI21x1)
                                                         u_carry/_112_ (net)
                      0.000000    0.000000    0.053000 ^ u_carry/_161_/B (AOI21x1)
     1    0.000070    0.000000    0.000000    0.053000 v u_carry/_161_/Y (AOI21x1)
                                                         u_carry/_113_ (net)
                      0.000000    0.000000    0.053000 v u_carry/_162_/B (OAI21x1)
     2    0.000140    0.000000    0.000000    0.053000 ^ u_carry/_162_/Y (OAI21x1)
                                                         upper[3] (net)
                      0.000000    0.000000    0.053000 ^ _349_/B (NOR2x1)
     1    0.000070    0.000000    0.000000    0.053000 v _349_/Y (NOR2x1)
                                                         _041_ (net)
                      0.000000    0.000000    0.053000 v _350_/B (NAND2x1)
     1    0.000070    0.000000    0.000000    0.053000 ^ _350_/Y (NAND2x1)
                                                         _042_ (net)
                      0.000000    0.000000    0.053000 ^ _351_/B (NOR2x1)
     1    0.000070    0.000000    0.000000    0.053000 v _351_/Y (NOR2x1)
                                                         _043_ (net)
                      0.000000    0.000000    0.053000 v _352_/B (NAND2x1)
     1    0.000000    0.000000    0.000000    0.053000 ^ _352_/Y (NAND2x1)
                                                         hd[2] (net)
                      0.000000    0.000000    0.053000 ^ hd[2] (out)
                                              0.053000   data arrival time

                      0.000000    0.000000    0.000000   clock vclk (rise edge)
                                  0.000000    0.000000   clock network delay (ideal)
                                  0.000000    0.000000   clock reconvergence pessimism
                                 -0.050000   -0.050000   output external delay
                                             -0.050000   data required time
---------------------------------------------------------------------------------------------
                                             -0.050000   data required time
                                             -0.053000   data arrival time
---------------------------------------------------------------------------------------------
                                              0.103000   slack (MET)


Startpoint: B[63] (input port clocked by vclk)
Endpoint: hd[3] (output port clocked by vclk)
Path Group: vclk
Path Type: min

Fanout         Cap        Slew       Delay        Time   Description
---------------------------------------------------------------------------------------------
                      0.000000    0.000000    0.000000   clock vclk (rise edge)
                                  0.000000    0.000000   clock network delay (ideal)
                                  0.050000    0.050000 ^ input external delay
     1    0.000070    0.100000    0.000000    0.050000 ^ B[63] (in)
                                                         B[63] (net)
                      0.100000    0.000000    0.050000 ^ _608_/B (XNOR2x1)
     2    0.000140    0.000000    0.000000    0.050000 v _608_/Y (XNOR2x1)
                                                         _202_ (net)
                      0.000000    0.000000    0.050000 v _609_/A (INVx1)
     1    0.000070    0.000000    0.000000    0.050000 ^ _609_/Y (INVx1)
                                                         _203_ (net)
                      0.000000    0.000000    0.050000 ^ _610_/B (NOR2x1)
     2    0.018550    0.000000    0.000000    0.050000 v _610_/Y (NOR2x1)
                                                         cell_oh[93] (net)
                      0.000000    0.000000    0.050000 v _612_/B (NOR2x1)
     1    0.018480    0.000000    0.000000    0.050000 ^ _612_/Y (NOR2x1)
                                                         cell_oh[94] (net)
                      0.000000    0.000000    0.050000 ^ xp3_s2l1_15/h1 (XP_3x3_M2M3)
     1    0.030800    0.002000    0.001000    0.051000 ^ xp3_s2l1_15/s3 (XP_3x3_M2M3)
                                                         ps[78] (net)
                      0.002000    0.000000    0.051000 ^ xp5_s2l2_7/h3 (XP_5x5_M2M3)
     2    0.000140    0.002000    0.001000    0.052000 ^ xp5_s2l2_7/s7 (XP_5x5_M2M3)
                                                         boh[70] (net)
                      0.002000    0.000000    0.052000 ^ _749_/A (INVx1)
     1    0.000070    0.000000    0.000000    0.052000 v _749_/Y (INVx1)
                                                         _295_ (net)
                      0.000000    0.000000    0.052000 v _750_/B (NAND2x1)
     1    0.041600    0.000000    0.000000    0.052000 ^ _750_/Y (NAND2x1)
                                                         lo[31] (net)
                      0.000000    0.000000    0.052000 ^ xp4_lo_l1_3/h3 (XP_4x4_M4M5)
     4    0.000280    0.002000    0.001000    0.053000 ^ xp4_lo_l1_3/s6 (XP_4x4_M4M5)
                                                         ll1[27] (net)
                      0.002000    0.000000    0.053000 ^ xp7[1].u/_090_/A (INVx1)
     4    0.000280    0.000000    0.000000    0.053000 v xp7[1].u/_090_/Y (INVx1)
                                                         xp7[1].u/_027_ (net)
                      0.000000    0.000000    0.053000 v xp7[1].u/_128_/B (NOR2x1)
     5    0.000350    0.000000    0.000000    0.053000 ^ xp7[1].u/_128_/Y (NOR2x1)
                                                         ll2[25] (net)
                      0.000000    0.000000    0.053000 ^ u_lo_l3/_358_/A (INVx1)
     9    0.000630    0.000000    0.000000    0.053000 v u_lo_l3/_358_/Y (INVx1)
                                                         u_lo_l3/_090_ (net)
                      0.000000    0.000000    0.053000 v u_lo_l3/_452_/B (NOR2x1)
     4    0.000280    0.000000    0.000000    0.053000 ^ u_lo_l3/_452_/Y (NOR2x1)
                                                         carry[6] (net)
                      0.000000    0.000000    0.053000 ^ u_carry/_181_/A (INVx1)
    14    0.000980    0.000000    0.000000    0.053000 v u_carry/_181_/Y (INVx1)
                                                         u_carry/_130_ (net)
                      0.000000    0.000000    0.053000 v u_carry/_305_/B (NOR2x1)
     1    0.000070    0.000000    0.000000    0.053000 ^ u_carry/_305_/Y (NOR2x1)
                                                         u_carry/_094_ (net)
                      0.000000    0.000000    0.053000 ^ u_carry/_306_/B (AOI21x1)
     1    0.000070    0.000000    0.000000    0.053000 v u_carry/_306_/Y (AOI21x1)
                                                         u_carry/_095_ (net)
                      0.000000    0.000000    0.053000 v u_carry/_307_/B (NAND2x1)
     2    0.000140    0.000000    0.000000    0.053000 ^ u_carry/_307_/Y (NAND2x1)
                                                         upper[18] (net)
                      0.000000    0.000000    0.053000 ^ _363_/B (NOR2x1)
     1    0.000070    0.000000    0.000000    0.053000 v _363_/Y (NOR2x1)
                                                         _054_ (net)
                      0.000000    0.000000    0.053000 v _364_/B (NAND2x1)
     1    0.000000    0.000000    0.000000    0.053000 ^ _364_/Y (NAND2x1)
                                                         hd[3] (net)
                      0.000000    0.000000    0.053000 ^ hd[3] (out)
                                              0.053000   data arrival time

                      0.000000    0.000000    0.000000   clock vclk (rise edge)
                                  0.000000    0.000000   clock network delay (ideal)
                                  0.000000    0.000000   clock reconvergence pessimism
                                 -0.050000   -0.050000   output external delay
                                             -0.050000   data required time
---------------------------------------------------------------------------------------------
                                             -0.050000   data required time
                                             -0.053000   data arrival time
---------------------------------------------------------------------------------------------
                                              0.103000   slack (MET)


Startpoint: B[63] (input port clocked by vclk)
Endpoint: hd[4] (output port clocked by vclk)
Path Group: vclk
Path Type: min

Fanout         Cap        Slew       Delay        Time   Description
---------------------------------------------------------------------------------------------
                      0.000000    0.000000    0.000000   clock vclk (rise edge)
                                  0.000000    0.000000   clock network delay (ideal)
                                  0.050000    0.050000 ^ input external delay
     1    0.000070    0.100000    0.000000    0.050000 ^ B[63] (in)
                                                         B[63] (net)
                      0.100000    0.000000    0.050000 ^ _608_/B (XNOR2x1)
     2    0.000140    0.000000    0.000000    0.050000 v _608_/Y (XNOR2x1)
                                                         _202_ (net)
                      0.000000    0.000000    0.050000 v _611_/B (NOR2x1)
     2    0.018550    0.000000    0.000000    0.050000 ^ _611_/Y (NOR2x1)
                                                         cell_oh[95] (net)
                      0.000000    0.000000    0.050000 ^ xp3_s2l1_15/h2 (XP_3x3_M2M3)
     1    0.030800    0.002000    0.001000    0.051000 ^ xp3_s2l1_15/s4 (XP_3x3_M2M3)
                                                         ps[79] (net)
                      0.002000    0.000000    0.051000 ^ xp5_s2l2_7/h4 (XP_5x5_M2M3)
     2    0.031270    0.002000    0.001000    0.052000 ^ xp5_s2l2_7/s8 (XP_5x5_M2M3)
                                                         boh[71] (net)
                      0.002000    0.000000    0.052000 ^ _740_/A (INVx1)
     1    0.000070    0.000000    0.000000    0.052000 v _740_/Y (INVx1)
                                                         _289_ (net)
                      0.000000    0.000000    0.052000 v _741_/B (NAND2x1)
     1    0.041600    0.000000    0.000000    0.052000 ^ _741_/Y (NAND2x1)
                                                         lo[28] (net)
                      0.000000    0.000000    0.052000 ^ xp4_lo_l1_3/h0 (XP_4x4_M4M5)
     4    0.000280    0.002000    0.001000    0.053000 ^ xp4_lo_l1_3/s2 (XP_4x4_M4M5)
                                                         ll1[23] (net)
                      0.002000    0.000000    0.053000 ^ xp7[1].u/_068_/A (INVx1)
     4    0.000280    0.000000    0.000000    0.053000 v xp7[1].u/_068_/Y (INVx1)
                                                         xp7[1].u/_008_ (net)
                      0.000000    0.000000    0.053000 v xp7[1].u/_087_/B (NOR2x1)
     1    0.000070    0.000000    0.000000    0.053000 ^ xp7[1].u/_087_/Y (NOR2x1)
                                                         xp7[1].u/_025_ (net)
                      0.000000    0.000000    0.053000 ^ xp7[1].u/_088_/B (AOI21x1)
     1    0.000070    0.000000    0.000000    0.053000 v xp7[1].u/_088_/Y (AOI21x1)
                                                         xp7[1].u/_026_ (net)
                      0.000000    0.000000    0.053000 v xp7[1].u/_089_/B (NAND2x1)
     9    0.000630    0.000000    0.000000    0.053000 ^ xp7[1].u/_089_/Y (NAND2x1)
                                                         ll2[18] (net)
                      0.000000    0.000000    0.053000 ^ u_lo_l3/_407_/B (NAND2x1)
     1    0.000070    0.000000    0.000000    0.053000 v u_lo_l3/_407_/Y (NAND2x1)
                                                         u_lo_l3/_136_ (net)
                      0.000000    0.000000    0.053000 v u_lo_l3/_408_/B (OAI21x1)
     1    0.000070    0.000000    0.000000    0.053000 ^ u_lo_l3/_408_/Y (OAI21x1)
                                                         u_lo_l3/_137_ (net)
                      0.000000    0.000000    0.053000 ^ u_lo_l3/_409_/B (NOR2x1)
     1    0.000070    0.000000    0.000000    0.053000 v u_lo_l3/_409_/Y (NOR2x1)
                                                         u_lo_l3/_138_ (net)
                      0.000000    0.000000    0.053000 v u_lo_l3/_410_/B (NAND2x1)
     1    0.000070    0.000000    0.000000    0.053000 ^ u_lo_l3/_410_/Y (NAND2x1)
                                                         low_sum[16] (net)
                      0.000000    0.000000    0.053000 ^ _313_/B (NOR2x1)
     1    0.000070    0.000000    0.000000    0.053000 v _313_/Y (NOR2x1)
                                                         _009_ (net)
                      0.000000    0.000000    0.053000 v _314_/B (NAND2x1)
    14    0.000980    0.000000    0.000000    0.053000 ^ _314_/Y (NAND2x1)
                                                         carry[4] (net)
                      0.000000    0.000000    0.053000 ^ u_carry/_167_/A (INVx1)
     4    0.000280    0.000000    0.000000    0.053000 v u_carry/_167_/Y (INVx1)
                                                         u_carry/_118_ (net)
                      0.000000    0.000000    0.053000 v u_carry/_312_/B (NOR2x1)
     1    0.000070    0.000000    0.000000    0.053000 ^ u_carry/_312_/Y (NOR2x1)
                                                         u_carry/_099_ (net)
                      0.000000    0.000000    0.053000 ^ u_carry/_313_/B (AOI21x1)
     1    0.000070    0.000000    0.000000    0.053000 v u_carry/_313_/Y (AOI21x1)
                                                         u_carry/_100_ (net)
                      0.000000    0.000000    0.053000 v u_carry/_314_/B (OAI21x1)
     2    0.000140    0.000000    0.000000    0.053000 ^ u_carry/_314_/Y (OAI21x1)
                                                         upper[20] (net)
                      0.000000    0.000000    0.053000 ^ _372_/B (NOR2x1)
     1    0.000070    0.000000    0.000000    0.053000 v _372_/Y (NOR2x1)
                                                         _062_ (net)
                      0.000000    0.000000    0.053000 v _373_/B (NAND2x1)
     1    0.000000    0.000000    0.000000    0.053000 ^ _373_/Y (NAND2x1)
                                                         hd[4] (net)
                      0.000000    0.000000    0.053000 ^ hd[4] (out)
                                              0.053000   data arrival time

                      0.000000    0.000000    0.000000   clock vclk (rise edge)
                                  0.000000    0.000000   clock network delay (ideal)
                                  0.000000    0.000000   clock reconvergence pessimism
                                 -0.050000   -0.050000   output external delay
                                             -0.050000   data required time
---------------------------------------------------------------------------------------------
                                             -0.050000   data required time
                                             -0.053000   data arrival time
---------------------------------------------------------------------------------------------
                                              0.103000   slack (MET)


Startpoint: B[47] (input port clocked by vclk)
Endpoint: hd[5] (output port clocked by vclk)
Path Group: vclk
Path Type: min

Fanout         Cap        Slew       Delay        Time   Description
---------------------------------------------------------------------------------------------
                      0.000000    0.000000    0.000000   clock vclk (rise edge)
                                  0.000000    0.000000   clock network delay (ideal)
                                  0.050000    0.050000 ^ input external delay
     1    0.000070    0.100000    0.000000    0.050000 ^ B[47] (in)
                                                         B[47] (net)
                      0.100000    0.000000    0.050000 ^ _552_/B (XNOR2x1)
     2    0.000140    0.000000    0.000000    0.050000 v _552_/Y (XNOR2x1)
                                                         _170_ (net)
                      0.000000    0.000000    0.050000 v _555_/B (NOR2x1)
     2    0.018550    0.000000    0.000000    0.050000 ^ _555_/Y (NOR2x1)
                                                         cell_oh[71] (net)
                      0.000000    0.000000    0.050000 ^ xp3_s2l1_11/h2 (XP_3x3_M2M3)
     1    0.030800    0.002000    0.001000    0.051000 ^ xp3_s2l1_11/s4 (XP_3x3_M2M3)
                                                         ps[59] (net)
                      0.002000    0.000000    0.051000 ^ xp5_s2l2_5/h4 (XP_5x5_M2M3)
     2    0.031270    0.002000    0.001000    0.052000 ^ xp5_s2l2_5/s8 (XP_5x5_M2M3)
                                                         boh[53] (net)
                      0.002000    0.000000    0.052000 ^ _704_/A (INVx1)
     1    0.000070    0.000000    0.000000    0.052000 v _704_/Y (INVx1)
                                                         _265_ (net)
                      0.000000    0.000000    0.052000 v _705_/B (NAND2x1)
     1    0.041600    0.000000    0.000000    0.052000 ^ _705_/Y (NAND2x1)
                                                         lo[20] (net)
                      0.000000    0.000000    0.052000 ^ xp4_lo_l1_2/h0 (XP_4x4_M4M5)
     4    0.000280    0.002000    0.001000    0.053000 ^ xp4_lo_l1_2/s0 (XP_4x4_M4M5)
                                                         ll1[14] (net)
                      0.002000    0.000000    0.053000 ^ xp7[1].u/_058_/A (INVx1)
     4    0.000280    0.000000    0.000000    0.053000 v xp7[1].u/_058_/Y (INVx1)
                                                         xp7[1].u/_000_ (net)
                      0.000000    0.000000    0.053000 v xp7[1].u/_078_/B (NOR2x1)
     1    0.000070    0.000000    0.000000    0.053000 ^ xp7[1].u/_078_/Y (NOR2x1)
                                                         xp7[1].u/_017_ (net)
                      0.000000    0.000000    0.053000 ^ xp7[1].u/_079_/B (AOI21x1)
     1    0.000070    0.000000    0.000000    0.053000 v xp7[1].u/_079_/Y (AOI21x1)
                                                         xp7[1].u/_018_ (net)
                      0.000000    0.000000    0.053000 v xp7[1].u/_080_/B (NAND2x1)
     6    0.000420    0.000000    0.000000    0.053000 ^ xp7[1].u/_080_/Y (NAND2x1)
                                                         ll2[17] (net)
                      0.000000    0.000000    0.053000 ^ u_lo_l3/_233_/A (INVx1)
     8    0.000560    0.000000    0.000000    0.053000 v u_lo_l3/_233_/Y (INVx1)
                                                         u_lo_l3/_188_ (net)
                      0.000000    0.000000    0.053000 v u_lo_l3/_234_/A (NOR2x1)
     1    0.000070    0.000000    0.000000    0.053000 ^ u_lo_l3/_234_/Y (NOR2x1)
                                                         u_lo_l3/_189_ (net)
                      0.000000    0.000000    0.053000 ^ u_lo_l3/_235_/B (AOI21x1)
     1    0.000070    0.000000    0.000000    0.053000 v u_lo_l3/_235_/Y (AOI21x1)
                                                         u_lo_l3/_190_ (net)
                      0.000000    0.000000    0.053000 v u_lo_l3/_236_/B (NAND2x1)
     1    0.000070    0.000000    0.000000    0.053000 ^ u_lo_l3/_236_/Y (NAND2x1)
                                                         low_sum[4] (net)
                      0.000000    0.000000    0.053000 ^ _304_/B (NOR2x1)
     1    0.000070    0.000000    0.000000    0.053000 v _304_/Y (NOR2x1)
                                                         _003_ (net)
                      0.000000    0.000000    0.053000 v _305_/B (NAND2x1)
    13    0.000910    0.000000    0.000000    0.053000 ^ _305_/Y (NAND2x1)
                                                         carry[1] (net)
                      0.000000    0.000000    0.053000 ^ u_carry/_257_/B (NAND2x1)
     1    0.000070    0.000000    0.000000    0.053000 v u_carry/_257_/Y (NAND2x1)
                                                         u_carry/_051_ (net)
                      0.000000    0.000000    0.053000 v u_carry/_258_/B (OAI21x1)
     1    0.000070    0.000000    0.000000    0.053000 ^ u_carry/_258_/Y (OAI21x1)
                                                         u_carry/_052_ (net)
                      0.000000    0.000000    0.053000 ^ u_carry/_259_/B (AOI21x1)
     1    0.000070    0.000000    0.000000    0.053000 v u_carry/_259_/Y (AOI21x1)
                                                         u_carry/_053_ (net)
                      0.000000    0.000000    0.053000 v u_carry/_260_/B (NAND2x1)
     1    0.000070    0.000000    0.000000    0.053000 ^ u_carry/_260_/Y (NAND2x1)
                                                         upper[13] (net)
                      0.000000    0.000000    0.053000 ^ _346_/B (NOR2x1)
     2    0.000140    0.000000    0.000000    0.053000 v _346_/Y (NOR2x1)
                                                         _038_ (net)
                      0.000000    0.000000    0.053000 v _347_/B (NAND2x1)
     2    0.000140    0.000000    0.000000    0.053000 ^ _347_/Y (NAND2x1)
                                                         _039_ (net)
                      0.000000    0.000000    0.053000 ^ _379_/A (INVx1)
     1    0.000070    0.000000    0.000000    0.053000 v _379_/Y (INVx1)
                                                         _068_ (net)
                      0.000000    0.000000    0.053000 v _380_/B (NAND2x1)
     1    0.000000    0.000000    0.000000    0.053000 ^ _380_/Y (NAND2x1)
                                                         hd[5] (net)
                      0.000000    0.000000    0.053000 ^ hd[5] (out)
                                              0.053000   data arrival time

                      0.000000    0.000000    0.000000   clock vclk (rise edge)
                                  0.000000    0.000000   clock network delay (ideal)
                                  0.000000    0.000000   clock reconvergence pessimism
                                 -0.050000   -0.050000   output external delay
                                             -0.050000   data required time
---------------------------------------------------------------------------------------------
                                             -0.050000   data required time
                                             -0.053000   data arrival time
---------------------------------------------------------------------------------------------
                                              0.103000   slack (MET)


Startpoint: B[15] (input port clocked by vclk)
Endpoint: hd[6] (output port clocked by vclk)
Path Group: vclk
Path Type: min

Fanout         Cap        Slew       Delay        Time   Description
---------------------------------------------------------------------------------------------
                      0.000000    0.000000    0.000000   clock vclk (rise edge)
                                  0.000000    0.000000   clock network delay (ideal)
                                  0.050000    0.050000 ^ input external delay
     1    0.000070    0.100000    0.000000    0.050000 ^ B[15] (in)
                                                         B[15] (net)
                      0.100000    0.000000    0.050000 ^ _440_/B (XNOR2x1)
     2    0.000140    0.000000    0.000000    0.050000 v _440_/Y (XNOR2x1)
                                                         _106_ (net)
                      0.000000    0.000000    0.050000 v _443_/B (NOR2x1)
     2    0.018550    0.000000    0.000000    0.050000 ^ _443_/Y (NOR2x1)
                                                         cell_oh[23] (net)
                      0.000000    0.000000    0.050000 ^ xp3_s2l1_3/h2 (XP_3x3_M2M3)
     1    0.030800    0.002000    0.001000    0.051000 ^ xp3_s2l1_3/s4 (XP_3x3_M2M3)
                                                         ps[19] (net)
                      0.002000    0.000000    0.051000 ^ xp5_s2l2_1/h4 (XP_5x5_M2M3)
     2    0.031270    0.002000    0.001000    0.052000 ^ xp5_s2l2_1/s8 (XP_5x5_M2M3)
                                                         boh[17] (net)
                      0.002000    0.000000    0.052000 ^ _632_/A (INVx1)
     1    0.000070    0.000000    0.000000    0.052000 v _632_/Y (INVx1)
                                                         _217_ (net)
                      0.000000    0.000000    0.052000 v _633_/B (NAND2x1)
     1    0.041600    0.000000    0.000000    0.052000 ^ _633_/Y (NAND2x1)
                                                         lo[4] (net)
                      0.000000    0.000000    0.052000 ^ xp4_lo_l1_0/h0 (XP_4x4_M4M5)
     5    0.000350    0.002000    0.001000    0.053000 ^ xp4_lo_l1_0/s2 (XP_4x4_M4M5)
                                                         ll1[2] (net)
                      0.002000    0.000000    0.053000 ^ xp7[0].u/_063_/A (INVx1)
     3    0.000210    0.000000    0.000000    0.053000 v xp7[0].u/_063_/Y (INVx1)
                                                         xp7[0].u/_004_ (net)
                      0.000000    0.000000    0.053000 v xp7[0].u/_114_/B (NOR2x1)
     1    0.000070    0.000000    0.000000    0.053000 ^ xp7[0].u/_114_/Y (NOR2x1)
                                                         xp7[0].u/_049_ (net)
                      0.000000    0.000000    0.053000 ^ xp7[0].u/_115_/B (AOI21x1)
     1    0.000070    0.000000    0.000000    0.053000 v xp7[0].u/_115_/Y (AOI21x1)
                                                         xp7[0].u/_050_ (net)
                      0.000000    0.000000    0.053000 v xp7[0].u/_116_/B (NAND2x1)
     8    0.000560    0.000000    0.000000    0.053000 ^ xp7[0].u/_116_/Y (NAND2x1)
                                                         ll2[8] (net)
                      0.000000    0.000000    0.053000 ^ u_lo_l3/_278_/A (INVx1)
     6    0.000420    0.000000    0.000000    0.053000 v u_lo_l3/_278_/Y (INVx1)
                                                         u_lo_l3/_015_ (net)
                      0.000000    0.000000    0.053000 v u_lo_l3/_439_/B (NOR2x1)
     1    0.000070    0.000000    0.000000    0.053000 ^ u_lo_l3/_439_/Y (NOR2x1)
                                                         u_lo_l3/_164_ (net)
                      0.000000    0.000000    0.053000 ^ u_lo_l3/_440_/B (AOI21x1)
     1    0.000070    0.000000    0.000000    0.053000 v u_lo_l3/_440_/Y (AOI21x1)
                                                         u_lo_l3/_165_ (net)
                      0.000000    0.000000    0.053000 v u_lo_l3/_441_/B (NAND2x1)
     1    0.000070    0.000000    0.000000    0.053000 ^ u_lo_l3/_441_/Y (NAND2x1)
                                                         low_sum[20] (net)
                      0.000000    0.000000    0.053000 ^ _316_/B (NOR2x1)
     1    0.000070    0.000000    0.000000    0.053000 v _316_/Y (NOR2x1)
                                                         _011_ (net)
                      0.000000    0.000000    0.053000 v _317_/B (NAND2x1)
    15    0.001050    0.000000    0.000000    0.053000 ^ _317_/Y (NAND2x1)
                                                         carry[5] (net)
                      0.000000    0.000000    0.053000 ^ u_carry/_315_/B (NAND2x1)
     1    0.000070    0.000000    0.000000    0.053000 v u_carry/_315_/Y (NAND2x1)
                                                         u_carry/_101_ (net)
                      0.000000    0.000000    0.053000 v u_carry/_316_/B (OAI21x1)
     2    0.000140    0.000000    0.000000    0.053000 ^ u_carry/_316_/Y (OAI21x1)
                                                         upper[21] (net)
                      0.000000    0.000000    0.053000 ^ _344_/B (NOR2x1)
     2    0.000140    0.000000    0.000000    0.053000 v _344_/Y (NOR2x1)
                                                         _036_ (net)
                      0.000000    0.000000    0.053000 v _388_/B (NAND2x1)
     1    0.000000    0.000000    0.000000    0.053000 ^ _388_/Y (NAND2x1)
                                                         hd[6] (net)
                      0.000000    0.000000    0.053000 ^ hd[6] (out)
                                              0.053000   data arrival time

                      0.000000    0.000000    0.000000   clock vclk (rise edge)
                                  0.000000    0.000000   clock network delay (ideal)
                                  0.000000    0.000000   clock reconvergence pessimism
                                 -0.050000   -0.050000   output external delay
                                             -0.050000   data required time
---------------------------------------------------------------------------------------------
                                             -0.050000   data required time
                                             -0.053000   data arrival time
---------------------------------------------------------------------------------------------
                                              0.103000   slack (MET)



