
===========================================================================
report_checks -unconstrained
===========================================================================
======================= nom_tt_025C_0v50 Corner ===================================

Startpoint: B[38] (input port clocked by vclk)
Endpoint: hd[3] (output port clocked by vclk)
Path Group: vclk
Path Type: max

Fanout         Cap        Slew       Delay        Time   Description
---------------------------------------------------------------------------------------------
                      0.000000    0.000000    0.000000   clock vclk (rise edge)
                                  0.000000    0.000000   clock network delay (ideal)
                                  0.050000    0.050000 v input external delay
     1    0.000274    0.100000    0.000000    0.050000 v B[38] (in)
                                                         B[38] (net)
                      0.100024    0.000008    0.050008 v _522_/B (XNOR2x1)
     2    0.000281    0.000000    0.000000    0.050008 ^ _522_/Y (XNOR2x1)
                                                         _152_ (net)
                      0.000000    0.000005    0.050013 ^ _523_/A (INVx1)
     1    0.000104    0.000000    0.000000    0.050013 v _523_/Y (INVx1)
                                                         _153_ (net)
                      0.000000    0.000000    0.050014 v _526_/A (NOR2x1)
     3    0.000390    0.000000    0.000000    0.050014 ^ _526_/Y (NOR2x1)
                                                         cell_oh_flat[57] (net)
                      0.000000    0.000012    0.050025 ^ xp3_s2l1[9].u_xp3/_16_/A (INVx1)
     2    0.000266    0.000000    0.000000    0.050025 v xp3_s2l1[9].u_xp3/_16_/Y (INVx1)
                                                         xp3_s2l1[9].u_xp3/_05_ (net)
                      0.000000    0.000000    0.050026 v xp3_s2l1[9].u_xp3/_23_/A (NOR2x1)
     1    0.070119    0.000000    0.000000    0.050026 ^ xp3_s2l1[9].u_xp3/_23_/Y (NOR2x1)
                                                         xp3_s2l1[9].u_xp3/sum_bit[0].grid_and (net)
                      0.000000    0.001956    0.051983 ^ xp3_s2l1[9].u_xp3/_25_/A (BUFx1)
     4    0.000561    0.200000    0.188000    0.239983 ^ xp3_s2l1[9].u_xp3/_25_/Y (BUFx1)
                                                         ps_flat[45] (net)
                      0.200000    0.000008    0.239990 ^ xp5_s2l2[4].u_xp5/_36_/A (INVx1)
     2    0.000262    0.000000    0.000000    0.239990 v xp5_s2l2[4].u_xp5/_36_/Y (INVx1)
                                                         xp5_s2l2[4].u_xp5/_08_ (net)
                      0.000000    0.000004    0.239994 v xp5_s2l2[4].u_xp5/_59_/A (NOR2x1)
     1    0.070107    0.000000    0.000000    0.239994 ^ xp5_s2l2[4].u_xp5/_59_/Y (NOR2x1)
                                                         xp5_s2l2[4].u_xp5/sum_bit[0].grid_and (net)
                      0.000000    0.002090    0.242084 ^ xp5_s2l2[4].u_xp5/_61_/A (BUFx1)
     2    0.000231    0.200000    0.188000    0.430084 ^ xp5_s2l2[4].u_xp5/_61_/Y (BUFx1)
                                                         r4_split[4].boh[0] (net)
                      0.200000    0.000003    0.430088 ^ _698_/B (NOR2x1)
     1    0.000148    0.000000    0.000000    0.430088 v _698_/Y (NOR2x1)
                                                         _261_ (net)
                      0.000000    0.000002    0.430090 v _699_/B (NAND2x1)
     2    0.000378    0.000000    0.000000    0.430090 ^ _699_/Y (NAND2x1)
                                                         hi_flat[12] (net)
                      0.000000    0.000016    0.430106 ^ xp3_hi_l1[2].u_xp3/_10_/A (INVx1)
     2    0.000246    0.000000    0.000000    0.430106 v xp3_hi_l1[2].u_xp3/_10_/Y (INVx1)
                                                         xp3_hi_l1[2].u_xp3/_00_ (net)
                      0.000000    0.000004    0.430110 v xp3_hi_l1[2].u_xp3/_23_/B (NOR2x1)
     1    0.070695    0.000000    0.000000    0.430110 ^ xp3_hi_l1[2].u_xp3/_23_/Y (NOR2x1)
                                                         xp3_hi_l1[2].u_xp3/sum_bit[0].grid_and (net)
                      0.000000    0.009512    0.439623 ^ xp3_hi_l1[2].u_xp3/_25_/A (BUFx1)
     2    0.000789    0.200000    0.188000    0.627623 ^ xp3_hi_l1[2].u_xp3/_25_/Y (BUFx1)
                                                         hl1_flat[10] (net)
                      0.200000    0.000092    0.627715 ^ xp5_hi_l2[1].u_xp5/_26_/A (INVx1)
     4    0.000535    0.000000    0.000000    0.627715 v xp5_hi_l2[1].u_xp5/_26_/Y (INVx1)
                                                         xp5_hi_l2[1].u_xp5/_00_ (net)
                      0.000000    0.000012    0.627727 v xp5_hi_l2[1].u_xp5/_59_/B (NOR2x1)
     1    0.070077    0.000000    0.000000    0.627727 ^ xp5_hi_l2[1].u_xp5/_59_/Y (NOR2x1)
                                                         xp5_hi_l2[1].u_xp5/sum_bit[0].grid_and (net)
                      0.000000    0.001100    0.628827 ^ xp5_hi_l2[1].u_xp5/_61_/A (BUFx1)
     6    0.000914    0.200000    0.188000    0.816827 ^ xp5_hi_l2[1].u_xp5/_61_/Y (BUFx1)
                                                         hl2_flat[9] (net)
                      0.200000    0.000023    0.816850 ^ u_xp9_hi_l3/_101_/A (INVx1)
     4    0.000850    0.000000    0.000000    0.816850 v u_xp9_hi_l3/_101_/Y (INVx1)
                                                         u_xp9_hi_l3/_043_ (net)
                      0.000000    0.000012    0.816862 v u_xp9_hi_l3/_205_/A (NOR2x1)
     1    0.070072    0.000000    0.000000    0.816862 ^ u_xp9_hi_l3/_205_/Y (NOR2x1)
                                                         u_xp9_hi_l3/sum_bit[0].grid_and (net)
                      0.000000    0.001630    0.818492 ^ u_xp9_hi_l3/_207_/A (BUFx1)
     3    0.000437    0.200000    0.188000    1.006492 ^ u_xp9_hi_l3/_207_/Y (BUFx1)
                                                         high_sum[0] (net)
                      0.200000    0.000017    1.006509 ^ u_xp17x7_carry/_148_/A (INVx1)
     5    0.000697    0.000000    0.000000    1.006509 v u_xp17x7_carry/_148_/Y (INVx1)
                                                         u_xp17x7_carry/_102_ (net)
                      0.000000    0.000017    1.006526 v u_xp17x7_carry/_183_/A1 (OAI21x1)
     1    0.000098    0.000000    0.000000    1.006526 ^ u_xp17x7_carry/_183_/Y (OAI21x1)
                                                         u_xp17x7_carry/_132_ (net)
                      0.000000    0.000000    1.006527 ^ u_xp17x7_carry/_186_/A (NOR2x1)
     1    0.000124    0.000000    0.000000    1.006527 v u_xp17x7_carry/_186_/Y (NOR2x1)
                                                         u_xp17x7_carry/_135_ (net)
                      0.000000    0.000001    1.006528 v u_xp17x7_carry/_191_/A (NAND2x1)
     2    0.000222    0.000000    0.000000    1.006528 ^ u_xp17x7_carry/_191_/Y (NAND2x1)
                                                         upper[6] (net)
                      0.000000    0.000003    1.006531 ^ _361_/A (INVx1)
     1    0.000098    0.000000    0.000000    1.006531 v _361_/Y (INVx1)
                                                         _052_ (net)
                      0.000000    0.000000    1.006532 v _362_/B (NAND2x1)
     1    0.000129    0.000000    0.000000    1.006532 ^ _362_/Y (NAND2x1)
                                                         _053_ (net)
                      0.000000    0.000001    1.006533 ^ _363_/A (NOR2x1)
     1    0.000147    0.000000    0.000000    1.006533 v _363_/Y (NOR2x1)
                                                         _054_ (net)
                      0.000000    0.000002    1.006535 v _364_/B (NAND2x1)
     1    0.000407    0.000000    0.000000    1.006535 ^ _364_/Y (NAND2x1)
                                                         hd[3] (net)
                      0.000000    0.000020    1.006555 ^ hd[3] (out)
                                              1.006555   data arrival time

                      0.000000    0.200000    0.200000   clock vclk (rise edge)
                                  0.000000    0.200000   clock network delay (ideal)
                                  0.000000    0.200000   clock reconvergence pessimism
                                 -0.050000    0.150000   output external delay
                                              0.150000   data required time
---------------------------------------------------------------------------------------------
                                              0.150000   data required time
                                             -1.006555   data arrival time
---------------------------------------------------------------------------------------------
                                             -0.856555   slack (VIOLATED)




===========================================================================
report_checks --slack_max -0.01
============================================================================
======================= nom_tt_025C_0v50 Corner ===================================

Startpoint: B[38] (input port clocked by vclk)
Endpoint: hd[3] (output port clocked by vclk)
Path Group: vclk
Path Type: max

Fanout         Cap        Slew       Delay        Time   Description
---------------------------------------------------------------------------------------------
                      0.000000    0.000000    0.000000   clock vclk (rise edge)
                                  0.000000    0.000000   clock network delay (ideal)
                                  0.050000    0.050000 v input external delay
     1    0.000274    0.100000    0.000000    0.050000 v B[38] (in)
                                                         B[38] (net)
                      0.100024    0.000008    0.050008 v _522_/B (XNOR2x1)
     2    0.000281    0.000000    0.000000    0.050008 ^ _522_/Y (XNOR2x1)
                                                         _152_ (net)
                      0.000000    0.000005    0.050013 ^ _523_/A (INVx1)
     1    0.000104    0.000000    0.000000    0.050013 v _523_/Y (INVx1)
                                                         _153_ (net)
                      0.000000    0.000000    0.050014 v _526_/A (NOR2x1)
     3    0.000390    0.000000    0.000000    0.050014 ^ _526_/Y (NOR2x1)
                                                         cell_oh_flat[57] (net)
                      0.000000    0.000012    0.050025 ^ xp3_s2l1[9].u_xp3/_16_/A (INVx1)
     2    0.000266    0.000000    0.000000    0.050025 v xp3_s2l1[9].u_xp3/_16_/Y (INVx1)
                                                         xp3_s2l1[9].u_xp3/_05_ (net)
                      0.000000    0.000000    0.050026 v xp3_s2l1[9].u_xp3/_23_/A (NOR2x1)
     1    0.070119    0.000000    0.000000    0.050026 ^ xp3_s2l1[9].u_xp3/_23_/Y (NOR2x1)
                                                         xp3_s2l1[9].u_xp3/sum_bit[0].grid_and (net)
                      0.000000    0.001956    0.051983 ^ xp3_s2l1[9].u_xp3/_25_/A (BUFx1)
     4    0.000561    0.200000    0.188000    0.239983 ^ xp3_s2l1[9].u_xp3/_25_/Y (BUFx1)
                                                         ps_flat[45] (net)
                      0.200000    0.000008    0.239990 ^ xp5_s2l2[4].u_xp5/_36_/A (INVx1)
     2    0.000262    0.000000    0.000000    0.239990 v xp5_s2l2[4].u_xp5/_36_/Y (INVx1)
                                                         xp5_s2l2[4].u_xp5/_08_ (net)
                      0.000000    0.000004    0.239994 v xp5_s2l2[4].u_xp5/_59_/A (NOR2x1)
     1    0.070107    0.000000    0.000000    0.239994 ^ xp5_s2l2[4].u_xp5/_59_/Y (NOR2x1)
                                                         xp5_s2l2[4].u_xp5/sum_bit[0].grid_and (net)
                      0.000000    0.002090    0.242084 ^ xp5_s2l2[4].u_xp5/_61_/A (BUFx1)
     2    0.000231    0.200000    0.188000    0.430084 ^ xp5_s2l2[4].u_xp5/_61_/Y (BUFx1)
                                                         r4_split[4].boh[0] (net)
                      0.200000    0.000003    0.430088 ^ _698_/B (NOR2x1)
     1    0.000148    0.000000    0.000000    0.430088 v _698_/Y (NOR2x1)
                                                         _261_ (net)
                      0.000000    0.000002    0.430090 v _699_/B (NAND2x1)
     2    0.000378    0.000000    0.000000    0.430090 ^ _699_/Y (NAND2x1)
                                                         hi_flat[12] (net)
                      0.000000    0.000016    0.430106 ^ xp3_hi_l1[2].u_xp3/_10_/A (INVx1)
     2    0.000246    0.000000    0.000000    0.430106 v xp3_hi_l1[2].u_xp3/_10_/Y (INVx1)
                                                         xp3_hi_l1[2].u_xp3/_00_ (net)
                      0.000000    0.000004    0.430110 v xp3_hi_l1[2].u_xp3/_23_/B (NOR2x1)
     1    0.070695    0.000000    0.000000    0.430110 ^ xp3_hi_l1[2].u_xp3/_23_/Y (NOR2x1)
                                                         xp3_hi_l1[2].u_xp3/sum_bit[0].grid_and (net)
                      0.000000    0.009512    0.439623 ^ xp3_hi_l1[2].u_xp3/_25_/A (BUFx1)
     2    0.000789    0.200000    0.188000    0.627623 ^ xp3_hi_l1[2].u_xp3/_25_/Y (BUFx1)
                                                         hl1_flat[10] (net)
                      0.200000    0.000092    0.627715 ^ xp5_hi_l2[1].u_xp5/_26_/A (INVx1)
     4    0.000535    0.000000    0.000000    0.627715 v xp5_hi_l2[1].u_xp5/_26_/Y (INVx1)
                                                         xp5_hi_l2[1].u_xp5/_00_ (net)
                      0.000000    0.000012    0.627727 v xp5_hi_l2[1].u_xp5/_59_/B (NOR2x1)
     1    0.070077    0.000000    0.000000    0.627727 ^ xp5_hi_l2[1].u_xp5/_59_/Y (NOR2x1)
                                                         xp5_hi_l2[1].u_xp5/sum_bit[0].grid_and (net)
                      0.000000    0.001100    0.628827 ^ xp5_hi_l2[1].u_xp5/_61_/A (BUFx1)
     6    0.000914    0.200000    0.188000    0.816827 ^ xp5_hi_l2[1].u_xp5/_61_/Y (BUFx1)
                                                         hl2_flat[9] (net)
                      0.200000    0.000023    0.816850 ^ u_xp9_hi_l3/_101_/A (INVx1)
     4    0.000850    0.000000    0.000000    0.816850 v u_xp9_hi_l3/_101_/Y (INVx1)
                                                         u_xp9_hi_l3/_043_ (net)
                      0.000000    0.000012    0.816862 v u_xp9_hi_l3/_205_/A (NOR2x1)
     1    0.070072    0.000000    0.000000    0.816862 ^ u_xp9_hi_l3/_205_/Y (NOR2x1)
                                                         u_xp9_hi_l3/sum_bit[0].grid_and (net)
                      0.000000    0.001630    0.818492 ^ u_xp9_hi_l3/_207_/A (BUFx1)
     3    0.000437    0.200000    0.188000    1.006492 ^ u_xp9_hi_l3/_207_/Y (BUFx1)
                                                         high_sum[0] (net)
                      0.200000    0.000017    1.006509 ^ u_xp17x7_carry/_148_/A (INVx1)
     5    0.000697    0.000000    0.000000    1.006509 v u_xp17x7_carry/_148_/Y (INVx1)
                                                         u_xp17x7_carry/_102_ (net)
                      0.000000    0.000017    1.006526 v u_xp17x7_carry/_183_/A1 (OAI21x1)
     1    0.000098    0.000000    0.000000    1.006526 ^ u_xp17x7_carry/_183_/Y (OAI21x1)
                                                         u_xp17x7_carry/_132_ (net)
                      0.000000    0.000000    1.006527 ^ u_xp17x7_carry/_186_/A (NOR2x1)
     1    0.000124    0.000000    0.000000    1.006527 v u_xp17x7_carry/_186_/Y (NOR2x1)
                                                         u_xp17x7_carry/_135_ (net)
                      0.000000    0.000001    1.006528 v u_xp17x7_carry/_191_/A (NAND2x1)
     2    0.000222    0.000000    0.000000    1.006528 ^ u_xp17x7_carry/_191_/Y (NAND2x1)
                                                         upper[6] (net)
                      0.000000    0.000003    1.006531 ^ _361_/A (INVx1)
     1    0.000098    0.000000    0.000000    1.006531 v _361_/Y (INVx1)
                                                         _052_ (net)
                      0.000000    0.000000    1.006532 v _362_/B (NAND2x1)
     1    0.000129    0.000000    0.000000    1.006532 ^ _362_/Y (NAND2x1)
                                                         _053_ (net)
                      0.000000    0.000001    1.006533 ^ _363_/A (NOR2x1)
     1    0.000147    0.000000    0.000000    1.006533 v _363_/Y (NOR2x1)
                                                         _054_ (net)
                      0.000000    0.000002    1.006535 v _364_/B (NAND2x1)
     1    0.000407    0.000000    0.000000    1.006535 ^ _364_/Y (NAND2x1)
                                                         hd[3] (net)
                      0.000000    0.000020    1.006555 ^ hd[3] (out)
                                              1.006555   data arrival time

                      0.000000    0.200000    0.200000   clock vclk (rise edge)
                                  0.000000    0.200000   clock network delay (ideal)
                                  0.000000    0.200000   clock reconvergence pessimism
                                 -0.050000    0.150000   output external delay
                                              0.150000   data required time
---------------------------------------------------------------------------------------------
                                              0.150000   data required time
                                             -1.006555   data arrival time
---------------------------------------------------------------------------------------------
                                             -0.856555   slack (VIOLATED)




===========================================================================
 report_check_types -max_slew -max_cap -max_fanout -violators
============================================================================
======================= nom_tt_025C_0v50 Corner ===================================

max capacitance

Pin                                        Limit         Cap       Slack
------------------------------------------------------------------------
xp3_hi_l1[2].u_xp3/_23_/Y               0.010000    0.070695   -0.060695 (VIOLATED)
xp3_hi_l1[3].u_xp3/_23_/Y               0.010000    0.070475   -0.060475 (VIOLATED)
xp3_hi_l1[1].u_xp3/_23_/Y               0.010000    0.070461   -0.060461 (VIOLATED)
xp5_s2l2[0].u_xp5/_59_/Y                0.010000    0.070138   -0.060138 (VIOLATED)
xp5_s2l2[5].u_xp5/_59_/Y                0.010000    0.070135   -0.060135 (VIOLATED)
xp3_s2l1[9].u_xp3/_23_/Y                0.010000    0.070119   -0.060119 (VIOLATED)
xp3_s2l1[15].u_xp3/_23_/Y               0.010000    0.070109   -0.060109 (VIOLATED)
xp5_s2l2[1].u_xp5/_59_/Y                0.010000    0.070107   -0.060107 (VIOLATED)
xp5_s2l2[4].u_xp5/_59_/Y                0.010000    0.070107   -0.060107 (VIOLATED)
xp3_s2l1[12].u_xp3/_23_/Y               0.010000    0.070104   -0.060104 (VIOLATED)
u_xp13_lo_l3/_451_/Y                    0.010000    0.070097   -0.060097 (VIOLATED)
xp3_s2l1[6].u_xp3/_23_/Y                0.010000    0.070094   -0.060094 (VIOLATED)
xp3_s2l1[1].u_xp3/_23_/Y                0.010000    0.070090   -0.060090 (VIOLATED)
xp4_lo_l1[0].u_xp4/_41_/Y               0.010000    0.070077   -0.060077 (VIOLATED)
xp5_hi_l2[1].u_xp5/_59_/Y               0.010000    0.070077   -0.060077 (VIOLATED)
xp3_s2l1[8].u_xp3/_23_/Y                0.010000    0.070075   -0.060075 (VIOLATED)
xp5_s2l2[6].u_xp5/_59_/Y                0.010000    0.070075   -0.060075 (VIOLATED)
u_xp9_hi_l3/_205_/Y                     0.010000    0.070072   -0.060072 (VIOLATED)
xp4_lo_l1[3].u_xp4/_41_/Y               0.010000    0.070070   -0.060070 (VIOLATED)
xp3_hi_l1[0].u_xp3/_23_/Y               0.010000    0.070069   -0.060069 (VIOLATED)
xp3_s2l1[2].u_xp3/_23_/Y                0.010000    0.070069   -0.060069 (VIOLATED)
xp7_lo_l2[1].u_xp7/_127_/Y              0.010000    0.070069   -0.060069 (VIOLATED)
xp3_s2l1[5].u_xp3/_23_/Y                0.010000    0.070065   -0.060065 (VIOLATED)
xp5_s2l2[7].u_xp5/_59_/Y                0.010000    0.070059   -0.060059 (VIOLATED)
xp3_s2l1[10].u_xp3/_23_/Y               0.010000    0.070054   -0.060054 (VIOLATED)
xp4_lo_l1[2].u_xp4/_41_/Y               0.010000    0.070052   -0.060052 (VIOLATED)
xp3_s2l1[11].u_xp3/_23_/Y               0.010000    0.070050   -0.060050 (VIOLATED)
xp3_s2l1[14].u_xp3/_23_/Y               0.010000    0.070045   -0.060045 (VIOLATED)
xp3_s2l1[7].u_xp3/_23_/Y                0.010000    0.070045   -0.060045 (VIOLATED)
xp5_hi_l2[0].u_xp5/_59_/Y               0.010000    0.070045   -0.060045 (VIOLATED)
xp5_s2l2[2].u_xp5/_59_/Y                0.010000    0.070043   -0.060043 (VIOLATED)
xp5_s2l2[3].u_xp5/_59_/Y                0.010000    0.070043   -0.060043 (VIOLATED)
xp3_s2l1[13].u_xp3/_23_/Y               0.010000    0.070039   -0.060039 (VIOLATED)
xp3_s2l1[4].u_xp3/_23_/Y                0.010000    0.070039   -0.060039 (VIOLATED)
u_xp17x7_carry/_317_/Y                  0.010000    0.070033   -0.060033 (VIOLATED)
xp7_lo_l2[0].u_xp7/_127_/Y              0.010000    0.070033   -0.060033 (VIOLATED)
xp3_s2l1[0].u_xp3/_23_/Y                0.010000    0.070029   -0.060029 (VIOLATED)
xp3_s2l1[3].u_xp3/_23_/Y                0.010000    0.070029   -0.060029 (VIOLATED)
xp4_lo_l1[1].u_xp4/_41_/Y               0.010000    0.070028   -0.060028 (VIOLATED)



===========================================================================
report_parasitic_annotation -report_unannotated
============================================================================
Found 1 unannotated drivers.
 u_xp17x7_carry/_319_/Y
Found 0 partially unannotated drivers.

===========================================================================
max slew violation count 0
Writing metric design__max_slew_violation__count__corner:nom_tt_025C_0v50: 0
max fanout violation count 0
Writing metric design__max_fanout_violation__count__corner:nom_tt_025C_0v50: 0
max cap violation count 39
Writing metric design__max_cap_violation__count__corner:nom_tt_025C_0v50: 39
============================================================================

===========================================================================
check_setup -verbose -unconstrained_endpoints -multiple_clock -no_clock -no_input_delay -loops -generated_clocks
===========================================================================
