
===========================================================================
report_checks -path_delay max (Setup)
============================================================================
======================= nom_tt_025C_0v50 Corner ===================================

Startpoint: B[38] (input port clocked by vclk)
Endpoint: hd[3] (output port clocked by vclk)
Path Group: vclk
Path Type: max

Fanout         Cap        Slew       Delay        Time   Description
---------------------------------------------------------------------------------------------
                      0.000000    0.000000    0.000000   clock vclk (rise edge)
                                  0.000000    0.000000   clock network delay (ideal)
                                  0.050000    0.050000 v input external delay
     1    0.000274    0.100000    0.000000    0.050000 v B[38] (in)
                                                         B[38] (net)
                      0.100024    0.000008    0.050008 v _522_/B (XNOR2x1)
     2    0.000281    0.000000    0.000000    0.050008 ^ _522_/Y (XNOR2x1)
                                                         _152_ (net)
                      0.000000    0.000005    0.050013 ^ _523_/A (INVx1)
     1    0.000104    0.000000    0.000000    0.050013 v _523_/Y (INVx1)
                                                         _153_ (net)
                      0.000000    0.000000    0.050014 v _526_/A (NOR2x1)
     3    0.000390    0.000000    0.000000    0.050014 ^ _526_/Y (NOR2x1)
                                                         cell_oh_flat[57] (net)
                      0.000000    0.000012    0.050025 ^ xp3_s2l1[9].u_xp3/_16_/A (INVx1)
     2    0.000266    0.000000    0.000000    0.050025 v xp3_s2l1[9].u_xp3/_16_/Y (INVx1)
                                                         xp3_s2l1[9].u_xp3/_05_ (net)
                      0.000000    0.000000    0.050026 v xp3_s2l1[9].u_xp3/_23_/A (NOR2x1)
     1    0.070119    0.000000    0.000000    0.050026 ^ xp3_s2l1[9].u_xp3/_23_/Y (NOR2x1)
                                                         xp3_s2l1[9].u_xp3/sum_bit[0].grid_and (net)
                      0.000000    0.001956    0.051983 ^ xp3_s2l1[9].u_xp3/_25_/A (BUFx1)
     4    0.000561    0.200000    0.188000    0.239983 ^ xp3_s2l1[9].u_xp3/_25_/Y (BUFx1)
                                                         ps_flat[45] (net)
                      0.200000    0.000008    0.239990 ^ xp5_s2l2[4].u_xp5/_36_/A (INVx1)
     2    0.000262    0.000000    0.000000    0.239990 v xp5_s2l2[4].u_xp5/_36_/Y (INVx1)
                                                         xp5_s2l2[4].u_xp5/_08_ (net)
                      0.000000    0.000004    0.239994 v xp5_s2l2[4].u_xp5/_59_/A (NOR2x1)
     1    0.070107    0.000000    0.000000    0.239994 ^ xp5_s2l2[4].u_xp5/_59_/Y (NOR2x1)
                                                         xp5_s2l2[4].u_xp5/sum_bit[0].grid_and (net)
                      0.000000    0.002090    0.242084 ^ xp5_s2l2[4].u_xp5/_61_/A (BUFx1)
     2    0.000231    0.200000    0.188000    0.430084 ^ xp5_s2l2[4].u_xp5/_61_/Y (BUFx1)
                                                         r4_split[4].boh[0] (net)
                      0.200000    0.000003    0.430088 ^ _698_/B (NOR2x1)
     1    0.000148    0.000000    0.000000    0.430088 v _698_/Y (NOR2x1)
                                                         _261_ (net)
                      0.000000    0.000002    0.430090 v _699_/B (NAND2x1)
     2    0.000378    0.000000    0.000000    0.430090 ^ _699_/Y (NAND2x1)
                                                         hi_flat[12] (net)
                      0.000000    0.000016    0.430106 ^ xp3_hi_l1[2].u_xp3/_10_/A (INVx1)
     2    0.000246    0.000000    0.000000    0.430106 v xp3_hi_l1[2].u_xp3/_10_/Y (INVx1)
                                                         xp3_hi_l1[2].u_xp3/_00_ (net)
                      0.000000    0.000004    0.430110 v xp3_hi_l1[2].u_xp3/_23_/B (NOR2x1)
     1    0.070695    0.000000    0.000000    0.430110 ^ xp3_hi_l1[2].u_xp3/_23_/Y (NOR2x1)
                                                         xp3_hi_l1[2].u_xp3/sum_bit[0].grid_and (net)
                      0.000000    0.009512    0.439623 ^ xp3_hi_l1[2].u_xp3/_25_/A (BUFx1)
     2    0.000789    0.200000    0.188000    0.627623 ^ xp3_hi_l1[2].u_xp3/_25_/Y (BUFx1)
                                                         hl1_flat[10] (net)
                      0.200000    0.000092    0.627715 ^ xp5_hi_l2[1].u_xp5/_26_/A (INVx1)
     4    0.000535    0.000000    0.000000    0.627715 v xp5_hi_l2[1].u_xp5/_26_/Y (INVx1)
                                                         xp5_hi_l2[1].u_xp5/_00_ (net)
                      0.000000    0.000012    0.627727 v xp5_hi_l2[1].u_xp5/_59_/B (NOR2x1)
     1    0.070077    0.000000    0.000000    0.627727 ^ xp5_hi_l2[1].u_xp5/_59_/Y (NOR2x1)
                                                         xp5_hi_l2[1].u_xp5/sum_bit[0].grid_and (net)
                      0.000000    0.001100    0.628827 ^ xp5_hi_l2[1].u_xp5/_61_/A (BUFx1)
     6    0.000914    0.200000    0.188000    0.816827 ^ xp5_hi_l2[1].u_xp5/_61_/Y (BUFx1)
                                                         hl2_flat[9] (net)
                      0.200000    0.000023    0.816850 ^ u_xp9_hi_l3/_101_/A (INVx1)
     4    0.000850    0.000000    0.000000    0.816850 v u_xp9_hi_l3/_101_/Y (INVx1)
                                                         u_xp9_hi_l3/_043_ (net)
                      0.000000    0.000012    0.816862 v u_xp9_hi_l3/_205_/A (NOR2x1)
     1    0.070072    0.000000    0.000000    0.816862 ^ u_xp9_hi_l3/_205_/Y (NOR2x1)
                                                         u_xp9_hi_l3/sum_bit[0].grid_and (net)
                      0.000000    0.001630    0.818492 ^ u_xp9_hi_l3/_207_/A (BUFx1)
     3    0.000437    0.200000    0.188000    1.006492 ^ u_xp9_hi_l3/_207_/Y (BUFx1)
                                                         high_sum[0] (net)
                      0.200000    0.000017    1.006509 ^ u_xp17x7_carry/_148_/A (INVx1)
     5    0.000697    0.000000    0.000000    1.006509 v u_xp17x7_carry/_148_/Y (INVx1)
                                                         u_xp17x7_carry/_102_ (net)
                      0.000000    0.000017    1.006526 v u_xp17x7_carry/_183_/A1 (OAI21x1)
     1    0.000098    0.000000    0.000000    1.006526 ^ u_xp17x7_carry/_183_/Y (OAI21x1)
                                                         u_xp17x7_carry/_132_ (net)
                      0.000000    0.000000    1.006527 ^ u_xp17x7_carry/_186_/A (NOR2x1)
     1    0.000124    0.000000    0.000000    1.006527 v u_xp17x7_carry/_186_/Y (NOR2x1)
                                                         u_xp17x7_carry/_135_ (net)
                      0.000000    0.000001    1.006528 v u_xp17x7_carry/_191_/A (NAND2x1)
     2    0.000222    0.000000    0.000000    1.006528 ^ u_xp17x7_carry/_191_/Y (NAND2x1)
                                                         upper[6] (net)
                      0.000000    0.000003    1.006531 ^ _361_/A (INVx1)
     1    0.000098    0.000000    0.000000    1.006531 v _361_/Y (INVx1)
                                                         _052_ (net)
                      0.000000    0.000000    1.006532 v _362_/B (NAND2x1)
     1    0.000129    0.000000    0.000000    1.006532 ^ _362_/Y (NAND2x1)
                                                         _053_ (net)
                      0.000000    0.000001    1.006533 ^ _363_/A (NOR2x1)
     1    0.000147    0.000000    0.000000    1.006533 v _363_/Y (NOR2x1)
                                                         _054_ (net)
                      0.000000    0.000002    1.006535 v _364_/B (NAND2x1)
     1    0.000407    0.000000    0.000000    1.006535 ^ _364_/Y (NAND2x1)
                                                         hd[3] (net)
                      0.000000    0.000020    1.006555 ^ hd[3] (out)
                                              1.006555   data arrival time

                      0.000000    0.200000    0.200000   clock vclk (rise edge)
                                  0.000000    0.200000   clock network delay (ideal)
                                  0.000000    0.200000   clock reconvergence pessimism
                                 -0.050000    0.150000   output external delay
                                              0.150000   data required time
---------------------------------------------------------------------------------------------
                                              0.150000   data required time
                                             -1.006555   data arrival time
---------------------------------------------------------------------------------------------
                                             -0.856555   slack (VIOLATED)


Startpoint: B[38] (input port clocked by vclk)
Endpoint: hd[4] (output port clocked by vclk)
Path Group: vclk
Path Type: max

Fanout         Cap        Slew       Delay        Time   Description
---------------------------------------------------------------------------------------------
                      0.000000    0.000000    0.000000   clock vclk (rise edge)
                                  0.000000    0.000000   clock network delay (ideal)
                                  0.050000    0.050000 v input external delay
     1    0.000274    0.100000    0.000000    0.050000 v B[38] (in)
                                                         B[38] (net)
                      0.100024    0.000008    0.050008 v _522_/B (XNOR2x1)
     2    0.000281    0.000000    0.000000    0.050008 ^ _522_/Y (XNOR2x1)
                                                         _152_ (net)
                      0.000000    0.000005    0.050013 ^ _523_/A (INVx1)
     1    0.000104    0.000000    0.000000    0.050013 v _523_/Y (INVx1)
                                                         _153_ (net)
                      0.000000    0.000000    0.050014 v _526_/A (NOR2x1)
     3    0.000390    0.000000    0.000000    0.050014 ^ _526_/Y (NOR2x1)
                                                         cell_oh_flat[57] (net)
                      0.000000    0.000012    0.050025 ^ xp3_s2l1[9].u_xp3/_16_/A (INVx1)
     2    0.000266    0.000000    0.000000    0.050025 v xp3_s2l1[9].u_xp3/_16_/Y (INVx1)
                                                         xp3_s2l1[9].u_xp3/_05_ (net)
                      0.000000    0.000000    0.050026 v xp3_s2l1[9].u_xp3/_23_/A (NOR2x1)
     1    0.070119    0.000000    0.000000    0.050026 ^ xp3_s2l1[9].u_xp3/_23_/Y (NOR2x1)
                                                         xp3_s2l1[9].u_xp3/sum_bit[0].grid_and (net)
                      0.000000    0.001956    0.051983 ^ xp3_s2l1[9].u_xp3/_25_/A (BUFx1)
     4    0.000561    0.200000    0.188000    0.239983 ^ xp3_s2l1[9].u_xp3/_25_/Y (BUFx1)
                                                         ps_flat[45] (net)
                      0.200000    0.000008    0.239990 ^ xp5_s2l2[4].u_xp5/_36_/A (INVx1)
     2    0.000262    0.000000    0.000000    0.239990 v xp5_s2l2[4].u_xp5/_36_/Y (INVx1)
                                                         xp5_s2l2[4].u_xp5/_08_ (net)
                      0.000000    0.000004    0.239994 v xp5_s2l2[4].u_xp5/_59_/A (NOR2x1)
     1    0.070107    0.000000    0.000000    0.239994 ^ xp5_s2l2[4].u_xp5/_59_/Y (NOR2x1)
                                                         xp5_s2l2[4].u_xp5/sum_bit[0].grid_and (net)
                      0.000000    0.002090    0.242084 ^ xp5_s2l2[4].u_xp5/_61_/A (BUFx1)
     2    0.000231    0.200000    0.188000    0.430084 ^ xp5_s2l2[4].u_xp5/_61_/Y (BUFx1)
                                                         r4_split[4].boh[0] (net)
                      0.200000    0.000003    0.430088 ^ _698_/B (NOR2x1)
     1    0.000148    0.000000    0.000000    0.430088 v _698_/Y (NOR2x1)
                                                         _261_ (net)
                      0.000000    0.000002    0.430090 v _699_/B (NAND2x1)
     2    0.000378    0.000000    0.000000    0.430090 ^ _699_/Y (NAND2x1)
                                                         hi_flat[12] (net)
                      0.000000    0.000016    0.430106 ^ xp3_hi_l1[2].u_xp3/_10_/A (INVx1)
     2    0.000246    0.000000    0.000000    0.430106 v xp3_hi_l1[2].u_xp3/_10_/Y (INVx1)
                                                         xp3_hi_l1[2].u_xp3/_00_ (net)
                      0.000000    0.000004    0.430110 v xp3_hi_l1[2].u_xp3/_23_/B (NOR2x1)
     1    0.070695    0.000000    0.000000    0.430110 ^ xp3_hi_l1[2].u_xp3/_23_/Y (NOR2x1)
                                                         xp3_hi_l1[2].u_xp3/sum_bit[0].grid_and (net)
                      0.000000    0.009512    0.439623 ^ xp3_hi_l1[2].u_xp3/_25_/A (BUFx1)
     2    0.000789    0.200000    0.188000    0.627623 ^ xp3_hi_l1[2].u_xp3/_25_/Y (BUFx1)
                                                         hl1_flat[10] (net)
                      0.200000    0.000092    0.627715 ^ xp5_hi_l2[1].u_xp5/_26_/A (INVx1)
     4    0.000535    0.000000    0.000000    0.627715 v xp5_hi_l2[1].u_xp5/_26_/Y (INVx1)
                                                         xp5_hi_l2[1].u_xp5/_00_ (net)
                      0.000000    0.000012    0.627727 v xp5_hi_l2[1].u_xp5/_59_/B (NOR2x1)
     1    0.070077    0.000000    0.000000    0.627727 ^ xp5_hi_l2[1].u_xp5/_59_/Y (NOR2x1)
                                                         xp5_hi_l2[1].u_xp5/sum_bit[0].grid_and (net)
                      0.000000    0.001100    0.628827 ^ xp5_hi_l2[1].u_xp5/_61_/A (BUFx1)
     6    0.000914    0.200000    0.188000    0.816827 ^ xp5_hi_l2[1].u_xp5/_61_/Y (BUFx1)
                                                         hl2_flat[9] (net)
                      0.200000    0.000023    0.816850 ^ u_xp9_hi_l3/_101_/A (INVx1)
     4    0.000850    0.000000    0.000000    0.816850 v u_xp9_hi_l3/_101_/Y (INVx1)
                                                         u_xp9_hi_l3/_043_ (net)
                      0.000000    0.000012    0.816862 v u_xp9_hi_l3/_205_/A (NOR2x1)
     1    0.070072    0.000000    0.000000    0.816862 ^ u_xp9_hi_l3/_205_/Y (NOR2x1)
                                                         u_xp9_hi_l3/sum_bit[0].grid_and (net)
                      0.000000    0.001630    0.818492 ^ u_xp9_hi_l3/_207_/A (BUFx1)
     3    0.000437    0.200000    0.188000    1.006492 ^ u_xp9_hi_l3/_207_/Y (BUFx1)
                                                         high_sum[0] (net)
                      0.200000    0.000017    1.006509 ^ u_xp17x7_carry/_148_/A (INVx1)
     5    0.000697    0.000000    0.000000    1.006509 v u_xp17x7_carry/_148_/Y (INVx1)
                                                         u_xp17x7_carry/_102_ (net)
                      0.000000    0.000017    1.006526 v u_xp17x7_carry/_183_/A1 (OAI21x1)
     1    0.000098    0.000000    0.000000    1.006526 ^ u_xp17x7_carry/_183_/Y (OAI21x1)
                                                         u_xp17x7_carry/_132_ (net)
                      0.000000    0.000000    1.006527 ^ u_xp17x7_carry/_186_/A (NOR2x1)
     1    0.000124    0.000000    0.000000    1.006527 v u_xp17x7_carry/_186_/Y (NOR2x1)
                                                         u_xp17x7_carry/_135_ (net)
                      0.000000    0.000001    1.006528 v u_xp17x7_carry/_191_/A (NAND2x1)
     2    0.000222    0.000000    0.000000    1.006528 ^ u_xp17x7_carry/_191_/Y (NAND2x1)
                                                         upper[6] (net)
                      0.000000    0.000004    1.006532 ^ _366_/A (NOR2x1)
     1    0.000115    0.000000    0.000000    1.006532 v _366_/Y (NOR2x1)
                                                         _056_ (net)
                      0.000000    0.000001    1.006533 v _367_/A (NAND2x1)
     1    0.000108    0.000000    0.000000    1.006533 ^ _367_/Y (NAND2x1)
                                                         _057_ (net)
                      0.000000    0.000000    1.006534 ^ _368_/B (NOR2x1)
     1    0.000193    0.000000    0.000000    1.006534 v _368_/Y (NOR2x1)
                                                         _058_ (net)
                      0.000000    0.000003    1.006538 v _373_/A (NAND2x1)
     1    0.000235    0.000000    0.000000    1.006538 ^ _373_/Y (NAND2x1)
                                                         hd[4] (net)
                      0.000000    0.000008    1.006546 ^ hd[4] (out)
                                              1.006546   data arrival time

                      0.000000    0.200000    0.200000   clock vclk (rise edge)
                                  0.000000    0.200000   clock network delay (ideal)
                                  0.000000    0.200000   clock reconvergence pessimism
                                 -0.050000    0.150000   output external delay
                                              0.150000   data required time
---------------------------------------------------------------------------------------------
                                              0.150000   data required time
                                             -1.006546   data arrival time
---------------------------------------------------------------------------------------------
                                             -0.856546   slack (VIOLATED)


Startpoint: B[38] (input port clocked by vclk)
Endpoint: hd[2] (output port clocked by vclk)
Path Group: vclk
Path Type: max

Fanout         Cap        Slew       Delay        Time   Description
---------------------------------------------------------------------------------------------
                      0.000000    0.000000    0.000000   clock vclk (rise edge)
                                  0.000000    0.000000   clock network delay (ideal)
                                  0.050000    0.050000 v input external delay
     1    0.000274    0.100000    0.000000    0.050000 v B[38] (in)
                                                         B[38] (net)
                      0.100024    0.000008    0.050008 v _522_/B (XNOR2x1)
     2    0.000281    0.000000    0.000000    0.050008 ^ _522_/Y (XNOR2x1)
                                                         _152_ (net)
                      0.000000    0.000005    0.050013 ^ _523_/A (INVx1)
     1    0.000104    0.000000    0.000000    0.050013 v _523_/Y (INVx1)
                                                         _153_ (net)
                      0.000000    0.000000    0.050014 v _526_/A (NOR2x1)
     3    0.000390    0.000000    0.000000    0.050014 ^ _526_/Y (NOR2x1)
                                                         cell_oh_flat[57] (net)
                      0.000000    0.000012    0.050025 ^ xp3_s2l1[9].u_xp3/_16_/A (INVx1)
     2    0.000266    0.000000    0.000000    0.050025 v xp3_s2l1[9].u_xp3/_16_/Y (INVx1)
                                                         xp3_s2l1[9].u_xp3/_05_ (net)
                      0.000000    0.000000    0.050026 v xp3_s2l1[9].u_xp3/_23_/A (NOR2x1)
     1    0.070119    0.000000    0.000000    0.050026 ^ xp3_s2l1[9].u_xp3/_23_/Y (NOR2x1)
                                                         xp3_s2l1[9].u_xp3/sum_bit[0].grid_and (net)
                      0.000000    0.001956    0.051983 ^ xp3_s2l1[9].u_xp3/_25_/A (BUFx1)
     4    0.000561    0.200000    0.188000    0.239983 ^ xp3_s2l1[9].u_xp3/_25_/Y (BUFx1)
                                                         ps_flat[45] (net)
                      0.200000    0.000008    0.239990 ^ xp5_s2l2[4].u_xp5/_36_/A (INVx1)
     2    0.000262    0.000000    0.000000    0.239990 v xp5_s2l2[4].u_xp5/_36_/Y (INVx1)
                                                         xp5_s2l2[4].u_xp5/_08_ (net)
                      0.000000    0.000004    0.239994 v xp5_s2l2[4].u_xp5/_59_/A (NOR2x1)
     1    0.070107    0.000000    0.000000    0.239994 ^ xp5_s2l2[4].u_xp5/_59_/Y (NOR2x1)
                                                         xp5_s2l2[4].u_xp5/sum_bit[0].grid_and (net)
                      0.000000    0.002090    0.242084 ^ xp5_s2l2[4].u_xp5/_61_/A (BUFx1)
     2    0.000231    0.200000    0.188000    0.430084 ^ xp5_s2l2[4].u_xp5/_61_/Y (BUFx1)
                                                         r4_split[4].boh[0] (net)
                      0.200000    0.000003    0.430088 ^ _698_/B (NOR2x1)
     1    0.000148    0.000000    0.000000    0.430088 v _698_/Y (NOR2x1)
                                                         _261_ (net)
                      0.000000    0.000002    0.430090 v _699_/B (NAND2x1)
     2    0.000378    0.000000    0.000000    0.430090 ^ _699_/Y (NAND2x1)
                                                         hi_flat[12] (net)
                      0.000000    0.000016    0.430106 ^ xp3_hi_l1[2].u_xp3/_10_/A (INVx1)
     2    0.000246    0.000000    0.000000    0.430106 v xp3_hi_l1[2].u_xp3/_10_/Y (INVx1)
                                                         xp3_hi_l1[2].u_xp3/_00_ (net)
                      0.000000    0.000004    0.430110 v xp3_hi_l1[2].u_xp3/_23_/B (NOR2x1)
     1    0.070695    0.000000    0.000000    0.430110 ^ xp3_hi_l1[2].u_xp3/_23_/Y (NOR2x1)
                                                         xp3_hi_l1[2].u_xp3/sum_bit[0].grid_and (net)
                      0.000000    0.009512    0.439623 ^ xp3_hi_l1[2].u_xp3/_25_/A (BUFx1)
     2    0.000789    0.200000    0.188000    0.627623 ^ xp3_hi_l1[2].u_xp3/_25_/Y (BUFx1)
                                                         hl1_flat[10] (net)
                      0.200000    0.000092    0.627715 ^ xp5_hi_l2[1].u_xp5/_26_/A (INVx1)
     4    0.000535    0.000000    0.000000    0.627715 v xp5_hi_l2[1].u_xp5/_26_/Y (INVx1)
                                                         xp5_hi_l2[1].u_xp5/_00_ (net)
                      0.000000    0.000012    0.627727 v xp5_hi_l2[1].u_xp5/_59_/B (NOR2x1)
     1    0.070077    0.000000    0.000000    0.627727 ^ xp5_hi_l2[1].u_xp5/_59_/Y (NOR2x1)
                                                         xp5_hi_l2[1].u_xp5/sum_bit[0].grid_and (net)
                      0.000000    0.001100    0.628827 ^ xp5_hi_l2[1].u_xp5/_61_/A (BUFx1)
     6    0.000914    0.200000    0.188000    0.816827 ^ xp5_hi_l2[1].u_xp5/_61_/Y (BUFx1)
                                                         hl2_flat[9] (net)
                      0.200000    0.000023    0.816850 ^ u_xp9_hi_l3/_101_/A (INVx1)
     4    0.000850    0.000000    0.000000    0.816850 v u_xp9_hi_l3/_101_/Y (INVx1)
                                                         u_xp9_hi_l3/_043_ (net)
                      0.000000    0.000012    0.816862 v u_xp9_hi_l3/_205_/A (NOR2x1)
     1    0.070072    0.000000    0.000000    0.816862 ^ u_xp9_hi_l3/_205_/Y (NOR2x1)
                                                         u_xp9_hi_l3/sum_bit[0].grid_and (net)
                      0.000000    0.001630    0.818492 ^ u_xp9_hi_l3/_207_/A (BUFx1)
     3    0.000437    0.200000    0.188000    1.006492 ^ u_xp9_hi_l3/_207_/Y (BUFx1)
                                                         high_sum[0] (net)
                      0.200000    0.000017    1.006509 ^ u_xp17x7_carry/_148_/A (INVx1)
     5    0.000697    0.000000    0.000000    1.006509 v u_xp17x7_carry/_148_/Y (INVx1)
                                                         u_xp17x7_carry/_102_ (net)
                      0.000000    0.000009    1.006518 v u_xp17x7_carry/_162_/A1 (OAI21x1)
     2    0.000277    0.000000    0.000000    1.006518 ^ u_xp17x7_carry/_162_/Y (OAI21x1)
                                                         upper[3] (net)
                      0.000000    0.000005    1.006524 ^ _349_/B (NOR2x1)
     1    0.000181    0.000000    0.000000    1.006524 v _349_/Y (NOR2x1)
                                                         _041_ (net)
                      0.000000    0.000004    1.006527 v _350_/B (NAND2x1)
     1    0.000126    0.000000    0.000000    1.006527 ^ _350_/Y (NAND2x1)
                                                         _042_ (net)
                      0.000000    0.000002    1.006529 ^ _351_/B (NOR2x1)
     1    0.000109    0.000000    0.000000    1.006529 v _351_/Y (NOR2x1)
                                                         _043_ (net)
                      0.000000    0.000000    1.006530 v _352_/B (NAND2x1)
     1    0.000252    0.000000    0.000000    1.006530 ^ _352_/Y (NAND2x1)
                                                         hd[2] (net)
                      0.000000    0.000009    1.006539 ^ hd[2] (out)
                                              1.006539   data arrival time

                      0.000000    0.200000    0.200000   clock vclk (rise edge)
                                  0.000000    0.200000   clock network delay (ideal)
                                  0.000000    0.200000   clock reconvergence pessimism
                                 -0.050000    0.150000   output external delay
                                              0.150000   data required time
---------------------------------------------------------------------------------------------
                                              0.150000   data required time
                                             -1.006539   data arrival time
---------------------------------------------------------------------------------------------
                                             -0.856539   slack (VIOLATED)


Startpoint: B[5] (input port clocked by vclk)
Endpoint: hd[5] (output port clocked by vclk)
Path Group: vclk
Path Type: max

Fanout         Cap        Slew       Delay        Time   Description
---------------------------------------------------------------------------------------------
                      0.000000    0.000000    0.000000   clock vclk (rise edge)
                                  0.000000    0.000000   clock network delay (ideal)
                                  0.050000    0.050000 v input external delay
     1    0.000170    0.100000    0.000000    0.050000 v B[5] (in)
                                                         B[5] (net)
                      0.100006    0.000002    0.050002 v _405_/B (XNOR2x1)
     2    0.000239    0.000000    0.000000    0.050002 ^ _405_/Y (XNOR2x1)
                                                         _086_ (net)
                      0.000000    0.000004    0.050006 ^ _406_/A (INVx1)
     1    0.000114    0.000000    0.000000    0.050006 v _406_/Y (INVx1)
                                                         _087_ (net)
                      0.000000    0.000001    0.050007 v _407_/B (NOR2x1)
     3    0.000468    0.000000    0.000000    0.050007 ^ _407_/Y (NOR2x1)
                                                         cell_oh_flat[6] (net)
                      0.000000    0.000013    0.050021 ^ xp3_s2l1[1].u_xp3/_10_/A (INVx1)
     2    0.000209    0.000000    0.000000    0.050021 v xp3_s2l1[1].u_xp3/_10_/Y (INVx1)
                                                         xp3_s2l1[1].u_xp3/_00_ (net)
                      0.000000    0.000003    0.050023 v xp3_s2l1[1].u_xp3/_23_/B (NOR2x1)
     1    0.070090    0.000000    0.000000    0.050023 ^ xp3_s2l1[1].u_xp3/_23_/Y (NOR2x1)
                                                         xp3_s2l1[1].u_xp3/sum_bit[0].grid_and (net)
                      0.000000    0.001562    0.051585 ^ xp3_s2l1[1].u_xp3/_25_/A (BUFx1)
     4    0.000569    0.200000    0.188000    0.239585 ^ xp3_s2l1[1].u_xp3/_25_/Y (BUFx1)
                                                         ps_flat[5] (net)
                      0.200000    0.000011    0.239596 ^ xp5_s2l2[0].u_xp5/_36_/A (INVx1)
     2    0.000360    0.000000    0.000000    0.239596 v xp5_s2l2[0].u_xp5/_36_/Y (INVx1)
                                                         xp5_s2l2[0].u_xp5/_08_ (net)
                      0.000000    0.000007    0.239604 v xp5_s2l2[0].u_xp5/_59_/A (NOR2x1)
     1    0.070138    0.000000    0.000000    0.239604 ^ xp5_s2l2[0].u_xp5/_59_/Y (NOR2x1)
                                                         xp5_s2l2[0].u_xp5/sum_bit[0].grid_and (net)
                      0.000000    0.002054    0.241658 ^ xp5_s2l2[0].u_xp5/_61_/A (BUFx1)
     2    0.000222    0.200000    0.188000    0.429658 ^ xp5_s2l2[0].u_xp5/_61_/Y (BUFx1)
                                                         r4_split[0].boh[0] (net)
                      0.200000    0.000002    0.429660 ^ _613_/A (NOR2x1)
     1    0.000130    0.000000    0.000000    0.429660 v _613_/Y (NOR2x1)
                                                         _204_ (net)
                      0.000000    0.000002    0.429662 v _615_/A (NAND2x1)
     3    0.000563    0.000000    0.000000    0.429662 ^ _615_/Y (NAND2x1)
                                                         lo_flat[0] (net)
                      0.000000    0.000034    0.429696 ^ xp4_lo_l1[0].u_xp4/_18_/A (INVx1)
     2    0.000217    0.000000    0.000000    0.429696 v xp4_lo_l1[0].u_xp4/_18_/Y (INVx1)
                                                         xp4_lo_l1[0].u_xp4/_00_ (net)
                      0.000000    0.000002    0.429698 v xp4_lo_l1[0].u_xp4/_41_/B (NOR2x1)
     1    0.070077    0.000000    0.000000    0.429698 ^ xp4_lo_l1[0].u_xp4/_41_/Y (NOR2x1)
                                                         xp4_lo_l1[0].u_xp4/sum_bit[0].grid_and (net)
                      0.000000    0.001696    0.431394 ^ xp4_lo_l1[0].u_xp4/_43_/A (BUFx1)
     4    0.000935    0.200000    0.188000    0.619394 ^ xp4_lo_l1[0].u_xp4/_43_/Y (BUFx1)
                                                         ll1_flat[0] (net)
                      0.200000    0.000083    0.619477 ^ xp7_lo_l2[0].u_xp7/_058_/A (INVx1)
     4    0.000665    0.000000    0.000000    0.619477 v xp7_lo_l2[0].u_xp7/_058_/Y (INVx1)
                                                         xp7_lo_l2[0].u_xp7/_000_ (net)
                      0.000000    0.000029    0.619505 v xp7_lo_l2[0].u_xp7/_127_/B (NOR2x1)
     1    0.070033    0.000000    0.000000    0.619505 ^ xp7_lo_l2[0].u_xp7/_127_/Y (NOR2x1)
                                                         xp7_lo_l2[0].u_xp7/sum_bit[0].grid_and (net)
                      0.000000    0.000509    0.620015 ^ xp7_lo_l2[0].u_xp7/_129_/A (BUFx1)
     6    0.001397    0.200000    0.188000    0.808015 ^ xp7_lo_l2[0].u_xp7/_129_/Y (BUFx1)
                                                         ll2_flat[0] (net)
                      0.200000    0.000126    0.808141 ^ u_xp13_lo_l3/_214_/A (INVx1)
     8    0.001793    0.000000    0.000000    0.808141 v u_xp13_lo_l3/_214_/Y (INVx1)
                                                         u_xp13_lo_l3/_172_ (net)
                      0.000000    0.000082    0.808223 v u_xp13_lo_l3/_451_/B (NOR2x1)
     1    0.070097    0.000000    0.000000    0.808223 ^ u_xp13_lo_l3/_451_/Y (NOR2x1)
                                                         u_xp13_lo_l3/sum_bit[0].grid_and (net)
                      0.000000    0.001363    0.809586 ^ u_xp13_lo_l3/_453_/A (BUFx1)
     1    0.000090    0.200000    0.188000    0.997586 ^ u_xp13_lo_l3/_453_/Y (BUFx1)
                                                         low_sum[0] (net)
                      0.200000    0.000000    0.997586 ^ _301_/B (NOR2x1)
     1    0.000125    0.000000    0.000000    0.997586 v _301_/Y (NOR2x1)
                                                         _001_ (net)
                      0.000000    0.000002    0.997588 v _302_/B (NAND2x1)
    15    0.003721    0.000000    0.000000    0.997588 ^ _302_/Y (NAND2x1)
                                                         carry[0] (net)
                      0.000000    0.000878    0.998466 ^ u_xp17x7_carry/_259_/A1 (AOI21x1)
     1    0.000119    0.000000    0.000000    0.998466 v u_xp17x7_carry/_259_/Y (AOI21x1)
                                                         u_xp17x7_carry/_053_ (net)
                      0.000000    0.000001    0.998467 v u_xp17x7_carry/_260_/B (NAND2x1)
     1    0.000260    0.000000    0.000000    0.998467 ^ u_xp17x7_carry/_260_/Y (NAND2x1)
                                                         upper[13] (net)
                      0.000000    0.000006    0.998473 ^ _346_/B (NOR2x1)
     2    0.000636    0.000000    0.000000    0.998473 v _346_/Y (NOR2x1)
                                                         _038_ (net)
                      0.000000    0.000009    0.998482 v _347_/B (NAND2x1)
     2    0.000678    0.000000    0.000000    0.998482 ^ _347_/Y (NAND2x1)
                                                         _039_ (net)
                      0.000000    0.000010    0.998492 ^ _379_/A (INVx1)
     1    0.000120    0.000000    0.000000    0.998492 v _379_/Y (INVx1)
                                                         _068_ (net)
                      0.000000    0.000001    0.998494 v _380_/B (NAND2x1)
     1    0.000290    0.000000    0.000000    0.998494 ^ _380_/Y (NAND2x1)
                                                         hd[5] (net)
                      0.000000    0.000011    0.998505 ^ hd[5] (out)
                                              0.998505   data arrival time

                      0.000000    0.200000    0.200000   clock vclk (rise edge)
                                  0.000000    0.200000   clock network delay (ideal)
                                  0.000000    0.200000   clock reconvergence pessimism
                                 -0.050000    0.150000   output external delay
                                              0.150000   data required time
---------------------------------------------------------------------------------------------
                                              0.150000   data required time
                                             -0.998505   data arrival time
---------------------------------------------------------------------------------------------
                                             -0.848505   slack (VIOLATED)


Startpoint: B[5] (input port clocked by vclk)
Endpoint: hd[6] (output port clocked by vclk)
Path Group: vclk
Path Type: max

Fanout         Cap        Slew       Delay        Time   Description
---------------------------------------------------------------------------------------------
                      0.000000    0.000000    0.000000   clock vclk (rise edge)
                                  0.000000    0.000000   clock network delay (ideal)
                                  0.050000    0.050000 v input external delay
     1    0.000170    0.100000    0.000000    0.050000 v B[5] (in)
                                                         B[5] (net)
                      0.100006    0.000002    0.050002 v _405_/B (XNOR2x1)
     2    0.000239    0.000000    0.000000    0.050002 ^ _405_/Y (XNOR2x1)
                                                         _086_ (net)
                      0.000000    0.000004    0.050006 ^ _406_/A (INVx1)
     1    0.000114    0.000000    0.000000    0.050006 v _406_/Y (INVx1)
                                                         _087_ (net)
                      0.000000    0.000001    0.050007 v _407_/B (NOR2x1)
     3    0.000468    0.000000    0.000000    0.050007 ^ _407_/Y (NOR2x1)
                                                         cell_oh_flat[6] (net)
                      0.000000    0.000013    0.050021 ^ xp3_s2l1[1].u_xp3/_10_/A (INVx1)
     2    0.000209    0.000000    0.000000    0.050021 v xp3_s2l1[1].u_xp3/_10_/Y (INVx1)
                                                         xp3_s2l1[1].u_xp3/_00_ (net)
                      0.000000    0.000003    0.050023 v xp3_s2l1[1].u_xp3/_23_/B (NOR2x1)
     1    0.070090    0.000000    0.000000    0.050023 ^ xp3_s2l1[1].u_xp3/_23_/Y (NOR2x1)
                                                         xp3_s2l1[1].u_xp3/sum_bit[0].grid_and (net)
                      0.000000    0.001562    0.051585 ^ xp3_s2l1[1].u_xp3/_25_/A (BUFx1)
     4    0.000569    0.200000    0.188000    0.239585 ^ xp3_s2l1[1].u_xp3/_25_/Y (BUFx1)
                                                         ps_flat[5] (net)
                      0.200000    0.000011    0.239596 ^ xp5_s2l2[0].u_xp5/_36_/A (INVx1)
     2    0.000360    0.000000    0.000000    0.239596 v xp5_s2l2[0].u_xp5/_36_/Y (INVx1)
                                                         xp5_s2l2[0].u_xp5/_08_ (net)
                      0.000000    0.000007    0.239604 v xp5_s2l2[0].u_xp5/_59_/A (NOR2x1)
     1    0.070138    0.000000    0.000000    0.239604 ^ xp5_s2l2[0].u_xp5/_59_/Y (NOR2x1)
                                                         xp5_s2l2[0].u_xp5/sum_bit[0].grid_and (net)
                      0.000000    0.002054    0.241658 ^ xp5_s2l2[0].u_xp5/_61_/A (BUFx1)
     2    0.000222    0.200000    0.188000    0.429658 ^ xp5_s2l2[0].u_xp5/_61_/Y (BUFx1)
                                                         r4_split[0].boh[0] (net)
                      0.200000    0.000002    0.429660 ^ _613_/A (NOR2x1)
     1    0.000130    0.000000    0.000000    0.429660 v _613_/Y (NOR2x1)
                                                         _204_ (net)
                      0.000000    0.000002    0.429662 v _615_/A (NAND2x1)
     3    0.000563    0.000000    0.000000    0.429662 ^ _615_/Y (NAND2x1)
                                                         lo_flat[0] (net)
                      0.000000    0.000034    0.429696 ^ xp4_lo_l1[0].u_xp4/_18_/A (INVx1)
     2    0.000217    0.000000    0.000000    0.429696 v xp4_lo_l1[0].u_xp4/_18_/Y (INVx1)
                                                         xp4_lo_l1[0].u_xp4/_00_ (net)
                      0.000000    0.000002    0.429698 v xp4_lo_l1[0].u_xp4/_41_/B (NOR2x1)
     1    0.070077    0.000000    0.000000    0.429698 ^ xp4_lo_l1[0].u_xp4/_41_/Y (NOR2x1)
                                                         xp4_lo_l1[0].u_xp4/sum_bit[0].grid_and (net)
                      0.000000    0.001696    0.431394 ^ xp4_lo_l1[0].u_xp4/_43_/A (BUFx1)
     4    0.000935    0.200000    0.188000    0.619394 ^ xp4_lo_l1[0].u_xp4/_43_/Y (BUFx1)
                                                         ll1_flat[0] (net)
                      0.200000    0.000083    0.619477 ^ xp7_lo_l2[0].u_xp7/_058_/A (INVx1)
     4    0.000665    0.000000    0.000000    0.619477 v xp7_lo_l2[0].u_xp7/_058_/Y (INVx1)
                                                         xp7_lo_l2[0].u_xp7/_000_ (net)
                      0.000000    0.000029    0.619505 v xp7_lo_l2[0].u_xp7/_127_/B (NOR2x1)
     1    0.070033    0.000000    0.000000    0.619505 ^ xp7_lo_l2[0].u_xp7/_127_/Y (NOR2x1)
                                                         xp7_lo_l2[0].u_xp7/sum_bit[0].grid_and (net)
                      0.000000    0.000509    0.620015 ^ xp7_lo_l2[0].u_xp7/_129_/A (BUFx1)
     6    0.001397    0.200000    0.188000    0.808015 ^ xp7_lo_l2[0].u_xp7/_129_/Y (BUFx1)
                                                         ll2_flat[0] (net)
                      0.200000    0.000126    0.808141 ^ u_xp13_lo_l3/_214_/A (INVx1)
     8    0.001793    0.000000    0.000000    0.808141 v u_xp13_lo_l3/_214_/Y (INVx1)
                                                         u_xp13_lo_l3/_172_ (net)
                      0.000000    0.000082    0.808223 v u_xp13_lo_l3/_451_/B (NOR2x1)
     1    0.070097    0.000000    0.000000    0.808223 ^ u_xp13_lo_l3/_451_/Y (NOR2x1)
                                                         u_xp13_lo_l3/sum_bit[0].grid_and (net)
                      0.000000    0.001363    0.809586 ^ u_xp13_lo_l3/_453_/A (BUFx1)
     1    0.000090    0.200000    0.188000    0.997586 ^ u_xp13_lo_l3/_453_/Y (BUFx1)
                                                         low_sum[0] (net)
                      0.200000    0.000000    0.997586 ^ _301_/B (NOR2x1)
     1    0.000125    0.000000    0.000000    0.997586 v _301_/Y (NOR2x1)
                                                         _001_ (net)
                      0.000000    0.000002    0.997588 v _302_/B (NAND2x1)
    15    0.003721    0.000000    0.000000    0.997588 ^ _302_/Y (NAND2x1)
                                                         carry[0] (net)
                      0.000000    0.000844    0.998432 ^ u_xp17x7_carry/_289_/A1 (AOI21x1)
     1    0.000107    0.000000    0.000000    0.998432 v u_xp17x7_carry/_289_/Y (AOI21x1)
                                                         u_xp17x7_carry/_080_ (net)
                      0.000000    0.000000    0.998433 v u_xp17x7_carry/_290_/B (NAND2x1)
     1    0.000230    0.000000    0.000000    0.998433 ^ u_xp17x7_carry/_290_/Y (NAND2x1)
                                                         upper[16] (net)
                      0.000000    0.000006    0.998439 ^ _381_/A (INVx1)
     1    0.000179    0.000000    0.000000    0.998439 v _381_/Y (INVx1)
                                                         _069_ (net)
                      0.000000    0.000003    0.998442 v _383_/A (NAND2x1)
     1    0.000162    0.000000    0.000000    0.998442 ^ _383_/Y (NAND2x1)
                                                         _071_ (net)
                      0.000000    0.000002    0.998444 ^ _387_/A (NOR2x1)
     1    0.000132    0.000000    0.000000    0.998444 v _387_/Y (NOR2x1)
                                                         _075_ (net)
                      0.000000    0.000001    0.998445 v _388_/A (NAND2x1)
     1    0.000241    0.000000    0.000000    0.998445 ^ _388_/Y (NAND2x1)
                                                         hd[6] (net)
                      0.000000    0.000008    0.998454 ^ hd[6] (out)
                                              0.998454   data arrival time

                      0.000000    0.200000    0.200000   clock vclk (rise edge)
                                  0.000000    0.200000   clock network delay (ideal)
                                  0.000000    0.200000   clock reconvergence pessimism
                                 -0.050000    0.150000   output external delay
                                              0.150000   data required time
---------------------------------------------------------------------------------------------
                                              0.150000   data required time
                                             -0.998454   data arrival time
---------------------------------------------------------------------------------------------
                                             -0.848454   slack (VIOLATED)


Startpoint: B[38] (input port clocked by vclk)
Endpoint: hd[1] (output port clocked by vclk)
Path Group: vclk
Path Type: max

Fanout         Cap        Slew       Delay        Time   Description
---------------------------------------------------------------------------------------------
                      0.000000    0.000000    0.000000   clock vclk (rise edge)
                                  0.000000    0.000000   clock network delay (ideal)
                                  0.050000    0.050000 v input external delay
     1    0.000274    0.100000    0.000000    0.050000 v B[38] (in)
                                                         B[38] (net)
                      0.100024    0.000008    0.050008 v _522_/B (XNOR2x1)
     2    0.000281    0.000000    0.000000    0.050008 ^ _522_/Y (XNOR2x1)
                                                         _152_ (net)
                      0.000000    0.000005    0.050013 ^ _523_/A (INVx1)
     1    0.000104    0.000000    0.000000    0.050013 v _523_/Y (INVx1)
                                                         _153_ (net)
                      0.000000    0.000000    0.050014 v _526_/A (NOR2x1)
     3    0.000390    0.000000    0.000000    0.050014 ^ _526_/Y (NOR2x1)
                                                         cell_oh_flat[57] (net)
                      0.000000    0.000012    0.050025 ^ xp3_s2l1[9].u_xp3/_16_/A (INVx1)
     2    0.000266    0.000000    0.000000    0.050025 v xp3_s2l1[9].u_xp3/_16_/Y (INVx1)
                                                         xp3_s2l1[9].u_xp3/_05_ (net)
                      0.000000    0.000000    0.050026 v xp3_s2l1[9].u_xp3/_23_/A (NOR2x1)
     1    0.070119    0.000000    0.000000    0.050026 ^ xp3_s2l1[9].u_xp3/_23_/Y (NOR2x1)
                                                         xp3_s2l1[9].u_xp3/sum_bit[0].grid_and (net)
                      0.000000    0.001956    0.051983 ^ xp3_s2l1[9].u_xp3/_25_/A (BUFx1)
     4    0.000561    0.200000    0.188000    0.239983 ^ xp3_s2l1[9].u_xp3/_25_/Y (BUFx1)
                                                         ps_flat[45] (net)
                      0.200000    0.000008    0.239990 ^ xp5_s2l2[4].u_xp5/_36_/A (INVx1)
     2    0.000262    0.000000    0.000000    0.239990 v xp5_s2l2[4].u_xp5/_36_/Y (INVx1)
                                                         xp5_s2l2[4].u_xp5/_08_ (net)
                      0.000000    0.000004    0.239994 v xp5_s2l2[4].u_xp5/_59_/A (NOR2x1)
     1    0.070107    0.000000    0.000000    0.239994 ^ xp5_s2l2[4].u_xp5/_59_/Y (NOR2x1)
                                                         xp5_s2l2[4].u_xp5/sum_bit[0].grid_and (net)
                      0.000000    0.002090    0.242084 ^ xp5_s2l2[4].u_xp5/_61_/A (BUFx1)
     2    0.000231    0.200000    0.188000    0.430084 ^ xp5_s2l2[4].u_xp5/_61_/Y (BUFx1)
                                                         r4_split[4].boh[0] (net)
                      0.200000    0.000004    0.430088 ^ _685_/A (NOR2x1)
     1    0.000134    0.000000    0.000000    0.430088 v _685_/Y (NOR2x1)
                                                         _252_ (net)
                      0.000000    0.000002    0.430090 v _687_/A (NAND2x1)
     3    0.000519    0.000000    0.000000    0.430090 ^ _687_/Y (NAND2x1)
                                                         lo_flat[16] (net)
                      0.000000    0.000020    0.430110 ^ xp4_lo_l1[2].u_xp4/_18_/A (INVx1)
     2    0.000249    0.000000    0.000000    0.430110 v xp4_lo_l1[2].u_xp4/_18_/Y (INVx1)
                                                         xp4_lo_l1[2].u_xp4/_00_ (net)
                      0.000000    0.000001    0.430111 v xp4_lo_l1[2].u_xp4/_41_/B (NOR2x1)
     1    0.070052    0.000000    0.000000    0.430111 ^ xp4_lo_l1[2].u_xp4/_41_/Y (NOR2x1)
                                                         xp4_lo_l1[2].u_xp4/sum_bit[0].grid_and (net)
                      0.000000    0.000772    0.430883 ^ xp4_lo_l1[2].u_xp4/_43_/A (BUFx1)
     4    0.000721    0.200000    0.188000    0.618883 ^ xp4_lo_l1[2].u_xp4/_43_/Y (BUFx1)
                                                         ll1_flat[14] (net)
                      0.200000    0.000043    0.618927 ^ xp7_lo_l2[1].u_xp7/_058_/A (INVx1)
     4    0.000530    0.000000    0.000000    0.618927 v xp7_lo_l2[1].u_xp7/_058_/Y (INVx1)
                                                         xp7_lo_l2[1].u_xp7/_000_ (net)
                      0.000000    0.000006    0.618932 v xp7_lo_l2[1].u_xp7/_127_/B (NOR2x1)
     1    0.070069    0.000000    0.000000    0.618932 ^ xp7_lo_l2[1].u_xp7/_127_/Y (NOR2x1)
                                                         xp7_lo_l2[1].u_xp7/sum_bit[0].grid_and (net)
                      0.000000    0.001134    0.620066 ^ xp7_lo_l2[1].u_xp7/_129_/A (BUFx1)
     7    0.001296    0.200000    0.188000    0.808066 ^ xp7_lo_l2[1].u_xp7/_129_/Y (BUFx1)
                                                         ll2_flat[13] (net)
                      0.200000    0.000086    0.808153 ^ u_xp13_lo_l3/_220_/A (INVx1)
     7    0.002065    0.000000    0.000000    0.808153 v u_xp13_lo_l3/_220_/Y (INVx1)
                                                         u_xp13_lo_l3/_177_ (net)
                      0.000000    0.000105    0.808258 v u_xp13_lo_l3/_319_/B (NOR2x1)
     1    0.000132    0.000000    0.000000    0.808258 ^ u_xp13_lo_l3/_319_/Y (NOR2x1)
                                                         u_xp13_lo_l3/_053_ (net)
                      0.000000    0.000002    0.808260 ^ u_xp13_lo_l3/_320_/B (AOI21x1)
     1    0.000133    0.000000    0.000000    0.808260 v u_xp13_lo_l3/_320_/Y (AOI21x1)
                                                         u_xp13_lo_l3/_054_ (net)
                      0.000000    0.000002    0.808262 v u_xp13_lo_l3/_321_/B (NAND2x1)
     1    0.000098    0.000000    0.000000    0.808262 ^ u_xp13_lo_l3/_321_/Y (NAND2x1)
                                                         u_xp13_lo_l3/_055_ (net)
                      0.000000    0.000000    0.808262 ^ u_xp13_lo_l3/_325_/A (NOR2x1)
     1    0.000127    0.000000    0.000000    0.808262 v u_xp13_lo_l3/_325_/Y (NOR2x1)
                                                         u_xp13_lo_l3/_059_ (net)
                      0.000000    0.000001    0.808263 v u_xp13_lo_l3/_333_/A (NAND2x1)
     2    0.000578    0.000000    0.000000    0.808263 ^ u_xp13_lo_l3/_333_/Y (NAND2x1)
                                                         low_sum[11] (net)
                      0.000000    0.000034    0.808298 ^ _326_/A (INVx1)
     1    0.000103    0.000000    0.000000    0.808298 v _326_/Y (INVx1)
                                                         _020_ (net)
                      0.000000    0.000000    0.808298 v _327_/B (NAND2x1)
     1    0.000161    0.000000    0.000000    0.808298 ^ _327_/Y (NAND2x1)
                                                         _021_ (net)
                      0.000000    0.000003    0.808301 ^ _328_/A (NOR2x1)
     1    0.000109    0.000000    0.000000    0.808301 v _328_/Y (NOR2x1)
                                                         _022_ (net)
                      0.000000    0.000000    0.808302 v _330_/A (NAND2x1)
     1    0.000110    0.000000    0.000000    0.808302 ^ _330_/Y (NAND2x1)
                                                         _024_ (net)
                      0.000000    0.000001    0.808303 ^ _331_/A (NOR2x1)
     2    0.000337    0.000000    0.000000    0.808303 v _331_/Y (NOR2x1)
                                                         _025_ (net)
                      0.000000    0.000009    0.808312 v _340_/B (NAND2x1)
     1    0.000717    0.000000    0.000000    0.808312 ^ _340_/Y (NAND2x1)
                                                         hd[1] (net)
                      0.000000    0.000053    0.808365 ^ hd[1] (out)
                                              0.808365   data arrival time

                      0.000000    0.200000    0.200000   clock vclk (rise edge)
                                  0.000000    0.200000   clock network delay (ideal)
                                  0.000000    0.200000   clock reconvergence pessimism
                                 -0.050000    0.150000   output external delay
                                              0.150000   data required time
---------------------------------------------------------------------------------------------
                                              0.150000   data required time
                                             -0.808365   data arrival time
---------------------------------------------------------------------------------------------
                                             -0.658365   slack (VIOLATED)


Startpoint: B[38] (input port clocked by vclk)
Endpoint: hd[0] (output port clocked by vclk)
Path Group: vclk
Path Type: max

Fanout         Cap        Slew       Delay        Time   Description
---------------------------------------------------------------------------------------------
                      0.000000    0.000000    0.000000   clock vclk (rise edge)
                                  0.000000    0.000000   clock network delay (ideal)
                                  0.050000    0.050000 v input external delay
     1    0.000274    0.100000    0.000000    0.050000 v B[38] (in)
                                                         B[38] (net)
                      0.100024    0.000008    0.050008 v _522_/B (XNOR2x1)
     2    0.000281    0.000000    0.000000    0.050008 ^ _522_/Y (XNOR2x1)
                                                         _152_ (net)
                      0.000000    0.000005    0.050013 ^ _523_/A (INVx1)
     1    0.000104    0.000000    0.000000    0.050013 v _523_/Y (INVx1)
                                                         _153_ (net)
                      0.000000    0.000000    0.050014 v _526_/A (NOR2x1)
     3    0.000390    0.000000    0.000000    0.050014 ^ _526_/Y (NOR2x1)
                                                         cell_oh_flat[57] (net)
                      0.000000    0.000012    0.050025 ^ xp3_s2l1[9].u_xp3/_16_/A (INVx1)
     2    0.000266    0.000000    0.000000    0.050025 v xp3_s2l1[9].u_xp3/_16_/Y (INVx1)
                                                         xp3_s2l1[9].u_xp3/_05_ (net)
                      0.000000    0.000000    0.050026 v xp3_s2l1[9].u_xp3/_23_/A (NOR2x1)
     1    0.070119    0.000000    0.000000    0.050026 ^ xp3_s2l1[9].u_xp3/_23_/Y (NOR2x1)
                                                         xp3_s2l1[9].u_xp3/sum_bit[0].grid_and (net)
                      0.000000    0.001956    0.051983 ^ xp3_s2l1[9].u_xp3/_25_/A (BUFx1)
     4    0.000561    0.200000    0.188000    0.239983 ^ xp3_s2l1[9].u_xp3/_25_/Y (BUFx1)
                                                         ps_flat[45] (net)
                      0.200000    0.000008    0.239990 ^ xp5_s2l2[4].u_xp5/_36_/A (INVx1)
     2    0.000262    0.000000    0.000000    0.239990 v xp5_s2l2[4].u_xp5/_36_/Y (INVx1)
                                                         xp5_s2l2[4].u_xp5/_08_ (net)
                      0.000000    0.000004    0.239994 v xp5_s2l2[4].u_xp5/_59_/A (NOR2x1)
     1    0.070107    0.000000    0.000000    0.239994 ^ xp5_s2l2[4].u_xp5/_59_/Y (NOR2x1)
                                                         xp5_s2l2[4].u_xp5/sum_bit[0].grid_and (net)
                      0.000000    0.002090    0.242084 ^ xp5_s2l2[4].u_xp5/_61_/A (BUFx1)
     2    0.000231    0.200000    0.188000    0.430084 ^ xp5_s2l2[4].u_xp5/_61_/Y (BUFx1)
                                                         r4_split[4].boh[0] (net)
                      0.200000    0.000004    0.430088 ^ _685_/A (NOR2x1)
     1    0.000134    0.000000    0.000000    0.430088 v _685_/Y (NOR2x1)
                                                         _252_ (net)
                      0.000000    0.000002    0.430090 v _687_/A (NAND2x1)
     3    0.000519    0.000000    0.000000    0.430090 ^ _687_/Y (NAND2x1)
                                                         lo_flat[16] (net)
                      0.000000    0.000020    0.430110 ^ xp4_lo_l1[2].u_xp4/_18_/A (INVx1)
     2    0.000249    0.000000    0.000000    0.430110 v xp4_lo_l1[2].u_xp4/_18_/Y (INVx1)
                                                         xp4_lo_l1[2].u_xp4/_00_ (net)
                      0.000000    0.000001    0.430111 v xp4_lo_l1[2].u_xp4/_41_/B (NOR2x1)
     1    0.070052    0.000000    0.000000    0.430111 ^ xp4_lo_l1[2].u_xp4/_41_/Y (NOR2x1)
                                                         xp4_lo_l1[2].u_xp4/sum_bit[0].grid_and (net)
                      0.000000    0.000772    0.430883 ^ xp4_lo_l1[2].u_xp4/_43_/A (BUFx1)
     4    0.000721    0.200000    0.188000    0.618883 ^ xp4_lo_l1[2].u_xp4/_43_/Y (BUFx1)
                                                         ll1_flat[14] (net)
                      0.200000    0.000043    0.618927 ^ xp7_lo_l2[1].u_xp7/_058_/A (INVx1)
     4    0.000530    0.000000    0.000000    0.618927 v xp7_lo_l2[1].u_xp7/_058_/Y (INVx1)
                                                         xp7_lo_l2[1].u_xp7/_000_ (net)
                      0.000000    0.000006    0.618932 v xp7_lo_l2[1].u_xp7/_127_/B (NOR2x1)
     1    0.070069    0.000000    0.000000    0.618932 ^ xp7_lo_l2[1].u_xp7/_127_/Y (NOR2x1)
                                                         xp7_lo_l2[1].u_xp7/sum_bit[0].grid_and (net)
                      0.000000    0.001134    0.620066 ^ xp7_lo_l2[1].u_xp7/_129_/A (BUFx1)
     7    0.001296    0.200000    0.188000    0.808066 ^ xp7_lo_l2[1].u_xp7/_129_/Y (BUFx1)
                                                         ll2_flat[13] (net)
                      0.200000    0.000086    0.808153 ^ u_xp13_lo_l3/_220_/A (INVx1)
     7    0.002065    0.000000    0.000000    0.808153 v u_xp13_lo_l3/_220_/Y (INVx1)
                                                         u_xp13_lo_l3/_177_ (net)
                      0.000000    0.000105    0.808258 v u_xp13_lo_l3/_319_/B (NOR2x1)
     1    0.000132    0.000000    0.000000    0.808258 ^ u_xp13_lo_l3/_319_/Y (NOR2x1)
                                                         u_xp13_lo_l3/_053_ (net)
                      0.000000    0.000002    0.808260 ^ u_xp13_lo_l3/_320_/B (AOI21x1)
     1    0.000133    0.000000    0.000000    0.808260 v u_xp13_lo_l3/_320_/Y (AOI21x1)
                                                         u_xp13_lo_l3/_054_ (net)
                      0.000000    0.000002    0.808262 v u_xp13_lo_l3/_321_/B (NAND2x1)
     1    0.000098    0.000000    0.000000    0.808262 ^ u_xp13_lo_l3/_321_/Y (NAND2x1)
                                                         u_xp13_lo_l3/_055_ (net)
                      0.000000    0.000000    0.808262 ^ u_xp13_lo_l3/_325_/A (NOR2x1)
     1    0.000127    0.000000    0.000000    0.808262 v u_xp13_lo_l3/_325_/Y (NOR2x1)
                                                         u_xp13_lo_l3/_059_ (net)
                      0.000000    0.000001    0.808263 v u_xp13_lo_l3/_333_/A (NAND2x1)
     2    0.000578    0.000000    0.000000    0.808263 ^ u_xp13_lo_l3/_333_/Y (NAND2x1)
                                                         low_sum[11] (net)
                      0.000000    0.000034    0.808298 ^ _326_/A (INVx1)
     1    0.000103    0.000000    0.000000    0.808298 v _326_/Y (INVx1)
                                                         _020_ (net)
                      0.000000    0.000000    0.808298 v _327_/B (NAND2x1)
     1    0.000161    0.000000    0.000000    0.808298 ^ _327_/Y (NAND2x1)
                                                         _021_ (net)
                      0.000000    0.000003    0.808301 ^ _328_/A (NOR2x1)
     1    0.000109    0.000000    0.000000    0.808301 v _328_/Y (NOR2x1)
                                                         _022_ (net)
                      0.000000    0.000000    0.808302 v _330_/A (NAND2x1)
     1    0.000110    0.000000    0.000000    0.808302 ^ _330_/Y (NAND2x1)
                                                         _024_ (net)
                      0.000000    0.000001    0.808303 ^ _331_/A (NOR2x1)
     2    0.000337    0.000000    0.000000    0.808303 v _331_/Y (NOR2x1)
                                                         _025_ (net)
                      0.000000    0.000009    0.808312 v _332_/B (NAND2x1)
     1    0.000680    0.000000    0.000000    0.808312 ^ _332_/Y (NAND2x1)
                                                         hd[0] (net)
                      0.000000    0.000047    0.808360 ^ hd[0] (out)
                                              0.808360   data arrival time

                      0.000000    0.200000    0.200000   clock vclk (rise edge)
                                  0.000000    0.200000   clock network delay (ideal)
                                  0.000000    0.200000   clock reconvergence pessimism
                                 -0.050000    0.150000   output external delay
                                              0.150000   data required time
---------------------------------------------------------------------------------------------
                                              0.150000   data required time
                                             -0.808360   data arrival time
---------------------------------------------------------------------------------------------
                                             -0.658360   slack (VIOLATED)



