
================================================================
 PART 1: Via-Grid Analysis (eFPGA/ROM methodology)
================================================================

Via-Grid Crosspoint Parameters:
  Size        Vias   Outs  V-Layer  H-Layer  Grid(nm²)    Grid(um²)
  ----------------------------------------------------------------------
  3x3           9      5       M2       M3       7056       0.0071
  5x5          25      9       M2       M3      19600       0.0196
  4x4          16      7       M6       M6      25600       0.0256
  7x7          49     13       M7       M7     313600       0.3136
  3x3           9      5       M6       M6      14400       0.0144
  5x5          25      9       M7       M7     160000       0.1600
  13x13        169     25       M8       M8    1081600       1.0816
  9x9          81     17       M8       M8     518400       0.5184
  17x7         119     23       M8       M8     761600       0.7616

================================================================
 PART 2: Area Comparison — Via Grid vs Standard Cell
================================================================

  Crosspoint   Std-Cell Via-Grid    Ratio TX saved
  --------------------------------------------------
  3x3           2058      7    292x      40
  5x5           5586     20    285x     120
  4x4           3675     26    144x      80
  7x7          10731    314     34x     250
  9x9          17640    518     34x     400
  13x13         25431   1082     24x     600
  17x7          36750    762     48x     700

  Area units: nm² (approximate)
  Via-grid uses 0 transistors — pure metal + via passive structure

================================================================
 PART 3: RC Delay — Via Grid vs Standard Cell Path
================================================================

Elmore delay through via-grid crosspoint (worst-case diagonal):

  3x3   (M3): wire=0.084um  R=8.3Ω  C=0.0185fF  τ=0.63ps
  5x5   (M3): wire=0.140um  R=13.9Ω  C=0.0308fF  τ=1.75ps
  4x4   (M6): wire=0.160um  R=2.6Ω  C=0.0256fF  τ=1.06ps
  7x7   (M7): wire=0.560um  R=6.2Ω  C=0.0952fF  τ=6.96ps
  9x9   (M8): wire=0.720um  R=7.9Ω  C=0.1224fF  τ=11.50ps
  13x13  (M8): wire=1.040um  R=11.4Ω  C=0.1768fF  τ=24.00ps
  17x7   (M8): wire=1.360um  R=15.0Ω  C=0.2312fF  τ=41.03ps

  Compare to std-cell gate delay: 50-200 ps per gate, 3-8 gates per XP
  Via-grid is 100-10000x faster (sub-ps vs hundreds of ps)

================================================================
 PART 4: ROM-Style Implementation
================================================================

Crosspoint = Dual-Port NOR-ROM:
  Word Lines A = v[0..M-1] (vertical, one-hot)
  Word Lines B = h[0..N-1] (horizontal, one-hot)
  Bit Lines    = s[0..M+N-2] (output, anti-diagonal collection)

  Via at intersection (i,j) connects to output s[i+j]
  One-hot encoding → exactly 1 via conducts per evaluation
  No contention, no precharge needed — purely combinational

Implementation options for OpenROAD:

  A. VIA-GRID HARD MACRO (recommended for small XPs)
     - Create in Magic VLSI as fixed-layout cells
     - Export as LEF macro with pin locations on grid
     - OpenROAD places macro, routes to pins
     - Internal: pure metal crossbar, zero transistors
     - Best for: 3x3 (20 instances), 4x4 (4), 5x5 (10)

  B. PLACEMENT-CONSTRAINED STD-CELL (for large XPs)
     - Use create_region to cluster cells
     - AOI21/OAI21 compound gates = 1 intersection each
     - Wire RC minimized by tight placement
     - Best for: 7x7 (2), 9x9 (1), 13x13 (1), 17x7 (1)

  C. CUSTOM ROUTE OVERLAY (experimental)
     - After std-cell placement, add metal+via grid
     - Short-circuit the std-cell AND/OR nets with direct vias
     - The std cells become redundant but provide DRC/LVS compliance
     - Timing analysis uses the via-grid RC (much faster)

================================================================
 PART 5: Via Grid Macro Specifications
================================================================

  MACRO XP_3x3_M2_M3
    SIZE: 84 x 224 nm (0.0840 x 0.2240 um)
    INPUT PINS:  v[0:2] on M2 (vertical), h[0:2] on M3 (horizontal)
    OUTPUT PINS: s[0:4] on M3 (collection wires)
    INTERNAL:    9 vias, 0 transistors

  MACRO XP_5x5_M2_M3
    SIZE: 140 x 392 nm (0.1400 x 0.3920 um)
    INPUT PINS:  v[0:4] on M2 (vertical), h[0:4] on M3 (horizontal)
    OUTPUT PINS: s[0:8] on M3 (collection wires)
    INTERNAL:    25 vias, 0 transistors

  MACRO XP_4x4_M6_M6
    SIZE: 160 x 440 nm (0.1600 x 0.4400 um)
    INPUT PINS:  v[0:3] on M6 (vertical), h[0:3] on M6 (horizontal)
    OUTPUT PINS: s[0:6] on M6 (collection wires)
    INTERNAL:    16 vias, 0 transistors

  MACRO XP_3x3_M6_M6
    SIZE: 120 x 320 nm (0.1200 x 0.3200 um)
    INPUT PINS:  v[0:2] on M6 (vertical), h[0:2] on M6 (horizontal)
    OUTPUT PINS: s[0:4] on M6 (collection wires)
    INTERNAL:    9 vias, 0 transistors

Total: 34 macro instances covering all small crosspoints
Remaining 12 large crosspoints use placement-constrained std-cells

Expected PPA improvement with via-grid macros:
  Area: ~30x reduction for crosspoint logic (84nm² vs 2500nm² per 3x3)
  Delay: ~1000x reduction (sub-ps via RC vs 100s of ps gate delay)
  Power: ~100x reduction (zero static, minimal dynamic from one-hot)
