
================================================================
 EXPERIMENT 1: Analyze current crosspoint cell placement spread
================================================================

Crosspoint placement spread (current):
  3x3 S2L1 #0:   no cells found
  3x3 S2L1 #8:   no cells found
  5x5 S2L2 #0:   no cells found
  5x5 S2L2 #4:   no cells found
  4x4 Lo L1 #0:  no cells found
  7x7 Lo L2 #0:  no cells found
  7x7 Lo L2 #1:  no cells found
  13x13 Lo L3:   240 cells  bbox: 4.66 x 2.66 um = 12.41 um²
  3x3 Hi L1 #0:  no cells found
  5x5 Hi L2 #0:  no cells found
  9x9 Hi L3:     113 cells  bbox: 3.70 x 1.40 um = 5.17 um²
  17x7 Carry:    172 cells  bbox: 4.51 x 2.10 um = 9.47 um²

================================================================
 EXPERIMENT 2: Analyze crosspoint net topology
================================================================

Crosspoint net analysis:
  3x3 S2L1 #0:   internal nets: 0, max fanout: 0
  13x13 Lo L3:   internal nets: 215, max fanout: 10
  17x7 Carry:    internal nets: 149, max fanout: 15

================================================================
 EXPERIMENT 3: Measure wire RC for crosspoint connections
================================================================

Error: xp_methodology.tcl, 121 Invalid method. Must be one of: configure cget -acquire -disown -delete getName getConstName printNetName rename isRCDisconnected setRCDisconnected getWeight setWeight getSourceType setSourceType getXTalkClass setXTalkClass setDrivingITerm getDrivingITerm hasFixedBump setFixedBump getWireType setWireType getSigType setSigType isEnclosed isMarked isMark_1ed setMark setMark_1 isSelect setSelect wireEqual wireMatch printWire isWireOrdered setWireOrdered isBuffered setBuffered isDisconnected setDisconnected setWireAltered isWireAltered setRCgraph isRCgraph setReduced isReduced setExtracted isExtracted setSpef isSpef setDoNotTouch isDoNotTouch getBlock getITerms get1stITerm get1stSignalInput getFirstOutput getBTerms get1stBTerm getSWires getWire getFirstSWire donateWire getGlobalWire isSpecial setSpecial clearSpecial isConnectedByAbutment setIOflag isIO isWildConnected setWildConnected clearWildConnected getGndcCalibFactor setGndcCalibFactor calibrateCapacitance calibrateGndCap calibrateCouplingCap getCcCalibFactor setCcCalibFactor adjustNetRes adjustNetGndCap getCcAdjustFactor setCcAdjustFactor getCcAdjustOrder setCcAdjustOrder adjustCC undoAdjustedCC groundCC addDbCc getDbCc setDbCc getRefCc setRefCc getCcMatchRatio setCcMatchRatio getGndTotalCap preExttreeMergeRC findCapNode printCapN donateRC unDonateRC getCapNodes destroyCapNodes reverseRSegs createZeroRc set1stRSegId getZeroRSeg get1stRSegId findRSeg set1stCapNodeId get1stCapNodeId setTermExtIds anchoredRSeg printRSeg printWnP getRSegCount getRSegs collapseInternalCapNum maxInternalCapNum getCapNodeCount getCcCount destroyRSegs reverseCCSegs getSrcCCSegs getTgtCCSegs getCouplingNets destroyCCSegs destroyParasitics getTotalCapacitance getTotalCouplingCap getTotalResistance setNonDefaultRule getNonDefaultRule getNetStats getWireCount getSignalWireCount getPowerWireCount getTermCount getITermCount getBTermCount getTermBBox destroySWires setLevelAtFanout mergeNet getGuides clearGuides getTracks clearTracks
openroad> 
