
===========================================================================
report_checks -unconstrained
===========================================================================
======================= nom_tt_025C_0v50 Corner ===================================

Startpoint: B[1] (input port clocked by vclk)
Endpoint: hd[2] (output port clocked by vclk)
Path Group: vclk
Path Type: max

Fanout         Cap        Slew       Delay        Time   Description
---------------------------------------------------------------------------------------------
                      0.000000    0.000000    0.000000   clock vclk (rise edge)
                                  0.000000    0.000000   clock network delay (ideal)
                                  0.050000    0.050000 v input external delay
     1    0.000070    0.100000    0.000000    0.050000 v B[1] (in)
                                                         B[1] (net)
                      0.100000    0.000000    0.050000 v _391_/B (XNOR2x1)
     2    0.000140    0.000000    0.000000    0.050000 ^ _391_/Y (XNOR2x1)
                                                         _078_ (net)
                      0.000000    0.000000    0.050000 ^ _392_/A (INVx1)
     1    0.000070    0.000000    0.000000    0.050000 v _392_/Y (INVx1)
                                                         _079_ (net)
                      0.000000    0.000000    0.050000 v _393_/B (NOR2x1)
     3    0.000210    0.000000    0.000000    0.050000 ^ _393_/Y (NOR2x1)
                                                         cell_oh_flat[0] (net)
                      0.000000    0.000000    0.050000 ^ xp3_s2l1[0].u_xp3/_10_/A (INVx1)
     2    0.000140    0.000000    0.000000    0.050000 v xp3_s2l1[0].u_xp3/_10_/Y (INVx1)
                                                         xp3_s2l1[0].u_xp3/_00_ (net)
                      0.000000    0.000000    0.050000 v xp3_s2l1[0].u_xp3/_23_/B (NOR2x1)
     1    0.070000    0.000000    0.000000    0.050000 ^ xp3_s2l1[0].u_xp3/_23_/Y (NOR2x1)
                                                         xp3_s2l1[0].u_xp3/sum_bit[0].grid_and (net)
                      0.000000    0.000000    0.050000 ^ xp3_s2l1[0].u_xp3/_25_/A (BUFx1)
     2    0.000140    0.200000    0.188000    0.238000 ^ xp3_s2l1[0].u_xp3/_25_/Y (BUFx1)
                                                         ps_flat[0] (net)
                      0.200000    0.000000    0.238000 ^ xp5_s2l2[0].u_xp5/_26_/A (INVx1)
     4    0.000280    0.000000    0.000000    0.238000 v xp5_s2l2[0].u_xp5/_26_/Y (INVx1)
                                                         xp5_s2l2[0].u_xp5/_00_ (net)
                      0.000000    0.000000    0.238000 v xp5_s2l2[0].u_xp5/_59_/B (NOR2x1)
     1    0.070000    0.000000    0.000000    0.238000 ^ xp5_s2l2[0].u_xp5/_59_/Y (NOR2x1)
                                                         xp5_s2l2[0].u_xp5/sum_bit[0].grid_and (net)
                      0.000000    0.000000    0.238000 ^ xp5_s2l2[0].u_xp5/_61_/A (BUFx1)
     2    0.000140    0.200000    0.188000    0.426000 ^ xp5_s2l2[0].u_xp5/_61_/Y (BUFx1)
                                                         r4_split[0].boh[0] (net)
                      0.200000    0.000000    0.426000 ^ _613_/A (NOR2x1)
     1    0.000070    0.000000    0.000000    0.426000 v _613_/Y (NOR2x1)
                                                         _204_ (net)
                      0.000000    0.000000    0.426000 v _615_/A (NAND2x1)
     3    0.000210    0.000000    0.000000    0.426000 ^ _615_/Y (NAND2x1)
                                                         lo_flat[0] (net)
                      0.000000    0.000000    0.426000 ^ xp4_lo_l1[0].u_xp4/_18_/A (INVx1)
     2    0.000140    0.000000    0.000000    0.426000 v xp4_lo_l1[0].u_xp4/_18_/Y (INVx1)
                                                         xp4_lo_l1[0].u_xp4/_00_ (net)
                      0.000000    0.000000    0.426000 v xp4_lo_l1[0].u_xp4/_41_/B (NOR2x1)
     1    0.070000    0.000000    0.000000    0.426000 ^ xp4_lo_l1[0].u_xp4/_41_/Y (NOR2x1)
                                                         xp4_lo_l1[0].u_xp4/sum_bit[0].grid_and (net)
                      0.000000    0.000000    0.426000 ^ xp4_lo_l1[0].u_xp4/_43_/A (BUFx1)
     4    0.000280    0.200000    0.188000    0.614000 ^ xp4_lo_l1[0].u_xp4/_43_/Y (BUFx1)
                                                         ll1_flat[0] (net)
                      0.200000    0.000000    0.614000 ^ xp7_lo_l2[0].u_xp7/_058_/A (INVx1)
     4    0.000280    0.000000    0.000000    0.614000 v xp7_lo_l2[0].u_xp7/_058_/Y (INVx1)
                                                         xp7_lo_l2[0].u_xp7/_000_ (net)
                      0.000000    0.000000    0.614000 v xp7_lo_l2[0].u_xp7/_127_/B (NOR2x1)
     1    0.070000    0.000000    0.000000    0.614000 ^ xp7_lo_l2[0].u_xp7/_127_/Y (NOR2x1)
                                                         xp7_lo_l2[0].u_xp7/sum_bit[0].grid_and (net)
                      0.000000    0.000000    0.614000 ^ xp7_lo_l2[0].u_xp7/_129_/A (BUFx1)
     6    0.000420    0.200000    0.188000    0.802000 ^ xp7_lo_l2[0].u_xp7/_129_/Y (BUFx1)
                                                         ll2_flat[0] (net)
                      0.200000    0.000000    0.802000 ^ u_xp13_lo_l3/_214_/A (INVx1)
     8    0.000560    0.000000    0.000000    0.802000 v u_xp13_lo_l3/_214_/Y (INVx1)
                                                         u_xp13_lo_l3/_172_ (net)
                      0.000000    0.000000    0.802000 v u_xp13_lo_l3/_451_/B (NOR2x1)
     1    0.070000    0.000000    0.000000    0.802000 ^ u_xp13_lo_l3/_451_/Y (NOR2x1)
                                                         u_xp13_lo_l3/sum_bit[0].grid_and (net)
                      0.000000    0.000000    0.802000 ^ u_xp13_lo_l3/_453_/A (BUFx1)
     1    0.000070    0.200000    0.188000    0.990000 ^ u_xp13_lo_l3/_453_/Y (BUFx1)
                                                         low_sum[0] (net)
                      0.200000    0.000000    0.990000 ^ _301_/B (NOR2x1)
     1    0.000070    0.000000    0.000000    0.990000 v _301_/Y (NOR2x1)
                                                         _001_ (net)
                      0.000000    0.000000    0.990000 v _302_/B (NAND2x1)
    15    0.001050    0.000000    0.000000    0.990000 ^ _302_/Y (NAND2x1)
                                                         carry[0] (net)
                      0.000000    0.000000    0.990000 ^ u_xp17x7_carry/_159_/B (NAND2x1)
     1    0.000070    0.000000    0.000000    0.990000 v u_xp17x7_carry/_159_/Y (NAND2x1)
                                                         u_xp17x7_carry/_111_ (net)
                      0.000000    0.000000    0.990000 v u_xp17x7_carry/_160_/B (OAI21x1)
     1    0.000070    0.000000    0.000000    0.990000 ^ u_xp17x7_carry/_160_/Y (OAI21x1)
                                                         u_xp17x7_carry/_112_ (net)
                      0.000000    0.000000    0.990000 ^ u_xp17x7_carry/_161_/B (AOI21x1)
     1    0.000070    0.000000    0.000000    0.990000 v u_xp17x7_carry/_161_/Y (AOI21x1)
                                                         u_xp17x7_carry/_113_ (net)
                      0.000000    0.000000    0.990000 v u_xp17x7_carry/_162_/B (OAI21x1)
     2    0.000140    0.000000    0.000000    0.990000 ^ u_xp17x7_carry/_162_/Y (OAI21x1)
                                                         upper[3] (net)
                      0.000000    0.000000    0.990000 ^ _349_/B (NOR2x1)
     1    0.000070    0.000000    0.000000    0.990000 v _349_/Y (NOR2x1)
                                                         _041_ (net)
                      0.000000    0.000000    0.990000 v _350_/B (NAND2x1)
     1    0.000070    0.000000    0.000000    0.990000 ^ _350_/Y (NAND2x1)
                                                         _042_ (net)
                      0.000000    0.000000    0.990000 ^ _351_/B (NOR2x1)
     1    0.000070    0.000000    0.000000    0.990000 v _351_/Y (NOR2x1)
                                                         _043_ (net)
                      0.000000    0.000000    0.990000 v _352_/B (NAND2x1)
     1    0.000000    0.000000    0.000000    0.990000 ^ _352_/Y (NAND2x1)
                                                         hd[2] (net)
                      0.000000    0.000000    0.990000 ^ hd[2] (out)
                                              0.990000   data arrival time

                      0.000000    0.200000    0.200000   clock vclk (rise edge)
                                  0.000000    0.200000   clock network delay (ideal)
                                  0.000000    0.200000   clock reconvergence pessimism
                                 -0.050000    0.150000   output external delay
                                              0.150000   data required time
---------------------------------------------------------------------------------------------
                                              0.150000   data required time
                                             -0.990000   data arrival time
---------------------------------------------------------------------------------------------
                                             -0.840000   slack (VIOLATED)




===========================================================================
report_checks --slack_max -0.01
============================================================================
======================= nom_tt_025C_0v50 Corner ===================================

Startpoint: B[1] (input port clocked by vclk)
Endpoint: hd[2] (output port clocked by vclk)
Path Group: vclk
Path Type: max

Fanout         Cap        Slew       Delay        Time   Description
---------------------------------------------------------------------------------------------
                      0.000000    0.000000    0.000000   clock vclk (rise edge)
                                  0.000000    0.000000   clock network delay (ideal)
                                  0.050000    0.050000 v input external delay
     1    0.000070    0.100000    0.000000    0.050000 v B[1] (in)
                                                         B[1] (net)
                      0.100000    0.000000    0.050000 v _391_/B (XNOR2x1)
     2    0.000140    0.000000    0.000000    0.050000 ^ _391_/Y (XNOR2x1)
                                                         _078_ (net)
                      0.000000    0.000000    0.050000 ^ _392_/A (INVx1)
     1    0.000070    0.000000    0.000000    0.050000 v _392_/Y (INVx1)
                                                         _079_ (net)
                      0.000000    0.000000    0.050000 v _393_/B (NOR2x1)
     3    0.000210    0.000000    0.000000    0.050000 ^ _393_/Y (NOR2x1)
                                                         cell_oh_flat[0] (net)
                      0.000000    0.000000    0.050000 ^ xp3_s2l1[0].u_xp3/_10_/A (INVx1)
     2    0.000140    0.000000    0.000000    0.050000 v xp3_s2l1[0].u_xp3/_10_/Y (INVx1)
                                                         xp3_s2l1[0].u_xp3/_00_ (net)
                      0.000000    0.000000    0.050000 v xp3_s2l1[0].u_xp3/_23_/B (NOR2x1)
     1    0.070000    0.000000    0.000000    0.050000 ^ xp3_s2l1[0].u_xp3/_23_/Y (NOR2x1)
                                                         xp3_s2l1[0].u_xp3/sum_bit[0].grid_and (net)
                      0.000000    0.000000    0.050000 ^ xp3_s2l1[0].u_xp3/_25_/A (BUFx1)
     2    0.000140    0.200000    0.188000    0.238000 ^ xp3_s2l1[0].u_xp3/_25_/Y (BUFx1)
                                                         ps_flat[0] (net)
                      0.200000    0.000000    0.238000 ^ xp5_s2l2[0].u_xp5/_26_/A (INVx1)
     4    0.000280    0.000000    0.000000    0.238000 v xp5_s2l2[0].u_xp5/_26_/Y (INVx1)
                                                         xp5_s2l2[0].u_xp5/_00_ (net)
                      0.000000    0.000000    0.238000 v xp5_s2l2[0].u_xp5/_59_/B (NOR2x1)
     1    0.070000    0.000000    0.000000    0.238000 ^ xp5_s2l2[0].u_xp5/_59_/Y (NOR2x1)
                                                         xp5_s2l2[0].u_xp5/sum_bit[0].grid_and (net)
                      0.000000    0.000000    0.238000 ^ xp5_s2l2[0].u_xp5/_61_/A (BUFx1)
     2    0.000140    0.200000    0.188000    0.426000 ^ xp5_s2l2[0].u_xp5/_61_/Y (BUFx1)
                                                         r4_split[0].boh[0] (net)
                      0.200000    0.000000    0.426000 ^ _613_/A (NOR2x1)
     1    0.000070    0.000000    0.000000    0.426000 v _613_/Y (NOR2x1)
                                                         _204_ (net)
                      0.000000    0.000000    0.426000 v _615_/A (NAND2x1)
     3    0.000210    0.000000    0.000000    0.426000 ^ _615_/Y (NAND2x1)
                                                         lo_flat[0] (net)
                      0.000000    0.000000    0.426000 ^ xp4_lo_l1[0].u_xp4/_18_/A (INVx1)
     2    0.000140    0.000000    0.000000    0.426000 v xp4_lo_l1[0].u_xp4/_18_/Y (INVx1)
                                                         xp4_lo_l1[0].u_xp4/_00_ (net)
                      0.000000    0.000000    0.426000 v xp4_lo_l1[0].u_xp4/_41_/B (NOR2x1)
     1    0.070000    0.000000    0.000000    0.426000 ^ xp4_lo_l1[0].u_xp4/_41_/Y (NOR2x1)
                                                         xp4_lo_l1[0].u_xp4/sum_bit[0].grid_and (net)
                      0.000000    0.000000    0.426000 ^ xp4_lo_l1[0].u_xp4/_43_/A (BUFx1)
     4    0.000280    0.200000    0.188000    0.614000 ^ xp4_lo_l1[0].u_xp4/_43_/Y (BUFx1)
                                                         ll1_flat[0] (net)
                      0.200000    0.000000    0.614000 ^ xp7_lo_l2[0].u_xp7/_058_/A (INVx1)
     4    0.000280    0.000000    0.000000    0.614000 v xp7_lo_l2[0].u_xp7/_058_/Y (INVx1)
                                                         xp7_lo_l2[0].u_xp7/_000_ (net)
                      0.000000    0.000000    0.614000 v xp7_lo_l2[0].u_xp7/_127_/B (NOR2x1)
     1    0.070000    0.000000    0.000000    0.614000 ^ xp7_lo_l2[0].u_xp7/_127_/Y (NOR2x1)
                                                         xp7_lo_l2[0].u_xp7/sum_bit[0].grid_and (net)
                      0.000000    0.000000    0.614000 ^ xp7_lo_l2[0].u_xp7/_129_/A (BUFx1)
     6    0.000420    0.200000    0.188000    0.802000 ^ xp7_lo_l2[0].u_xp7/_129_/Y (BUFx1)
                                                         ll2_flat[0] (net)
                      0.200000    0.000000    0.802000 ^ u_xp13_lo_l3/_214_/A (INVx1)
     8    0.000560    0.000000    0.000000    0.802000 v u_xp13_lo_l3/_214_/Y (INVx1)
                                                         u_xp13_lo_l3/_172_ (net)
                      0.000000    0.000000    0.802000 v u_xp13_lo_l3/_451_/B (NOR2x1)
     1    0.070000    0.000000    0.000000    0.802000 ^ u_xp13_lo_l3/_451_/Y (NOR2x1)
                                                         u_xp13_lo_l3/sum_bit[0].grid_and (net)
                      0.000000    0.000000    0.802000 ^ u_xp13_lo_l3/_453_/A (BUFx1)
     1    0.000070    0.200000    0.188000    0.990000 ^ u_xp13_lo_l3/_453_/Y (BUFx1)
                                                         low_sum[0] (net)
                      0.200000    0.000000    0.990000 ^ _301_/B (NOR2x1)
     1    0.000070    0.000000    0.000000    0.990000 v _301_/Y (NOR2x1)
                                                         _001_ (net)
                      0.000000    0.000000    0.990000 v _302_/B (NAND2x1)
    15    0.001050    0.000000    0.000000    0.990000 ^ _302_/Y (NAND2x1)
                                                         carry[0] (net)
                      0.000000    0.000000    0.990000 ^ u_xp17x7_carry/_159_/B (NAND2x1)
     1    0.000070    0.000000    0.000000    0.990000 v u_xp17x7_carry/_159_/Y (NAND2x1)
                                                         u_xp17x7_carry/_111_ (net)
                      0.000000    0.000000    0.990000 v u_xp17x7_carry/_160_/B (OAI21x1)
     1    0.000070    0.000000    0.000000    0.990000 ^ u_xp17x7_carry/_160_/Y (OAI21x1)
                                                         u_xp17x7_carry/_112_ (net)
                      0.000000    0.000000    0.990000 ^ u_xp17x7_carry/_161_/B (AOI21x1)
     1    0.000070    0.000000    0.000000    0.990000 v u_xp17x7_carry/_161_/Y (AOI21x1)
                                                         u_xp17x7_carry/_113_ (net)
                      0.000000    0.000000    0.990000 v u_xp17x7_carry/_162_/B (OAI21x1)
     2    0.000140    0.000000    0.000000    0.990000 ^ u_xp17x7_carry/_162_/Y (OAI21x1)
                                                         upper[3] (net)
                      0.000000    0.000000    0.990000 ^ _349_/B (NOR2x1)
     1    0.000070    0.000000    0.000000    0.990000 v _349_/Y (NOR2x1)
                                                         _041_ (net)
                      0.000000    0.000000    0.990000 v _350_/B (NAND2x1)
     1    0.000070    0.000000    0.000000    0.990000 ^ _350_/Y (NAND2x1)
                                                         _042_ (net)
                      0.000000    0.000000    0.990000 ^ _351_/B (NOR2x1)
     1    0.000070    0.000000    0.000000    0.990000 v _351_/Y (NOR2x1)
                                                         _043_ (net)
                      0.000000    0.000000    0.990000 v _352_/B (NAND2x1)
     1    0.000000    0.000000    0.000000    0.990000 ^ _352_/Y (NAND2x1)
                                                         hd[2] (net)
                      0.000000    0.000000    0.990000 ^ hd[2] (out)
                                              0.990000   data arrival time

                      0.000000    0.200000    0.200000   clock vclk (rise edge)
                                  0.000000    0.200000   clock network delay (ideal)
                                  0.000000    0.200000   clock reconvergence pessimism
                                 -0.050000    0.150000   output external delay
                                              0.150000   data required time
---------------------------------------------------------------------------------------------
                                              0.150000   data required time
                                             -0.990000   data arrival time
---------------------------------------------------------------------------------------------
                                             -0.840000   slack (VIOLATED)




===========================================================================
 report_check_types -max_slew -max_cap -max_fanout -violators
============================================================================
======================= nom_tt_025C_0v50 Corner ===================================

max capacitance

Pin                                        Limit         Cap       Slack
------------------------------------------------------------------------
u_xp13_lo_l3/_451_/Y                    0.010000    0.070000   -0.060000 (VIOLATED)
u_xp17x7_carry/_317_/Y                  0.010000    0.070000   -0.060000 (VIOLATED)
u_xp9_hi_l3/_205_/Y                     0.010000    0.070000   -0.060000 (VIOLATED)
xp3_hi_l1[0].u_xp3/_23_/Y               0.010000    0.070000   -0.060000 (VIOLATED)
xp3_hi_l1[1].u_xp3/_23_/Y               0.010000    0.070000   -0.060000 (VIOLATED)
xp3_hi_l1[2].u_xp3/_23_/Y               0.010000    0.070000   -0.060000 (VIOLATED)
xp3_hi_l1[3].u_xp3/_23_/Y               0.010000    0.070000   -0.060000 (VIOLATED)
xp3_s2l1[0].u_xp3/_23_/Y                0.010000    0.070000   -0.060000 (VIOLATED)
xp3_s2l1[10].u_xp3/_23_/Y               0.010000    0.070000   -0.060000 (VIOLATED)
xp3_s2l1[11].u_xp3/_23_/Y               0.010000    0.070000   -0.060000 (VIOLATED)
xp3_s2l1[12].u_xp3/_23_/Y               0.010000    0.070000   -0.060000 (VIOLATED)
xp3_s2l1[13].u_xp3/_23_/Y               0.010000    0.070000   -0.060000 (VIOLATED)
xp3_s2l1[14].u_xp3/_23_/Y               0.010000    0.070000   -0.060000 (VIOLATED)
xp3_s2l1[15].u_xp3/_23_/Y               0.010000    0.070000   -0.060000 (VIOLATED)
xp3_s2l1[1].u_xp3/_23_/Y                0.010000    0.070000   -0.060000 (VIOLATED)
xp3_s2l1[2].u_xp3/_23_/Y                0.010000    0.070000   -0.060000 (VIOLATED)
xp3_s2l1[3].u_xp3/_23_/Y                0.010000    0.070000   -0.060000 (VIOLATED)
xp3_s2l1[4].u_xp3/_23_/Y                0.010000    0.070000   -0.060000 (VIOLATED)
xp3_s2l1[5].u_xp3/_23_/Y                0.010000    0.070000   -0.060000 (VIOLATED)
xp3_s2l1[6].u_xp3/_23_/Y                0.010000    0.070000   -0.060000 (VIOLATED)
xp3_s2l1[7].u_xp3/_23_/Y                0.010000    0.070000   -0.060000 (VIOLATED)
xp3_s2l1[8].u_xp3/_23_/Y                0.010000    0.070000   -0.060000 (VIOLATED)
xp3_s2l1[9].u_xp3/_23_/Y                0.010000    0.070000   -0.060000 (VIOLATED)
xp4_lo_l1[0].u_xp4/_41_/Y               0.010000    0.070000   -0.060000 (VIOLATED)
xp4_lo_l1[1].u_xp4/_41_/Y               0.010000    0.070000   -0.060000 (VIOLATED)
xp4_lo_l1[2].u_xp4/_41_/Y               0.010000    0.070000   -0.060000 (VIOLATED)
xp4_lo_l1[3].u_xp4/_41_/Y               0.010000    0.070000   -0.060000 (VIOLATED)
xp5_hi_l2[0].u_xp5/_59_/Y               0.010000    0.070000   -0.060000 (VIOLATED)
xp5_hi_l2[1].u_xp5/_59_/Y               0.010000    0.070000   -0.060000 (VIOLATED)
xp5_s2l2[0].u_xp5/_59_/Y                0.010000    0.070000   -0.060000 (VIOLATED)
xp5_s2l2[1].u_xp5/_59_/Y                0.010000    0.070000   -0.060000 (VIOLATED)
xp5_s2l2[2].u_xp5/_59_/Y                0.010000    0.070000   -0.060000 (VIOLATED)
xp5_s2l2[3].u_xp5/_59_/Y                0.010000    0.070000   -0.060000 (VIOLATED)
xp5_s2l2[4].u_xp5/_59_/Y                0.010000    0.070000   -0.060000 (VIOLATED)
xp5_s2l2[5].u_xp5/_59_/Y                0.010000    0.070000   -0.060000 (VIOLATED)
xp5_s2l2[6].u_xp5/_59_/Y                0.010000    0.070000   -0.060000 (VIOLATED)
xp5_s2l2[7].u_xp5/_59_/Y                0.010000    0.070000   -0.060000 (VIOLATED)
xp7_lo_l2[0].u_xp7/_127_/Y              0.010000    0.070000   -0.060000 (VIOLATED)
xp7_lo_l2[1].u_xp7/_127_/Y              0.010000    0.070000   -0.060000 (VIOLATED)



===========================================================================
report_parasitic_annotation -report_unannotated
============================================================================
Found 2038 unannotated drivers.
 A[0]
 A[10]
 A[11]
 A[12]
 A[13]
 A[14]
 A[15]
 A[16]
 A[17]
 A[18]
 A[19]
 A[1]
 A[20]
 A[21]
 A[22]
 A[23]
 A[24]
 A[25]
 A[26]
 A[27]
 A[28]
 A[29]
 A[2]
 A[30]
 A[31]
 A[32]
 A[33]
 A[34]
 A[35]
 A[36]
 A[37]
 A[38]
 A[39]
 A[3]
 A[40]
 A[41]
 A[42]
 A[43]
 A[44]
 A[45]
 A[46]
 A[47]
 A[48]
 A[49]
 A[4]
 A[50]
 A[51]
 A[52]
 A[53]
 A[54]
 A[55]
 A[56]
 A[57]
 A[58]
 A[59]
 A[5]
 A[60]
 A[61]
 A[62]
 A[63]
 A[6]
 A[7]
 A[8]
 A[9]
 B[0]
 B[10]
 B[11]
 B[12]
 B[13]
 B[14]
 B[15]
 B[16]
 B[17]
 B[18]
 B[19]
 B[1]
 B[20]
 B[21]
 B[22]
 B[23]
 B[24]
 B[25]
 B[26]
 B[27]
 B[28]
 B[29]
 B[2]
 B[30]
 B[31]
 B[32]
 B[33]
 B[34]
 B[35]
 B[36]
 B[37]
 B[38]
 B[39]
 B[3]
 B[40]
 B[41]
 B[42]
 B[43]
 B[44]
 B[45]
 B[46]
 B[47]
 B[48]
 B[49]
 B[4]
 B[50]
 B[51]
 B[52]
 B[53]
 B[54]
 B[55]
 B[56]
 B[57]
 B[58]
 B[59]
 B[5]
 B[60]
 B[61]
 B[62]
 B[63]
 B[6]
 B[7]
 B[8]
 B[9]
 _300_/Y
 _301_/Y
 _302_/Y
 _303_/Y
 _304_/Y
 _305_/Y
 _306_/Y
 _307_/Y
 _308_/Y
 _309_/Y
 _310_/Y
 _311_/Y
 _312_/Y
 _313_/Y
 _314_/Y
 _315_/Y
 _316_/Y
 _317_/Y
 _318_/Y
 _319_/Y
 _320_/Y
 _321_/Y
 _322_/Y
 _323_/Y
 _324_/Y
 _325_/Y
 _326_/Y
 _327_/Y
 _328_/Y
 _329_/Y
 _330_/Y
 _331_/Y
 _332_/Y
 _333_/Y
 _334_/Y
 _335_/Y
 _336_/Y
 _337_/Y
 _338_/Y
 _339_/Y
 _340_/Y
 _341_/Y
 _342_/Y
 _343_/Y
 _344_/Y
 _345_/Y
 _346_/Y
 _347_/Y
 _348_/Y
 _349_/Y
 _350_/Y
 _351_/Y
 _352_/Y
 _353_/Y
 _354_/Y
 _355_/Y
 _356_/Y
 _357_/Y
 _358_/Y
 _359_/Y
 _360_/Y
 _361_/Y
 _362_/Y
 _363_/Y
 _364_/Y
 _365_/Y
 _366_/Y
 _367_/Y
 _368_/Y
 _369_/Y
 _370_/Y
 _371_/Y
 _372_/Y
 _373_/Y
 _374_/Y
 _375_/Y
 _376_/Y
 _377_/Y
 _378_/Y
 _379_/Y
 _380_/Y
 _381_/Y
 _382_/Y
 _383_/Y
 _384_/Y
 _385_/Y
 _386_/Y
 _387_/Y
 _388_/Y
 _389_/Y
 _390_/Y
 _391_/Y
 _392_/Y
 _393_/Y
 _394_/Y
 _395_/Y
 _396_/Y
 _397_/Y
 _398_/Y
 _399_/Y
 _400_/Y
 _401_/Y
 _402_/Y
 _403_/Y
 _404_/Y
 _405_/Y
 _406_/Y
 _407_/Y
 _408_/Y
 _409_/Y
 _410_/Y
 _411_/Y
 _412_/Y
 _413_/Y
 _414_/Y
 _415_/Y
 _416_/Y
 _417_/Y
 _418_/Y
 _419_/Y
 _420_/Y
 _421_/Y
 _422_/Y
 _423_/Y
 _424_/Y
 _425_/Y
 _426_/Y
 _427_/Y
 _428_/Y
 _429_/Y
 _430_/Y
 _431_/Y
 _432_/Y
 _433_/Y
 _434_/Y
 _435_/Y
 _436_/Y
 _437_/Y
 _438_/Y
 _439_/Y
 _440_/Y
 _441_/Y
 _442_/Y
 _443_/Y
 _444_/Y
 _445_/Y
 _446_/Y
 _447_/Y
 _448_/Y
 _449_/Y
 _450_/Y
 _451_/Y
 _452_/Y
 _453_/Y
 _454_/Y
 _455_/Y
 _456_/Y
 _457_/Y
 _458_/Y
 _459_/Y
 _460_/Y
 _461_/Y
 _462_/Y
 _463_/Y
 _464_/Y
 _465_/Y
 _466_/Y
 _467_/Y
 _468_/Y
 _469_/Y
 _470_/Y
 _471_/Y
 _472_/Y
 _473_/Y
 _474_/Y
 _475_/Y
 _476_/Y
 _477_/Y
 _478_/Y
 _479_/Y
 _480_/Y
 _481_/Y
 _482_/Y
 _483_/Y
 _484_/Y
 _485_/Y
 _486_/Y
 _487_/Y
 _488_/Y
 _489_/Y
 _490_/Y
 _491_/Y
 _492_/Y
 _493_/Y
 _494_/Y
 _495_/Y
 _496_/Y
 _497_/Y
 _498_/Y
 _499_/Y
 _500_/Y
 _501_/Y
 _502_/Y
 _503_/Y
 _504_/Y
 _505_/Y
 _506_/Y
 _507_/Y
 _508_/Y
 _509_/Y
 _510_/Y
 _511_/Y
 _512_/Y
 _513_/Y
 _514_/Y
 _515_/Y
 _516_/Y
 _517_/Y
 _518_/Y
 _519_/Y
 _520_/Y
 _521_/Y
 _522_/Y
 _523_/Y
 _524_/Y
 _525_/Y
 _526_/Y
 _527_/Y
 _528_/Y
 _529_/Y
 _530_/Y
 _531_/Y
 _532_/Y
 _533_/Y
 _534_/Y
 _535_/Y
 _536_/Y
 _537_/Y
 _538_/Y
 _539_/Y
 _540_/Y
 _541_/Y
 _542_/Y
 _543_/Y
 _544_/Y
 _545_/Y
 _546_/Y
 _547_/Y
 _548_/Y
 _549_/Y
 _550_/Y
 _551_/Y
 _552_/Y
 _553_/Y
 _554_/Y
 _555_/Y
 _556_/Y
 _557_/Y
 _558_/Y
 _559_/Y
 _560_/Y
 _561_/Y
 _562_/Y
 _563_/Y
 _564_/Y
 _565_/Y
 _566_/Y
 _567_/Y
 _568_/Y
 _569_/Y
 _570_/Y
 _571_/Y
 _572_/Y
 _573_/Y
 _574_/Y
 _575_/Y
 _576_/Y
 _577_/Y
 _578_/Y
 _579_/Y
 _580_/Y
 _581_/Y
 _582_/Y
 _583_/Y
 _584_/Y
 _585_/Y
 _586_/Y
 _587_/Y
 _588_/Y
 _589_/Y
 _590_/Y
 _591_/Y
 _592_/Y
 _593_/Y
 _594_/Y
 _595_/Y
 _596_/Y
 _597_/Y
 _598_/Y
 _599_/Y
 _600_/Y
 _601_/Y
 _602_/Y
 _603_/Y
 _604_/Y
 _605_/Y
 _606_/Y
 _607_/Y
 _608_/Y
 _609_/Y
 _610_/Y
 _611_/Y
 _612_/Y
 _613_/Y
 _614_/Y
 _615_/Y
 _616_/Y
 _617_/Y
 _618_/Y
 _619_/Y
 _620_/Y
 _621_/Y
 _622_/Y
 _623_/Y
 _624_/Y
 _625_/Y
 _626_/Y
 _627_/Y
 _628_/Y
 _629_/Y
 _630_/Y
 _631_/Y
 _632_/Y
 _633_/Y
 _634_/Y
 _635_/Y
 _636_/Y
 _637_/Y
 _638_/Y
 _639_/Y
 _640_/Y
 _641_/Y
 _642_/Y
 _643_/Y
 _644_/Y
 _645_/Y
 _646_/Y
 _647_/Y
 _648_/Y
 _649_/Y
 _650_/Y
 _651_/Y
 _652_/Y
 _653_/Y
 _654_/Y
 _655_/Y
 _656_/Y
 _657_/Y
 _658_/Y
 _659_/Y
 _660_/Y
 _661_/Y
 _662_/Y
 _663_/Y
 _664_/Y
 _665_/Y
 _666_/Y
 _667_/Y
 _668_/Y
 _669_/Y
 _670_/Y
 _671_/Y
 _672_/Y
 _673_/Y
 _674_/Y
 _675_/Y
 _676_/Y
 _677_/Y
 _678_/Y
 _679_/Y
 _680_/Y
 _681_/Y
 _682_/Y
 _683_/Y
 _684_/Y
 _685_/Y
 _686_/Y
 _687_/Y
 _688_/Y
 _689_/Y
 _690_/Y
 _691_/Y
 _692_/Y
 _693_/Y
 _694_/Y
 _695_/Y
 _696_/Y
 _697_/Y
 _698_/Y
 _699_/Y
 _700_/Y
 _701_/Y
 _702_/Y
 _703_/Y
 _704_/Y
 _705_/Y
 _706_/Y
 _707_/Y
 _708_/Y
 _709_/Y
 _710_/Y
 _711_/Y
 _712_/Y
 _713_/Y
 _714_/Y
 _715_/Y
 _716_/Y
 _717_/Y
 _718_/Y
 _719_/Y
 _720_/Y
 _721_/Y
 _722_/Y
 _723_/Y
 _724_/Y
 _725_/Y
 _726_/Y
 _727_/Y
 _728_/Y
 _729_/Y
 _730_/Y
 _731_/Y
 _732_/Y
 _733_/Y
 _734_/Y
 _735_/Y
 _736_/Y
 _737_/Y
 _738_/Y
 _739_/Y
 _740_/Y
 _741_/Y
 _742_/Y
 _743_/Y
 _744_/Y
 _745_/Y
 _746_/Y
 _747_/Y
 _748_/Y
 _749_/Y
 _750_/Y
 _751_/Y
 _752_/Y
 _753_/Y
 _754_/Y
 _755_/Y
 _756_/Y
 u_xp13_lo_l3/_214_/Y
 u_xp13_lo_l3/_215_/Y
 u_xp13_lo_l3/_216_/Y
 u_xp13_lo_l3/_217_/Y
 u_xp13_lo_l3/_218_/Y
 u_xp13_lo_l3/_219_/Y
 u_xp13_lo_l3/_220_/Y
 u_xp13_lo_l3/_221_/Y
 u_xp13_lo_l3/_222_/Y
 u_xp13_lo_l3/_223_/Y
 u_xp13_lo_l3/_224_/Y
 u_xp13_lo_l3/_225_/Y
 u_xp13_lo_l3/_226_/Y
 u_xp13_lo_l3/_227_/Y
 u_xp13_lo_l3/_228_/Y
 u_xp13_lo_l3/_229_/Y
 u_xp13_lo_l3/_230_/Y
 u_xp13_lo_l3/_231_/Y
 u_xp13_lo_l3/_232_/Y
 u_xp13_lo_l3/_233_/Y
 u_xp13_lo_l3/_234_/Y
 u_xp13_lo_l3/_235_/Y
 u_xp13_lo_l3/_236_/Y
 u_xp13_lo_l3/_237_/Y
 u_xp13_lo_l3/_238_/Y
 u_xp13_lo_l3/_239_/Y
 u_xp13_lo_l3/_240_/Y
 u_xp13_lo_l3/_241_/Y
 u_xp13_lo_l3/_242_/Y
 u_xp13_lo_l3/_243_/Y
 u_xp13_lo_l3/_244_/Y
 u_xp13_lo_l3/_245_/Y
 u_xp13_lo_l3/_246_/Y
 u_xp13_lo_l3/_247_/Y
 u_xp13_lo_l3/_248_/Y
 u_xp13_lo_l3/_249_/Y
 u_xp13_lo_l3/_250_/Y
 u_xp13_lo_l3/_251_/Y
 u_xp13_lo_l3/_252_/Y
 u_xp13_lo_l3/_253_/Y
 u_xp13_lo_l3/_254_/Y
 u_xp13_lo_l3/_255_/Y
 u_xp13_lo_l3/_256_/Y
 u_xp13_lo_l3/_257_/Y
 u_xp13_lo_l3/_258_/Y
 u_xp13_lo_l3/_259_/Y
 u_xp13_lo_l3/_260_/Y
 u_xp13_lo_l3/_261_/Y
 u_xp13_lo_l3/_262_/Y
 u_xp13_lo_l3/_263_/Y
 u_xp13_lo_l3/_264_/Y
 u_xp13_lo_l3/_265_/Y
 u_xp13_lo_l3/_266_/Y
 u_xp13_lo_l3/_267_/Y
 u_xp13_lo_l3/_268_/Y
 u_xp13_lo_l3/_269_/Y
 u_xp13_lo_l3/_270_/Y
 u_xp13_lo_l3/_271_/Y
 u_xp13_lo_l3/_272_/Y
 u_xp13_lo_l3/_273_/Y
 u_xp13_lo_l3/_274_/Y
 u_xp13_lo_l3/_275_/Y
 u_xp13_lo_l3/_276_/Y
 u_xp13_lo_l3/_277_/Y
 u_xp13_lo_l3/_278_/Y
 u_xp13_lo_l3/_279_/Y
 u_xp13_lo_l3/_280_/Y
 u_xp13_lo_l3/_281_/Y
 u_xp13_lo_l3/_282_/Y
 u_xp13_lo_l3/_283_/Y
 u_xp13_lo_l3/_284_/Y
 u_xp13_lo_l3/_285_/Y
 u_xp13_lo_l3/_286_/Y
 u_xp13_lo_l3/_287_/Y
 u_xp13_lo_l3/_288_/Y
 u_xp13_lo_l3/_289_/Y
 u_xp13_lo_l3/_290_/Y
 u_xp13_lo_l3/_291_/Y
 u_xp13_lo_l3/_292_/Y
 u_xp13_lo_l3/_293_/Y
 u_xp13_lo_l3/_294_/Y
 u_xp13_lo_l3/_295_/Y
 u_xp13_lo_l3/_296_/Y
 u_xp13_lo_l3/_297_/Y
 u_xp13_lo_l3/_298_/Y
 u_xp13_lo_l3/_299_/Y
 u_xp13_lo_l3/_300_/Y
 u_xp13_lo_l3/_301_/Y
 u_xp13_lo_l3/_302_/Y
 u_xp13_lo_l3/_303_/Y
 u_xp13_lo_l3/_304_/Y
 u_xp13_lo_l3/_305_/Y
 u_xp13_lo_l3/_306_/Y
 u_xp13_lo_l3/_307_/Y
 u_xp13_lo_l3/_308_/Y
 u_xp13_lo_l3/_309_/Y
 u_xp13_lo_l3/_310_/Y
 u_xp13_lo_l3/_311_/Y
 u_xp13_lo_l3/_312_/Y
 u_xp13_lo_l3/_313_/Y
 u_xp13_lo_l3/_314_/Y
 u_xp13_lo_l3/_315_/Y
 u_xp13_lo_l3/_316_/Y
 u_xp13_lo_l3/_317_/Y
 u_xp13_lo_l3/_318_/Y
 u_xp13_lo_l3/_319_/Y
 u_xp13_lo_l3/_320_/Y
 u_xp13_lo_l3/_321_/Y
 u_xp13_lo_l3/_322_/Y
 u_xp13_lo_l3/_323_/Y
 u_xp13_lo_l3/_324_/Y
 u_xp13_lo_l3/_325_/Y
 u_xp13_lo_l3/_326_/Y
 u_xp13_lo_l3/_327_/Y
 u_xp13_lo_l3/_328_/Y
 u_xp13_lo_l3/_329_/Y
 u_xp13_lo_l3/_330_/Y
 u_xp13_lo_l3/_331_/Y
 u_xp13_lo_l3/_332_/Y
 u_xp13_lo_l3/_333_/Y
 u_xp13_lo_l3/_334_/Y
 u_xp13_lo_l3/_335_/Y
 u_xp13_lo_l3/_336_/Y
 u_xp13_lo_l3/_337_/Y
 u_xp13_lo_l3/_338_/Y
 u_xp13_lo_l3/_339_/Y
 u_xp13_lo_l3/_340_/Y
 u_xp13_lo_l3/_341_/Y
 u_xp13_lo_l3/_342_/Y
 u_xp13_lo_l3/_343_/Y
 u_xp13_lo_l3/_344_/Y
 u_xp13_lo_l3/_345_/Y
 u_xp13_lo_l3/_346_/Y
 u_xp13_lo_l3/_347_/Y
 u_xp13_lo_l3/_348_/Y
 u_xp13_lo_l3/_349_/Y
 u_xp13_lo_l3/_350_/Y
 u_xp13_lo_l3/_351_/Y
 u_xp13_lo_l3/_352_/Y
 u_xp13_lo_l3/_353_/Y
 u_xp13_lo_l3/_354_/Y
 u_xp13_lo_l3/_355_/Y
 u_xp13_lo_l3/_356_/Y
 u_xp13_lo_l3/_357_/Y
 u_xp13_lo_l3/_358_/Y
 u_xp13_lo_l3/_359_/Y
 u_xp13_lo_l3/_360_/Y
 u_xp13_lo_l3/_361_/Y
 u_xp13_lo_l3/_362_/Y
 u_xp13_lo_l3/_363_/Y
 u_xp13_lo_l3/_364_/Y
 u_xp13_lo_l3/_365_/Y
 u_xp13_lo_l3/_366_/Y
 u_xp13_lo_l3/_367_/Y
 u_xp13_lo_l3/_368_/Y
 u_xp13_lo_l3/_369_/Y
 u_xp13_lo_l3/_370_/Y
 u_xp13_lo_l3/_371_/Y
 u_xp13_lo_l3/_372_/Y
 u_xp13_lo_l3/_373_/Y
 u_xp13_lo_l3/_374_/Y
 u_xp13_lo_l3/_375_/Y
 u_xp13_lo_l3/_376_/Y
 u_xp13_lo_l3/_377_/Y
 u_xp13_lo_l3/_378_/Y
 u_xp13_lo_l3/_379_/Y
 u_xp13_lo_l3/_380_/Y
 u_xp13_lo_l3/_381_/Y
 u_xp13_lo_l3/_382_/Y
 u_xp13_lo_l3/_383_/Y
 u_xp13_lo_l3/_384_/Y
 u_xp13_lo_l3/_385_/Y
 u_xp13_lo_l3/_386_/Y
 u_xp13_lo_l3/_387_/Y
 u_xp13_lo_l3/_388_/Y
 u_xp13_lo_l3/_389_/Y
 u_xp13_lo_l3/_390_/Y
 u_xp13_lo_l3/_391_/Y
 u_xp13_lo_l3/_392_/Y
 u_xp13_lo_l3/_393_/Y
 u_xp13_lo_l3/_394_/Y
 u_xp13_lo_l3/_395_/Y
 u_xp13_lo_l3/_396_/Y
 u_xp13_lo_l3/_397_/Y
 u_xp13_lo_l3/_398_/Y
 u_xp13_lo_l3/_399_/Y
 u_xp13_lo_l3/_400_/Y
 u_xp13_lo_l3/_401_/Y
 u_xp13_lo_l3/_402_/Y
 u_xp13_lo_l3/_403_/Y
 u_xp13_lo_l3/_404_/Y
 u_xp13_lo_l3/_405_/Y
 u_xp13_lo_l3/_406_/Y
 u_xp13_lo_l3/_407_/Y
 u_xp13_lo_l3/_408_/Y
 u_xp13_lo_l3/_409_/Y
 u_xp13_lo_l3/_410_/Y
 u_xp13_lo_l3/_411_/Y
 u_xp13_lo_l3/_412_/Y
 u_xp13_lo_l3/_413_/Y
 u_xp13_lo_l3/_414_/Y
 u_xp13_lo_l3/_415_/Y
 u_xp13_lo_l3/_416_/Y
 u_xp13_lo_l3/_417_/Y
 u_xp13_lo_l3/_418_/Y
 u_xp13_lo_l3/_419_/Y
 u_xp13_lo_l3/_420_/Y
 u_xp13_lo_l3/_421_/Y
 u_xp13_lo_l3/_422_/Y
 u_xp13_lo_l3/_423_/Y
 u_xp13_lo_l3/_424_/Y
 u_xp13_lo_l3/_425_/Y
 u_xp13_lo_l3/_426_/Y
 u_xp13_lo_l3/_427_/Y
 u_xp13_lo_l3/_428_/Y
 u_xp13_lo_l3/_429_/Y
 u_xp13_lo_l3/_430_/Y
 u_xp13_lo_l3/_431_/Y
 u_xp13_lo_l3/_432_/Y
 u_xp13_lo_l3/_433_/Y
 u_xp13_lo_l3/_434_/Y
 u_xp13_lo_l3/_435_/Y
 u_xp13_lo_l3/_436_/Y
 u_xp13_lo_l3/_437_/Y
 u_xp13_lo_l3/_438_/Y
 u_xp13_lo_l3/_439_/Y
 u_xp13_lo_l3/_440_/Y
 u_xp13_lo_l3/_441_/Y
 u_xp13_lo_l3/_442_/Y
 u_xp13_lo_l3/_443_/Y
 u_xp13_lo_l3/_444_/Y
 u_xp13_lo_l3/_445_/Y
 u_xp13_lo_l3/_446_/Y
 u_xp13_lo_l3/_447_/Y
 u_xp13_lo_l3/_448_/Y
 u_xp13_lo_l3/_449_/Y
 u_xp13_lo_l3/_450_/Y
 u_xp13_lo_l3/_451_/Y
 u_xp13_lo_l3/_452_/Y
 u_xp13_lo_l3/_453_/Y
 u_xp17x7_carry/_148_/Y
 u_xp17x7_carry/_149_/Y
 u_xp17x7_carry/_150_/Y
 u_xp17x7_carry/_151_/Y
 u_xp17x7_carry/_152_/Y
 u_xp17x7_carry/_153_/Y
 u_xp17x7_carry/_154_/Y
 u_xp17x7_carry/_155_/Y
 u_xp17x7_carry/_156_/Y
 u_xp17x7_carry/_157_/Y
 u_xp17x7_carry/_158_/Y
 u_xp17x7_carry/_159_/Y
 u_xp17x7_carry/_160_/Y
 u_xp17x7_carry/_161_/Y
 u_xp17x7_carry/_162_/Y
 u_xp17x7_carry/_163_/Y
 u_xp17x7_carry/_164_/Y
 u_xp17x7_carry/_165_/Y
 u_xp17x7_carry/_166_/Y
 u_xp17x7_carry/_167_/Y
 u_xp17x7_carry/_168_/Y
 u_xp17x7_carry/_169_/Y
 u_xp17x7_carry/_170_/Y
 u_xp17x7_carry/_171_/Y
 u_xp17x7_carry/_172_/Y
 u_xp17x7_carry/_173_/Y
 u_xp17x7_carry/_174_/Y
 u_xp17x7_carry/_175_/Y
 u_xp17x7_carry/_176_/Y
 u_xp17x7_carry/_177_/Y
 u_xp17x7_carry/_178_/Y
 u_xp17x7_carry/_179_/Y
 u_xp17x7_carry/_180_/Y
 u_xp17x7_carry/_181_/Y
 u_xp17x7_carry/_182_/Y
 u_xp17x7_carry/_183_/Y
 u_xp17x7_carry/_184_/Y
 u_xp17x7_carry/_185_/Y
 u_xp17x7_carry/_186_/Y
 u_xp17x7_carry/_187_/Y
 u_xp17x7_carry/_188_/Y
 u_xp17x7_carry/_189_/Y
 u_xp17x7_carry/_190_/Y
 u_xp17x7_carry/_191_/Y
 u_xp17x7_carry/_192_/Y
 u_xp17x7_carry/_193_/Y
 u_xp17x7_carry/_194_/Y
 u_xp17x7_carry/_195_/Y
 u_xp17x7_carry/_196_/Y
 u_xp17x7_carry/_197_/Y
 u_xp17x7_carry/_198_/Y
 u_xp17x7_carry/_199_/Y
 u_xp17x7_carry/_200_/Y
 u_xp17x7_carry/_201_/Y
 u_xp17x7_carry/_202_/Y
 u_xp17x7_carry/_203_/Y
 u_xp17x7_carry/_204_/Y
 u_xp17x7_carry/_205_/Y
 u_xp17x7_carry/_206_/Y
 u_xp17x7_carry/_207_/Y
 u_xp17x7_carry/_208_/Y
 u_xp17x7_carry/_209_/Y
 u_xp17x7_carry/_210_/Y
 u_xp17x7_carry/_211_/Y
 u_xp17x7_carry/_212_/Y
 u_xp17x7_carry/_213_/Y
 u_xp17x7_carry/_214_/Y
 u_xp17x7_carry/_215_/Y
 u_xp17x7_carry/_216_/Y
 u_xp17x7_carry/_217_/Y
 u_xp17x7_carry/_218_/Y
 u_xp17x7_carry/_219_/Y
 u_xp17x7_carry/_220_/Y
 u_xp17x7_carry/_221_/Y
 u_xp17x7_carry/_222_/Y
 u_xp17x7_carry/_223_/Y
 u_xp17x7_carry/_224_/Y
 u_xp17x7_carry/_225_/Y
 u_xp17x7_carry/_226_/Y
 u_xp17x7_carry/_227_/Y
 u_xp17x7_carry/_228_/Y
 u_xp17x7_carry/_229_/Y
 u_xp17x7_carry/_230_/Y
 u_xp17x7_carry/_231_/Y
 u_xp17x7_carry/_232_/Y
 u_xp17x7_carry/_233_/Y
 u_xp17x7_carry/_234_/Y
 u_xp17x7_carry/_235_/Y
 u_xp17x7_carry/_236_/Y
 u_xp17x7_carry/_237_/Y
 u_xp17x7_carry/_238_/Y
 u_xp17x7_carry/_239_/Y
 u_xp17x7_carry/_240_/Y
 u_xp17x7_carry/_241_/Y
 u_xp17x7_carry/_242_/Y
 u_xp17x7_carry/_243_/Y
 u_xp17x7_carry/_244_/Y
 u_xp17x7_carry/_245_/Y
 u_xp17x7_carry/_246_/Y
 u_xp17x7_carry/_247_/Y
 u_xp17x7_carry/_248_/Y
 u_xp17x7_carry/_249_/Y
 u_xp17x7_carry/_250_/Y
 u_xp17x7_carry/_251_/Y
 u_xp17x7_carry/_252_/Y
 u_xp17x7_carry/_253_/Y
 u_xp17x7_carry/_254_/Y
 u_xp17x7_carry/_255_/Y
 u_xp17x7_carry/_256_/Y
 u_xp17x7_carry/_257_/Y
 u_xp17x7_carry/_258_/Y
 u_xp17x7_carry/_259_/Y
 u_xp17x7_carry/_260_/Y
 u_xp17x7_carry/_261_/Y
 u_xp17x7_carry/_262_/Y
 u_xp17x7_carry/_263_/Y
 u_xp17x7_carry/_264_/Y
 u_xp17x7_carry/_265_/Y
 u_xp17x7_carry/_266_/Y
 u_xp17x7_carry/_267_/Y
 u_xp17x7_carry/_268_/Y
 u_xp17x7_carry/_269_/Y
 u_xp17x7_carry/_270_/Y
 u_xp17x7_carry/_271_/Y
 u_xp17x7_carry/_272_/Y
 u_xp17x7_carry/_273_/Y
 u_xp17x7_carry/_274_/Y
 u_xp17x7_carry/_275_/Y
 u_xp17x7_carry/_276_/Y
 u_xp17x7_carry/_277_/Y
 u_xp17x7_carry/_278_/Y
 u_xp17x7_carry/_279_/Y
 u_xp17x7_carry/_280_/Y
 u_xp17x7_carry/_281_/Y
 u_xp17x7_carry/_282_/Y
 u_xp17x7_carry/_283_/Y
 u_xp17x7_carry/_284_/Y
 u_xp17x7_carry/_285_/Y
 u_xp17x7_carry/_286_/Y
 u_xp17x7_carry/_287_/Y
 u_xp17x7_carry/_288_/Y
 u_xp17x7_carry/_289_/Y
 u_xp17x7_carry/_290_/Y
 u_xp17x7_carry/_291_/Y
 u_xp17x7_carry/_292_/Y
 u_xp17x7_carry/_293_/Y
 u_xp17x7_carry/_294_/Y
 u_xp17x7_carry/_295_/Y
 u_xp17x7_carry/_296_/Y
 u_xp17x7_carry/_297_/Y
 u_xp17x7_carry/_298_/Y
 u_xp17x7_carry/_299_/Y
 u_xp17x7_carry/_300_/Y
 u_xp17x7_carry/_301_/Y
 u_xp17x7_carry/_302_/Y
 u_xp17x7_carry/_303_/Y
 u_xp17x7_carry/_304_/Y
 u_xp17x7_carry/_305_/Y
 u_xp17x7_carry/_306_/Y
 u_xp17x7_carry/_307_/Y
 u_xp17x7_carry/_308_/Y
 u_xp17x7_carry/_309_/Y
 u_xp17x7_carry/_310_/Y
 u_xp17x7_carry/_311_/Y
 u_xp17x7_carry/_312_/Y
 u_xp17x7_carry/_313_/Y
 u_xp17x7_carry/_314_/Y
 u_xp17x7_carry/_315_/Y
 u_xp17x7_carry/_316_/Y
 u_xp17x7_carry/_317_/Y
 u_xp17x7_carry/_318_/Y
 u_xp17x7_carry/_319_/Y
 u_xp9_hi_l3/_095_/Y
 u_xp9_hi_l3/_096_/Y
 u_xp9_hi_l3/_097_/Y
 u_xp9_hi_l3/_098_/Y
 u_xp9_hi_l3/_099_/Y
 u_xp9_hi_l3/_100_/Y
 u_xp9_hi_l3/_101_/Y
 u_xp9_hi_l3/_102_/Y
 u_xp9_hi_l3/_103_/Y
 u_xp9_hi_l3/_104_/Y
 u_xp9_hi_l3/_105_/Y
 u_xp9_hi_l3/_106_/Y
 u_xp9_hi_l3/_107_/Y
 u_xp9_hi_l3/_108_/Y
 u_xp9_hi_l3/_109_/Y
 u_xp9_hi_l3/_110_/Y
 u_xp9_hi_l3/_111_/Y
 u_xp9_hi_l3/_112_/Y
 u_xp9_hi_l3/_113_/Y
 u_xp9_hi_l3/_114_/Y
 u_xp9_hi_l3/_115_/Y
 u_xp9_hi_l3/_116_/Y
 u_xp9_hi_l3/_117_/Y
 u_xp9_hi_l3/_118_/Y
 u_xp9_hi_l3/_119_/Y
 u_xp9_hi_l3/_120_/Y
 u_xp9_hi_l3/_121_/Y
 u_xp9_hi_l3/_122_/Y
 u_xp9_hi_l3/_123_/Y
 u_xp9_hi_l3/_124_/Y
 u_xp9_hi_l3/_125_/Y
 u_xp9_hi_l3/_126_/Y
 u_xp9_hi_l3/_127_/Y
 u_xp9_hi_l3/_128_/Y
 u_xp9_hi_l3/_129_/Y
 u_xp9_hi_l3/_130_/Y
 u_xp9_hi_l3/_131_/Y
 u_xp9_hi_l3/_132_/Y
 u_xp9_hi_l3/_133_/Y
 u_xp9_hi_l3/_134_/Y
 u_xp9_hi_l3/_135_/Y
 u_xp9_hi_l3/_136_/Y
 u_xp9_hi_l3/_137_/Y
 u_xp9_hi_l3/_138_/Y
 u_xp9_hi_l3/_139_/Y
 u_xp9_hi_l3/_140_/Y
 u_xp9_hi_l3/_141_/Y
 u_xp9_hi_l3/_142_/Y
 u_xp9_hi_l3/_143_/Y
 u_xp9_hi_l3/_144_/Y
 u_xp9_hi_l3/_145_/Y
 u_xp9_hi_l3/_146_/Y
 u_xp9_hi_l3/_147_/Y
 u_xp9_hi_l3/_148_/Y
 u_xp9_hi_l3/_149_/Y
 u_xp9_hi_l3/_150_/Y
 u_xp9_hi_l3/_151_/Y
 u_xp9_hi_l3/_152_/Y
 u_xp9_hi_l3/_153_/Y
 u_xp9_hi_l3/_154_/Y
 u_xp9_hi_l3/_155_/Y
 u_xp9_hi_l3/_156_/Y
 u_xp9_hi_l3/_157_/Y
 u_xp9_hi_l3/_158_/Y
 u_xp9_hi_l3/_159_/Y
 u_xp9_hi_l3/_160_/Y
 u_xp9_hi_l3/_161_/Y
 u_xp9_hi_l3/_162_/Y
 u_xp9_hi_l3/_163_/Y
 u_xp9_hi_l3/_164_/Y
 u_xp9_hi_l3/_165_/Y
 u_xp9_hi_l3/_166_/Y
 u_xp9_hi_l3/_167_/Y
 u_xp9_hi_l3/_168_/Y
 u_xp9_hi_l3/_169_/Y
 u_xp9_hi_l3/_170_/Y
 u_xp9_hi_l3/_171_/Y
 u_xp9_hi_l3/_172_/Y
 u_xp9_hi_l3/_173_/Y
 u_xp9_hi_l3/_174_/Y
 u_xp9_hi_l3/_175_/Y
 u_xp9_hi_l3/_176_/Y
 u_xp9_hi_l3/_177_/Y
 u_xp9_hi_l3/_178_/Y
 u_xp9_hi_l3/_179_/Y
 u_xp9_hi_l3/_180_/Y
 u_xp9_hi_l3/_181_/Y
 u_xp9_hi_l3/_182_/Y
 u_xp9_hi_l3/_183_/Y
 u_xp9_hi_l3/_184_/Y
 u_xp9_hi_l3/_185_/Y
 u_xp9_hi_l3/_186_/Y
 u_xp9_hi_l3/_187_/Y
 u_xp9_hi_l3/_188_/Y
 u_xp9_hi_l3/_189_/Y
 u_xp9_hi_l3/_190_/Y
 u_xp9_hi_l3/_191_/Y
 u_xp9_hi_l3/_192_/Y
 u_xp9_hi_l3/_193_/Y
 u_xp9_hi_l3/_194_/Y
 u_xp9_hi_l3/_195_/Y
 u_xp9_hi_l3/_196_/Y
 u_xp9_hi_l3/_197_/Y
 u_xp9_hi_l3/_198_/Y
 u_xp9_hi_l3/_199_/Y
 u_xp9_hi_l3/_200_/Y
 u_xp9_hi_l3/_201_/Y
 u_xp9_hi_l3/_202_/Y
 u_xp9_hi_l3/_203_/Y
 u_xp9_hi_l3/_204_/Y
 u_xp9_hi_l3/_205_/Y
 u_xp9_hi_l3/_206_/Y
 u_xp9_hi_l3/_207_/Y
 xp3_hi_l1\[0\].u_xp3/_10_/Y
 xp3_hi_l1\[0\].u_xp3/_11_/Y
 xp3_hi_l1\[0\].u_xp3/_12_/Y
 xp3_hi_l1\[0\].u_xp3/_13_/Y
 xp3_hi_l1\[0\].u_xp3/_14_/Y
 xp3_hi_l1\[0\].u_xp3/_15_/Y
 xp3_hi_l1\[0\].u_xp3/_16_/Y
 xp3_hi_l1\[0\].u_xp3/_17_/Y
 xp3_hi_l1\[0\].u_xp3/_18_/Y
 xp3_hi_l1\[0\].u_xp3/_19_/Y
 xp3_hi_l1\[0\].u_xp3/_20_/Y
 xp3_hi_l1\[0\].u_xp3/_21_/Y
 xp3_hi_l1\[0\].u_xp3/_22_/Y
 xp3_hi_l1\[0\].u_xp3/_23_/Y
 xp3_hi_l1\[0\].u_xp3/_24_/Y
 xp3_hi_l1\[0\].u_xp3/_25_/Y
 xp3_hi_l1\[1\].u_xp3/_10_/Y
 xp3_hi_l1\[1\].u_xp3/_11_/Y
 xp3_hi_l1\[1\].u_xp3/_12_/Y
 xp3_hi_l1\[1\].u_xp3/_13_/Y
 xp3_hi_l1\[1\].u_xp3/_14_/Y
 xp3_hi_l1\[1\].u_xp3/_15_/Y
 xp3_hi_l1\[1\].u_xp3/_16_/Y
 xp3_hi_l1\[1\].u_xp3/_17_/Y
 xp3_hi_l1\[1\].u_xp3/_18_/Y
 xp3_hi_l1\[1\].u_xp3/_19_/Y
 xp3_hi_l1\[1\].u_xp3/_20_/Y
 xp3_hi_l1\[1\].u_xp3/_21_/Y
 xp3_hi_l1\[1\].u_xp3/_22_/Y
 xp3_hi_l1\[1\].u_xp3/_23_/Y
 xp3_hi_l1\[1\].u_xp3/_24_/Y
 xp3_hi_l1\[1\].u_xp3/_25_/Y
 xp3_hi_l1\[2\].u_xp3/_10_/Y
 xp3_hi_l1\[2\].u_xp3/_11_/Y
 xp3_hi_l1\[2\].u_xp3/_12_/Y
 xp3_hi_l1\[2\].u_xp3/_13_/Y
 xp3_hi_l1\[2\].u_xp3/_14_/Y
 xp3_hi_l1\[2\].u_xp3/_15_/Y
 xp3_hi_l1\[2\].u_xp3/_16_/Y
 xp3_hi_l1\[2\].u_xp3/_17_/Y
 xp3_hi_l1\[2\].u_xp3/_18_/Y
 xp3_hi_l1\[2\].u_xp3/_19_/Y
 xp3_hi_l1\[2\].u_xp3/_20_/Y
 xp3_hi_l1\[2\].u_xp3/_21_/Y
 xp3_hi_l1\[2\].u_xp3/_22_/Y
 xp3_hi_l1\[2\].u_xp3/_23_/Y
 xp3_hi_l1\[2\].u_xp3/_24_/Y
 xp3_hi_l1\[2\].u_xp3/_25_/Y
 xp3_hi_l1\[3\].u_xp3/_10_/Y
 xp3_hi_l1\[3\].u_xp3/_11_/Y
 xp3_hi_l1\[3\].u_xp3/_12_/Y
 xp3_hi_l1\[3\].u_xp3/_13_/Y
 xp3_hi_l1\[3\].u_xp3/_14_/Y
 xp3_hi_l1\[3\].u_xp3/_15_/Y
 xp3_hi_l1\[3\].u_xp3/_16_/Y
 xp3_hi_l1\[3\].u_xp3/_17_/Y
 xp3_hi_l1\[3\].u_xp3/_18_/Y
 xp3_hi_l1\[3\].u_xp3/_19_/Y
 xp3_hi_l1\[3\].u_xp3/_20_/Y
 xp3_hi_l1\[3\].u_xp3/_21_/Y
 xp3_hi_l1\[3\].u_xp3/_22_/Y
 xp3_hi_l1\[3\].u_xp3/_23_/Y
 xp3_hi_l1\[3\].u_xp3/_24_/Y
 xp3_hi_l1\[3\].u_xp3/_25_/Y
 xp3_s2l1\[0\].u_xp3/_10_/Y
 xp3_s2l1\[0\].u_xp3/_11_/Y
 xp3_s2l1\[0\].u_xp3/_12_/Y
 xp3_s2l1\[0\].u_xp3/_13_/Y
 xp3_s2l1\[0\].u_xp3/_14_/Y
 xp3_s2l1\[0\].u_xp3/_15_/Y
 xp3_s2l1\[0\].u_xp3/_16_/Y
 xp3_s2l1\[0\].u_xp3/_17_/Y
 xp3_s2l1\[0\].u_xp3/_18_/Y
 xp3_s2l1\[0\].u_xp3/_19_/Y
 xp3_s2l1\[0\].u_xp3/_20_/Y
 xp3_s2l1\[0\].u_xp3/_21_/Y
 xp3_s2l1\[0\].u_xp3/_22_/Y
 xp3_s2l1\[0\].u_xp3/_23_/Y
 xp3_s2l1\[0\].u_xp3/_24_/Y
 xp3_s2l1\[0\].u_xp3/_25_/Y
 xp3_s2l1\[10\].u_xp3/_10_/Y
 xp3_s2l1\[10\].u_xp3/_11_/Y
 xp3_s2l1\[10\].u_xp3/_12_/Y
 xp3_s2l1\[10\].u_xp3/_13_/Y
 xp3_s2l1\[10\].u_xp3/_14_/Y
 xp3_s2l1\[10\].u_xp3/_15_/Y
 xp3_s2l1\[10\].u_xp3/_16_/Y
 xp3_s2l1\[10\].u_xp3/_17_/Y
 xp3_s2l1\[10\].u_xp3/_18_/Y
 xp3_s2l1\[10\].u_xp3/_19_/Y
 xp3_s2l1\[10\].u_xp3/_20_/Y
 xp3_s2l1\[10\].u_xp3/_21_/Y
 xp3_s2l1\[10\].u_xp3/_22_/Y
 xp3_s2l1\[10\].u_xp3/_23_/Y
 xp3_s2l1\[10\].u_xp3/_24_/Y
 xp3_s2l1\[10\].u_xp3/_25_/Y
 xp3_s2l1\[11\].u_xp3/_10_/Y
 xp3_s2l1\[11\].u_xp3/_11_/Y
 xp3_s2l1\[11\].u_xp3/_12_/Y
 xp3_s2l1\[11\].u_xp3/_13_/Y
 xp3_s2l1\[11\].u_xp3/_14_/Y
 xp3_s2l1\[11\].u_xp3/_15_/Y
 xp3_s2l1\[11\].u_xp3/_16_/Y
 xp3_s2l1\[11\].u_xp3/_17_/Y
 xp3_s2l1\[11\].u_xp3/_18_/Y
 xp3_s2l1\[11\].u_xp3/_19_/Y
 xp3_s2l1\[11\].u_xp3/_20_/Y
 xp3_s2l1\[11\].u_xp3/_21_/Y
 xp3_s2l1\[11\].u_xp3/_22_/Y
 xp3_s2l1\[11\].u_xp3/_23_/Y
 xp3_s2l1\[11\].u_xp3/_24_/Y
 xp3_s2l1\[11\].u_xp3/_25_/Y
 xp3_s2l1\[12\].u_xp3/_10_/Y
 xp3_s2l1\[12\].u_xp3/_11_/Y
 xp3_s2l1\[12\].u_xp3/_12_/Y
 xp3_s2l1\[12\].u_xp3/_13_/Y
 xp3_s2l1\[12\].u_xp3/_14_/Y
 xp3_s2l1\[12\].u_xp3/_15_/Y
 xp3_s2l1\[12\].u_xp3/_16_/Y
 xp3_s2l1\[12\].u_xp3/_17_/Y
 xp3_s2l1\[12\].u_xp3/_18_/Y
 xp3_s2l1\[12\].u_xp3/_19_/Y
 xp3_s2l1\[12\].u_xp3/_20_/Y
 xp3_s2l1\[12\].u_xp3/_21_/Y
 xp3_s2l1\[12\].u_xp3/_22_/Y
 xp3_s2l1\[12\].u_xp3/_23_/Y
 xp3_s2l1\[12\].u_xp3/_24_/Y
 xp3_s2l1\[12\].u_xp3/_25_/Y
 xp3_s2l1\[13\].u_xp3/_10_/Y
 xp3_s2l1\[13\].u_xp3/_11_/Y
 xp3_s2l1\[13\].u_xp3/_12_/Y
 xp3_s2l1\[13\].u_xp3/_13_/Y
 xp3_s2l1\[13\].u_xp3/_14_/Y
 xp3_s2l1\[13\].u_xp3/_15_/Y
 xp3_s2l1\[13\].u_xp3/_16_/Y
 xp3_s2l1\[13\].u_xp3/_17_/Y
 xp3_s2l1\[13\].u_xp3/_18_/Y
 xp3_s2l1\[13\].u_xp3/_19_/Y
 xp3_s2l1\[13\].u_xp3/_20_/Y
 xp3_s2l1\[13\].u_xp3/_21_/Y
 xp3_s2l1\[13\].u_xp3/_22_/Y
 xp3_s2l1\[13\].u_xp3/_23_/Y
 xp3_s2l1\[13\].u_xp3/_24_/Y
 xp3_s2l1\[13\].u_xp3/_25_/Y
 xp3_s2l1\[14\].u_xp3/_10_/Y
 xp3_s2l1\[14\].u_xp3/_11_/Y
 xp3_s2l1\[14\].u_xp3/_12_/Y
 xp3_s2l1\[14\].u_xp3/_13_/Y
 xp3_s2l1\[14\].u_xp3/_14_/Y
 xp3_s2l1\[14\].u_xp3/_15_/Y
 xp3_s2l1\[14\].u_xp3/_16_/Y
 xp3_s2l1\[14\].u_xp3/_17_/Y
 xp3_s2l1\[14\].u_xp3/_18_/Y
 xp3_s2l1\[14\].u_xp3/_19_/Y
 xp3_s2l1\[14\].u_xp3/_20_/Y
 xp3_s2l1\[14\].u_xp3/_21_/Y
 xp3_s2l1\[14\].u_xp3/_22_/Y
 xp3_s2l1\[14\].u_xp3/_23_/Y
 xp3_s2l1\[14\].u_xp3/_24_/Y
 xp3_s2l1\[14\].u_xp3/_25_/Y
 xp3_s2l1\[15\].u_xp3/_10_/Y
 xp3_s2l1\[15\].u_xp3/_11_/Y
 xp3_s2l1\[15\].u_xp3/_12_/Y
 xp3_s2l1\[15\].u_xp3/_13_/Y
 xp3_s2l1\[15\].u_xp3/_14_/Y
 xp3_s2l1\[15\].u_xp3/_15_/Y
 xp3_s2l1\[15\].u_xp3/_16_/Y
 xp3_s2l1\[15\].u_xp3/_17_/Y
 xp3_s2l1\[15\].u_xp3/_18_/Y
 xp3_s2l1\[15\].u_xp3/_19_/Y
 xp3_s2l1\[15\].u_xp3/_20_/Y
 xp3_s2l1\[15\].u_xp3/_21_/Y
 xp3_s2l1\[15\].u_xp3/_22_/Y
 xp3_s2l1\[15\].u_xp3/_23_/Y
 xp3_s2l1\[15\].u_xp3/_24_/Y
 xp3_s2l1\[15\].u_xp3/_25_/Y
 xp3_s2l1\[1\].u_xp3/_10_/Y
 xp3_s2l1\[1\].u_xp3/_11_/Y
 xp3_s2l1\[1\].u_xp3/_12_/Y
 xp3_s2l1\[1\].u_xp3/_13_/Y
 xp3_s2l1\[1\].u_xp3/_14_/Y
 xp3_s2l1\[1\].u_xp3/_15_/Y
 xp3_s2l1\[1\].u_xp3/_16_/Y
 xp3_s2l1\[1\].u_xp3/_17_/Y
 xp3_s2l1\[1\].u_xp3/_18_/Y
 xp3_s2l1\[1\].u_xp3/_19_/Y
 xp3_s2l1\[1\].u_xp3/_20_/Y
 xp3_s2l1\[1\].u_xp3/_21_/Y
 xp3_s2l1\[1\].u_xp3/_22_/Y
 xp3_s2l1\[1\].u_xp3/_23_/Y
 xp3_s2l1\[1\].u_xp3/_24_/Y
 xp3_s2l1\[1\].u_xp3/_25_/Y
 xp3_s2l1\[2\].u_xp3/_10_/Y
 xp3_s2l1\[2\].u_xp3/_11_/Y
 xp3_s2l1\[2\].u_xp3/_12_/Y
 xp3_s2l1\[2\].u_xp3/_13_/Y
 xp3_s2l1\[2\].u_xp3/_14_/Y
 xp3_s2l1\[2\].u_xp3/_15_/Y
 xp3_s2l1\[2\].u_xp3/_16_/Y
 xp3_s2l1\[2\].u_xp3/_17_/Y
 xp3_s2l1\[2\].u_xp3/_18_/Y
 xp3_s2l1\[2\].u_xp3/_19_/Y
 xp3_s2l1\[2\].u_xp3/_20_/Y
 xp3_s2l1\[2\].u_xp3/_21_/Y
 xp3_s2l1\[2\].u_xp3/_22_/Y
 xp3_s2l1\[2\].u_xp3/_23_/Y
 xp3_s2l1\[2\].u_xp3/_24_/Y
 xp3_s2l1\[2\].u_xp3/_25_/Y
 xp3_s2l1\[3\].u_xp3/_10_/Y
 xp3_s2l1\[3\].u_xp3/_11_/Y
 xp3_s2l1\[3\].u_xp3/_12_/Y
 xp3_s2l1\[3\].u_xp3/_13_/Y
 xp3_s2l1\[3\].u_xp3/_14_/Y
 xp3_s2l1\[3\].u_xp3/_15_/Y
 xp3_s2l1\[3\].u_xp3/_16_/Y
 xp3_s2l1\[3\].u_xp3/_17_/Y
 xp3_s2l1\[3\].u_xp3/_18_/Y
 xp3_s2l1\[3\].u_xp3/_19_/Y
 xp3_s2l1\[3\].u_xp3/_20_/Y
 xp3_s2l1\[3\].u_xp3/_21_/Y
 xp3_s2l1\[3\].u_xp3/_22_/Y
 xp3_s2l1\[3\].u_xp3/_23_/Y
 xp3_s2l1\[3\].u_xp3/_24_/Y
 xp3_s2l1\[3\].u_xp3/_25_/Y
 xp3_s2l1\[4\].u_xp3/_10_/Y
 xp3_s2l1\[4\].u_xp3/_11_/Y
 xp3_s2l1\[4\].u_xp3/_12_/Y
 xp3_s2l1\[4\].u_xp3/_13_/Y
 xp3_s2l1\[4\].u_xp3/_14_/Y
 xp3_s2l1\[4\].u_xp3/_15_/Y
 xp3_s2l1\[4\].u_xp3/_16_/Y
 xp3_s2l1\[4\].u_xp3/_17_/Y
 xp3_s2l1\[4\].u_xp3/_18_/Y
 xp3_s2l1\[4\].u_xp3/_19_/Y
 xp3_s2l1\[4\].u_xp3/_20_/Y
 xp3_s2l1\[4\].u_xp3/_21_/Y
 xp3_s2l1\[4\].u_xp3/_22_/Y
 xp3_s2l1\[4\].u_xp3/_23_/Y
 xp3_s2l1\[4\].u_xp3/_24_/Y
 xp3_s2l1\[4\].u_xp3/_25_/Y
 xp3_s2l1\[5\].u_xp3/_10_/Y
 xp3_s2l1\[5\].u_xp3/_11_/Y
 xp3_s2l1\[5\].u_xp3/_12_/Y
 xp3_s2l1\[5\].u_xp3/_13_/Y
 xp3_s2l1\[5\].u_xp3/_14_/Y
 xp3_s2l1\[5\].u_xp3/_15_/Y
 xp3_s2l1\[5\].u_xp3/_16_/Y
 xp3_s2l1\[5\].u_xp3/_17_/Y
 xp3_s2l1\[5\].u_xp3/_18_/Y
 xp3_s2l1\[5\].u_xp3/_19_/Y
 xp3_s2l1\[5\].u_xp3/_20_/Y
 xp3_s2l1\[5\].u_xp3/_21_/Y
 xp3_s2l1\[5\].u_xp3/_22_/Y
 xp3_s2l1\[5\].u_xp3/_23_/Y
 xp3_s2l1\[5\].u_xp3/_24_/Y
 xp3_s2l1\[5\].u_xp3/_25_/Y
 xp3_s2l1\[6\].u_xp3/_10_/Y
 xp3_s2l1\[6\].u_xp3/_11_/Y
 xp3_s2l1\[6\].u_xp3/_12_/Y
 xp3_s2l1\[6\].u_xp3/_13_/Y
 xp3_s2l1\[6\].u_xp3/_14_/Y
 xp3_s2l1\[6\].u_xp3/_15_/Y
 xp3_s2l1\[6\].u_xp3/_16_/Y
 xp3_s2l1\[6\].u_xp3/_17_/Y
 xp3_s2l1\[6\].u_xp3/_18_/Y
 xp3_s2l1\[6\].u_xp3/_19_/Y
 xp3_s2l1\[6\].u_xp3/_20_/Y
 xp3_s2l1\[6\].u_xp3/_21_/Y
 xp3_s2l1\[6\].u_xp3/_22_/Y
 xp3_s2l1\[6\].u_xp3/_23_/Y
 xp3_s2l1\[6\].u_xp3/_24_/Y
 xp3_s2l1\[6\].u_xp3/_25_/Y
 xp3_s2l1\[7\].u_xp3/_10_/Y
 xp3_s2l1\[7\].u_xp3/_11_/Y
 xp3_s2l1\[7\].u_xp3/_12_/Y
 xp3_s2l1\[7\].u_xp3/_13_/Y
 xp3_s2l1\[7\].u_xp3/_14_/Y
 xp3_s2l1\[7\].u_xp3/_15_/Y
 xp3_s2l1\[7\].u_xp3/_16_/Y
 xp3_s2l1\[7\].u_xp3/_17_/Y
 xp3_s2l1\[7\].u_xp3/_18_/Y
 xp3_s2l1\[7\].u_xp3/_19_/Y
 xp3_s2l1\[7\].u_xp3/_20_/Y
 xp3_s2l1\[7\].u_xp3/_21_/Y
 xp3_s2l1\[7\].u_xp3/_22_/Y
 xp3_s2l1\[7\].u_xp3/_23_/Y
 xp3_s2l1\[7\].u_xp3/_24_/Y
 xp3_s2l1\[7\].u_xp3/_25_/Y
 xp3_s2l1\[8\].u_xp3/_10_/Y
 xp3_s2l1\[8\].u_xp3/_11_/Y
 xp3_s2l1\[8\].u_xp3/_12_/Y
 xp3_s2l1\[8\].u_xp3/_13_/Y
 xp3_s2l1\[8\].u_xp3/_14_/Y
 xp3_s2l1\[8\].u_xp3/_15_/Y
 xp3_s2l1\[8\].u_xp3/_16_/Y
 xp3_s2l1\[8\].u_xp3/_17_/Y
 xp3_s2l1\[8\].u_xp3/_18_/Y
 xp3_s2l1\[8\].u_xp3/_19_/Y
 xp3_s2l1\[8\].u_xp3/_20_/Y
 xp3_s2l1\[8\].u_xp3/_21_/Y
 xp3_s2l1\[8\].u_xp3/_22_/Y
 xp3_s2l1\[8\].u_xp3/_23_/Y
 xp3_s2l1\[8\].u_xp3/_24_/Y
 xp3_s2l1\[8\].u_xp3/_25_/Y
 xp3_s2l1\[9\].u_xp3/_10_/Y
 xp3_s2l1\[9\].u_xp3/_11_/Y
 xp3_s2l1\[9\].u_xp3/_12_/Y
 xp3_s2l1\[9\].u_xp3/_13_/Y
 xp3_s2l1\[9\].u_xp3/_14_/Y
 xp3_s2l1\[9\].u_xp3/_15_/Y
 xp3_s2l1\[9\].u_xp3/_16_/Y
 xp3_s2l1\[9\].u_xp3/_17_/Y
 xp3_s2l1\[9\].u_xp3/_18_/Y
 xp3_s2l1\[9\].u_xp3/_19_/Y
 xp3_s2l1\[9\].u_xp3/_20_/Y
 xp3_s2l1\[9\].u_xp3/_21_/Y
 xp3_s2l1\[9\].u_xp3/_22_/Y
 xp3_s2l1\[9\].u_xp3/_23_/Y
 xp3_s2l1\[9\].u_xp3/_24_/Y
 xp3_s2l1\[9\].u_xp3/_25_/Y
 xp4_lo_l1\[0\].u_xp4/_18_/Y
 xp4_lo_l1\[0\].u_xp4/_19_/Y
 xp4_lo_l1\[0\].u_xp4/_20_/Y
 xp4_lo_l1\[0\].u_xp4/_21_/Y
 xp4_lo_l1\[0\].u_xp4/_22_/Y
 xp4_lo_l1\[0\].u_xp4/_23_/Y
 xp4_lo_l1\[0\].u_xp4/_24_/Y
 xp4_lo_l1\[0\].u_xp4/_25_/Y
 xp4_lo_l1\[0\].u_xp4/_26_/Y
 xp4_lo_l1\[0\].u_xp4/_27_/Y
 xp4_lo_l1\[0\].u_xp4/_28_/Y
 xp4_lo_l1\[0\].u_xp4/_29_/Y
 xp4_lo_l1\[0\].u_xp4/_30_/Y
 xp4_lo_l1\[0\].u_xp4/_31_/Y
 xp4_lo_l1\[0\].u_xp4/_32_/Y
 xp4_lo_l1\[0\].u_xp4/_33_/Y
 xp4_lo_l1\[0\].u_xp4/_34_/Y
 xp4_lo_l1\[0\].u_xp4/_35_/Y
 xp4_lo_l1\[0\].u_xp4/_36_/Y
 xp4_lo_l1\[0\].u_xp4/_37_/Y
 xp4_lo_l1\[0\].u_xp4/_38_/Y
 xp4_lo_l1\[0\].u_xp4/_39_/Y
 xp4_lo_l1\[0\].u_xp4/_40_/Y
 xp4_lo_l1\[0\].u_xp4/_41_/Y
 xp4_lo_l1\[0\].u_xp4/_42_/Y
 xp4_lo_l1\[0\].u_xp4/_43_/Y
 xp4_lo_l1\[1\].u_xp4/_18_/Y
 xp4_lo_l1\[1\].u_xp4/_19_/Y
 xp4_lo_l1\[1\].u_xp4/_20_/Y
 xp4_lo_l1\[1\].u_xp4/_21_/Y
 xp4_lo_l1\[1\].u_xp4/_22_/Y
 xp4_lo_l1\[1\].u_xp4/_23_/Y
 xp4_lo_l1\[1\].u_xp4/_24_/Y
 xp4_lo_l1\[1\].u_xp4/_25_/Y
 xp4_lo_l1\[1\].u_xp4/_26_/Y
 xp4_lo_l1\[1\].u_xp4/_27_/Y
 xp4_lo_l1\[1\].u_xp4/_28_/Y
 xp4_lo_l1\[1\].u_xp4/_29_/Y
 xp4_lo_l1\[1\].u_xp4/_30_/Y
 xp4_lo_l1\[1\].u_xp4/_31_/Y
 xp4_lo_l1\[1\].u_xp4/_32_/Y
 xp4_lo_l1\[1\].u_xp4/_33_/Y
 xp4_lo_l1\[1\].u_xp4/_34_/Y
 xp4_lo_l1\[1\].u_xp4/_35_/Y
 xp4_lo_l1\[1\].u_xp4/_36_/Y
 xp4_lo_l1\[1\].u_xp4/_37_/Y
 xp4_lo_l1\[1\].u_xp4/_38_/Y
 xp4_lo_l1\[1\].u_xp4/_39_/Y
 xp4_lo_l1\[1\].u_xp4/_40_/Y
 xp4_lo_l1\[1\].u_xp4/_41_/Y
 xp4_lo_l1\[1\].u_xp4/_42_/Y
 xp4_lo_l1\[1\].u_xp4/_43_/Y
 xp4_lo_l1\[2\].u_xp4/_18_/Y
 xp4_lo_l1\[2\].u_xp4/_19_/Y
 xp4_lo_l1\[2\].u_xp4/_20_/Y
 xp4_lo_l1\[2\].u_xp4/_21_/Y
 xp4_lo_l1\[2\].u_xp4/_22_/Y
 xp4_lo_l1\[2\].u_xp4/_23_/Y
 xp4_lo_l1\[2\].u_xp4/_24_/Y
 xp4_lo_l1\[2\].u_xp4/_25_/Y
 xp4_lo_l1\[2\].u_xp4/_26_/Y
 xp4_lo_l1\[2\].u_xp4/_27_/Y
 xp4_lo_l1\[2\].u_xp4/_28_/Y
 xp4_lo_l1\[2\].u_xp4/_29_/Y
 xp4_lo_l1\[2\].u_xp4/_30_/Y
 xp4_lo_l1\[2\].u_xp4/_31_/Y
 xp4_lo_l1\[2\].u_xp4/_32_/Y
 xp4_lo_l1\[2\].u_xp4/_33_/Y
 xp4_lo_l1\[2\].u_xp4/_34_/Y
 xp4_lo_l1\[2\].u_xp4/_35_/Y
 xp4_lo_l1\[2\].u_xp4/_36_/Y
 xp4_lo_l1\[2\].u_xp4/_37_/Y
 xp4_lo_l1\[2\].u_xp4/_38_/Y
 xp4_lo_l1\[2\].u_xp4/_39_/Y
 xp4_lo_l1\[2\].u_xp4/_40_/Y
 xp4_lo_l1\[2\].u_xp4/_41_/Y
 xp4_lo_l1\[2\].u_xp4/_42_/Y
 xp4_lo_l1\[2\].u_xp4/_43_/Y
 xp4_lo_l1\[3\].u_xp4/_18_/Y
 xp4_lo_l1\[3\].u_xp4/_19_/Y
 xp4_lo_l1\[3\].u_xp4/_20_/Y
 xp4_lo_l1\[3\].u_xp4/_21_/Y
 xp4_lo_l1\[3\].u_xp4/_22_/Y
 xp4_lo_l1\[3\].u_xp4/_23_/Y
 xp4_lo_l1\[3\].u_xp4/_24_/Y
 xp4_lo_l1\[3\].u_xp4/_25_/Y
 xp4_lo_l1\[3\].u_xp4/_26_/Y
 xp4_lo_l1\[3\].u_xp4/_27_/Y
 xp4_lo_l1\[3\].u_xp4/_28_/Y
 xp4_lo_l1\[3\].u_xp4/_29_/Y
 xp4_lo_l1\[3\].u_xp4/_30_/Y
 xp4_lo_l1\[3\].u_xp4/_31_/Y
 xp4_lo_l1\[3\].u_xp4/_32_/Y
 xp4_lo_l1\[3\].u_xp4/_33_/Y
 xp4_lo_l1\[3\].u_xp4/_34_/Y
 xp4_lo_l1\[3\].u_xp4/_35_/Y
 xp4_lo_l1\[3\].u_xp4/_36_/Y
 xp4_lo_l1\[3\].u_xp4/_37_/Y
 xp4_lo_l1\[3\].u_xp4/_38_/Y
 xp4_lo_l1\[3\].u_xp4/_39_/Y
 xp4_lo_l1\[3\].u_xp4/_40_/Y
 xp4_lo_l1\[3\].u_xp4/_41_/Y
 xp4_lo_l1\[3\].u_xp4/_42_/Y
 xp4_lo_l1\[3\].u_xp4/_43_/Y
 xp5_hi_l2\[0\].u_xp5/_26_/Y
 xp5_hi_l2\[0\].u_xp5/_27_/Y
 xp5_hi_l2\[0\].u_xp5/_28_/Y
 xp5_hi_l2\[0\].u_xp5/_29_/Y
 xp5_hi_l2\[0\].u_xp5/_30_/Y
 xp5_hi_l2\[0\].u_xp5/_31_/Y
 xp5_hi_l2\[0\].u_xp5/_32_/Y
 xp5_hi_l2\[0\].u_xp5/_33_/Y
 xp5_hi_l2\[0\].u_xp5/_34_/Y
 xp5_hi_l2\[0\].u_xp5/_35_/Y
 xp5_hi_l2\[0\].u_xp5/_36_/Y
 xp5_hi_l2\[0\].u_xp5/_37_/Y
 xp5_hi_l2\[0\].u_xp5/_38_/Y
 xp5_hi_l2\[0\].u_xp5/_39_/Y
 xp5_hi_l2\[0\].u_xp5/_40_/Y
 xp5_hi_l2\[0\].u_xp5/_41_/Y
 xp5_hi_l2\[0\].u_xp5/_42_/Y
 xp5_hi_l2\[0\].u_xp5/_43_/Y
 xp5_hi_l2\[0\].u_xp5/_44_/Y
 xp5_hi_l2\[0\].u_xp5/_45_/Y
 xp5_hi_l2\[0\].u_xp5/_46_/Y
 xp5_hi_l2\[0\].u_xp5/_47_/Y
 xp5_hi_l2\[0\].u_xp5/_48_/Y
 xp5_hi_l2\[0\].u_xp5/_49_/Y
 xp5_hi_l2\[0\].u_xp5/_50_/Y
 xp5_hi_l2\[0\].u_xp5/_51_/Y
 xp5_hi_l2\[0\].u_xp5/_52_/Y
 xp5_hi_l2\[0\].u_xp5/_53_/Y
 xp5_hi_l2\[0\].u_xp5/_54_/Y
 xp5_hi_l2\[0\].u_xp5/_55_/Y
 xp5_hi_l2\[0\].u_xp5/_56_/Y
 xp5_hi_l2\[0\].u_xp5/_57_/Y
 xp5_hi_l2\[0\].u_xp5/_58_/Y
 xp5_hi_l2\[0\].u_xp5/_59_/Y
 xp5_hi_l2\[0\].u_xp5/_60_/Y
 xp5_hi_l2\[0\].u_xp5/_61_/Y
 xp5_hi_l2\[1\].u_xp5/_26_/Y
 xp5_hi_l2\[1\].u_xp5/_27_/Y
 xp5_hi_l2\[1\].u_xp5/_28_/Y
 xp5_hi_l2\[1\].u_xp5/_29_/Y
 xp5_hi_l2\[1\].u_xp5/_30_/Y
 xp5_hi_l2\[1\].u_xp5/_31_/Y
 xp5_hi_l2\[1\].u_xp5/_32_/Y
 xp5_hi_l2\[1\].u_xp5/_33_/Y
 xp5_hi_l2\[1\].u_xp5/_34_/Y
 xp5_hi_l2\[1\].u_xp5/_35_/Y
 xp5_hi_l2\[1\].u_xp5/_36_/Y
 xp5_hi_l2\[1\].u_xp5/_37_/Y
 xp5_hi_l2\[1\].u_xp5/_38_/Y
 xp5_hi_l2\[1\].u_xp5/_39_/Y
 xp5_hi_l2\[1\].u_xp5/_40_/Y
 xp5_hi_l2\[1\].u_xp5/_41_/Y
 xp5_hi_l2\[1\].u_xp5/_42_/Y
 xp5_hi_l2\[1\].u_xp5/_43_/Y
 xp5_hi_l2\[1\].u_xp5/_44_/Y
 xp5_hi_l2\[1\].u_xp5/_45_/Y
 xp5_hi_l2\[1\].u_xp5/_46_/Y
 xp5_hi_l2\[1\].u_xp5/_47_/Y
 xp5_hi_l2\[1\].u_xp5/_48_/Y
 xp5_hi_l2\[1\].u_xp5/_49_/Y
 xp5_hi_l2\[1\].u_xp5/_50_/Y
 xp5_hi_l2\[1\].u_xp5/_51_/Y
 xp5_hi_l2\[1\].u_xp5/_52_/Y
 xp5_hi_l2\[1\].u_xp5/_53_/Y
 xp5_hi_l2\[1\].u_xp5/_54_/Y
 xp5_hi_l2\[1\].u_xp5/_55_/Y
 xp5_hi_l2\[1\].u_xp5/_56_/Y
 xp5_hi_l2\[1\].u_xp5/_57_/Y
 xp5_hi_l2\[1\].u_xp5/_58_/Y
 xp5_hi_l2\[1\].u_xp5/_59_/Y
 xp5_hi_l2\[1\].u_xp5/_60_/Y
 xp5_hi_l2\[1\].u_xp5/_61_/Y
 xp5_s2l2\[0\].u_xp5/_26_/Y
 xp5_s2l2\[0\].u_xp5/_27_/Y
 xp5_s2l2\[0\].u_xp5/_28_/Y
 xp5_s2l2\[0\].u_xp5/_29_/Y
 xp5_s2l2\[0\].u_xp5/_30_/Y
 xp5_s2l2\[0\].u_xp5/_31_/Y
 xp5_s2l2\[0\].u_xp5/_32_/Y
 xp5_s2l2\[0\].u_xp5/_33_/Y
 xp5_s2l2\[0\].u_xp5/_34_/Y
 xp5_s2l2\[0\].u_xp5/_35_/Y
 xp5_s2l2\[0\].u_xp5/_36_/Y
 xp5_s2l2\[0\].u_xp5/_37_/Y
 xp5_s2l2\[0\].u_xp5/_38_/Y
 xp5_s2l2\[0\].u_xp5/_39_/Y
 xp5_s2l2\[0\].u_xp5/_40_/Y
 xp5_s2l2\[0\].u_xp5/_41_/Y
 xp5_s2l2\[0\].u_xp5/_42_/Y
 xp5_s2l2\[0\].u_xp5/_43_/Y
 xp5_s2l2\[0\].u_xp5/_44_/Y
 xp5_s2l2\[0\].u_xp5/_45_/Y
 xp5_s2l2\[0\].u_xp5/_46_/Y
 xp5_s2l2\[0\].u_xp5/_47_/Y
 xp5_s2l2\[0\].u_xp5/_48_/Y
 xp5_s2l2\[0\].u_xp5/_49_/Y
 xp5_s2l2\[0\].u_xp5/_50_/Y
 xp5_s2l2\[0\].u_xp5/_51_/Y
 xp5_s2l2\[0\].u_xp5/_52_/Y
 xp5_s2l2\[0\].u_xp5/_53_/Y
 xp5_s2l2\[0\].u_xp5/_54_/Y
 xp5_s2l2\[0\].u_xp5/_55_/Y
 xp5_s2l2\[0\].u_xp5/_56_/Y
 xp5_s2l2\[0\].u_xp5/_57_/Y
 xp5_s2l2\[0\].u_xp5/_58_/Y
 xp5_s2l2\[0\].u_xp5/_59_/Y
 xp5_s2l2\[0\].u_xp5/_60_/Y
 xp5_s2l2\[0\].u_xp5/_61_/Y
 xp5_s2l2\[1\].u_xp5/_26_/Y
 xp5_s2l2\[1\].u_xp5/_27_/Y
 xp5_s2l2\[1\].u_xp5/_28_/Y
 xp5_s2l2\[1\].u_xp5/_29_/Y
 xp5_s2l2\[1\].u_xp5/_30_/Y
 xp5_s2l2\[1\].u_xp5/_31_/Y
 xp5_s2l2\[1\].u_xp5/_32_/Y
 xp5_s2l2\[1\].u_xp5/_33_/Y
 xp5_s2l2\[1\].u_xp5/_34_/Y
 xp5_s2l2\[1\].u_xp5/_35_/Y
 xp5_s2l2\[1\].u_xp5/_36_/Y
 xp5_s2l2\[1\].u_xp5/_37_/Y
 xp5_s2l2\[1\].u_xp5/_38_/Y
 xp5_s2l2\[1\].u_xp5/_39_/Y
 xp5_s2l2\[1\].u_xp5/_40_/Y
 xp5_s2l2\[1\].u_xp5/_41_/Y
 xp5_s2l2\[1\].u_xp5/_42_/Y
 xp5_s2l2\[1\].u_xp5/_43_/Y
 xp5_s2l2\[1\].u_xp5/_44_/Y
 xp5_s2l2\[1\].u_xp5/_45_/Y
 xp5_s2l2\[1\].u_xp5/_46_/Y
 xp5_s2l2\[1\].u_xp5/_47_/Y
 xp5_s2l2\[1\].u_xp5/_48_/Y
 xp5_s2l2\[1\].u_xp5/_49_/Y
 xp5_s2l2\[1\].u_xp5/_50_/Y
 xp5_s2l2\[1\].u_xp5/_51_/Y
 xp5_s2l2\[1\].u_xp5/_52_/Y
 xp5_s2l2\[1\].u_xp5/_53_/Y
 xp5_s2l2\[1\].u_xp5/_54_/Y
 xp5_s2l2\[1\].u_xp5/_55_/Y
 xp5_s2l2\[1\].u_xp5/_56_/Y
 xp5_s2l2\[1\].u_xp5/_57_/Y
 xp5_s2l2\[1\].u_xp5/_58_/Y
 xp5_s2l2\[1\].u_xp5/_59_/Y
 xp5_s2l2\[1\].u_xp5/_60_/Y
 xp5_s2l2\[1\].u_xp5/_61_/Y
 xp5_s2l2\[2\].u_xp5/_26_/Y
 xp5_s2l2\[2\].u_xp5/_27_/Y
 xp5_s2l2\[2\].u_xp5/_28_/Y
 xp5_s2l2\[2\].u_xp5/_29_/Y
 xp5_s2l2\[2\].u_xp5/_30_/Y
 xp5_s2l2\[2\].u_xp5/_31_/Y
 xp5_s2l2\[2\].u_xp5/_32_/Y
 xp5_s2l2\[2\].u_xp5/_33_/Y
 xp5_s2l2\[2\].u_xp5/_34_/Y
 xp5_s2l2\[2\].u_xp5/_35_/Y
 xp5_s2l2\[2\].u_xp5/_36_/Y
 xp5_s2l2\[2\].u_xp5/_37_/Y
 xp5_s2l2\[2\].u_xp5/_38_/Y
 xp5_s2l2\[2\].u_xp5/_39_/Y
 xp5_s2l2\[2\].u_xp5/_40_/Y
 xp5_s2l2\[2\].u_xp5/_41_/Y
 xp5_s2l2\[2\].u_xp5/_42_/Y
 xp5_s2l2\[2\].u_xp5/_43_/Y
 xp5_s2l2\[2\].u_xp5/_44_/Y
 xp5_s2l2\[2\].u_xp5/_45_/Y
 xp5_s2l2\[2\].u_xp5/_46_/Y
 xp5_s2l2\[2\].u_xp5/_47_/Y
 xp5_s2l2\[2\].u_xp5/_48_/Y
 xp5_s2l2\[2\].u_xp5/_49_/Y
 xp5_s2l2\[2\].u_xp5/_50_/Y
 xp5_s2l2\[2\].u_xp5/_51_/Y
 xp5_s2l2\[2\].u_xp5/_52_/Y
 xp5_s2l2\[2\].u_xp5/_53_/Y
 xp5_s2l2\[2\].u_xp5/_54_/Y
 xp5_s2l2\[2\].u_xp5/_55_/Y
 xp5_s2l2\[2\].u_xp5/_56_/Y
 xp5_s2l2\[2\].u_xp5/_57_/Y
 xp5_s2l2\[2\].u_xp5/_58_/Y
 xp5_s2l2\[2\].u_xp5/_59_/Y
 xp5_s2l2\[2\].u_xp5/_60_/Y
 xp5_s2l2\[2\].u_xp5/_61_/Y
 xp5_s2l2\[3\].u_xp5/_26_/Y
 xp5_s2l2\[3\].u_xp5/_27_/Y
 xp5_s2l2\[3\].u_xp5/_28_/Y
 xp5_s2l2\[3\].u_xp5/_29_/Y
 xp5_s2l2\[3\].u_xp5/_30_/Y
 xp5_s2l2\[3\].u_xp5/_31_/Y
 xp5_s2l2\[3\].u_xp5/_32_/Y
 xp5_s2l2\[3\].u_xp5/_33_/Y
 xp5_s2l2\[3\].u_xp5/_34_/Y
 xp5_s2l2\[3\].u_xp5/_35_/Y
 xp5_s2l2\[3\].u_xp5/_36_/Y
 xp5_s2l2\[3\].u_xp5/_37_/Y
 xp5_s2l2\[3\].u_xp5/_38_/Y
 xp5_s2l2\[3\].u_xp5/_39_/Y
 xp5_s2l2\[3\].u_xp5/_40_/Y
 xp5_s2l2\[3\].u_xp5/_41_/Y
 xp5_s2l2\[3\].u_xp5/_42_/Y
 xp5_s2l2\[3\].u_xp5/_43_/Y
 xp5_s2l2\[3\].u_xp5/_44_/Y
 xp5_s2l2\[3\].u_xp5/_45_/Y
 xp5_s2l2\[3\].u_xp5/_46_/Y
 xp5_s2l2\[3\].u_xp5/_47_/Y
 xp5_s2l2\[3\].u_xp5/_48_/Y
 xp5_s2l2\[3\].u_xp5/_49_/Y
 xp5_s2l2\[3\].u_xp5/_50_/Y
 xp5_s2l2\[3\].u_xp5/_51_/Y
 xp5_s2l2\[3\].u_xp5/_52_/Y
 xp5_s2l2\[3\].u_xp5/_53_/Y
 xp5_s2l2\[3\].u_xp5/_54_/Y
 xp5_s2l2\[3\].u_xp5/_55_/Y
 xp5_s2l2\[3\].u_xp5/_56_/Y
 xp5_s2l2\[3\].u_xp5/_57_/Y
 xp5_s2l2\[3\].u_xp5/_58_/Y
 xp5_s2l2\[3\].u_xp5/_59_/Y
 xp5_s2l2\[3\].u_xp5/_60_/Y
 xp5_s2l2\[3\].u_xp5/_61_/Y
 xp5_s2l2\[4\].u_xp5/_26_/Y
 xp5_s2l2\[4\].u_xp5/_27_/Y
 xp5_s2l2\[4\].u_xp5/_28_/Y
 xp5_s2l2\[4\].u_xp5/_29_/Y
 xp5_s2l2\[4\].u_xp5/_30_/Y
 xp5_s2l2\[4\].u_xp5/_31_/Y
 xp5_s2l2\[4\].u_xp5/_32_/Y
 xp5_s2l2\[4\].u_xp5/_33_/Y
 xp5_s2l2\[4\].u_xp5/_34_/Y
 xp5_s2l2\[4\].u_xp5/_35_/Y
 xp5_s2l2\[4\].u_xp5/_36_/Y
 xp5_s2l2\[4\].u_xp5/_37_/Y
 xp5_s2l2\[4\].u_xp5/_38_/Y
 xp5_s2l2\[4\].u_xp5/_39_/Y
 xp5_s2l2\[4\].u_xp5/_40_/Y
 xp5_s2l2\[4\].u_xp5/_41_/Y
 xp5_s2l2\[4\].u_xp5/_42_/Y
 xp5_s2l2\[4\].u_xp5/_43_/Y
 xp5_s2l2\[4\].u_xp5/_44_/Y
 xp5_s2l2\[4\].u_xp5/_45_/Y
 xp5_s2l2\[4\].u_xp5/_46_/Y
 xp5_s2l2\[4\].u_xp5/_47_/Y
 xp5_s2l2\[4\].u_xp5/_48_/Y
 xp5_s2l2\[4\].u_xp5/_49_/Y
 xp5_s2l2\[4\].u_xp5/_50_/Y
 xp5_s2l2\[4\].u_xp5/_51_/Y
 xp5_s2l2\[4\].u_xp5/_52_/Y
 xp5_s2l2\[4\].u_xp5/_53_/Y
 xp5_s2l2\[4\].u_xp5/_54_/Y
 xp5_s2l2\[4\].u_xp5/_55_/Y
 xp5_s2l2\[4\].u_xp5/_56_/Y
 xp5_s2l2\[4\].u_xp5/_57_/Y
 xp5_s2l2\[4\].u_xp5/_58_/Y
 xp5_s2l2\[4\].u_xp5/_59_/Y
 xp5_s2l2\[4\].u_xp5/_60_/Y
 xp5_s2l2\[4\].u_xp5/_61_/Y
 xp5_s2l2\[5\].u_xp5/_26_/Y
 xp5_s2l2\[5\].u_xp5/_27_/Y
 xp5_s2l2\[5\].u_xp5/_28_/Y
 xp5_s2l2\[5\].u_xp5/_29_/Y
 xp5_s2l2\[5\].u_xp5/_30_/Y
 xp5_s2l2\[5\].u_xp5/_31_/Y
 xp5_s2l2\[5\].u_xp5/_32_/Y
 xp5_s2l2\[5\].u_xp5/_33_/Y
 xp5_s2l2\[5\].u_xp5/_34_/Y
 xp5_s2l2\[5\].u_xp5/_35_/Y
 xp5_s2l2\[5\].u_xp5/_36_/Y
 xp5_s2l2\[5\].u_xp5/_37_/Y
 xp5_s2l2\[5\].u_xp5/_38_/Y
 xp5_s2l2\[5\].u_xp5/_39_/Y
 xp5_s2l2\[5\].u_xp5/_40_/Y
 xp5_s2l2\[5\].u_xp5/_41_/Y
 xp5_s2l2\[5\].u_xp5/_42_/Y
 xp5_s2l2\[5\].u_xp5/_43_/Y
 xp5_s2l2\[5\].u_xp5/_44_/Y
 xp5_s2l2\[5\].u_xp5/_45_/Y
 xp5_s2l2\[5\].u_xp5/_46_/Y
 xp5_s2l2\[5\].u_xp5/_47_/Y
 xp5_s2l2\[5\].u_xp5/_48_/Y
 xp5_s2l2\[5\].u_xp5/_49_/Y
 xp5_s2l2\[5\].u_xp5/_50_/Y
 xp5_s2l2\[5\].u_xp5/_51_/Y
 xp5_s2l2\[5\].u_xp5/_52_/Y
 xp5_s2l2\[5\].u_xp5/_53_/Y
 xp5_s2l2\[5\].u_xp5/_54_/Y
 xp5_s2l2\[5\].u_xp5/_55_/Y
 xp5_s2l2\[5\].u_xp5/_56_/Y
 xp5_s2l2\[5\].u_xp5/_57_/Y
 xp5_s2l2\[5\].u_xp5/_58_/Y
 xp5_s2l2\[5\].u_xp5/_59_/Y
 xp5_s2l2\[5\].u_xp5/_60_/Y
 xp5_s2l2\[5\].u_xp5/_61_/Y
 xp5_s2l2\[6\].u_xp5/_26_/Y
 xp5_s2l2\[6\].u_xp5/_27_/Y
 xp5_s2l2\[6\].u_xp5/_28_/Y
 xp5_s2l2\[6\].u_xp5/_29_/Y
 xp5_s2l2\[6\].u_xp5/_30_/Y
 xp5_s2l2\[6\].u_xp5/_31_/Y
 xp5_s2l2\[6\].u_xp5/_32_/Y
 xp5_s2l2\[6\].u_xp5/_33_/Y
 xp5_s2l2\[6\].u_xp5/_34_/Y
 xp5_s2l2\[6\].u_xp5/_35_/Y
 xp5_s2l2\[6\].u_xp5/_36_/Y
 xp5_s2l2\[6\].u_xp5/_37_/Y
 xp5_s2l2\[6\].u_xp5/_38_/Y
 xp5_s2l2\[6\].u_xp5/_39_/Y
 xp5_s2l2\[6\].u_xp5/_40_/Y
 xp5_s2l2\[6\].u_xp5/_41_/Y
 xp5_s2l2\[6\].u_xp5/_42_/Y
 xp5_s2l2\[6\].u_xp5/_43_/Y
 xp5_s2l2\[6\].u_xp5/_44_/Y
 xp5_s2l2\[6\].u_xp5/_45_/Y
 xp5_s2l2\[6\].u_xp5/_46_/Y
 xp5_s2l2\[6\].u_xp5/_47_/Y
 xp5_s2l2\[6\].u_xp5/_48_/Y
 xp5_s2l2\[6\].u_xp5/_49_/Y
 xp5_s2l2\[6\].u_xp5/_50_/Y
 xp5_s2l2\[6\].u_xp5/_51_/Y
 xp5_s2l2\[6\].u_xp5/_52_/Y
 xp5_s2l2\[6\].u_xp5/_53_/Y
 xp5_s2l2\[6\].u_xp5/_54_/Y
 xp5_s2l2\[6\].u_xp5/_55_/Y
 xp5_s2l2\[6\].u_xp5/_56_/Y
 xp5_s2l2\[6\].u_xp5/_57_/Y
 xp5_s2l2\[6\].u_xp5/_58_/Y
 xp5_s2l2\[6\].u_xp5/_59_/Y
 xp5_s2l2\[6\].u_xp5/_60_/Y
 xp5_s2l2\[6\].u_xp5/_61_/Y
 xp5_s2l2\[7\].u_xp5/_26_/Y
 xp5_s2l2\[7\].u_xp5/_27_/Y
 xp5_s2l2\[7\].u_xp5/_28_/Y
 xp5_s2l2\[7\].u_xp5/_29_/Y
 xp5_s2l2\[7\].u_xp5/_30_/Y
 xp5_s2l2\[7\].u_xp5/_31_/Y
 xp5_s2l2\[7\].u_xp5/_32_/Y
 xp5_s2l2\[7\].u_xp5/_33_/Y
 xp5_s2l2\[7\].u_xp5/_34_/Y
 xp5_s2l2\[7\].u_xp5/_35_/Y
 xp5_s2l2\[7\].u_xp5/_36_/Y
 xp5_s2l2\[7\].u_xp5/_37_/Y
 xp5_s2l2\[7\].u_xp5/_38_/Y
 xp5_s2l2\[7\].u_xp5/_39_/Y
 xp5_s2l2\[7\].u_xp5/_40_/Y
 xp5_s2l2\[7\].u_xp5/_41_/Y
 xp5_s2l2\[7\].u_xp5/_42_/Y
 xp5_s2l2\[7\].u_xp5/_43_/Y
 xp5_s2l2\[7\].u_xp5/_44_/Y
 xp5_s2l2\[7\].u_xp5/_45_/Y
 xp5_s2l2\[7\].u_xp5/_46_/Y
 xp5_s2l2\[7\].u_xp5/_47_/Y
 xp5_s2l2\[7\].u_xp5/_48_/Y
 xp5_s2l2\[7\].u_xp5/_49_/Y
 xp5_s2l2\[7\].u_xp5/_50_/Y
 xp5_s2l2\[7\].u_xp5/_51_/Y
 xp5_s2l2\[7\].u_xp5/_52_/Y
 xp5_s2l2\[7\].u_xp5/_53_/Y
 xp5_s2l2\[7\].u_xp5/_54_/Y
 xp5_s2l2\[7\].u_xp5/_55_/Y
 xp5_s2l2\[7\].u_xp5/_56_/Y
 xp5_s2l2\[7\].u_xp5/_57_/Y
 xp5_s2l2\[7\].u_xp5/_58_/Y
 xp5_s2l2\[7\].u_xp5/_59_/Y
 xp5_s2l2\[7\].u_xp5/_60_/Y
 xp5_s2l2\[7\].u_xp5/_61_/Y
 xp7_lo_l2\[0\].u_xp7/_058_/Y
 xp7_lo_l2\[0\].u_xp7/_059_/Y
 xp7_lo_l2\[0\].u_xp7/_060_/Y
 xp7_lo_l2\[0\].u_xp7/_061_/Y
 xp7_lo_l2\[0\].u_xp7/_062_/Y
 xp7_lo_l2\[0\].u_xp7/_063_/Y
 xp7_lo_l2\[0\].u_xp7/_064_/Y
 xp7_lo_l2\[0\].u_xp7/_065_/Y
 xp7_lo_l2\[0\].u_xp7/_066_/Y
 xp7_lo_l2\[0\].u_xp7/_067_/Y
 xp7_lo_l2\[0\].u_xp7/_068_/Y
 xp7_lo_l2\[0\].u_xp7/_069_/Y
 xp7_lo_l2\[0\].u_xp7/_070_/Y
 xp7_lo_l2\[0\].u_xp7/_071_/Y
 xp7_lo_l2\[0\].u_xp7/_072_/Y
 xp7_lo_l2\[0\].u_xp7/_073_/Y
 xp7_lo_l2\[0\].u_xp7/_074_/Y
 xp7_lo_l2\[0\].u_xp7/_075_/Y
 xp7_lo_l2\[0\].u_xp7/_076_/Y
 xp7_lo_l2\[0\].u_xp7/_077_/Y
 xp7_lo_l2\[0\].u_xp7/_078_/Y
 xp7_lo_l2\[0\].u_xp7/_079_/Y
 xp7_lo_l2\[0\].u_xp7/_080_/Y
 xp7_lo_l2\[0\].u_xp7/_081_/Y
 xp7_lo_l2\[0\].u_xp7/_082_/Y
 xp7_lo_l2\[0\].u_xp7/_083_/Y
 xp7_lo_l2\[0\].u_xp7/_084_/Y
 xp7_lo_l2\[0\].u_xp7/_085_/Y
 xp7_lo_l2\[0\].u_xp7/_086_/Y
 xp7_lo_l2\[0\].u_xp7/_087_/Y
 xp7_lo_l2\[0\].u_xp7/_088_/Y
 xp7_lo_l2\[0\].u_xp7/_089_/Y
 xp7_lo_l2\[0\].u_xp7/_090_/Y
 xp7_lo_l2\[0\].u_xp7/_091_/Y
 xp7_lo_l2\[0\].u_xp7/_092_/Y
 xp7_lo_l2\[0\].u_xp7/_093_/Y
 xp7_lo_l2\[0\].u_xp7/_094_/Y
 xp7_lo_l2\[0\].u_xp7/_095_/Y
 xp7_lo_l2\[0\].u_xp7/_096_/Y
 xp7_lo_l2\[0\].u_xp7/_097_/Y
 xp7_lo_l2\[0\].u_xp7/_098_/Y
 xp7_lo_l2\[0\].u_xp7/_099_/Y
 xp7_lo_l2\[0\].u_xp7/_100_/Y
 xp7_lo_l2\[0\].u_xp7/_101_/Y
 xp7_lo_l2\[0\].u_xp7/_102_/Y
 xp7_lo_l2\[0\].u_xp7/_103_/Y
 xp7_lo_l2\[0\].u_xp7/_104_/Y
 xp7_lo_l2\[0\].u_xp7/_105_/Y
 xp7_lo_l2\[0\].u_xp7/_106_/Y
 xp7_lo_l2\[0\].u_xp7/_107_/Y
 xp7_lo_l2\[0\].u_xp7/_108_/Y
 xp7_lo_l2\[0\].u_xp7/_109_/Y
 xp7_lo_l2\[0\].u_xp7/_110_/Y
 xp7_lo_l2\[0\].u_xp7/_111_/Y
 xp7_lo_l2\[0\].u_xp7/_112_/Y
 xp7_lo_l2\[0\].u_xp7/_113_/Y
 xp7_lo_l2\[0\].u_xp7/_114_/Y
 xp7_lo_l2\[0\].u_xp7/_115_/Y
 xp7_lo_l2\[0\].u_xp7/_116_/Y
 xp7_lo_l2\[0\].u_xp7/_117_/Y
 xp7_lo_l2\[0\].u_xp7/_118_/Y
 xp7_lo_l2\[0\].u_xp7/_119_/Y
 xp7_lo_l2\[0\].u_xp7/_120_/Y
 xp7_lo_l2\[0\].u_xp7/_121_/Y
 xp7_lo_l2\[0\].u_xp7/_122_/Y
 xp7_lo_l2\[0\].u_xp7/_123_/Y
 xp7_lo_l2\[0\].u_xp7/_124_/Y
 xp7_lo_l2\[0\].u_xp7/_125_/Y
 xp7_lo_l2\[0\].u_xp7/_126_/Y
 xp7_lo_l2\[0\].u_xp7/_127_/Y
 xp7_lo_l2\[0\].u_xp7/_128_/Y
 xp7_lo_l2\[0\].u_xp7/_129_/Y
 xp7_lo_l2\[1\].u_xp7/_058_/Y
 xp7_lo_l2\[1\].u_xp7/_059_/Y
 xp7_lo_l2\[1\].u_xp7/_060_/Y
 xp7_lo_l2\[1\].u_xp7/_061_/Y
 xp7_lo_l2\[1\].u_xp7/_062_/Y
 xp7_lo_l2\[1\].u_xp7/_063_/Y
 xp7_lo_l2\[1\].u_xp7/_064_/Y
 xp7_lo_l2\[1\].u_xp7/_065_/Y
 xp7_lo_l2\[1\].u_xp7/_066_/Y
 xp7_lo_l2\[1\].u_xp7/_067_/Y
 xp7_lo_l2\[1\].u_xp7/_068_/Y
 xp7_lo_l2\[1\].u_xp7/_069_/Y
 xp7_lo_l2\[1\].u_xp7/_070_/Y
 xp7_lo_l2\[1\].u_xp7/_071_/Y
 xp7_lo_l2\[1\].u_xp7/_072_/Y
 xp7_lo_l2\[1\].u_xp7/_073_/Y
 xp7_lo_l2\[1\].u_xp7/_074_/Y
 xp7_lo_l2\[1\].u_xp7/_075_/Y
 xp7_lo_l2\[1\].u_xp7/_076_/Y
 xp7_lo_l2\[1\].u_xp7/_077_/Y
 xp7_lo_l2\[1\].u_xp7/_078_/Y
 xp7_lo_l2\[1\].u_xp7/_079_/Y
 xp7_lo_l2\[1\].u_xp7/_080_/Y
 xp7_lo_l2\[1\].u_xp7/_081_/Y
 xp7_lo_l2\[1\].u_xp7/_082_/Y
 xp7_lo_l2\[1\].u_xp7/_083_/Y
 xp7_lo_l2\[1\].u_xp7/_084_/Y
 xp7_lo_l2\[1\].u_xp7/_085_/Y
 xp7_lo_l2\[1\].u_xp7/_086_/Y
 xp7_lo_l2\[1\].u_xp7/_087_/Y
 xp7_lo_l2\[1\].u_xp7/_088_/Y
 xp7_lo_l2\[1\].u_xp7/_089_/Y
 xp7_lo_l2\[1\].u_xp7/_090_/Y
 xp7_lo_l2\[1\].u_xp7/_091_/Y
 xp7_lo_l2\[1\].u_xp7/_092_/Y
 xp7_lo_l2\[1\].u_xp7/_093_/Y
 xp7_lo_l2\[1\].u_xp7/_094_/Y
 xp7_lo_l2\[1\].u_xp7/_095_/Y
 xp7_lo_l2\[1\].u_xp7/_096_/Y
 xp7_lo_l2\[1\].u_xp7/_097_/Y
 xp7_lo_l2\[1\].u_xp7/_098_/Y
 xp7_lo_l2\[1\].u_xp7/_099_/Y
 xp7_lo_l2\[1\].u_xp7/_100_/Y
 xp7_lo_l2\[1\].u_xp7/_101_/Y
 xp7_lo_l2\[1\].u_xp7/_102_/Y
 xp7_lo_l2\[1\].u_xp7/_103_/Y
 xp7_lo_l2\[1\].u_xp7/_104_/Y
 xp7_lo_l2\[1\].u_xp7/_105_/Y
 xp7_lo_l2\[1\].u_xp7/_106_/Y
 xp7_lo_l2\[1\].u_xp7/_107_/Y
 xp7_lo_l2\[1\].u_xp7/_108_/Y
 xp7_lo_l2\[1\].u_xp7/_109_/Y
 xp7_lo_l2\[1\].u_xp7/_110_/Y
 xp7_lo_l2\[1\].u_xp7/_111_/Y
 xp7_lo_l2\[1\].u_xp7/_112_/Y
 xp7_lo_l2\[1\].u_xp7/_113_/Y
 xp7_lo_l2\[1\].u_xp7/_114_/Y
 xp7_lo_l2\[1\].u_xp7/_115_/Y
 xp7_lo_l2\[1\].u_xp7/_116_/Y
 xp7_lo_l2\[1\].u_xp7/_117_/Y
 xp7_lo_l2\[1\].u_xp7/_118_/Y
 xp7_lo_l2\[1\].u_xp7/_119_/Y
 xp7_lo_l2\[1\].u_xp7/_120_/Y
 xp7_lo_l2\[1\].u_xp7/_121_/Y
 xp7_lo_l2\[1\].u_xp7/_122_/Y
 xp7_lo_l2\[1\].u_xp7/_123_/Y
 xp7_lo_l2\[1\].u_xp7/_124_/Y
 xp7_lo_l2\[1\].u_xp7/_125_/Y
 xp7_lo_l2\[1\].u_xp7/_126_/Y
 xp7_lo_l2\[1\].u_xp7/_127_/Y
 xp7_lo_l2\[1\].u_xp7/_128_/Y
 xp7_lo_l2\[1\].u_xp7/_129_/Y
Found 0 partially unannotated drivers.

===========================================================================
max slew violation count 0
max fanout violation count 0
max cap violation count 39
============================================================================

===========================================================================
check_setup -verbose -unconstrained_endpoints -multiple_clock -no_clock -no_input_delay -loops -generated_clocks
===========================================================================
