Clock: vclk
Sources: 
Generated: no
Virtual: yes
Propagated: no
Period: 0.200000

===========================================================================
report_clock_properties
============================================================================
Clock                   Period          Waveform
----------------------------------------------------
vclk                  0.200000    0.000000  0.100000

===========================================================================
report_clock_latency
============================================================================
Clock vclk


===========================================================================
report_clock_min_period
============================================================================
vclk period_min = 0.00 fmax = inf
