
===========================================================================
report_checks -path_delay max (Setup)
============================================================================
======================= nom_tt_025C_0v50 Corner ===================================

Startpoint: B[1] (input port clocked by vclk)
Endpoint: hd[2] (output port clocked by vclk)
Path Group: vclk
Path Type: max

Fanout         Cap        Slew       Delay        Time   Description
---------------------------------------------------------------------------------------------
                      0.000000    0.000000    0.000000   clock vclk (rise edge)
                                  0.000000    0.000000   clock network delay (ideal)
                                  0.050000    0.050000 v input external delay
     1    0.000070    0.100000    0.000000    0.050000 v B[1] (in)
                                                         B[1] (net)
                      0.100000    0.000000    0.050000 v _391_/B (XNOR2x1)
     2    0.000140    0.000000    0.000000    0.050000 ^ _391_/Y (XNOR2x1)
                                                         _078_ (net)
                      0.000000    0.000000    0.050000 ^ _392_/A (INVx1)
     1    0.000070    0.000000    0.000000    0.050000 v _392_/Y (INVx1)
                                                         _079_ (net)
                      0.000000    0.000000    0.050000 v _393_/B (NOR2x1)
     3    0.000210    0.000000    0.000000    0.050000 ^ _393_/Y (NOR2x1)
                                                         cell_oh_flat[0] (net)
                      0.000000    0.000000    0.050000 ^ xp3_s2l1[0].u_xp3/_10_/A (INVx1)
     2    0.000140    0.000000    0.000000    0.050000 v xp3_s2l1[0].u_xp3/_10_/Y (INVx1)
                                                         xp3_s2l1[0].u_xp3/_00_ (net)
                      0.000000    0.000000    0.050000 v xp3_s2l1[0].u_xp3/_23_/B (NOR2x1)
     1    0.070000    0.000000    0.000000    0.050000 ^ xp3_s2l1[0].u_xp3/_23_/Y (NOR2x1)
                                                         xp3_s2l1[0].u_xp3/sum_bit[0].grid_and (net)
                      0.000000    0.000000    0.050000 ^ xp3_s2l1[0].u_xp3/_25_/A (BUFx1)
     2    0.000140    0.200000    0.188000    0.238000 ^ xp3_s2l1[0].u_xp3/_25_/Y (BUFx1)
                                                         ps_flat[0] (net)
                      0.200000    0.000000    0.238000 ^ xp5_s2l2[0].u_xp5/_26_/A (INVx1)
     4    0.000280    0.000000    0.000000    0.238000 v xp5_s2l2[0].u_xp5/_26_/Y (INVx1)
                                                         xp5_s2l2[0].u_xp5/_00_ (net)
                      0.000000    0.000000    0.238000 v xp5_s2l2[0].u_xp5/_59_/B (NOR2x1)
     1    0.070000    0.000000    0.000000    0.238000 ^ xp5_s2l2[0].u_xp5/_59_/Y (NOR2x1)
                                                         xp5_s2l2[0].u_xp5/sum_bit[0].grid_and (net)
                      0.000000    0.000000    0.238000 ^ xp5_s2l2[0].u_xp5/_61_/A (BUFx1)
     2    0.000140    0.200000    0.188000    0.426000 ^ xp5_s2l2[0].u_xp5/_61_/Y (BUFx1)
                                                         r4_split[0].boh[0] (net)
                      0.200000    0.000000    0.426000 ^ _613_/A (NOR2x1)
     1    0.000070    0.000000    0.000000    0.426000 v _613_/Y (NOR2x1)
                                                         _204_ (net)
                      0.000000    0.000000    0.426000 v _615_/A (NAND2x1)
     3    0.000210    0.000000    0.000000    0.426000 ^ _615_/Y (NAND2x1)
                                                         lo_flat[0] (net)
                      0.000000    0.000000    0.426000 ^ xp4_lo_l1[0].u_xp4/_18_/A (INVx1)
     2    0.000140    0.000000    0.000000    0.426000 v xp4_lo_l1[0].u_xp4/_18_/Y (INVx1)
                                                         xp4_lo_l1[0].u_xp4/_00_ (net)
                      0.000000    0.000000    0.426000 v xp4_lo_l1[0].u_xp4/_41_/B (NOR2x1)
     1    0.070000    0.000000    0.000000    0.426000 ^ xp4_lo_l1[0].u_xp4/_41_/Y (NOR2x1)
                                                         xp4_lo_l1[0].u_xp4/sum_bit[0].grid_and (net)
                      0.000000    0.000000    0.426000 ^ xp4_lo_l1[0].u_xp4/_43_/A (BUFx1)
     4    0.000280    0.200000    0.188000    0.614000 ^ xp4_lo_l1[0].u_xp4/_43_/Y (BUFx1)
                                                         ll1_flat[0] (net)
                      0.200000    0.000000    0.614000 ^ xp7_lo_l2[0].u_xp7/_058_/A (INVx1)
     4    0.000280    0.000000    0.000000    0.614000 v xp7_lo_l2[0].u_xp7/_058_/Y (INVx1)
                                                         xp7_lo_l2[0].u_xp7/_000_ (net)
                      0.000000    0.000000    0.614000 v xp7_lo_l2[0].u_xp7/_127_/B (NOR2x1)
     1    0.070000    0.000000    0.000000    0.614000 ^ xp7_lo_l2[0].u_xp7/_127_/Y (NOR2x1)
                                                         xp7_lo_l2[0].u_xp7/sum_bit[0].grid_and (net)
                      0.000000    0.000000    0.614000 ^ xp7_lo_l2[0].u_xp7/_129_/A (BUFx1)
     6    0.000420    0.200000    0.188000    0.802000 ^ xp7_lo_l2[0].u_xp7/_129_/Y (BUFx1)
                                                         ll2_flat[0] (net)
                      0.200000    0.000000    0.802000 ^ u_xp13_lo_l3/_214_/A (INVx1)
     8    0.000560    0.000000    0.000000    0.802000 v u_xp13_lo_l3/_214_/Y (INVx1)
                                                         u_xp13_lo_l3/_172_ (net)
                      0.000000    0.000000    0.802000 v u_xp13_lo_l3/_451_/B (NOR2x1)
     1    0.070000    0.000000    0.000000    0.802000 ^ u_xp13_lo_l3/_451_/Y (NOR2x1)
                                                         u_xp13_lo_l3/sum_bit[0].grid_and (net)
                      0.000000    0.000000    0.802000 ^ u_xp13_lo_l3/_453_/A (BUFx1)
     1    0.000070    0.200000    0.188000    0.990000 ^ u_xp13_lo_l3/_453_/Y (BUFx1)
                                                         low_sum[0] (net)
                      0.200000    0.000000    0.990000 ^ _301_/B (NOR2x1)
     1    0.000070    0.000000    0.000000    0.990000 v _301_/Y (NOR2x1)
                                                         _001_ (net)
                      0.000000    0.000000    0.990000 v _302_/B (NAND2x1)
    15    0.001050    0.000000    0.000000    0.990000 ^ _302_/Y (NAND2x1)
                                                         carry[0] (net)
                      0.000000    0.000000    0.990000 ^ u_xp17x7_carry/_159_/B (NAND2x1)
     1    0.000070    0.000000    0.000000    0.990000 v u_xp17x7_carry/_159_/Y (NAND2x1)
                                                         u_xp17x7_carry/_111_ (net)
                      0.000000    0.000000    0.990000 v u_xp17x7_carry/_160_/B (OAI21x1)
     1    0.000070    0.000000    0.000000    0.990000 ^ u_xp17x7_carry/_160_/Y (OAI21x1)
                                                         u_xp17x7_carry/_112_ (net)
                      0.000000    0.000000    0.990000 ^ u_xp17x7_carry/_161_/B (AOI21x1)
     1    0.000070    0.000000    0.000000    0.990000 v u_xp17x7_carry/_161_/Y (AOI21x1)
                                                         u_xp17x7_carry/_113_ (net)
                      0.000000    0.000000    0.990000 v u_xp17x7_carry/_162_/B (OAI21x1)
     2    0.000140    0.000000    0.000000    0.990000 ^ u_xp17x7_carry/_162_/Y (OAI21x1)
                                                         upper[3] (net)
                      0.000000    0.000000    0.990000 ^ _349_/B (NOR2x1)
     1    0.000070    0.000000    0.000000    0.990000 v _349_/Y (NOR2x1)
                                                         _041_ (net)
                      0.000000    0.000000    0.990000 v _350_/B (NAND2x1)
     1    0.000070    0.000000    0.000000    0.990000 ^ _350_/Y (NAND2x1)
                                                         _042_ (net)
                      0.000000    0.000000    0.990000 ^ _351_/B (NOR2x1)
     1    0.000070    0.000000    0.000000    0.990000 v _351_/Y (NOR2x1)
                                                         _043_ (net)
                      0.000000    0.000000    0.990000 v _352_/B (NAND2x1)
     1    0.000000    0.000000    0.000000    0.990000 ^ _352_/Y (NAND2x1)
                                                         hd[2] (net)
                      0.000000    0.000000    0.990000 ^ hd[2] (out)
                                              0.990000   data arrival time

                      0.000000    0.200000    0.200000   clock vclk (rise edge)
                                  0.000000    0.200000   clock network delay (ideal)
                                  0.000000    0.200000   clock reconvergence pessimism
                                 -0.050000    0.150000   output external delay
                                              0.150000   data required time
---------------------------------------------------------------------------------------------
                                              0.150000   data required time
                                             -0.990000   data arrival time
---------------------------------------------------------------------------------------------
                                             -0.840000   slack (VIOLATED)


Startpoint: B[1] (input port clocked by vclk)
Endpoint: hd[3] (output port clocked by vclk)
Path Group: vclk
Path Type: max

Fanout         Cap        Slew       Delay        Time   Description
---------------------------------------------------------------------------------------------
                      0.000000    0.000000    0.000000   clock vclk (rise edge)
                                  0.000000    0.000000   clock network delay (ideal)
                                  0.050000    0.050000 v input external delay
     1    0.000070    0.100000    0.000000    0.050000 v B[1] (in)
                                                         B[1] (net)
                      0.100000    0.000000    0.050000 v _391_/B (XNOR2x1)
     2    0.000140    0.000000    0.000000    0.050000 ^ _391_/Y (XNOR2x1)
                                                         _078_ (net)
                      0.000000    0.000000    0.050000 ^ _392_/A (INVx1)
     1    0.000070    0.000000    0.000000    0.050000 v _392_/Y (INVx1)
                                                         _079_ (net)
                      0.000000    0.000000    0.050000 v _393_/B (NOR2x1)
     3    0.000210    0.000000    0.000000    0.050000 ^ _393_/Y (NOR2x1)
                                                         cell_oh_flat[0] (net)
                      0.000000    0.000000    0.050000 ^ xp3_s2l1[0].u_xp3/_10_/A (INVx1)
     2    0.000140    0.000000    0.000000    0.050000 v xp3_s2l1[0].u_xp3/_10_/Y (INVx1)
                                                         xp3_s2l1[0].u_xp3/_00_ (net)
                      0.000000    0.000000    0.050000 v xp3_s2l1[0].u_xp3/_23_/B (NOR2x1)
     1    0.070000    0.000000    0.000000    0.050000 ^ xp3_s2l1[0].u_xp3/_23_/Y (NOR2x1)
                                                         xp3_s2l1[0].u_xp3/sum_bit[0].grid_and (net)
                      0.000000    0.000000    0.050000 ^ xp3_s2l1[0].u_xp3/_25_/A (BUFx1)
     2    0.000140    0.200000    0.188000    0.238000 ^ xp3_s2l1[0].u_xp3/_25_/Y (BUFx1)
                                                         ps_flat[0] (net)
                      0.200000    0.000000    0.238000 ^ xp5_s2l2[0].u_xp5/_26_/A (INVx1)
     4    0.000280    0.000000    0.000000    0.238000 v xp5_s2l2[0].u_xp5/_26_/Y (INVx1)
                                                         xp5_s2l2[0].u_xp5/_00_ (net)
                      0.000000    0.000000    0.238000 v xp5_s2l2[0].u_xp5/_59_/B (NOR2x1)
     1    0.070000    0.000000    0.000000    0.238000 ^ xp5_s2l2[0].u_xp5/_59_/Y (NOR2x1)
                                                         xp5_s2l2[0].u_xp5/sum_bit[0].grid_and (net)
                      0.000000    0.000000    0.238000 ^ xp5_s2l2[0].u_xp5/_61_/A (BUFx1)
     2    0.000140    0.200000    0.188000    0.426000 ^ xp5_s2l2[0].u_xp5/_61_/Y (BUFx1)
                                                         r4_split[0].boh[0] (net)
                      0.200000    0.000000    0.426000 ^ _613_/A (NOR2x1)
     1    0.000070    0.000000    0.000000    0.426000 v _613_/Y (NOR2x1)
                                                         _204_ (net)
                      0.000000    0.000000    0.426000 v _615_/A (NAND2x1)
     3    0.000210    0.000000    0.000000    0.426000 ^ _615_/Y (NAND2x1)
                                                         lo_flat[0] (net)
                      0.000000    0.000000    0.426000 ^ xp4_lo_l1[0].u_xp4/_18_/A (INVx1)
     2    0.000140    0.000000    0.000000    0.426000 v xp4_lo_l1[0].u_xp4/_18_/Y (INVx1)
                                                         xp4_lo_l1[0].u_xp4/_00_ (net)
                      0.000000    0.000000    0.426000 v xp4_lo_l1[0].u_xp4/_41_/B (NOR2x1)
     1    0.070000    0.000000    0.000000    0.426000 ^ xp4_lo_l1[0].u_xp4/_41_/Y (NOR2x1)
                                                         xp4_lo_l1[0].u_xp4/sum_bit[0].grid_and (net)
                      0.000000    0.000000    0.426000 ^ xp4_lo_l1[0].u_xp4/_43_/A (BUFx1)
     4    0.000280    0.200000    0.188000    0.614000 ^ xp4_lo_l1[0].u_xp4/_43_/Y (BUFx1)
                                                         ll1_flat[0] (net)
                      0.200000    0.000000    0.614000 ^ xp7_lo_l2[0].u_xp7/_058_/A (INVx1)
     4    0.000280    0.000000    0.000000    0.614000 v xp7_lo_l2[0].u_xp7/_058_/Y (INVx1)
                                                         xp7_lo_l2[0].u_xp7/_000_ (net)
                      0.000000    0.000000    0.614000 v xp7_lo_l2[0].u_xp7/_127_/B (NOR2x1)
     1    0.070000    0.000000    0.000000    0.614000 ^ xp7_lo_l2[0].u_xp7/_127_/Y (NOR2x1)
                                                         xp7_lo_l2[0].u_xp7/sum_bit[0].grid_and (net)
                      0.000000    0.000000    0.614000 ^ xp7_lo_l2[0].u_xp7/_129_/A (BUFx1)
     6    0.000420    0.200000    0.188000    0.802000 ^ xp7_lo_l2[0].u_xp7/_129_/Y (BUFx1)
                                                         ll2_flat[0] (net)
                      0.200000    0.000000    0.802000 ^ u_xp13_lo_l3/_214_/A (INVx1)
     8    0.000560    0.000000    0.000000    0.802000 v u_xp13_lo_l3/_214_/Y (INVx1)
                                                         u_xp13_lo_l3/_172_ (net)
                      0.000000    0.000000    0.802000 v u_xp13_lo_l3/_451_/B (NOR2x1)
     1    0.070000    0.000000    0.000000    0.802000 ^ u_xp13_lo_l3/_451_/Y (NOR2x1)
                                                         u_xp13_lo_l3/sum_bit[0].grid_and (net)
                      0.000000    0.000000    0.802000 ^ u_xp13_lo_l3/_453_/A (BUFx1)
     1    0.000070    0.200000    0.188000    0.990000 ^ u_xp13_lo_l3/_453_/Y (BUFx1)
                                                         low_sum[0] (net)
                      0.200000    0.000000    0.990000 ^ _301_/B (NOR2x1)
     1    0.000070    0.000000    0.000000    0.990000 v _301_/Y (NOR2x1)
                                                         _001_ (net)
                      0.000000    0.000000    0.990000 v _302_/B (NAND2x1)
    15    0.001050    0.000000    0.000000    0.990000 ^ _302_/Y (NAND2x1)
                                                         carry[0] (net)
                      0.000000    0.000000    0.990000 ^ u_xp17x7_carry/_190_/A1 (AOI21x1)
     1    0.000070    0.000000    0.000000    0.990000 v u_xp17x7_carry/_190_/Y (AOI21x1)
                                                         u_xp17x7_carry/_139_ (net)
                      0.000000    0.000000    0.990000 v u_xp17x7_carry/_191_/B (NAND2x1)
     2    0.000140    0.000000    0.000000    0.990000 ^ u_xp17x7_carry/_191_/Y (NAND2x1)
                                                         upper[6] (net)
                      0.000000    0.000000    0.990000 ^ _361_/A (INVx1)
     1    0.000070    0.000000    0.000000    0.990000 v _361_/Y (INVx1)
                                                         _052_ (net)
                      0.000000    0.000000    0.990000 v _362_/B (NAND2x1)
     1    0.000070    0.000000    0.000000    0.990000 ^ _362_/Y (NAND2x1)
                                                         _053_ (net)
                      0.000000    0.000000    0.990000 ^ _363_/A (NOR2x1)
     1    0.000070    0.000000    0.000000    0.990000 v _363_/Y (NOR2x1)
                                                         _054_ (net)
                      0.000000    0.000000    0.990000 v _364_/B (NAND2x1)
     1    0.000000    0.000000    0.000000    0.990000 ^ _364_/Y (NAND2x1)
                                                         hd[3] (net)
                      0.000000    0.000000    0.990000 ^ hd[3] (out)
                                              0.990000   data arrival time

                      0.000000    0.200000    0.200000   clock vclk (rise edge)
                                  0.000000    0.200000   clock network delay (ideal)
                                  0.000000    0.200000   clock reconvergence pessimism
                                 -0.050000    0.150000   output external delay
                                              0.150000   data required time
---------------------------------------------------------------------------------------------
                                              0.150000   data required time
                                             -0.990000   data arrival time
---------------------------------------------------------------------------------------------
                                             -0.840000   slack (VIOLATED)


Startpoint: B[1] (input port clocked by vclk)
Endpoint: hd[4] (output port clocked by vclk)
Path Group: vclk
Path Type: max

Fanout         Cap        Slew       Delay        Time   Description
---------------------------------------------------------------------------------------------
                      0.000000    0.000000    0.000000   clock vclk (rise edge)
                                  0.000000    0.000000   clock network delay (ideal)
                                  0.050000    0.050000 v input external delay
     1    0.000070    0.100000    0.000000    0.050000 v B[1] (in)
                                                         B[1] (net)
                      0.100000    0.000000    0.050000 v _391_/B (XNOR2x1)
     2    0.000140    0.000000    0.000000    0.050000 ^ _391_/Y (XNOR2x1)
                                                         _078_ (net)
                      0.000000    0.000000    0.050000 ^ _392_/A (INVx1)
     1    0.000070    0.000000    0.000000    0.050000 v _392_/Y (INVx1)
                                                         _079_ (net)
                      0.000000    0.000000    0.050000 v _393_/B (NOR2x1)
     3    0.000210    0.000000    0.000000    0.050000 ^ _393_/Y (NOR2x1)
                                                         cell_oh_flat[0] (net)
                      0.000000    0.000000    0.050000 ^ xp3_s2l1[0].u_xp3/_10_/A (INVx1)
     2    0.000140    0.000000    0.000000    0.050000 v xp3_s2l1[0].u_xp3/_10_/Y (INVx1)
                                                         xp3_s2l1[0].u_xp3/_00_ (net)
                      0.000000    0.000000    0.050000 v xp3_s2l1[0].u_xp3/_23_/B (NOR2x1)
     1    0.070000    0.000000    0.000000    0.050000 ^ xp3_s2l1[0].u_xp3/_23_/Y (NOR2x1)
                                                         xp3_s2l1[0].u_xp3/sum_bit[0].grid_and (net)
                      0.000000    0.000000    0.050000 ^ xp3_s2l1[0].u_xp3/_25_/A (BUFx1)
     2    0.000140    0.200000    0.188000    0.238000 ^ xp3_s2l1[0].u_xp3/_25_/Y (BUFx1)
                                                         ps_flat[0] (net)
                      0.200000    0.000000    0.238000 ^ xp5_s2l2[0].u_xp5/_26_/A (INVx1)
     4    0.000280    0.000000    0.000000    0.238000 v xp5_s2l2[0].u_xp5/_26_/Y (INVx1)
                                                         xp5_s2l2[0].u_xp5/_00_ (net)
                      0.000000    0.000000    0.238000 v xp5_s2l2[0].u_xp5/_59_/B (NOR2x1)
     1    0.070000    0.000000    0.000000    0.238000 ^ xp5_s2l2[0].u_xp5/_59_/Y (NOR2x1)
                                                         xp5_s2l2[0].u_xp5/sum_bit[0].grid_and (net)
                      0.000000    0.000000    0.238000 ^ xp5_s2l2[0].u_xp5/_61_/A (BUFx1)
     2    0.000140    0.200000    0.188000    0.426000 ^ xp5_s2l2[0].u_xp5/_61_/Y (BUFx1)
                                                         r4_split[0].boh[0] (net)
                      0.200000    0.000000    0.426000 ^ _626_/B (NOR2x1)
     1    0.000070    0.000000    0.000000    0.426000 v _626_/Y (NOR2x1)
                                                         _213_ (net)
                      0.000000    0.000000    0.426000 v _627_/B (NAND2x1)
     2    0.000140    0.000000    0.000000    0.426000 ^ _627_/Y (NAND2x1)
                                                         hi_flat[0] (net)
                      0.000000    0.000000    0.426000 ^ xp3_hi_l1[0].u_xp3/_10_/A (INVx1)
     2    0.000140    0.000000    0.000000    0.426000 v xp3_hi_l1[0].u_xp3/_10_/Y (INVx1)
                                                         xp3_hi_l1[0].u_xp3/_00_ (net)
                      0.000000    0.000000    0.426000 v xp3_hi_l1[0].u_xp3/_23_/B (NOR2x1)
     1    0.070000    0.000000    0.000000    0.426000 ^ xp3_hi_l1[0].u_xp3/_23_/Y (NOR2x1)
                                                         xp3_hi_l1[0].u_xp3/sum_bit[0].grid_and (net)
                      0.000000    0.000000    0.426000 ^ xp3_hi_l1[0].u_xp3/_25_/A (BUFx1)
     2    0.000140    0.200000    0.188000    0.614000 ^ xp3_hi_l1[0].u_xp3/_25_/Y (BUFx1)
                                                         hl1_flat[0] (net)
                      0.200000    0.000000    0.614000 ^ xp5_hi_l2[0].u_xp5/_26_/A (INVx1)
     4    0.000280    0.000000    0.000000    0.614000 v xp5_hi_l2[0].u_xp5/_26_/Y (INVx1)
                                                         xp5_hi_l2[0].u_xp5/_00_ (net)
                      0.000000    0.000000    0.614000 v xp5_hi_l2[0].u_xp5/_59_/B (NOR2x1)
     1    0.070000    0.000000    0.000000    0.614000 ^ xp5_hi_l2[0].u_xp5/_59_/Y (NOR2x1)
                                                         xp5_hi_l2[0].u_xp5/sum_bit[0].grid_and (net)
                      0.000000    0.000000    0.614000 ^ xp5_hi_l2[0].u_xp5/_61_/A (BUFx1)
     5    0.000350    0.200000    0.188000    0.802000 ^ xp5_hi_l2[0].u_xp5/_61_/Y (BUFx1)
                                                         hl2_flat[0] (net)
                      0.200000    0.000000    0.802000 ^ u_xp9_hi_l3/_095_/A (INVx1)
     5    0.000350    0.000000    0.000000    0.802000 v u_xp9_hi_l3/_095_/Y (INVx1)
                                                         u_xp9_hi_l3/_038_ (net)
                      0.000000    0.000000    0.802000 v u_xp9_hi_l3/_205_/B (NOR2x1)
     1    0.070000    0.000000    0.000000    0.802000 ^ u_xp9_hi_l3/_205_/Y (NOR2x1)
                                                         u_xp9_hi_l3/sum_bit[0].grid_and (net)
                      0.000000    0.000000    0.802000 ^ u_xp9_hi_l3/_207_/A (BUFx1)
     3    0.000210    0.200000    0.188000    0.990000 ^ u_xp9_hi_l3/_207_/Y (BUFx1)
                                                         high_sum[0] (net)
                      0.200000    0.000000    0.990000 ^ u_xp17x7_carry/_148_/A (INVx1)
     5    0.000350    0.000000    0.000000    0.990000 v u_xp17x7_carry/_148_/Y (INVx1)
                                                         u_xp17x7_carry/_102_ (net)
                      0.000000    0.000000    0.990000 v u_xp17x7_carry/_168_/B (NOR2x1)
     1    0.000070    0.000000    0.000000    0.990000 ^ u_xp17x7_carry/_168_/Y (NOR2x1)
                                                         u_xp17x7_carry/_119_ (net)
                      0.000000    0.000000    0.990000 ^ u_xp17x7_carry/_169_/B (AOI21x1)
     1    0.000070    0.000000    0.000000    0.990000 v u_xp17x7_carry/_169_/Y (AOI21x1)
                                                         u_xp17x7_carry/_120_ (net)
                      0.000000    0.000000    0.990000 v u_xp17x7_carry/_170_/B (NAND2x1)
     1    0.000070    0.000000    0.000000    0.990000 ^ u_xp17x7_carry/_170_/Y (NAND2x1)
                                                         upper[4] (net)
                      0.000000    0.000000    0.990000 ^ _370_/A (INVx1)
     1    0.000070    0.000000    0.000000    0.990000 v _370_/Y (INVx1)
                                                         _060_ (net)
                      0.000000    0.000000    0.990000 v _371_/B (NAND2x1)
     1    0.000070    0.000000    0.000000    0.990000 ^ _371_/Y (NAND2x1)
                                                         _061_ (net)
                      0.000000    0.000000    0.990000 ^ _372_/A (NOR2x1)
     1    0.000070    0.000000    0.000000    0.990000 v _372_/Y (NOR2x1)
                                                         _062_ (net)
                      0.000000    0.000000    0.990000 v _373_/B (NAND2x1)
     1    0.000000    0.000000    0.000000    0.990000 ^ _373_/Y (NAND2x1)
                                                         hd[4] (net)
                      0.000000    0.000000    0.990000 ^ hd[4] (out)
                                              0.990000   data arrival time

                      0.000000    0.200000    0.200000   clock vclk (rise edge)
                                  0.000000    0.200000   clock network delay (ideal)
                                  0.000000    0.200000   clock reconvergence pessimism
                                 -0.050000    0.150000   output external delay
                                              0.150000   data required time
---------------------------------------------------------------------------------------------
                                              0.150000   data required time
                                             -0.990000   data arrival time
---------------------------------------------------------------------------------------------
                                             -0.840000   slack (VIOLATED)


Startpoint: B[1] (input port clocked by vclk)
Endpoint: hd[5] (output port clocked by vclk)
Path Group: vclk
Path Type: max

Fanout         Cap        Slew       Delay        Time   Description
---------------------------------------------------------------------------------------------
                      0.000000    0.000000    0.000000   clock vclk (rise edge)
                                  0.000000    0.000000   clock network delay (ideal)
                                  0.050000    0.050000 v input external delay
     1    0.000070    0.100000    0.000000    0.050000 v B[1] (in)
                                                         B[1] (net)
                      0.100000    0.000000    0.050000 v _391_/B (XNOR2x1)
     2    0.000140    0.000000    0.000000    0.050000 ^ _391_/Y (XNOR2x1)
                                                         _078_ (net)
                      0.000000    0.000000    0.050000 ^ _392_/A (INVx1)
     1    0.000070    0.000000    0.000000    0.050000 v _392_/Y (INVx1)
                                                         _079_ (net)
                      0.000000    0.000000    0.050000 v _393_/B (NOR2x1)
     3    0.000210    0.000000    0.000000    0.050000 ^ _393_/Y (NOR2x1)
                                                         cell_oh_flat[0] (net)
                      0.000000    0.000000    0.050000 ^ xp3_s2l1[0].u_xp3/_10_/A (INVx1)
     2    0.000140    0.000000    0.000000    0.050000 v xp3_s2l1[0].u_xp3/_10_/Y (INVx1)
                                                         xp3_s2l1[0].u_xp3/_00_ (net)
                      0.000000    0.000000    0.050000 v xp3_s2l1[0].u_xp3/_23_/B (NOR2x1)
     1    0.070000    0.000000    0.000000    0.050000 ^ xp3_s2l1[0].u_xp3/_23_/Y (NOR2x1)
                                                         xp3_s2l1[0].u_xp3/sum_bit[0].grid_and (net)
                      0.000000    0.000000    0.050000 ^ xp3_s2l1[0].u_xp3/_25_/A (BUFx1)
     2    0.000140    0.200000    0.188000    0.238000 ^ xp3_s2l1[0].u_xp3/_25_/Y (BUFx1)
                                                         ps_flat[0] (net)
                      0.200000    0.000000    0.238000 ^ xp5_s2l2[0].u_xp5/_26_/A (INVx1)
     4    0.000280    0.000000    0.000000    0.238000 v xp5_s2l2[0].u_xp5/_26_/Y (INVx1)
                                                         xp5_s2l2[0].u_xp5/_00_ (net)
                      0.000000    0.000000    0.238000 v xp5_s2l2[0].u_xp5/_59_/B (NOR2x1)
     1    0.070000    0.000000    0.000000    0.238000 ^ xp5_s2l2[0].u_xp5/_59_/Y (NOR2x1)
                                                         xp5_s2l2[0].u_xp5/sum_bit[0].grid_and (net)
                      0.000000    0.000000    0.238000 ^ xp5_s2l2[0].u_xp5/_61_/A (BUFx1)
     2    0.000140    0.200000    0.188000    0.426000 ^ xp5_s2l2[0].u_xp5/_61_/Y (BUFx1)
                                                         r4_split[0].boh[0] (net)
                      0.200000    0.000000    0.426000 ^ _613_/A (NOR2x1)
     1    0.000070    0.000000    0.000000    0.426000 v _613_/Y (NOR2x1)
                                                         _204_ (net)
                      0.000000    0.000000    0.426000 v _615_/A (NAND2x1)
     3    0.000210    0.000000    0.000000    0.426000 ^ _615_/Y (NAND2x1)
                                                         lo_flat[0] (net)
                      0.000000    0.000000    0.426000 ^ xp4_lo_l1[0].u_xp4/_18_/A (INVx1)
     2    0.000140    0.000000    0.000000    0.426000 v xp4_lo_l1[0].u_xp4/_18_/Y (INVx1)
                                                         xp4_lo_l1[0].u_xp4/_00_ (net)
                      0.000000    0.000000    0.426000 v xp4_lo_l1[0].u_xp4/_41_/B (NOR2x1)
     1    0.070000    0.000000    0.000000    0.426000 ^ xp4_lo_l1[0].u_xp4/_41_/Y (NOR2x1)
                                                         xp4_lo_l1[0].u_xp4/sum_bit[0].grid_and (net)
                      0.000000    0.000000    0.426000 ^ xp4_lo_l1[0].u_xp4/_43_/A (BUFx1)
     4    0.000280    0.200000    0.188000    0.614000 ^ xp4_lo_l1[0].u_xp4/_43_/Y (BUFx1)
                                                         ll1_flat[0] (net)
                      0.200000    0.000000    0.614000 ^ xp7_lo_l2[0].u_xp7/_058_/A (INVx1)
     4    0.000280    0.000000    0.000000    0.614000 v xp7_lo_l2[0].u_xp7/_058_/Y (INVx1)
                                                         xp7_lo_l2[0].u_xp7/_000_ (net)
                      0.000000    0.000000    0.614000 v xp7_lo_l2[0].u_xp7/_127_/B (NOR2x1)
     1    0.070000    0.000000    0.000000    0.614000 ^ xp7_lo_l2[0].u_xp7/_127_/Y (NOR2x1)
                                                         xp7_lo_l2[0].u_xp7/sum_bit[0].grid_and (net)
                      0.000000    0.000000    0.614000 ^ xp7_lo_l2[0].u_xp7/_129_/A (BUFx1)
     6    0.000420    0.200000    0.188000    0.802000 ^ xp7_lo_l2[0].u_xp7/_129_/Y (BUFx1)
                                                         ll2_flat[0] (net)
                      0.200000    0.000000    0.802000 ^ u_xp13_lo_l3/_214_/A (INVx1)
     8    0.000560    0.000000    0.000000    0.802000 v u_xp13_lo_l3/_214_/Y (INVx1)
                                                         u_xp13_lo_l3/_172_ (net)
                      0.000000    0.000000    0.802000 v u_xp13_lo_l3/_451_/B (NOR2x1)
     1    0.070000    0.000000    0.000000    0.802000 ^ u_xp13_lo_l3/_451_/Y (NOR2x1)
                                                         u_xp13_lo_l3/sum_bit[0].grid_and (net)
                      0.000000    0.000000    0.802000 ^ u_xp13_lo_l3/_453_/A (BUFx1)
     1    0.000070    0.200000    0.188000    0.990000 ^ u_xp13_lo_l3/_453_/Y (BUFx1)
                                                         low_sum[0] (net)
                      0.200000    0.000000    0.990000 ^ _301_/B (NOR2x1)
     1    0.000070    0.000000    0.000000    0.990000 v _301_/Y (NOR2x1)
                                                         _001_ (net)
                      0.000000    0.000000    0.990000 v _302_/B (NAND2x1)
    15    0.001050    0.000000    0.000000    0.990000 ^ _302_/Y (NAND2x1)
                                                         carry[0] (net)
                      0.000000    0.000000    0.990000 ^ u_xp17x7_carry/_259_/A1 (AOI21x1)
     1    0.000070    0.000000    0.000000    0.990000 v u_xp17x7_carry/_259_/Y (AOI21x1)
                                                         u_xp17x7_carry/_053_ (net)
                      0.000000    0.000000    0.990000 v u_xp17x7_carry/_260_/B (NAND2x1)
     1    0.000070    0.000000    0.000000    0.990000 ^ u_xp17x7_carry/_260_/Y (NAND2x1)
                                                         upper[13] (net)
                      0.000000    0.000000    0.990000 ^ _346_/B (NOR2x1)
     2    0.000140    0.000000    0.000000    0.990000 v _346_/Y (NOR2x1)
                                                         _038_ (net)
                      0.000000    0.000000    0.990000 v _347_/B (NAND2x1)
     2    0.000140    0.000000    0.000000    0.990000 ^ _347_/Y (NAND2x1)
                                                         _039_ (net)
                      0.000000    0.000000    0.990000 ^ _379_/A (INVx1)
     1    0.000070    0.000000    0.000000    0.990000 v _379_/Y (INVx1)
                                                         _068_ (net)
                      0.000000    0.000000    0.990000 v _380_/B (NAND2x1)
     1    0.000000    0.000000    0.000000    0.990000 ^ _380_/Y (NAND2x1)
                                                         hd[5] (net)
                      0.000000    0.000000    0.990000 ^ hd[5] (out)
                                              0.990000   data arrival time

                      0.000000    0.200000    0.200000   clock vclk (rise edge)
                                  0.000000    0.200000   clock network delay (ideal)
                                  0.000000    0.200000   clock reconvergence pessimism
                                 -0.050000    0.150000   output external delay
                                              0.150000   data required time
---------------------------------------------------------------------------------------------
                                              0.150000   data required time
                                             -0.990000   data arrival time
---------------------------------------------------------------------------------------------
                                             -0.840000   slack (VIOLATED)


Startpoint: B[1] (input port clocked by vclk)
Endpoint: hd[6] (output port clocked by vclk)
Path Group: vclk
Path Type: max

Fanout         Cap        Slew       Delay        Time   Description
---------------------------------------------------------------------------------------------
                      0.000000    0.000000    0.000000   clock vclk (rise edge)
                                  0.000000    0.000000   clock network delay (ideal)
                                  0.050000    0.050000 v input external delay
     1    0.000070    0.100000    0.000000    0.050000 v B[1] (in)
                                                         B[1] (net)
                      0.100000    0.000000    0.050000 v _391_/B (XNOR2x1)
     2    0.000140    0.000000    0.000000    0.050000 ^ _391_/Y (XNOR2x1)
                                                         _078_ (net)
                      0.000000    0.000000    0.050000 ^ _392_/A (INVx1)
     1    0.000070    0.000000    0.000000    0.050000 v _392_/Y (INVx1)
                                                         _079_ (net)
                      0.000000    0.000000    0.050000 v _393_/B (NOR2x1)
     3    0.000210    0.000000    0.000000    0.050000 ^ _393_/Y (NOR2x1)
                                                         cell_oh_flat[0] (net)
                      0.000000    0.000000    0.050000 ^ xp3_s2l1[0].u_xp3/_10_/A (INVx1)
     2    0.000140    0.000000    0.000000    0.050000 v xp3_s2l1[0].u_xp3/_10_/Y (INVx1)
                                                         xp3_s2l1[0].u_xp3/_00_ (net)
                      0.000000    0.000000    0.050000 v xp3_s2l1[0].u_xp3/_23_/B (NOR2x1)
     1    0.070000    0.000000    0.000000    0.050000 ^ xp3_s2l1[0].u_xp3/_23_/Y (NOR2x1)
                                                         xp3_s2l1[0].u_xp3/sum_bit[0].grid_and (net)
                      0.000000    0.000000    0.050000 ^ xp3_s2l1[0].u_xp3/_25_/A (BUFx1)
     2    0.000140    0.200000    0.188000    0.238000 ^ xp3_s2l1[0].u_xp3/_25_/Y (BUFx1)
                                                         ps_flat[0] (net)
                      0.200000    0.000000    0.238000 ^ xp5_s2l2[0].u_xp5/_26_/A (INVx1)
     4    0.000280    0.000000    0.000000    0.238000 v xp5_s2l2[0].u_xp5/_26_/Y (INVx1)
                                                         xp5_s2l2[0].u_xp5/_00_ (net)
                      0.000000    0.000000    0.238000 v xp5_s2l2[0].u_xp5/_59_/B (NOR2x1)
     1    0.070000    0.000000    0.000000    0.238000 ^ xp5_s2l2[0].u_xp5/_59_/Y (NOR2x1)
                                                         xp5_s2l2[0].u_xp5/sum_bit[0].grid_and (net)
                      0.000000    0.000000    0.238000 ^ xp5_s2l2[0].u_xp5/_61_/A (BUFx1)
     2    0.000140    0.200000    0.188000    0.426000 ^ xp5_s2l2[0].u_xp5/_61_/Y (BUFx1)
                                                         r4_split[0].boh[0] (net)
                      0.200000    0.000000    0.426000 ^ _613_/A (NOR2x1)
     1    0.000070    0.000000    0.000000    0.426000 v _613_/Y (NOR2x1)
                                                         _204_ (net)
                      0.000000    0.000000    0.426000 v _615_/A (NAND2x1)
     3    0.000210    0.000000    0.000000    0.426000 ^ _615_/Y (NAND2x1)
                                                         lo_flat[0] (net)
                      0.000000    0.000000    0.426000 ^ xp4_lo_l1[0].u_xp4/_18_/A (INVx1)
     2    0.000140    0.000000    0.000000    0.426000 v xp4_lo_l1[0].u_xp4/_18_/Y (INVx1)
                                                         xp4_lo_l1[0].u_xp4/_00_ (net)
                      0.000000    0.000000    0.426000 v xp4_lo_l1[0].u_xp4/_41_/B (NOR2x1)
     1    0.070000    0.000000    0.000000    0.426000 ^ xp4_lo_l1[0].u_xp4/_41_/Y (NOR2x1)
                                                         xp4_lo_l1[0].u_xp4/sum_bit[0].grid_and (net)
                      0.000000    0.000000    0.426000 ^ xp4_lo_l1[0].u_xp4/_43_/A (BUFx1)
     4    0.000280    0.200000    0.188000    0.614000 ^ xp4_lo_l1[0].u_xp4/_43_/Y (BUFx1)
                                                         ll1_flat[0] (net)
                      0.200000    0.000000    0.614000 ^ xp7_lo_l2[0].u_xp7/_058_/A (INVx1)
     4    0.000280    0.000000    0.000000    0.614000 v xp7_lo_l2[0].u_xp7/_058_/Y (INVx1)
                                                         xp7_lo_l2[0].u_xp7/_000_ (net)
                      0.000000    0.000000    0.614000 v xp7_lo_l2[0].u_xp7/_127_/B (NOR2x1)
     1    0.070000    0.000000    0.000000    0.614000 ^ xp7_lo_l2[0].u_xp7/_127_/Y (NOR2x1)
                                                         xp7_lo_l2[0].u_xp7/sum_bit[0].grid_and (net)
                      0.000000    0.000000    0.614000 ^ xp7_lo_l2[0].u_xp7/_129_/A (BUFx1)
     6    0.000420    0.200000    0.188000    0.802000 ^ xp7_lo_l2[0].u_xp7/_129_/Y (BUFx1)
                                                         ll2_flat[0] (net)
                      0.200000    0.000000    0.802000 ^ u_xp13_lo_l3/_214_/A (INVx1)
     8    0.000560    0.000000    0.000000    0.802000 v u_xp13_lo_l3/_214_/Y (INVx1)
                                                         u_xp13_lo_l3/_172_ (net)
                      0.000000    0.000000    0.802000 v u_xp13_lo_l3/_451_/B (NOR2x1)
     1    0.070000    0.000000    0.000000    0.802000 ^ u_xp13_lo_l3/_451_/Y (NOR2x1)
                                                         u_xp13_lo_l3/sum_bit[0].grid_and (net)
                      0.000000    0.000000    0.802000 ^ u_xp13_lo_l3/_453_/A (BUFx1)
     1    0.000070    0.200000    0.188000    0.990000 ^ u_xp13_lo_l3/_453_/Y (BUFx1)
                                                         low_sum[0] (net)
                      0.200000    0.000000    0.990000 ^ _301_/B (NOR2x1)
     1    0.000070    0.000000    0.000000    0.990000 v _301_/Y (NOR2x1)
                                                         _001_ (net)
                      0.000000    0.000000    0.990000 v _302_/B (NAND2x1)
    15    0.001050    0.000000    0.000000    0.990000 ^ _302_/Y (NAND2x1)
                                                         carry[0] (net)
                      0.000000    0.000000    0.990000 ^ u_xp17x7_carry/_289_/A1 (AOI21x1)
     1    0.000070    0.000000    0.000000    0.990000 v u_xp17x7_carry/_289_/Y (AOI21x1)
                                                         u_xp17x7_carry/_080_ (net)
                      0.000000    0.000000    0.990000 v u_xp17x7_carry/_290_/B (NAND2x1)
     1    0.000070    0.000000    0.000000    0.990000 ^ u_xp17x7_carry/_290_/Y (NAND2x1)
                                                         upper[16] (net)
                      0.000000    0.000000    0.990000 ^ _381_/A (INVx1)
     1    0.000070    0.000000    0.000000    0.990000 v _381_/Y (INVx1)
                                                         _069_ (net)
                      0.000000    0.000000    0.990000 v _383_/A (NAND2x1)
     1    0.000070    0.000000    0.000000    0.990000 ^ _383_/Y (NAND2x1)
                                                         _071_ (net)
                      0.000000    0.000000    0.990000 ^ _387_/A (NOR2x1)
     1    0.000070    0.000000    0.000000    0.990000 v _387_/Y (NOR2x1)
                                                         _075_ (net)
                      0.000000    0.000000    0.990000 v _388_/A (NAND2x1)
     1    0.000000    0.000000    0.000000    0.990000 ^ _388_/Y (NAND2x1)
                                                         hd[6] (net)
                      0.000000    0.000000    0.990000 ^ hd[6] (out)
                                              0.990000   data arrival time

                      0.000000    0.200000    0.200000   clock vclk (rise edge)
                                  0.000000    0.200000   clock network delay (ideal)
                                  0.000000    0.200000   clock reconvergence pessimism
                                 -0.050000    0.150000   output external delay
                                              0.150000   data required time
---------------------------------------------------------------------------------------------
                                              0.150000   data required time
                                             -0.990000   data arrival time
---------------------------------------------------------------------------------------------
                                             -0.840000   slack (VIOLATED)


Startpoint: B[1] (input port clocked by vclk)
Endpoint: hd[0] (output port clocked by vclk)
Path Group: vclk
Path Type: max

Fanout         Cap        Slew       Delay        Time   Description
---------------------------------------------------------------------------------------------
                      0.000000    0.000000    0.000000   clock vclk (rise edge)
                                  0.000000    0.000000   clock network delay (ideal)
                                  0.050000    0.050000 v input external delay
     1    0.000070    0.100000    0.000000    0.050000 v B[1] (in)
                                                         B[1] (net)
                      0.100000    0.000000    0.050000 v _391_/B (XNOR2x1)
     2    0.000140    0.000000    0.000000    0.050000 ^ _391_/Y (XNOR2x1)
                                                         _078_ (net)
                      0.000000    0.000000    0.050000 ^ _392_/A (INVx1)
     1    0.000070    0.000000    0.000000    0.050000 v _392_/Y (INVx1)
                                                         _079_ (net)
                      0.000000    0.000000    0.050000 v _393_/B (NOR2x1)
     3    0.000210    0.000000    0.000000    0.050000 ^ _393_/Y (NOR2x1)
                                                         cell_oh_flat[0] (net)
                      0.000000    0.000000    0.050000 ^ xp3_s2l1[0].u_xp3/_10_/A (INVx1)
     2    0.000140    0.000000    0.000000    0.050000 v xp3_s2l1[0].u_xp3/_10_/Y (INVx1)
                                                         xp3_s2l1[0].u_xp3/_00_ (net)
                      0.000000    0.000000    0.050000 v xp3_s2l1[0].u_xp3/_23_/B (NOR2x1)
     1    0.070000    0.000000    0.000000    0.050000 ^ xp3_s2l1[0].u_xp3/_23_/Y (NOR2x1)
                                                         xp3_s2l1[0].u_xp3/sum_bit[0].grid_and (net)
                      0.000000    0.000000    0.050000 ^ xp3_s2l1[0].u_xp3/_25_/A (BUFx1)
     2    0.000140    0.200000    0.188000    0.238000 ^ xp3_s2l1[0].u_xp3/_25_/Y (BUFx1)
                                                         ps_flat[0] (net)
                      0.200000    0.000000    0.238000 ^ xp5_s2l2[0].u_xp5/_26_/A (INVx1)
     4    0.000280    0.000000    0.000000    0.238000 v xp5_s2l2[0].u_xp5/_26_/Y (INVx1)
                                                         xp5_s2l2[0].u_xp5/_00_ (net)
                      0.000000    0.000000    0.238000 v xp5_s2l2[0].u_xp5/_59_/B (NOR2x1)
     1    0.070000    0.000000    0.000000    0.238000 ^ xp5_s2l2[0].u_xp5/_59_/Y (NOR2x1)
                                                         xp5_s2l2[0].u_xp5/sum_bit[0].grid_and (net)
                      0.000000    0.000000    0.238000 ^ xp5_s2l2[0].u_xp5/_61_/A (BUFx1)
     2    0.000140    0.200000    0.188000    0.426000 ^ xp5_s2l2[0].u_xp5/_61_/Y (BUFx1)
                                                         r4_split[0].boh[0] (net)
                      0.200000    0.000000    0.426000 ^ _613_/A (NOR2x1)
     1    0.000070    0.000000    0.000000    0.426000 v _613_/Y (NOR2x1)
                                                         _204_ (net)
                      0.000000    0.000000    0.426000 v _615_/A (NAND2x1)
     3    0.000210    0.000000    0.000000    0.426000 ^ _615_/Y (NAND2x1)
                                                         lo_flat[0] (net)
                      0.000000    0.000000    0.426000 ^ xp4_lo_l1[0].u_xp4/_18_/A (INVx1)
     2    0.000140    0.000000    0.000000    0.426000 v xp4_lo_l1[0].u_xp4/_18_/Y (INVx1)
                                                         xp4_lo_l1[0].u_xp4/_00_ (net)
                      0.000000    0.000000    0.426000 v xp4_lo_l1[0].u_xp4/_41_/B (NOR2x1)
     1    0.070000    0.000000    0.000000    0.426000 ^ xp4_lo_l1[0].u_xp4/_41_/Y (NOR2x1)
                                                         xp4_lo_l1[0].u_xp4/sum_bit[0].grid_and (net)
                      0.000000    0.000000    0.426000 ^ xp4_lo_l1[0].u_xp4/_43_/A (BUFx1)
     4    0.000280    0.200000    0.188000    0.614000 ^ xp4_lo_l1[0].u_xp4/_43_/Y (BUFx1)
                                                         ll1_flat[0] (net)
                      0.200000    0.000000    0.614000 ^ xp7_lo_l2[0].u_xp7/_058_/A (INVx1)
     4    0.000280    0.000000    0.000000    0.614000 v xp7_lo_l2[0].u_xp7/_058_/Y (INVx1)
                                                         xp7_lo_l2[0].u_xp7/_000_ (net)
                      0.000000    0.000000    0.614000 v xp7_lo_l2[0].u_xp7/_127_/B (NOR2x1)
     1    0.070000    0.000000    0.000000    0.614000 ^ xp7_lo_l2[0].u_xp7/_127_/Y (NOR2x1)
                                                         xp7_lo_l2[0].u_xp7/sum_bit[0].grid_and (net)
                      0.000000    0.000000    0.614000 ^ xp7_lo_l2[0].u_xp7/_129_/A (BUFx1)
     6    0.000420    0.200000    0.188000    0.802000 ^ xp7_lo_l2[0].u_xp7/_129_/Y (BUFx1)
                                                         ll2_flat[0] (net)
                      0.200000    0.000000    0.802000 ^ u_xp13_lo_l3/_332_/A1 (AOI21x1)
     1    0.000070    0.000000    0.000000    0.802000 v u_xp13_lo_l3/_332_/Y (AOI21x1)
                                                         u_xp13_lo_l3/_066_ (net)
                      0.000000    0.000000    0.802000 v u_xp13_lo_l3/_333_/B (NAND2x1)
     2    0.000140    0.000000    0.000000    0.802000 ^ u_xp13_lo_l3/_333_/Y (NAND2x1)
                                                         low_sum[11] (net)
                      0.000000    0.000000    0.802000 ^ _326_/A (INVx1)
     1    0.000070    0.000000    0.000000    0.802000 v _326_/Y (INVx1)
                                                         _020_ (net)
                      0.000000    0.000000    0.802000 v _327_/B (NAND2x1)
     1    0.000070    0.000000    0.000000    0.802000 ^ _327_/Y (NAND2x1)
                                                         _021_ (net)
                      0.000000    0.000000    0.802000 ^ _328_/A (NOR2x1)
     1    0.000070    0.000000    0.000000    0.802000 v _328_/Y (NOR2x1)
                                                         _022_ (net)
                      0.000000    0.000000    0.802000 v _330_/A (NAND2x1)
     1    0.000070    0.000000    0.000000    0.802000 ^ _330_/Y (NAND2x1)
                                                         _024_ (net)
                      0.000000    0.000000    0.802000 ^ _331_/A (NOR2x1)
     2    0.000140    0.000000    0.000000    0.802000 v _331_/Y (NOR2x1)
                                                         _025_ (net)
                      0.000000    0.000000    0.802000 v _332_/B (NAND2x1)
     1    0.000000    0.000000    0.000000    0.802000 ^ _332_/Y (NAND2x1)
                                                         hd[0] (net)
                      0.000000    0.000000    0.802000 ^ hd[0] (out)
                                              0.802000   data arrival time

                      0.000000    0.200000    0.200000   clock vclk (rise edge)
                                  0.000000    0.200000   clock network delay (ideal)
                                  0.000000    0.200000   clock reconvergence pessimism
                                 -0.050000    0.150000   output external delay
                                              0.150000   data required time
---------------------------------------------------------------------------------------------
                                              0.150000   data required time
                                             -0.802000   data arrival time
---------------------------------------------------------------------------------------------
                                             -0.652000   slack (VIOLATED)


Startpoint: B[1] (input port clocked by vclk)
Endpoint: hd[1] (output port clocked by vclk)
Path Group: vclk
Path Type: max

Fanout         Cap        Slew       Delay        Time   Description
---------------------------------------------------------------------------------------------
                      0.000000    0.000000    0.000000   clock vclk (rise edge)
                                  0.000000    0.000000   clock network delay (ideal)
                                  0.050000    0.050000 v input external delay
     1    0.000070    0.100000    0.000000    0.050000 v B[1] (in)
                                                         B[1] (net)
                      0.100000    0.000000    0.050000 v _391_/B (XNOR2x1)
     2    0.000140    0.000000    0.000000    0.050000 ^ _391_/Y (XNOR2x1)
                                                         _078_ (net)
                      0.000000    0.000000    0.050000 ^ _392_/A (INVx1)
     1    0.000070    0.000000    0.000000    0.050000 v _392_/Y (INVx1)
                                                         _079_ (net)
                      0.000000    0.000000    0.050000 v _393_/B (NOR2x1)
     3    0.000210    0.000000    0.000000    0.050000 ^ _393_/Y (NOR2x1)
                                                         cell_oh_flat[0] (net)
                      0.000000    0.000000    0.050000 ^ xp3_s2l1[0].u_xp3/_10_/A (INVx1)
     2    0.000140    0.000000    0.000000    0.050000 v xp3_s2l1[0].u_xp3/_10_/Y (INVx1)
                                                         xp3_s2l1[0].u_xp3/_00_ (net)
                      0.000000    0.000000    0.050000 v xp3_s2l1[0].u_xp3/_23_/B (NOR2x1)
     1    0.070000    0.000000    0.000000    0.050000 ^ xp3_s2l1[0].u_xp3/_23_/Y (NOR2x1)
                                                         xp3_s2l1[0].u_xp3/sum_bit[0].grid_and (net)
                      0.000000    0.000000    0.050000 ^ xp3_s2l1[0].u_xp3/_25_/A (BUFx1)
     2    0.000140    0.200000    0.188000    0.238000 ^ xp3_s2l1[0].u_xp3/_25_/Y (BUFx1)
                                                         ps_flat[0] (net)
                      0.200000    0.000000    0.238000 ^ xp5_s2l2[0].u_xp5/_26_/A (INVx1)
     4    0.000280    0.000000    0.000000    0.238000 v xp5_s2l2[0].u_xp5/_26_/Y (INVx1)
                                                         xp5_s2l2[0].u_xp5/_00_ (net)
                      0.000000    0.000000    0.238000 v xp5_s2l2[0].u_xp5/_59_/B (NOR2x1)
     1    0.070000    0.000000    0.000000    0.238000 ^ xp5_s2l2[0].u_xp5/_59_/Y (NOR2x1)
                                                         xp5_s2l2[0].u_xp5/sum_bit[0].grid_and (net)
                      0.000000    0.000000    0.238000 ^ xp5_s2l2[0].u_xp5/_61_/A (BUFx1)
     2    0.000140    0.200000    0.188000    0.426000 ^ xp5_s2l2[0].u_xp5/_61_/Y (BUFx1)
                                                         r4_split[0].boh[0] (net)
                      0.200000    0.000000    0.426000 ^ _613_/A (NOR2x1)
     1    0.000070    0.000000    0.000000    0.426000 v _613_/Y (NOR2x1)
                                                         _204_ (net)
                      0.000000    0.000000    0.426000 v _615_/A (NAND2x1)
     3    0.000210    0.000000    0.000000    0.426000 ^ _615_/Y (NAND2x1)
                                                         lo_flat[0] (net)
                      0.000000    0.000000    0.426000 ^ xp4_lo_l1[0].u_xp4/_18_/A (INVx1)
     2    0.000140    0.000000    0.000000    0.426000 v xp4_lo_l1[0].u_xp4/_18_/Y (INVx1)
                                                         xp4_lo_l1[0].u_xp4/_00_ (net)
                      0.000000    0.000000    0.426000 v xp4_lo_l1[0].u_xp4/_41_/B (NOR2x1)
     1    0.070000    0.000000    0.000000    0.426000 ^ xp4_lo_l1[0].u_xp4/_41_/Y (NOR2x1)
                                                         xp4_lo_l1[0].u_xp4/sum_bit[0].grid_and (net)
                      0.000000    0.000000    0.426000 ^ xp4_lo_l1[0].u_xp4/_43_/A (BUFx1)
     4    0.000280    0.200000    0.188000    0.614000 ^ xp4_lo_l1[0].u_xp4/_43_/Y (BUFx1)
                                                         ll1_flat[0] (net)
                      0.200000    0.000000    0.614000 ^ xp7_lo_l2[0].u_xp7/_058_/A (INVx1)
     4    0.000280    0.000000    0.000000    0.614000 v xp7_lo_l2[0].u_xp7/_058_/Y (INVx1)
                                                         xp7_lo_l2[0].u_xp7/_000_ (net)
                      0.000000    0.000000    0.614000 v xp7_lo_l2[0].u_xp7/_127_/B (NOR2x1)
     1    0.070000    0.000000    0.000000    0.614000 ^ xp7_lo_l2[0].u_xp7/_127_/Y (NOR2x1)
                                                         xp7_lo_l2[0].u_xp7/sum_bit[0].grid_and (net)
                      0.000000    0.000000    0.614000 ^ xp7_lo_l2[0].u_xp7/_129_/A (BUFx1)
     6    0.000420    0.200000    0.188000    0.802000 ^ xp7_lo_l2[0].u_xp7/_129_/Y (BUFx1)
                                                         ll2_flat[0] (net)
                      0.200000    0.000000    0.802000 ^ u_xp13_lo_l3/_332_/A1 (AOI21x1)
     1    0.000070    0.000000    0.000000    0.802000 v u_xp13_lo_l3/_332_/Y (AOI21x1)
                                                         u_xp13_lo_l3/_066_ (net)
                      0.000000    0.000000    0.802000 v u_xp13_lo_l3/_333_/B (NAND2x1)
     2    0.000140    0.000000    0.000000    0.802000 ^ u_xp13_lo_l3/_333_/Y (NAND2x1)
                                                         low_sum[11] (net)
                      0.000000    0.000000    0.802000 ^ _326_/A (INVx1)
     1    0.000070    0.000000    0.000000    0.802000 v _326_/Y (INVx1)
                                                         _020_ (net)
                      0.000000    0.000000    0.802000 v _327_/B (NAND2x1)
     1    0.000070    0.000000    0.000000    0.802000 ^ _327_/Y (NAND2x1)
                                                         _021_ (net)
                      0.000000    0.000000    0.802000 ^ _328_/A (NOR2x1)
     1    0.000070    0.000000    0.000000    0.802000 v _328_/Y (NOR2x1)
                                                         _022_ (net)
                      0.000000    0.000000    0.802000 v _330_/A (NAND2x1)
     1    0.000070    0.000000    0.000000    0.802000 ^ _330_/Y (NAND2x1)
                                                         _024_ (net)
                      0.000000    0.000000    0.802000 ^ _331_/A (NOR2x1)
     2    0.000140    0.000000    0.000000    0.802000 v _331_/Y (NOR2x1)
                                                         _025_ (net)
                      0.000000    0.000000    0.802000 v _340_/B (NAND2x1)
     1    0.000000    0.000000    0.000000    0.802000 ^ _340_/Y (NAND2x1)
                                                         hd[1] (net)
                      0.000000    0.000000    0.802000 ^ hd[1] (out)
                                              0.802000   data arrival time

                      0.000000    0.200000    0.200000   clock vclk (rise edge)
                                  0.000000    0.200000   clock network delay (ideal)
                                  0.000000    0.200000   clock reconvergence pessimism
                                 -0.050000    0.150000   output external delay
                                              0.150000   data required time
---------------------------------------------------------------------------------------------
                                              0.150000   data required time
                                             -0.802000   data arrival time
---------------------------------------------------------------------------------------------
                                             -0.652000   slack (VIOLATED)



