
===========================================================================
report_checks -path_delay min (Hold)
============================================================================
======================= nom_tt_025C_0v50 Corner ===================================

Startpoint: B[23] (input port clocked by vclk)
Endpoint: hd[0] (output port clocked by vclk)
Path Group: vclk
Path Type: min

Fanout         Cap        Slew       Delay        Time   Description
---------------------------------------------------------------------------------------------
                      0.000000    0.000000    0.000000   clock vclk (rise edge)
                                  0.000000    0.000000   clock network delay (ideal)
                                  0.050000    0.050000 ^ input external delay
     1    0.000157    0.100000    0.000000    0.050000 ^ B[23] (in)
                                                         B[23] (net)
                      0.100004    0.000001    0.050001 ^ _468_/B (XNOR2x1)
     2    0.000237    0.000000    0.000000    0.050001 ^ _468_/Y (XNOR2x1)
                                                         _122_ (net)
                      0.000000    0.000003    0.050005 ^ _469_/A (INVx1)
     1    0.000132    0.000000    0.000000    0.050005 v _469_/Y (INVx1)
                                                         _123_ (net)
                      0.000000    0.000001    0.050006 v _470_/B (NOR2x1)
     3    0.000332    0.000000    0.000000    0.050006 ^ _470_/Y (NOR2x1)
                                                         cell_oh_flat[33] (net)
                      0.000000    0.000006    0.050012 ^ xp3_s2l1[5].u_xp3/_12_/A (NAND2x1)
     1    0.000122    0.000000    0.000000    0.050012 v xp3_s2l1[5].u_xp3/_12_/Y (NAND2x1)
                                                         xp3_s2l1[5].u_xp3/_02_ (net)
                      0.000000    0.000001    0.050013 v xp3_s2l1[5].u_xp3/_13_/B (OAI21x1)
     2    0.000222    0.000000    0.000000    0.050013 ^ xp3_s2l1[5].u_xp3/_13_/Y (OAI21x1)
                                                         ps_flat[26] (net)
                      0.000000    0.000003    0.050016 ^ xp5_s2l2[2].u_xp5/_37_/B (NAND2x1)
     1    0.000117    0.000000    0.000000    0.050016 v xp5_s2l2[2].u_xp5/_37_/Y (NAND2x1)
                                                         xp5_s2l2[2].u_xp5/_09_ (net)
                      0.000000    0.000000    0.050017 v xp5_s2l2[2].u_xp5/_38_/B (OAI21x1)
     1    0.000130    0.000000    0.000000    0.050017 ^ xp5_s2l2[2].u_xp5/_38_/Y (OAI21x1)
                                                         xp5_s2l2[2].u_xp5/_10_ (net)
                      0.000000    0.000002    0.050019 ^ xp5_s2l2[2].u_xp5/_39_/B (AOI21x1)
     1    0.000127    0.000000    0.000000    0.050019 v xp5_s2l2[2].u_xp5/_39_/Y (AOI21x1)
                                                         xp5_s2l2[2].u_xp5/_11_ (net)
                      0.000000    0.000001    0.050020 v xp5_s2l2[2].u_xp5/_40_/B (OAI21x1)
     2    0.000259    0.000000    0.000000    0.050020 ^ xp5_s2l2[2].u_xp5/_40_/Y (OAI21x1)
                                                         r4_split[2].boh[3] (net)
                      0.000000    0.000004    0.050024 ^ _658_/A (INVx1)
     1    0.000099    0.000000    0.000000    0.050024 v _658_/Y (INVx1)
                                                         _234_ (net)
                      0.000000    0.000000    0.050025 v _660_/A (NAND2x1)
     2    0.000257    0.000000    0.000000    0.050025 ^ _660_/Y (NAND2x1)
                                                         lo_flat[11] (net)
                      0.000000    0.000004    0.050029 ^ xp4_lo_l1[1].u_xp4/_31_/A (INVx1)
     3    0.000470    0.000000    0.000000    0.050029 v xp4_lo_l1[1].u_xp4/_31_/Y (INVx1)
                                                         xp4_lo_l1[1].u_xp4/_11_ (net)
                      0.000000    0.000002    0.050031 v xp4_lo_l1[1].u_xp4/_42_/A (NOR2x1)
     4    0.000917    0.000000    0.000000    0.050031 ^ xp4_lo_l1[1].u_xp4/_42_/Y (NOR2x1)
                                                         ll1_flat[13] (net)
                      0.000000    0.000022    0.050053 ^ xp7_lo_l2[0].u_xp7/_090_/A (INVx1)
     4    0.000479    0.000000    0.000000    0.050053 v xp7_lo_l2[0].u_xp7/_090_/Y (INVx1)
                                                         xp7_lo_l2[0].u_xp7/_027_ (net)
                      0.000000    0.000007    0.050060 v xp7_lo_l2[0].u_xp7/_128_/B (NOR2x1)
     7    0.001606    0.000000    0.000000    0.050060 ^ xp7_lo_l2[0].u_xp7/_128_/Y (NOR2x1)
                                                         ll2_flat[12] (net)
                      0.000000    0.000024    0.050084 ^ u_xp13_lo_l3/_412_/A0 (AOI21x1)
     1    0.000120    0.000000    0.000000    0.050084 v u_xp13_lo_l3/_412_/Y (AOI21x1)
                                                         u_xp13_lo_l3/_140_ (net)
                      0.000000    0.000001    0.050085 v u_xp13_lo_l3/_413_/B (OAI21x1)
     1    0.000163    0.000000    0.000000    0.050085 ^ u_xp13_lo_l3/_413_/Y (OAI21x1)
                                                         u_xp13_lo_l3/_141_ (net)
                      0.000000    0.000002    0.050087 ^ u_xp13_lo_l3/_416_/A (NOR2x1)
     1    0.000103    0.000000    0.000000    0.050087 v u_xp13_lo_l3/_416_/Y (NOR2x1)
                                                         u_xp13_lo_l3/_144_ (net)
                      0.000000    0.000000    0.050088 v u_xp13_lo_l3/_420_/A (NAND2x1)
     2    0.000395    0.000000    0.000000    0.050088 ^ u_xp13_lo_l3/_420_/Y (NAND2x1)
                                                         low_sum[17] (net)
                      0.000000    0.000015    0.050103 ^ _318_/B (NOR2x1)
     1    0.000260    0.000000    0.000000    0.050103 v _318_/Y (NOR2x1)
                                                         _012_ (net)
                      0.000000    0.000006    0.050109 v _320_/A (NAND2x1)
     1    0.000145    0.000000    0.000000    0.050109 ^ _320_/Y (NAND2x1)
                                                         _014_ (net)
                      0.000000    0.000002    0.050111 ^ _324_/A (NOR2x1)
     1    0.000129    0.000000    0.000000    0.050111 v _324_/Y (NOR2x1)
                                                         _018_ (net)
                      0.000000    0.000001    0.050113 v _332_/A (NAND2x1)
     1    0.000680    0.000000    0.000000    0.050113 ^ _332_/Y (NAND2x1)
                                                         hd[0] (net)
                      0.000000    0.000047    0.050160 ^ hd[0] (out)
                                              0.050160   data arrival time

                      0.000000    0.000000    0.000000   clock vclk (rise edge)
                                  0.000000    0.000000   clock network delay (ideal)
                                  0.000000    0.000000   clock reconvergence pessimism
                                 -0.050000   -0.050000   output external delay
                                             -0.050000   data required time
---------------------------------------------------------------------------------------------
                                             -0.050000   data required time
                                             -0.050160   data arrival time
---------------------------------------------------------------------------------------------
                                              0.100160   slack (MET)


Startpoint: A[4] (input port clocked by vclk)
Endpoint: hd[5] (output port clocked by vclk)
Path Group: vclk
Path Type: min

Fanout         Cap        Slew       Delay        Time   Description
---------------------------------------------------------------------------------------------
                      0.000000    0.000000    0.000000   clock vclk (rise edge)
                                  0.000000    0.000000   clock network delay (ideal)
                                  0.050000    0.050000 ^ input external delay
     1    0.000154    0.100000    0.000000    0.050000 ^ A[4] (in)
                                                         A[4] (net)
                      0.100004    0.000001    0.050001 ^ _403_/A (XNOR2x1)
     2    0.000202    0.000000    0.000000    0.050001 v _403_/Y (XNOR2x1)
                                                         _084_ (net)
                      0.000000    0.000001    0.050002 v _408_/A (NOR2x1)
     3    0.000321    0.000000    0.000000    0.050002 ^ _408_/Y (NOR2x1)
                                                         cell_oh_flat[8] (net)
                      0.000000    0.000004    0.050006 ^ xp3_s2l1[1].u_xp3/_15_/A (INVx1)
     2    0.000275    0.000000    0.000000    0.050006 v xp3_s2l1[1].u_xp3/_15_/Y (INVx1)
                                                         xp3_s2l1[1].u_xp3/_04_ (net)
                      0.000000    0.000004    0.050010 v xp3_s2l1[1].u_xp3/_24_/A (NOR2x1)
     2    0.000261    0.000000    0.000000    0.050010 ^ xp3_s2l1[1].u_xp3/_24_/Y (NOR2x1)
                                                         ps_flat[9] (net)
                      0.000000    0.000004    0.050014 ^ xp5_s2l2[0].u_xp5/_44_/A (INVx1)
     4    0.000667    0.000000    0.000000    0.050014 v xp5_s2l2[0].u_xp5/_44_/Y (INVx1)
                                                         xp5_s2l2[0].u_xp5/_15_ (net)
                      0.000000    0.000006    0.050020 v xp5_s2l2[0].u_xp5/_60_/B (NOR2x1)
     3    0.000472    0.000000    0.000000    0.050020 ^ xp5_s2l2[0].u_xp5/_60_/Y (NOR2x1)
                                                         hi_flat[2] (net)
                      0.000000    0.000013    0.050032 ^ xp3_hi_l1[0].u_xp3/_15_/A (INVx1)
     2    0.000280    0.000000    0.000000    0.050032 v xp3_hi_l1[0].u_xp3/_15_/Y (INVx1)
                                                         xp3_hi_l1[0].u_xp3/_04_ (net)
                      0.000000    0.000004    0.050036 v xp3_hi_l1[0].u_xp3/_24_/A (NOR2x1)
     3    0.000435    0.000000    0.000000    0.050036 ^ xp3_hi_l1[0].u_xp3/_24_/Y (NOR2x1)
                                                         hl1_flat[4] (net)
                      0.000000    0.000011    0.050047 ^ xp5_hi_l2[0].u_xp5/_48_/A (INVx1)
     3    0.000499    0.000000    0.000000    0.050047 v xp5_hi_l2[0].u_xp5/_48_/Y (INVx1)
                                                         xp5_hi_l2[0].u_xp5/_18_ (net)
                      0.000000    0.000007    0.050054 v xp5_hi_l2[0].u_xp5/_60_/A (NOR2x1)
     4    0.000725    0.000000    0.000000    0.050054 ^ xp5_hi_l2[0].u_xp5/_60_/Y (NOR2x1)
                                                         hl2_flat[8] (net)
                      0.000000    0.000034    0.050088 ^ u_xp9_hi_l3/_190_/A (NAND2x1)
     1    0.000115    0.000000    0.000000    0.050088 v u_xp9_hi_l3/_190_/Y (NAND2x1)
                                                         u_xp9_hi_l3/_027_ (net)
                      0.000000    0.000001    0.050090 v u_xp9_hi_l3/_191_/B (OAI21x1)
     1    0.000104    0.000000    0.000000    0.050090 ^ u_xp9_hi_l3/_191_/Y (OAI21x1)
                                                         u_xp9_hi_l3/_028_ (net)
                      0.000000    0.000000    0.050090 ^ u_xp9_hi_l3/_192_/B (AOI21x1)
     1    0.000140    0.000000    0.000000    0.050090 v u_xp9_hi_l3/_192_/Y (AOI21x1)
                                                         u_xp9_hi_l3/_029_ (net)
                      0.000000    0.000002    0.050092 v u_xp9_hi_l3/_195_/A (NAND2x1)
     4    0.000787    0.000000    0.000000    0.050092 ^ u_xp9_hi_l3/_195_/Y (NAND2x1)
                                                         high_sum[12] (net)
                      0.000000    0.000045    0.050137 ^ u_xp17x7_carry/_249_/A0 (AOI21x1)
     1    0.000152    0.000000    0.000000    0.050137 v u_xp17x7_carry/_249_/Y (AOI21x1)
                                                         u_xp17x7_carry/_044_ (net)
                      0.000000    0.000002    0.050139 v u_xp17x7_carry/_250_/B (NAND2x1)
     1    0.000203    0.000000    0.000000    0.050139 ^ u_xp17x7_carry/_250_/Y (NAND2x1)
                                                         upper[12] (net)
                      0.000000    0.000004    0.050143 ^ _369_/A (INVx1)
     2    0.000515    0.000000    0.000000    0.050143 v _369_/Y (INVx1)
                                                         _059_ (net)
                      0.000000    0.000007    0.050149 v _375_/B (NAND2x1)
     1    0.000182    0.000000    0.000000    0.050149 ^ _375_/Y (NAND2x1)
                                                         _064_ (net)
                      0.000000    0.000004    0.050153 ^ _378_/A (NOR2x1)
     1    0.000221    0.000000    0.000000    0.050153 v _378_/Y (NOR2x1)
                                                         _067_ (net)
                      0.000000    0.000006    0.050159 v _380_/A (NAND2x1)
     1    0.000290    0.000000    0.000000    0.050159 ^ _380_/Y (NAND2x1)
                                                         hd[5] (net)
                      0.000000    0.000011    0.050170 ^ hd[5] (out)
                                              0.050170   data arrival time

                      0.000000    0.000000    0.000000   clock vclk (rise edge)
                                  0.000000    0.000000   clock network delay (ideal)
                                  0.000000    0.000000   clock reconvergence pessimism
                                 -0.050000   -0.050000   output external delay
                                             -0.050000   data required time
---------------------------------------------------------------------------------------------
                                             -0.050000   data required time
                                             -0.050170   data arrival time
---------------------------------------------------------------------------------------------
                                              0.100170   slack (MET)


Startpoint: A[12] (input port clocked by vclk)
Endpoint: hd[1] (output port clocked by vclk)
Path Group: vclk
Path Type: min

Fanout         Cap        Slew       Delay        Time   Description
---------------------------------------------------------------------------------------------
                      0.000000    0.000000    0.000000   clock vclk (rise edge)
                                  0.000000    0.000000   clock network delay (ideal)
                                  0.050000    0.050000 ^ input external delay
     1    0.000154    0.100000    0.000000    0.050000 ^ A[12] (in)
                                                         A[12] (net)
                      0.100004    0.000001    0.050001 ^ _431_/A (XNOR2x1)
     2    0.000239    0.000000    0.000000    0.050001 ^ _431_/Y (XNOR2x1)
                                                         _100_ (net)
                      0.000000    0.000002    0.050003 ^ _432_/A (INVx1)
     1    0.000093    0.000000    0.000000    0.050003 v _432_/Y (INVx1)
                                                         _101_ (net)
                      0.000000    0.000000    0.050004 v _435_/A (NOR2x1)
     3    0.000353    0.000000    0.000000    0.050004 ^ _435_/Y (NOR2x1)
                                                         cell_oh_flat[18] (net)
                      0.000000    0.000004    0.050007 ^ xp3_s2l1[3].u_xp3/_10_/A (INVx1)
     2    0.000233    0.000000    0.000000    0.050007 v xp3_s2l1[3].u_xp3/_10_/Y (INVx1)
                                                         xp3_s2l1[3].u_xp3/_00_ (net)
                      0.000000    0.000002    0.050010 v xp3_s2l1[3].u_xp3/_13_/A0 (OAI21x1)
     2    0.000298    0.000000    0.000000    0.050010 ^ xp3_s2l1[3].u_xp3/_13_/Y (OAI21x1)
                                                         ps_flat[16] (net)
                      0.000000    0.000006    0.050015 ^ xp5_s2l2[1].u_xp5/_37_/B (NAND2x1)
     1    0.000140    0.000000    0.000000    0.050015 v xp5_s2l2[1].u_xp5/_37_/Y (NAND2x1)
                                                         xp5_s2l2[1].u_xp5/_09_ (net)
                      0.000000    0.000002    0.050017 v xp5_s2l2[1].u_xp5/_38_/B (OAI21x1)
     1    0.000140    0.000000    0.000000    0.050017 ^ xp5_s2l2[1].u_xp5/_38_/Y (OAI21x1)
                                                         xp5_s2l2[1].u_xp5/_10_ (net)
                      0.000000    0.000002    0.050019 ^ xp5_s2l2[1].u_xp5/_39_/B (AOI21x1)
     1    0.000248    0.000000    0.000000    0.050019 v xp5_s2l2[1].u_xp5/_39_/Y (AOI21x1)
                                                         xp5_s2l2[1].u_xp5/_11_ (net)
                      0.000000    0.000006    0.050025 v xp5_s2l2[1].u_xp5/_40_/B (OAI21x1)
     2    0.000237    0.000000    0.000000    0.050025 ^ xp5_s2l2[1].u_xp5/_40_/Y (OAI21x1)
                                                         r4_split[1].boh[3] (net)
                      0.000000    0.000003    0.050028 ^ _640_/A (INVx1)
     1    0.000132    0.000000    0.000000    0.050028 v _640_/Y (INVx1)
                                                         _222_ (net)
                      0.000000    0.000001    0.050030 v _642_/A (NAND2x1)
     3    0.000502    0.000000    0.000000    0.050030 ^ _642_/Y (NAND2x1)
                                                         lo_flat[7] (net)
                      0.000000    0.000012    0.050041 ^ xp4_lo_l1[0].u_xp4/_36_/A0 (AOI21x1)
     1    0.000196    0.000000    0.000000    0.050041 v xp4_lo_l1[0].u_xp4/_36_/Y (AOI21x1)
                                                         xp4_lo_l1[0].u_xp4/_15_ (net)
                      0.000000    0.000003    0.050045 v xp4_lo_l1[0].u_xp4/_37_/B (OAI21x1)
     5    0.000909    0.000000    0.000000    0.050045 ^ xp4_lo_l1[0].u_xp4/_37_/Y (OAI21x1)
                                                         ll1_flat[4] (net)
                      0.000000    0.000009    0.050053 ^ xp7_lo_l2[0].u_xp7/_123_/A1 (AOI21x1)
     1    0.000167    0.000000    0.000000    0.050053 v xp7_lo_l2[0].u_xp7/_123_/Y (AOI21x1)
                                                         xp7_lo_l2[0].u_xp7/_056_ (net)
                      0.000000    0.000002    0.050056 v xp7_lo_l2[0].u_xp7/_124_/B (OAI21x1)
     7    0.001195    0.000000    0.000000    0.050056 ^ xp7_lo_l2[0].u_xp7/_124_/Y (OAI21x1)
                                                         ll2_flat[10] (net)
                      0.000000    0.000049    0.050105 ^ u_xp13_lo_l3/_447_/A1 (AOI21x1)
     1    0.000169    0.000000    0.000000    0.050105 v u_xp13_lo_l3/_447_/Y (AOI21x1)
                                                         u_xp13_lo_l3/_170_ (net)
                      0.000000    0.000003    0.050108 v u_xp13_lo_l3/_448_/B (OAI21x1)
     2    0.000261    0.000000    0.000000    0.050108 ^ u_xp13_lo_l3/_448_/Y (OAI21x1)
                                                         low_sum[22] (net)
                      0.000000    0.000002    0.050110 ^ _333_/A (NOR2x1)
     1    0.000251    0.000000    0.000000    0.050110 v _333_/Y (NOR2x1)
                                                         _026_ (net)
                      0.000000    0.000006    0.050116 v _335_/A (NAND2x1)
     1    0.000172    0.000000    0.000000    0.050116 ^ _335_/Y (NAND2x1)
                                                         _028_ (net)
                      0.000000    0.000002    0.050118 ^ _339_/A (NOR2x1)
     1    0.000104    0.000000    0.000000    0.050118 v _339_/Y (NOR2x1)
                                                         _032_ (net)
                      0.000000    0.000000    0.050119 v _340_/A (NAND2x1)
     1    0.000717    0.000000    0.000000    0.050119 ^ _340_/Y (NAND2x1)
                                                         hd[1] (net)
                      0.000000    0.000053    0.050172 ^ hd[1] (out)
                                              0.050172   data arrival time

                      0.000000    0.000000    0.000000   clock vclk (rise edge)
                                  0.000000    0.000000   clock network delay (ideal)
                                  0.000000    0.000000   clock reconvergence pessimism
                                 -0.050000   -0.050000   output external delay
                                             -0.050000   data required time
---------------------------------------------------------------------------------------------
                                             -0.050000   data required time
                                             -0.050172   data arrival time
---------------------------------------------------------------------------------------------
                                              0.100172   slack (MET)


Startpoint: A[4] (input port clocked by vclk)
Endpoint: hd[4] (output port clocked by vclk)
Path Group: vclk
Path Type: min

Fanout         Cap        Slew       Delay        Time   Description
---------------------------------------------------------------------------------------------
                      0.000000    0.000000    0.000000   clock vclk (rise edge)
                                  0.000000    0.000000   clock network delay (ideal)
                                  0.050000    0.050000 ^ input external delay
     1    0.000154    0.100000    0.000000    0.050000 ^ A[4] (in)
                                                         A[4] (net)
                      0.100004    0.000001    0.050001 ^ _403_/A (XNOR2x1)
     2    0.000202    0.000000    0.000000    0.050001 v _403_/Y (XNOR2x1)
                                                         _084_ (net)
                      0.000000    0.000001    0.050002 v _408_/A (NOR2x1)
     3    0.000321    0.000000    0.000000    0.050002 ^ _408_/Y (NOR2x1)
                                                         cell_oh_flat[8] (net)
                      0.000000    0.000004    0.050006 ^ xp3_s2l1[1].u_xp3/_15_/A (INVx1)
     2    0.000275    0.000000    0.000000    0.050006 v xp3_s2l1[1].u_xp3/_15_/Y (INVx1)
                                                         xp3_s2l1[1].u_xp3/_04_ (net)
                      0.000000    0.000004    0.050010 v xp3_s2l1[1].u_xp3/_24_/A (NOR2x1)
     2    0.000261    0.000000    0.000000    0.050010 ^ xp3_s2l1[1].u_xp3/_24_/Y (NOR2x1)
                                                         ps_flat[9] (net)
                      0.000000    0.000004    0.050014 ^ xp5_s2l2[0].u_xp5/_44_/A (INVx1)
     4    0.000667    0.000000    0.000000    0.050014 v xp5_s2l2[0].u_xp5/_44_/Y (INVx1)
                                                         xp5_s2l2[0].u_xp5/_15_ (net)
                      0.000000    0.000006    0.050020 v xp5_s2l2[0].u_xp5/_60_/B (NOR2x1)
     3    0.000472    0.000000    0.000000    0.050020 ^ xp5_s2l2[0].u_xp5/_60_/Y (NOR2x1)
                                                         hi_flat[2] (net)
                      0.000000    0.000013    0.050032 ^ xp3_hi_l1[0].u_xp3/_15_/A (INVx1)
     2    0.000280    0.000000    0.000000    0.050032 v xp3_hi_l1[0].u_xp3/_15_/Y (INVx1)
                                                         xp3_hi_l1[0].u_xp3/_04_ (net)
                      0.000000    0.000004    0.050036 v xp3_hi_l1[0].u_xp3/_24_/A (NOR2x1)
     3    0.000435    0.000000    0.000000    0.050036 ^ xp3_hi_l1[0].u_xp3/_24_/Y (NOR2x1)
                                                         hl1_flat[4] (net)
                      0.000000    0.000011    0.050047 ^ xp5_hi_l2[0].u_xp5/_48_/A (INVx1)
     3    0.000499    0.000000    0.000000    0.050047 v xp5_hi_l2[0].u_xp5/_48_/Y (INVx1)
                                                         xp5_hi_l2[0].u_xp5/_18_ (net)
                      0.000000    0.000007    0.050054 v xp5_hi_l2[0].u_xp5/_60_/A (NOR2x1)
     4    0.000725    0.000000    0.000000    0.050054 ^ xp5_hi_l2[0].u_xp5/_60_/Y (NOR2x1)
                                                         hl2_flat[8] (net)
                      0.000000    0.000034    0.050088 ^ u_xp9_hi_l3/_190_/A (NAND2x1)
     1    0.000115    0.000000    0.000000    0.050088 v u_xp9_hi_l3/_190_/Y (NAND2x1)
                                                         u_xp9_hi_l3/_027_ (net)
                      0.000000    0.000001    0.050090 v u_xp9_hi_l3/_191_/B (OAI21x1)
     1    0.000104    0.000000    0.000000    0.050090 ^ u_xp9_hi_l3/_191_/Y (OAI21x1)
                                                         u_xp9_hi_l3/_028_ (net)
                      0.000000    0.000000    0.050090 ^ u_xp9_hi_l3/_192_/B (AOI21x1)
     1    0.000140    0.000000    0.000000    0.050090 v u_xp9_hi_l3/_192_/Y (AOI21x1)
                                                         u_xp9_hi_l3/_029_ (net)
                      0.000000    0.000002    0.050092 v u_xp9_hi_l3/_195_/A (NAND2x1)
     4    0.000787    0.000000    0.000000    0.050092 ^ u_xp9_hi_l3/_195_/Y (NAND2x1)
                                                         high_sum[12] (net)
                      0.000000    0.000045    0.050137 ^ u_xp17x7_carry/_249_/A0 (AOI21x1)
     1    0.000152    0.000000    0.000000    0.050137 v u_xp17x7_carry/_249_/Y (AOI21x1)
                                                         u_xp17x7_carry/_044_ (net)
                      0.000000    0.000002    0.050139 v u_xp17x7_carry/_250_/B (NAND2x1)
     1    0.000203    0.000000    0.000000    0.050139 ^ u_xp17x7_carry/_250_/Y (NAND2x1)
                                                         upper[12] (net)
                      0.000000    0.000004    0.050143 ^ _369_/A (INVx1)
     2    0.000515    0.000000    0.000000    0.050143 v _369_/Y (INVx1)
                                                         _059_ (net)
                      0.000000    0.000021    0.050163 v _371_/A (NAND2x1)
     1    0.000136    0.000000    0.000000    0.050163 ^ _371_/Y (NAND2x1)
                                                         _061_ (net)
                      0.000000    0.000002    0.050166 ^ _372_/A (NOR2x1)
     1    0.000109    0.000000    0.000000    0.050166 v _372_/Y (NOR2x1)
                                                         _062_ (net)
                      0.000000    0.000000    0.050166 v _373_/B (NAND2x1)
     1    0.000235    0.000000    0.000000    0.050166 ^ _373_/Y (NAND2x1)
                                                         hd[4] (net)
                      0.000000    0.000008    0.050175 ^ hd[4] (out)
                                              0.050175   data arrival time

                      0.000000    0.000000    0.000000   clock vclk (rise edge)
                                  0.000000    0.000000   clock network delay (ideal)
                                  0.000000    0.000000   clock reconvergence pessimism
                                 -0.050000   -0.050000   output external delay
                                             -0.050000   data required time
---------------------------------------------------------------------------------------------
                                             -0.050000   data required time
                                             -0.050175   data arrival time
---------------------------------------------------------------------------------------------
                                              0.100175   slack (MET)


Startpoint: A[4] (input port clocked by vclk)
Endpoint: hd[6] (output port clocked by vclk)
Path Group: vclk
Path Type: min

Fanout         Cap        Slew       Delay        Time   Description
---------------------------------------------------------------------------------------------
                      0.000000    0.000000    0.000000   clock vclk (rise edge)
                                  0.000000    0.000000   clock network delay (ideal)
                                  0.050000    0.050000 ^ input external delay
     1    0.000154    0.100000    0.000000    0.050000 ^ A[4] (in)
                                                         A[4] (net)
                      0.100004    0.000001    0.050001 ^ _403_/A (XNOR2x1)
     2    0.000202    0.000000    0.000000    0.050001 v _403_/Y (XNOR2x1)
                                                         _084_ (net)
                      0.000000    0.000001    0.050002 v _408_/A (NOR2x1)
     3    0.000321    0.000000    0.000000    0.050002 ^ _408_/Y (NOR2x1)
                                                         cell_oh_flat[8] (net)
                      0.000000    0.000004    0.050006 ^ xp3_s2l1[1].u_xp3/_15_/A (INVx1)
     2    0.000275    0.000000    0.000000    0.050006 v xp3_s2l1[1].u_xp3/_15_/Y (INVx1)
                                                         xp3_s2l1[1].u_xp3/_04_ (net)
                      0.000000    0.000004    0.050010 v xp3_s2l1[1].u_xp3/_24_/A (NOR2x1)
     2    0.000261    0.000000    0.000000    0.050010 ^ xp3_s2l1[1].u_xp3/_24_/Y (NOR2x1)
                                                         ps_flat[9] (net)
                      0.000000    0.000002    0.050012 ^ xp5_s2l2[0].u_xp5/_54_/A0 (AOI21x1)
     1    0.000110    0.000000    0.000000    0.050012 v xp5_s2l2[0].u_xp5/_54_/Y (AOI21x1)
                                                         xp5_s2l2[0].u_xp5/_23_ (net)
                      0.000000    0.000001    0.050013 v xp5_s2l2[0].u_xp5/_56_/A (NAND2x1)
     2    0.000412    0.000000    0.000000    0.050013 ^ xp5_s2l2[0].u_xp5/_56_/Y (NAND2x1)
                                                         r4_split[0].boh[6] (net)
                      0.000000    0.000013    0.050027 ^ _628_/B (NOR2x1)
     1    0.000135    0.000000    0.000000    0.050027 v _628_/Y (NOR2x1)
                                                         _214_ (net)
                      0.000000    0.000002    0.050029 v _630_/A (NAND2x1)
     2    0.000207    0.000000    0.000000    0.050029 ^ _630_/Y (NAND2x1)
                                                         hi_flat[1] (net)
                      0.000000    0.000001    0.050030 ^ xp3_hi_l1[0].u_xp3/_12_/B (NAND2x1)
     1    0.000196    0.000000    0.000000    0.050030 v xp3_hi_l1[0].u_xp3/_12_/Y (NAND2x1)
                                                         xp3_hi_l1[0].u_xp3/_02_ (net)
                      0.000000    0.000003    0.050033 v xp3_hi_l1[0].u_xp3/_13_/B (OAI21x1)
     3    0.000543    0.000000    0.000000    0.050033 ^ xp3_hi_l1[0].u_xp3/_13_/Y (OAI21x1)
                                                         hl1_flat[1] (net)
                      0.000000    0.000015    0.050048 ^ xp5_hi_l2[0].u_xp5/_43_/A1 (AOI21x1)
     1    0.000140    0.000000    0.000000    0.050048 v xp5_hi_l2[0].u_xp5/_43_/Y (AOI21x1)
                                                         xp5_hi_l2[0].u_xp5/_14_ (net)
                      0.000000    0.000002    0.050050 v xp5_hi_l2[0].u_xp5/_47_/A (NAND2x1)
     4    0.001141    0.000000    0.000000    0.050050 ^ xp5_hi_l2[0].u_xp5/_47_/Y (NAND2x1)
                                                         hl2_flat[4] (net)
                      0.000000    0.000029    0.050079 ^ u_xp9_hi_l3/_188_/A1 (AOI21x1)
     1    0.000109    0.000000    0.000000    0.050079 v u_xp9_hi_l3/_188_/Y (AOI21x1)
                                                         u_xp9_hi_l3/_026_ (net)
                      0.000000    0.000000    0.050080 v u_xp9_hi_l3/_189_/B (NAND2x1)
     6    0.001061    0.000000    0.000000    0.050080 ^ u_xp9_hi_l3/_189_/Y (NAND2x1)
                                                         high_sum[11] (net)
                      0.000000    0.000068    0.050148 ^ u_xp17x7_carry/_281_/A (NAND2x1)
     1    0.000145    0.000000    0.000000    0.050148 v u_xp17x7_carry/_281_/Y (NAND2x1)
                                                         u_xp17x7_carry/_072_ (net)
                      0.000000    0.000002    0.050150 v u_xp17x7_carry/_282_/B (OAI21x1)
     1    0.000205    0.000000    0.000000    0.050150 ^ u_xp17x7_carry/_282_/Y (OAI21x1)
                                                         u_xp17x7_carry/_073_ (net)
                      0.000000    0.000005    0.050155 ^ u_xp17x7_carry/_285_/A (NOR2x1)
     1    0.000428    0.000000    0.000000    0.050155 v u_xp17x7_carry/_285_/Y (NOR2x1)
                                                         u_xp17x7_carry/_076_ (net)
                      0.000000    0.000017    0.050172 v u_xp17x7_carry/_290_/A (NAND2x1)
     1    0.000230    0.000000    0.000000    0.050172 ^ u_xp17x7_carry/_290_/Y (NAND2x1)
                                                         upper[16] (net)
                      0.000000    0.000006    0.050178 ^ _381_/A (INVx1)
     1    0.000179    0.000000    0.000000    0.050178 v _381_/Y (INVx1)
                                                         _069_ (net)
                      0.000000    0.000003    0.050181 v _383_/A (NAND2x1)
     1    0.000162    0.000000    0.000000    0.050181 ^ _383_/Y (NAND2x1)
                                                         _071_ (net)
                      0.000000    0.000002    0.050183 ^ _387_/A (NOR2x1)
     1    0.000132    0.000000    0.000000    0.050183 v _387_/Y (NOR2x1)
                                                         _075_ (net)
                      0.000000    0.000001    0.050185 v _388_/A (NAND2x1)
     1    0.000241    0.000000    0.000000    0.050185 ^ _388_/Y (NAND2x1)
                                                         hd[6] (net)
                      0.000000    0.000008    0.050193 ^ hd[6] (out)
                                              0.050193   data arrival time

                      0.000000    0.000000    0.000000   clock vclk (rise edge)
                                  0.000000    0.000000   clock network delay (ideal)
                                  0.000000    0.000000   clock reconvergence pessimism
                                 -0.050000   -0.050000   output external delay
                                             -0.050000   data required time
---------------------------------------------------------------------------------------------
                                             -0.050000   data required time
                                             -0.050193   data arrival time
---------------------------------------------------------------------------------------------
                                              0.100193   slack (MET)


Startpoint: A[51] (input port clocked by vclk)
Endpoint: hd[2] (output port clocked by vclk)
Path Group: vclk
Path Type: min

Fanout         Cap        Slew       Delay        Time   Description
---------------------------------------------------------------------------------------------
                      0.000000    0.000000    0.000000   clock vclk (rise edge)
                                  0.000000    0.000000   clock network delay (ideal)
                                  0.050000    0.050000 ^ input external delay
     1    0.000145    0.100000    0.000000    0.050000 ^ A[51] (in)
                                                         A[51] (net)
                      0.100004    0.000001    0.050001 ^ _566_/A (XNOR2x1)
     2    0.000205    0.000000    0.000000    0.050001 v _566_/Y (XNOR2x1)
                                                         _178_ (net)
                      0.000000    0.000002    0.050004 v _569_/B (NOR2x1)
     3    0.000312    0.000000    0.000000    0.050004 ^ _569_/Y (NOR2x1)
                                                         cell_oh_flat[77] (net)
                      0.000000    0.000004    0.050007 ^ xp3_s2l1[12].u_xp3/_18_/A0 (AOI21x1)
     1    0.000117    0.000000    0.000000    0.050007 v xp3_s2l1[12].u_xp3/_18_/Y (AOI21x1)
                                                         xp3_s2l1[12].u_xp3/_07_ (net)
                      0.000000    0.000000    0.050008 v xp3_s2l1[12].u_xp3/_19_/B (OAI21x1)
     5    0.000877    0.000000    0.000000    0.050008 ^ xp3_s2l1[12].u_xp3/_19_/Y (OAI21x1)
                                                         ps_flat[62] (net)
                      0.000000    0.000011    0.050019 ^ xp5_s2l2[6].u_xp5/_33_/A0 (AOI21x1)
     1    0.000123    0.000000    0.000000    0.050019 v xp5_s2l2[6].u_xp5/_33_/Y (AOI21x1)
                                                         xp5_s2l2[6].u_xp5/_06_ (net)
                      0.000000    0.000001    0.050021 v xp5_s2l2[6].u_xp5/_34_/B (OAI21x1)
     2    0.000386    0.000000    0.000000    0.050021 ^ xp5_s2l2[6].u_xp5/_34_/Y (OAI21x1)
                                                         r4_split[6].boh[2] (net)
                      0.000000    0.000006    0.050026 ^ _733_/B (NOR2x1)
     1    0.000169    0.000000    0.000000    0.050026 v _733_/Y (NOR2x1)
                                                         _284_ (net)
                      0.000000    0.000003    0.050029 v _735_/A (NAND2x1)
     2    0.000314    0.000000    0.000000    0.050029 ^ _735_/Y (NAND2x1)
                                                         hi_flat[18] (net)
                      0.000000    0.000008    0.050038 ^ xp3_hi_l1[3].u_xp3/_10_/A (INVx1)
     2    0.000239    0.000000    0.000000    0.050038 v xp3_hi_l1[3].u_xp3/_10_/Y (INVx1)
                                                         xp3_hi_l1[3].u_xp3/_00_ (net)
                      0.000000    0.000003    0.050041 v xp3_hi_l1[3].u_xp3/_13_/A0 (OAI21x1)
     2    0.000613    0.000000    0.000000    0.050041 ^ xp3_hi_l1[3].u_xp3/_13_/Y (OAI21x1)
                                                         hl1_flat[16] (net)
                      0.000000    0.000056    0.050097 ^ xp5_hi_l2[1].u_xp5/_37_/B (NAND2x1)
     1    0.000129    0.000000    0.000000    0.050097 v xp5_hi_l2[1].u_xp5/_37_/Y (NAND2x1)
                                                         xp5_hi_l2[1].u_xp5/_09_ (net)
                      0.000000    0.000001    0.050098 v xp5_hi_l2[1].u_xp5/_38_/B (OAI21x1)
     1    0.000248    0.000000    0.000000    0.050098 ^ xp5_hi_l2[1].u_xp5/_38_/Y (OAI21x1)
                                                         xp5_hi_l2[1].u_xp5/_10_ (net)
                      0.000000    0.000006    0.050104 ^ xp5_hi_l2[1].u_xp5/_39_/B (AOI21x1)
     1    0.000165    0.000000    0.000000    0.050104 v xp5_hi_l2[1].u_xp5/_39_/Y (AOI21x1)
                                                         xp5_hi_l2[1].u_xp5/_11_ (net)
                      0.000000    0.000003    0.050108 v xp5_hi_l2[1].u_xp5/_40_/B (OAI21x1)
     7    0.001250    0.000000    0.000000    0.050108 ^ xp5_hi_l2[1].u_xp5/_40_/Y (OAI21x1)
                                                         hl2_flat[12] (net)
                      0.000000    0.000044    0.050152 ^ u_xp9_hi_l3/_108_/A0 (AOI21x1)
     1    0.000120    0.000000    0.000000    0.050152 v u_xp9_hi_l3/_108_/Y (AOI21x1)
                                                         u_xp9_hi_l3/_049_ (net)
                      0.000000    0.000001    0.050154 v u_xp9_hi_l3/_109_/B (OAI21x1)
     4    0.000534    0.000000    0.000000    0.050154 ^ u_xp9_hi_l3/_109_/Y (OAI21x1)
                                                         high_sum[3] (net)
                      0.000000    0.000005    0.050158 ^ u_xp17x7_carry/_194_/B (NAND2x1)
     1    0.000125    0.000000    0.000000    0.050158 v u_xp17x7_carry/_194_/Y (NAND2x1)
                                                         u_xp17x7_carry/_142_ (net)
                      0.000000    0.000002    0.050160 v u_xp17x7_carry/_195_/B (OAI21x1)
     1    0.000196    0.000000    0.000000    0.050160 ^ u_xp17x7_carry/_195_/Y (OAI21x1)
                                                         u_xp17x7_carry/_143_ (net)
                      0.000000    0.000003    0.050163 ^ u_xp17x7_carry/_196_/B (NOR2x1)
     1    0.000136    0.000000    0.000000    0.050163 v u_xp17x7_carry/_196_/Y (NOR2x1)
                                                         u_xp17x7_carry/_144_ (net)
                      0.000000    0.000002    0.050165 v u_xp17x7_carry/_200_/A (NAND2x1)
     2    0.000352    0.000000    0.000000    0.050165 ^ u_xp17x7_carry/_200_/Y (NAND2x1)
                                                         upper[7] (net)
                      0.000000    0.000012    0.050178 ^ _348_/A (NOR2x1)
     2    0.000268    0.000000    0.000000    0.050178 v _348_/Y (NOR2x1)
                                                         _040_ (net)
                      0.000000    0.000005    0.050182 v _350_/A (NAND2x1)
     1    0.000126    0.000000    0.000000    0.050182 ^ _350_/Y (NAND2x1)
                                                         _042_ (net)
                      0.000000    0.000002    0.050184 ^ _351_/B (NOR2x1)
     1    0.000109    0.000000    0.000000    0.050184 v _351_/Y (NOR2x1)
                                                         _043_ (net)
                      0.000000    0.000000    0.050185 v _352_/B (NAND2x1)
     1    0.000252    0.000000    0.000000    0.050185 ^ _352_/Y (NAND2x1)
                                                         hd[2] (net)
                      0.000000    0.000009    0.050194 ^ hd[2] (out)
                                              0.050194   data arrival time

                      0.000000    0.000000    0.000000   clock vclk (rise edge)
                                  0.000000    0.000000   clock network delay (ideal)
                                  0.000000    0.000000   clock reconvergence pessimism
                                 -0.050000   -0.050000   output external delay
                                             -0.050000   data required time
---------------------------------------------------------------------------------------------
                                             -0.050000   data required time
                                             -0.050194   data arrival time
---------------------------------------------------------------------------------------------
                                              0.100194   slack (MET)


Startpoint: A[51] (input port clocked by vclk)
Endpoint: hd[3] (output port clocked by vclk)
Path Group: vclk
Path Type: min

Fanout         Cap        Slew       Delay        Time   Description
---------------------------------------------------------------------------------------------
                      0.000000    0.000000    0.000000   clock vclk (rise edge)
                                  0.000000    0.000000   clock network delay (ideal)
                                  0.050000    0.050000 ^ input external delay
     1    0.000145    0.100000    0.000000    0.050000 ^ A[51] (in)
                                                         A[51] (net)
                      0.100004    0.000001    0.050001 ^ _566_/A (XNOR2x1)
     2    0.000205    0.000000    0.000000    0.050001 v _566_/Y (XNOR2x1)
                                                         _178_ (net)
                      0.000000    0.000002    0.050004 v _569_/B (NOR2x1)
     3    0.000312    0.000000    0.000000    0.050004 ^ _569_/Y (NOR2x1)
                                                         cell_oh_flat[77] (net)
                      0.000000    0.000004    0.050007 ^ xp3_s2l1[12].u_xp3/_18_/A0 (AOI21x1)
     1    0.000117    0.000000    0.000000    0.050007 v xp3_s2l1[12].u_xp3/_18_/Y (AOI21x1)
                                                         xp3_s2l1[12].u_xp3/_07_ (net)
                      0.000000    0.000000    0.050008 v xp3_s2l1[12].u_xp3/_19_/B (OAI21x1)
     5    0.000877    0.000000    0.000000    0.050008 ^ xp3_s2l1[12].u_xp3/_19_/Y (OAI21x1)
                                                         ps_flat[62] (net)
                      0.000000    0.000011    0.050019 ^ xp5_s2l2[6].u_xp5/_33_/A0 (AOI21x1)
     1    0.000123    0.000000    0.000000    0.050019 v xp5_s2l2[6].u_xp5/_33_/Y (AOI21x1)
                                                         xp5_s2l2[6].u_xp5/_06_ (net)
                      0.000000    0.000001    0.050021 v xp5_s2l2[6].u_xp5/_34_/B (OAI21x1)
     2    0.000386    0.000000    0.000000    0.050021 ^ xp5_s2l2[6].u_xp5/_34_/Y (OAI21x1)
                                                         r4_split[6].boh[2] (net)
                      0.000000    0.000006    0.050026 ^ _733_/B (NOR2x1)
     1    0.000169    0.000000    0.000000    0.050026 v _733_/Y (NOR2x1)
                                                         _284_ (net)
                      0.000000    0.000003    0.050029 v _735_/A (NAND2x1)
     2    0.000314    0.000000    0.000000    0.050029 ^ _735_/Y (NAND2x1)
                                                         hi_flat[18] (net)
                      0.000000    0.000008    0.050038 ^ xp3_hi_l1[3].u_xp3/_10_/A (INVx1)
     2    0.000239    0.000000    0.000000    0.050038 v xp3_hi_l1[3].u_xp3/_10_/Y (INVx1)
                                                         xp3_hi_l1[3].u_xp3/_00_ (net)
                      0.000000    0.000003    0.050041 v xp3_hi_l1[3].u_xp3/_13_/A0 (OAI21x1)
     2    0.000613    0.000000    0.000000    0.050041 ^ xp3_hi_l1[3].u_xp3/_13_/Y (OAI21x1)
                                                         hl1_flat[16] (net)
                      0.000000    0.000056    0.050097 ^ xp5_hi_l2[1].u_xp5/_37_/B (NAND2x1)
     1    0.000129    0.000000    0.000000    0.050097 v xp5_hi_l2[1].u_xp5/_37_/Y (NAND2x1)
                                                         xp5_hi_l2[1].u_xp5/_09_ (net)
                      0.000000    0.000001    0.050098 v xp5_hi_l2[1].u_xp5/_38_/B (OAI21x1)
     1    0.000248    0.000000    0.000000    0.050098 ^ xp5_hi_l2[1].u_xp5/_38_/Y (OAI21x1)
                                                         xp5_hi_l2[1].u_xp5/_10_ (net)
                      0.000000    0.000006    0.050104 ^ xp5_hi_l2[1].u_xp5/_39_/B (AOI21x1)
     1    0.000165    0.000000    0.000000    0.050104 v xp5_hi_l2[1].u_xp5/_39_/Y (AOI21x1)
                                                         xp5_hi_l2[1].u_xp5/_11_ (net)
                      0.000000    0.000003    0.050108 v xp5_hi_l2[1].u_xp5/_40_/B (OAI21x1)
     7    0.001250    0.000000    0.000000    0.050108 ^ xp5_hi_l2[1].u_xp5/_40_/Y (OAI21x1)
                                                         hl2_flat[12] (net)
                      0.000000    0.000044    0.050152 ^ u_xp9_hi_l3/_108_/A0 (AOI21x1)
     1    0.000120    0.000000    0.000000    0.050152 v u_xp9_hi_l3/_108_/Y (AOI21x1)
                                                         u_xp9_hi_l3/_049_ (net)
                      0.000000    0.000001    0.050154 v u_xp9_hi_l3/_109_/B (OAI21x1)
     4    0.000534    0.000000    0.000000    0.050154 ^ u_xp9_hi_l3/_109_/Y (OAI21x1)
                                                         high_sum[3] (net)
                      0.000000    0.000005    0.050158 ^ u_xp17x7_carry/_194_/B (NAND2x1)
     1    0.000125    0.000000    0.000000    0.050158 v u_xp17x7_carry/_194_/Y (NAND2x1)
                                                         u_xp17x7_carry/_142_ (net)
                      0.000000    0.000002    0.050160 v u_xp17x7_carry/_195_/B (OAI21x1)
     1    0.000196    0.000000    0.000000    0.050160 ^ u_xp17x7_carry/_195_/Y (OAI21x1)
                                                         u_xp17x7_carry/_143_ (net)
                      0.000000    0.000003    0.050163 ^ u_xp17x7_carry/_196_/B (NOR2x1)
     1    0.000136    0.000000    0.000000    0.050163 v u_xp17x7_carry/_196_/Y (NOR2x1)
                                                         u_xp17x7_carry/_144_ (net)
                      0.000000    0.000002    0.050165 v u_xp17x7_carry/_200_/A (NAND2x1)
     2    0.000352    0.000000    0.000000    0.050165 ^ u_xp17x7_carry/_200_/Y (NAND2x1)
                                                         upper[7] (net)
                      0.000000    0.000014    0.050179 ^ _354_/A (NOR2x1)
     1    0.000115    0.000000    0.000000    0.050179 v _354_/Y (NOR2x1)
                                                         _045_ (net)
                      0.000000    0.000001    0.050181 v _355_/B (NAND2x1)
     1    0.000162    0.000000    0.000000    0.050181 ^ _355_/Y (NAND2x1)
                                                         _046_ (net)
                      0.000000    0.000002    0.050183 ^ _359_/A (NOR2x1)
     1    0.000153    0.000000    0.000000    0.050183 v _359_/Y (NOR2x1)
                                                         _050_ (net)
                      0.000000    0.000002    0.050185 v _364_/A (NAND2x1)
     1    0.000407    0.000000    0.000000    0.050185 ^ _364_/Y (NAND2x1)
                                                         hd[3] (net)
                      0.000000    0.000020    0.050205 ^ hd[3] (out)
                                              0.050205   data arrival time

                      0.000000    0.000000    0.000000   clock vclk (rise edge)
                                  0.000000    0.000000   clock network delay (ideal)
                                  0.000000    0.000000   clock reconvergence pessimism
                                 -0.050000   -0.050000   output external delay
                                             -0.050000   data required time
---------------------------------------------------------------------------------------------
                                             -0.050000   data required time
                                             -0.050205   data arrival time
---------------------------------------------------------------------------------------------
                                              0.100205   slack (MET)



