
===========================================================================
report_checks -unconstrained
===========================================================================
======================= nom_tt_025C_0v50 Corner ===================================

Startpoint: A[51] (input port clocked by vclk)
Endpoint: hd[3] (output port clocked by vclk)
Path Group: vclk
Path Type: max

Fanout         Cap        Slew       Delay        Time   Description
---------------------------------------------------------------------------------------------
                      0.000000    0.000000    0.000000   clock vclk (rise edge)
                                  0.000000    0.000000   clock network delay (ideal)
                                  0.050000    0.050000 v input external delay
     1    0.000287    0.100000    0.000000    0.050000 v A[51] (in)
                                                         A[51] (net)
                      0.100026    0.000008    0.050008 v _566_/A (XNOR2x1)
     2    0.000267    0.000000    0.000000    0.050008 v _566_/Y (XNOR2x1)
                                                         _178_ (net)
                      0.000000    0.000004    0.050012 v _569_/B (NOR2x1)
     2    0.018965    0.000000    0.000000    0.050012 ^ _569_/Y (NOR2x1)
                                                         cell_oh[77] (net)
                      0.000000    0.002284    0.052296 ^ xp3_s2l1_12/h2 (XP_3x3_M2M3)
     1    0.030830    0.002000    0.001000    0.053296 ^ xp3_s2l1_12/s2 (XP_3x3_M2M3)
                                                         ps[62] (net)
                      0.002000    0.000272    0.053568 ^ xp5_s2l2_6/v2 (XP_5x5_M2M3)
     2    0.000203    0.002000    0.001000    0.054568 ^ xp5_s2l2_6/s2 (XP_5x5_M2M3)
                                                         boh[56] (net)
                      0.002000    0.000002    0.054570 ^ _733_/B (NOR2x1)
     1    0.000115    0.000000    0.000000    0.054570 v _733_/Y (NOR2x1)
                                                         _284_ (net)
                      0.000000    0.000001    0.054571 v _735_/A (NAND2x1)
     1    0.031520    0.000000    0.000000    0.054571 ^ _735_/Y (NAND2x1)
                                                         hi[18] (net)
                      0.000000    0.003103    0.057673 ^ xp3_hi_l1_3/v0 (XP_3x3_M4M5)
     4    0.000757    0.002000    0.001000    0.058673 ^ xp3_hi_l1_3/s0 (XP_3x3_M4M5)
                                                         hl1[15] (net)
                      0.002000    0.000064    0.058738 ^ xp5h[1].u/_36_/A (INVx1)
     2    0.000251    0.000000    0.000000    0.058738 v xp5h[1].u/_36_/Y (INVx1)
                                                         xp5h[1].u/_08_ (net)
                      0.000000    0.000002    0.058739 v xp5h[1].u/_59_/A (NOR2x1)
     1    0.070650    0.000000    0.000000    0.058739 ^ xp5h[1].u/_59_/Y (NOR2x1)
                                                         xp5h[1].u/sum_bit[0].grid_and (net)
                      0.000000    0.009073    0.067812 ^ xp5h[1].u/_61_/A (BUFx1)
     6    0.001097    0.200000    0.188000    0.255812 ^ xp5h[1].u/_61_/Y (BUFx1)
                                                         hl2[9] (net)
                      0.200000    0.000034    0.255847 ^ u_hi_l3/_101_/A (INVx1)
     4    0.000443    0.000000    0.000000    0.255847 v u_hi_l3/_101_/Y (INVx1)
                                                         u_hi_l3/_043_ (net)
                      0.000000    0.000003    0.255850 v u_hi_l3/_205_/A (NOR2x1)
     1    0.070057    0.000000    0.000000    0.255850 ^ u_hi_l3/_205_/Y (NOR2x1)
                                                         u_hi_l3/sum_bit[0].grid_and (net)
                      0.000000    0.000997    0.256847 ^ u_hi_l3/_207_/A (BUFx1)
     3    0.000439    0.200000    0.188000    0.444847 ^ u_hi_l3/_207_/Y (BUFx1)
                                                         high_sum[0] (net)
                      0.200000    0.000014    0.444861 ^ u_carry/_148_/A (INVx1)
     5    0.000700    0.000000    0.000000    0.444861 v u_carry/_148_/Y (INVx1)
                                                         u_carry/_102_ (net)
                      0.000000    0.000012    0.444873 v u_carry/_183_/A1 (OAI21x1)
     1    0.000109    0.000000    0.000000    0.444873 ^ u_carry/_183_/Y (OAI21x1)
                                                         u_carry/_132_ (net)
                      0.000000    0.000001    0.444874 ^ u_carry/_186_/A (NOR2x1)
     1    0.000105    0.000000    0.000000    0.444874 v u_carry/_186_/Y (NOR2x1)
                                                         u_carry/_135_ (net)
                      0.000000    0.000000    0.444875 v u_carry/_191_/A (NAND2x1)
     2    0.000548    0.000000    0.000000    0.444875 ^ u_carry/_191_/Y (NAND2x1)
                                                         upper[6] (net)
                      0.000000    0.000027    0.444901 ^ _361_/A (INVx1)
     1    0.000094    0.000000    0.000000    0.444901 v _361_/Y (INVx1)
                                                         _052_ (net)
                      0.000000    0.000000    0.444902 v _362_/B (NAND2x1)
     1    0.000147    0.000000    0.000000    0.444902 ^ _362_/Y (NAND2x1)
                                                         _053_ (net)
                      0.000000    0.000002    0.444904 ^ _363_/A (NOR2x1)
     1    0.000090    0.000000    0.000000    0.444904 v _363_/Y (NOR2x1)
                                                         _054_ (net)
                      0.000000    0.000000    0.444905 v _364_/B (NAND2x1)
     1    0.000090    0.000000    0.000000    0.444905 ^ _364_/Y (NAND2x1)
                                                         hd[3] (net)
                      0.000000    0.000000    0.444905 ^ hd[3] (out)
                                              0.444905   data arrival time

                      0.000000    0.200000    0.200000   clock vclk (rise edge)
                                  0.000000    0.200000   clock network delay (ideal)
                                  0.000000    0.200000   clock reconvergence pessimism
                                 -0.050000    0.150000   output external delay
                                              0.150000   data required time
---------------------------------------------------------------------------------------------
                                              0.150000   data required time
                                             -0.444905   data arrival time
---------------------------------------------------------------------------------------------
                                             -0.294905   slack (VIOLATED)




===========================================================================
report_checks --slack_max -0.01
============================================================================
======================= nom_tt_025C_0v50 Corner ===================================

Startpoint: A[51] (input port clocked by vclk)
Endpoint: hd[3] (output port clocked by vclk)
Path Group: vclk
Path Type: max

Fanout         Cap        Slew       Delay        Time   Description
---------------------------------------------------------------------------------------------
                      0.000000    0.000000    0.000000   clock vclk (rise edge)
                                  0.000000    0.000000   clock network delay (ideal)
                                  0.050000    0.050000 v input external delay
     1    0.000287    0.100000    0.000000    0.050000 v A[51] (in)
                                                         A[51] (net)
                      0.100026    0.000008    0.050008 v _566_/A (XNOR2x1)
     2    0.000267    0.000000    0.000000    0.050008 v _566_/Y (XNOR2x1)
                                                         _178_ (net)
                      0.000000    0.000004    0.050012 v _569_/B (NOR2x1)
     2    0.018965    0.000000    0.000000    0.050012 ^ _569_/Y (NOR2x1)
                                                         cell_oh[77] (net)
                      0.000000    0.002284    0.052296 ^ xp3_s2l1_12/h2 (XP_3x3_M2M3)
     1    0.030830    0.002000    0.001000    0.053296 ^ xp3_s2l1_12/s2 (XP_3x3_M2M3)
                                                         ps[62] (net)
                      0.002000    0.000272    0.053568 ^ xp5_s2l2_6/v2 (XP_5x5_M2M3)
     2    0.000203    0.002000    0.001000    0.054568 ^ xp5_s2l2_6/s2 (XP_5x5_M2M3)
                                                         boh[56] (net)
                      0.002000    0.000002    0.054570 ^ _733_/B (NOR2x1)
     1    0.000115    0.000000    0.000000    0.054570 v _733_/Y (NOR2x1)
                                                         _284_ (net)
                      0.000000    0.000001    0.054571 v _735_/A (NAND2x1)
     1    0.031520    0.000000    0.000000    0.054571 ^ _735_/Y (NAND2x1)
                                                         hi[18] (net)
                      0.000000    0.003103    0.057673 ^ xp3_hi_l1_3/v0 (XP_3x3_M4M5)
     4    0.000757    0.002000    0.001000    0.058673 ^ xp3_hi_l1_3/s0 (XP_3x3_M4M5)
                                                         hl1[15] (net)
                      0.002000    0.000064    0.058738 ^ xp5h[1].u/_36_/A (INVx1)
     2    0.000251    0.000000    0.000000    0.058738 v xp5h[1].u/_36_/Y (INVx1)
                                                         xp5h[1].u/_08_ (net)
                      0.000000    0.000002    0.058739 v xp5h[1].u/_59_/A (NOR2x1)
     1    0.070650    0.000000    0.000000    0.058739 ^ xp5h[1].u/_59_/Y (NOR2x1)
                                                         xp5h[1].u/sum_bit[0].grid_and (net)
                      0.000000    0.009073    0.067812 ^ xp5h[1].u/_61_/A (BUFx1)
     6    0.001097    0.200000    0.188000    0.255812 ^ xp5h[1].u/_61_/Y (BUFx1)
                                                         hl2[9] (net)
                      0.200000    0.000034    0.255847 ^ u_hi_l3/_101_/A (INVx1)
     4    0.000443    0.000000    0.000000    0.255847 v u_hi_l3/_101_/Y (INVx1)
                                                         u_hi_l3/_043_ (net)
                      0.000000    0.000003    0.255850 v u_hi_l3/_205_/A (NOR2x1)
     1    0.070057    0.000000    0.000000    0.255850 ^ u_hi_l3/_205_/Y (NOR2x1)
                                                         u_hi_l3/sum_bit[0].grid_and (net)
                      0.000000    0.000997    0.256847 ^ u_hi_l3/_207_/A (BUFx1)
     3    0.000439    0.200000    0.188000    0.444847 ^ u_hi_l3/_207_/Y (BUFx1)
                                                         high_sum[0] (net)
                      0.200000    0.000014    0.444861 ^ u_carry/_148_/A (INVx1)
     5    0.000700    0.000000    0.000000    0.444861 v u_carry/_148_/Y (INVx1)
                                                         u_carry/_102_ (net)
                      0.000000    0.000012    0.444873 v u_carry/_183_/A1 (OAI21x1)
     1    0.000109    0.000000    0.000000    0.444873 ^ u_carry/_183_/Y (OAI21x1)
                                                         u_carry/_132_ (net)
                      0.000000    0.000001    0.444874 ^ u_carry/_186_/A (NOR2x1)
     1    0.000105    0.000000    0.000000    0.444874 v u_carry/_186_/Y (NOR2x1)
                                                         u_carry/_135_ (net)
                      0.000000    0.000000    0.444875 v u_carry/_191_/A (NAND2x1)
     2    0.000548    0.000000    0.000000    0.444875 ^ u_carry/_191_/Y (NAND2x1)
                                                         upper[6] (net)
                      0.000000    0.000027    0.444901 ^ _361_/A (INVx1)
     1    0.000094    0.000000    0.000000    0.444901 v _361_/Y (INVx1)
                                                         _052_ (net)
                      0.000000    0.000000    0.444902 v _362_/B (NAND2x1)
     1    0.000147    0.000000    0.000000    0.444902 ^ _362_/Y (NAND2x1)
                                                         _053_ (net)
                      0.000000    0.000002    0.444904 ^ _363_/A (NOR2x1)
     1    0.000090    0.000000    0.000000    0.444904 v _363_/Y (NOR2x1)
                                                         _054_ (net)
                      0.000000    0.000000    0.444905 v _364_/B (NAND2x1)
     1    0.000090    0.000000    0.000000    0.444905 ^ _364_/Y (NAND2x1)
                                                         hd[3] (net)
                      0.000000    0.000000    0.444905 ^ hd[3] (out)
                                              0.444905   data arrival time

                      0.000000    0.200000    0.200000   clock vclk (rise edge)
                                  0.000000    0.200000   clock network delay (ideal)
                                  0.000000    0.200000   clock reconvergence pessimism
                                 -0.050000    0.150000   output external delay
                                              0.150000   data required time
---------------------------------------------------------------------------------------------
                                              0.150000   data required time
                                             -0.444905   data arrival time
---------------------------------------------------------------------------------------------
                                             -0.294905   slack (VIOLATED)




===========================================================================
 report_check_types -max_slew -max_cap -max_fanout -violators
============================================================================
======================= nom_tt_025C_0v50 Corner ===================================

max capacitance

Pin                                        Limit         Cap       Slack
------------------------------------------------------------------------
xp5h[1].u/_59_/Y                        0.010000    0.070650   -0.060650 (VIOLATED)
xp5h[0].u/_59_/Y                        0.010000    0.070263   -0.060263 (VIOLATED)
xp7[0].u/_127_/Y                        0.010000    0.070069   -0.060069 (VIOLATED)
u_hi_l3/_205_/Y                         0.010000    0.070057   -0.060057 (VIOLATED)
xp7[1].u/_127_/Y                        0.010000    0.070048   -0.060048 (VIOLATED)
u_lo_l3/_451_/Y                         0.010000    0.070043   -0.060043 (VIOLATED)
u_carry/_317_/Y                         0.010000    0.070035   -0.060035 (VIOLATED)
_669_/Y                                 0.010000    0.041890   -0.031890 (VIOLATED)
_708_/Y                                 0.010000    0.041873   -0.031873 (VIOLATED)
_714_/Y                                 0.010000    0.041824   -0.031824 (VIOLATED)
_672_/Y                                 0.010000    0.041819   -0.031819 (VIOLATED)
_711_/Y                                 0.010000    0.041805   -0.031805 (VIOLATED)
_705_/Y                                 0.010000    0.041791   -0.031791 (VIOLATED)
_675_/Y                                 0.010000    0.041787   -0.031787 (VIOLATED)
_678_/Y                                 0.010000    0.041782   -0.031782 (VIOLATED)
_732_/Y                                 0.010000    0.041749   -0.031749 (VIOLATED)
_633_/Y                                 0.010000    0.041748   -0.031748 (VIOLATED)
_729_/Y                                 0.010000    0.041748   -0.031748 (VIOLATED)
_654_/Y                                 0.010000    0.041741   -0.031741 (VIOLATED)
_726_/Y                                 0.010000    0.041738   -0.031738 (VIOLATED)
_750_/Y                                 0.010000    0.041737   -0.031737 (VIOLATED)
_624_/Y                                 0.010000    0.041725   -0.031725 (VIOLATED)
_696_/Y                                 0.010000    0.041714   -0.031714 (VIOLATED)
_747_/Y                                 0.010000    0.041714   -0.031714 (VIOLATED)
_621_/Y                                 0.010000    0.041709   -0.031709 (VIOLATED)
_618_/Y                                 0.010000    0.041700   -0.031700 (VIOLATED)
_693_/Y                                 0.010000    0.041700   -0.031700 (VIOLATED)
_723_/Y                                 0.010000    0.041700   -0.031700 (VIOLATED)
_744_/Y                                 0.010000    0.041681   -0.031681 (VIOLATED)
_636_/Y                                 0.010000    0.041672   -0.031672 (VIOLATED)
_660_/Y                                 0.010000    0.041668   -0.031668 (VIOLATED)
_741_/Y                                 0.010000    0.041656   -0.031656 (VIOLATED)
_657_/Y                                 0.010000    0.041656   -0.031656 (VIOLATED)
_615_/Y                                 0.010000    0.041653   -0.031653 (VIOLATED)
_690_/Y                                 0.010000    0.041648   -0.031648 (VIOLATED)
_642_/Y                                 0.010000    0.041644   -0.031644 (VIOLATED)
_651_/Y                                 0.010000    0.041643   -0.031643 (VIOLATED)
_687_/Y                                 0.010000    0.041641   -0.031641 (VIOLATED)
_639_/Y                                 0.010000    0.041638   -0.031638 (VIOLATED)
_630_/Y                                 0.010000    0.031577   -0.021577 (VIOLATED)
_738_/Y                                 0.010000    0.031552   -0.021552 (VIOLATED)
_627_/Y                                 0.010000    0.031538   -0.021538 (VIOLATED)
_735_/Y                                 0.010000    0.031520   -0.021520 (VIOLATED)
_699_/Y                                 0.010000    0.031364   -0.021364 (VIOLATED)
_702_/Y                                 0.010000    0.031363   -0.021363 (VIOLATED)
_663_/Y                                 0.010000    0.031347   -0.021347 (VIOLATED)
_684_/Y                                 0.010000    0.031339   -0.021339 (VIOLATED)
_756_/Y                                 0.010000    0.031316   -0.021316 (VIOLATED)
_753_/Y                                 0.010000    0.031311   -0.021311 (VIOLATED)
_666_/Y                                 0.010000    0.031308   -0.021308 (VIOLATED)
_717_/Y                                 0.010000    0.031307   -0.021307 (VIOLATED)
_681_/Y                                 0.010000    0.031290   -0.021290 (VIOLATED)
_645_/Y                                 0.010000    0.031289   -0.021289 (VIOLATED)
_720_/Y                                 0.010000    0.031274   -0.021274 (VIOLATED)
_648_/Y                                 0.010000    0.031255   -0.021255 (VIOLATED)
_569_/Y                                 0.010000    0.018965   -0.008965 (VIOLATED)
_568_/Y                                 0.010000    0.018928   -0.008928 (VIOLATED)
_429_/Y                                 0.010000    0.018872   -0.008872 (VIOLATED)
_422_/Y                                 0.010000    0.018841   -0.008841 (VIOLATED)
_436_/Y                                 0.010000    0.018838   -0.008838 (VIOLATED)
_428_/Y                                 0.010000    0.018835   -0.008835 (VIOLATED)
_421_/Y                                 0.010000    0.018823   -0.008823 (VIOLATED)
_435_/Y                                 0.010000    0.018813   -0.008813 (VIOLATED)
_492_/Y                                 0.010000    0.018737   -0.008737 (VIOLATED)
_562_/Y                                 0.010000    0.018733   -0.008733 (VIOLATED)
_401_/Y                                 0.010000    0.018717   -0.008717 (VIOLATED)
_443_/Y                                 0.010000    0.018716   -0.008716 (VIOLATED)
_561_/Y                                 0.010000    0.018715   -0.008715 (VIOLATED)
_442_/Y                                 0.010000    0.018707   -0.008707 (VIOLATED)
_491_/Y                                 0.010000    0.018706   -0.008706 (VIOLATED)
_415_/Y                                 0.010000    0.018692   -0.008692 (VIOLATED)
_394_/Y                                 0.010000    0.018690   -0.008690 (VIOLATED)
_408_/Y                                 0.010000    0.018689   -0.008689 (VIOLATED)
_548_/Y                                 0.010000    0.018678   -0.008678 (VIOLATED)
_400_/Y                                 0.010000    0.018673   -0.008673 (VIOLATED)
_393_/Y                                 0.010000    0.018673   -0.008673 (VIOLATED)
_464_/Y                                 0.010000    0.018672   -0.008672 (VIOLATED)
_407_/Y                                 0.010000    0.018668   -0.008668 (VIOLATED)
_590_/Y                                 0.010000    0.018664   -0.008664 (VIOLATED)
_414_/Y                                 0.010000    0.018662   -0.008662 (VIOLATED)
_485_/Y                                 0.010000    0.018662   -0.008662 (VIOLATED)
_484_/Y                                 0.010000    0.018661   -0.008661 (VIOLATED)
_506_/Y                                 0.010000    0.018657   -0.008657 (VIOLATED)
_547_/Y                                 0.010000    0.018657   -0.008657 (VIOLATED)
_450_/Y                                 0.010000    0.018657   -0.008657 (VIOLATED)
_576_/Y                                 0.010000    0.018656   -0.008656 (VIOLATED)
_589_/Y                                 0.010000    0.018653   -0.008653 (VIOLATED)
_463_/Y                                 0.010000    0.018651   -0.008651 (VIOLATED)
_505_/Y                                 0.010000    0.018650   -0.008650 (VIOLATED)
_513_/Y                                 0.010000    0.018646   -0.008646 (VIOLATED)
_541_/Y                                 0.010000    0.018645   -0.008645 (VIOLATED)
_597_/Y                                 0.010000    0.018644   -0.008644 (VIOLATED)
_534_/Y                                 0.010000    0.018642   -0.008642 (VIOLATED)
_583_/Y                                 0.010000    0.018640   -0.008640 (VIOLATED)
_499_/Y                                 0.010000    0.018640   -0.008640 (VIOLATED)
_575_/Y                                 0.010000    0.018638   -0.008638 (VIOLATED)
_498_/Y                                 0.010000    0.018637   -0.008637 (VIOLATED)
_604_/Y                                 0.010000    0.018633   -0.008633 (VIOLATED)
_527_/Y                                 0.010000    0.018632   -0.008632 (VIOLATED)
_449_/Y                                 0.010000    0.018631   -0.008631 (VIOLATED)
_533_/Y                                 0.010000    0.018631   -0.008631 (VIOLATED)
_540_/Y                                 0.010000    0.018628   -0.008628 (VIOLATED)
_457_/Y                                 0.010000    0.018627   -0.008627 (VIOLATED)
_512_/Y                                 0.010000    0.018625   -0.008625 (VIOLATED)
_582_/Y                                 0.010000    0.018625   -0.008625 (VIOLATED)
_520_/Y                                 0.010000    0.018620   -0.008620 (VIOLATED)
_603_/Y                                 0.010000    0.018619   -0.008619 (VIOLATED)
_471_/Y                                 0.010000    0.018613   -0.008613 (VIOLATED)
_456_/Y                                 0.010000    0.018611   -0.008611 (VIOLATED)
_470_/Y                                 0.010000    0.018611   -0.008611 (VIOLATED)
_596_/Y                                 0.010000    0.018610   -0.008610 (VIOLATED)
_526_/Y                                 0.010000    0.018610   -0.008610 (VIOLATED)
_478_/Y                                 0.010000    0.018606   -0.008606 (VIOLATED)
_519_/Y                                 0.010000    0.018602   -0.008602 (VIOLATED)
_611_/Y                                 0.010000    0.018602   -0.008602 (VIOLATED)
_555_/Y                                 0.010000    0.018596   -0.008596 (VIOLATED)
_477_/Y                                 0.010000    0.018594   -0.008594 (VIOLATED)
_610_/Y                                 0.010000    0.018590   -0.008590 (VIOLATED)
_554_/Y                                 0.010000    0.018579   -0.008579 (VIOLATED)
_549_/Y                                 0.010000    0.018525   -0.008525 (VIOLATED)
_563_/Y                                 0.010000    0.018518   -0.008518 (VIOLATED)
_542_/Y                                 0.010000    0.018515   -0.008515 (VIOLATED)
_444_/Y                                 0.010000    0.018515   -0.008515 (VIOLATED)
_451_/Y                                 0.010000    0.018514   -0.008514 (VIOLATED)
_493_/Y                                 0.010000    0.018513   -0.008513 (VIOLATED)
_507_/Y                                 0.010000    0.018512   -0.008512 (VIOLATED)
_591_/Y                                 0.010000    0.018512   -0.008512 (VIOLATED)
_465_/Y                                 0.010000    0.018511   -0.008511 (VIOLATED)
_402_/Y                                 0.010000    0.018510   -0.008510 (VIOLATED)
_486_/Y                                 0.010000    0.018509   -0.008509 (VIOLATED)
_395_/Y                                 0.010000    0.018509   -0.008509 (VIOLATED)
_528_/Y                                 0.010000    0.018509   -0.008509 (VIOLATED)
_500_/Y                                 0.010000    0.018509   -0.008509 (VIOLATED)
_584_/Y                                 0.010000    0.018507   -0.008507 (VIOLATED)
_514_/Y                                 0.010000    0.018506   -0.008506 (VIOLATED)
_577_/Y                                 0.010000    0.018506   -0.008506 (VIOLATED)
_521_/Y                                 0.010000    0.018506   -0.008506 (VIOLATED)
_605_/Y                                 0.010000    0.018506   -0.008506 (VIOLATED)
_535_/Y                                 0.010000    0.018505   -0.008505 (VIOLATED)
_458_/Y                                 0.010000    0.018505   -0.008505 (VIOLATED)
_598_/Y                                 0.010000    0.018505   -0.008505 (VIOLATED)
_437_/Y                                 0.010000    0.018504   -0.008504 (VIOLATED)
_416_/Y                                 0.010000    0.018503   -0.008503 (VIOLATED)
_479_/Y                                 0.010000    0.018503   -0.008503 (VIOLATED)
_423_/Y                                 0.010000    0.018503   -0.008503 (VIOLATED)
_472_/Y                                 0.010000    0.018503   -0.008503 (VIOLATED)
_409_/Y                                 0.010000    0.018500   -0.008500 (VIOLATED)
_570_/Y                                 0.010000    0.018500   -0.008500 (VIOLATED)
_430_/Y                                 0.010000    0.018497   -0.008497 (VIOLATED)
_612_/Y                                 0.010000    0.018496   -0.008496 (VIOLATED)
_556_/Y                                 0.010000    0.018494   -0.008494 (VIOLATED)



===========================================================================
report_parasitic_annotation -report_unannotated
============================================================================
Found 1 unannotated drivers.
 u_carry/_319_/Y
Found 0 partially unannotated drivers.

===========================================================================
max slew violation count 0
Writing metric design__max_slew_violation__count__corner:nom_tt_025C_0v50: 0
max fanout violation count 0
Writing metric design__max_fanout_violation__count__corner:nom_tt_025C_0v50: 0
max cap violation count 151
Writing metric design__max_cap_violation__count__corner:nom_tt_025C_0v50: 151
============================================================================

===========================================================================
check_setup -verbose -unconstrained_endpoints -multiple_clock -no_clock -no_input_delay -loops -generated_clocks
===========================================================================
