
===========================================================================
report_checks -path_delay max (Setup)
============================================================================
======================= nom_tt_025C_0v50 Corner ===================================

Startpoint: A[51] (input port clocked by vclk)
Endpoint: hd[3] (output port clocked by vclk)
Path Group: vclk
Path Type: max

Fanout         Cap        Slew       Delay        Time   Description
---------------------------------------------------------------------------------------------
                      0.000000    0.000000    0.000000   clock vclk (rise edge)
                                  0.000000    0.000000   clock network delay (ideal)
                                  0.050000    0.050000 v input external delay
     1    0.000287    0.100000    0.000000    0.050000 v A[51] (in)
                                                         A[51] (net)
                      0.100026    0.000008    0.050008 v _566_/A (XNOR2x1)
     2    0.000267    0.000000    0.000000    0.050008 v _566_/Y (XNOR2x1)
                                                         _178_ (net)
                      0.000000    0.000004    0.050012 v _569_/B (NOR2x1)
     2    0.018965    0.000000    0.000000    0.050012 ^ _569_/Y (NOR2x1)
                                                         cell_oh[77] (net)
                      0.000000    0.002284    0.052296 ^ xp3_s2l1_12/h2 (XP_3x3_M2M3)
     1    0.030830    0.002000    0.001000    0.053296 ^ xp3_s2l1_12/s2 (XP_3x3_M2M3)
                                                         ps[62] (net)
                      0.002000    0.000272    0.053568 ^ xp5_s2l2_6/v2 (XP_5x5_M2M3)
     2    0.000203    0.002000    0.001000    0.054568 ^ xp5_s2l2_6/s2 (XP_5x5_M2M3)
                                                         boh[56] (net)
                      0.002000    0.000002    0.054570 ^ _733_/B (NOR2x1)
     1    0.000115    0.000000    0.000000    0.054570 v _733_/Y (NOR2x1)
                                                         _284_ (net)
                      0.000000    0.000001    0.054571 v _735_/A (NAND2x1)
     1    0.031520    0.000000    0.000000    0.054571 ^ _735_/Y (NAND2x1)
                                                         hi[18] (net)
                      0.000000    0.003103    0.057673 ^ xp3_hi_l1_3/v0 (XP_3x3_M4M5)
     4    0.000757    0.002000    0.001000    0.058673 ^ xp3_hi_l1_3/s0 (XP_3x3_M4M5)
                                                         hl1[15] (net)
                      0.002000    0.000064    0.058738 ^ xp5h[1].u/_36_/A (INVx1)
     2    0.000251    0.000000    0.000000    0.058738 v xp5h[1].u/_36_/Y (INVx1)
                                                         xp5h[1].u/_08_ (net)
                      0.000000    0.000002    0.058739 v xp5h[1].u/_59_/A (NOR2x1)
     1    0.070650    0.000000    0.000000    0.058739 ^ xp5h[1].u/_59_/Y (NOR2x1)
                                                         xp5h[1].u/sum_bit[0].grid_and (net)
                      0.000000    0.009073    0.067812 ^ xp5h[1].u/_61_/A (BUFx1)
     6    0.001097    0.200000    0.188000    0.255812 ^ xp5h[1].u/_61_/Y (BUFx1)
                                                         hl2[9] (net)
                      0.200000    0.000034    0.255847 ^ u_hi_l3/_101_/A (INVx1)
     4    0.000443    0.000000    0.000000    0.255847 v u_hi_l3/_101_/Y (INVx1)
                                                         u_hi_l3/_043_ (net)
                      0.000000    0.000003    0.255850 v u_hi_l3/_205_/A (NOR2x1)
     1    0.070057    0.000000    0.000000    0.255850 ^ u_hi_l3/_205_/Y (NOR2x1)
                                                         u_hi_l3/sum_bit[0].grid_and (net)
                      0.000000    0.000997    0.256847 ^ u_hi_l3/_207_/A (BUFx1)
     3    0.000439    0.200000    0.188000    0.444847 ^ u_hi_l3/_207_/Y (BUFx1)
                                                         high_sum[0] (net)
                      0.200000    0.000014    0.444861 ^ u_carry/_148_/A (INVx1)
     5    0.000700    0.000000    0.000000    0.444861 v u_carry/_148_/Y (INVx1)
                                                         u_carry/_102_ (net)
                      0.000000    0.000012    0.444873 v u_carry/_183_/A1 (OAI21x1)
     1    0.000109    0.000000    0.000000    0.444873 ^ u_carry/_183_/Y (OAI21x1)
                                                         u_carry/_132_ (net)
                      0.000000    0.000001    0.444874 ^ u_carry/_186_/A (NOR2x1)
     1    0.000105    0.000000    0.000000    0.444874 v u_carry/_186_/Y (NOR2x1)
                                                         u_carry/_135_ (net)
                      0.000000    0.000000    0.444875 v u_carry/_191_/A (NAND2x1)
     2    0.000548    0.000000    0.000000    0.444875 ^ u_carry/_191_/Y (NAND2x1)
                                                         upper[6] (net)
                      0.000000    0.000027    0.444901 ^ _361_/A (INVx1)
     1    0.000094    0.000000    0.000000    0.444901 v _361_/Y (INVx1)
                                                         _052_ (net)
                      0.000000    0.000000    0.444902 v _362_/B (NAND2x1)
     1    0.000147    0.000000    0.000000    0.444902 ^ _362_/Y (NAND2x1)
                                                         _053_ (net)
                      0.000000    0.000002    0.444904 ^ _363_/A (NOR2x1)
     1    0.000090    0.000000    0.000000    0.444904 v _363_/Y (NOR2x1)
                                                         _054_ (net)
                      0.000000    0.000000    0.444905 v _364_/B (NAND2x1)
     1    0.000090    0.000000    0.000000    0.444905 ^ _364_/Y (NAND2x1)
                                                         hd[3] (net)
                      0.000000    0.000000    0.444905 ^ hd[3] (out)
                                              0.444905   data arrival time

                      0.000000    0.200000    0.200000   clock vclk (rise edge)
                                  0.000000    0.200000   clock network delay (ideal)
                                  0.000000    0.200000   clock reconvergence pessimism
                                 -0.050000    0.150000   output external delay
                                              0.150000   data required time
---------------------------------------------------------------------------------------------
                                              0.150000   data required time
                                             -0.444905   data arrival time
---------------------------------------------------------------------------------------------
                                             -0.294905   slack (VIOLATED)


Startpoint: A[51] (input port clocked by vclk)
Endpoint: hd[4] (output port clocked by vclk)
Path Group: vclk
Path Type: max

Fanout         Cap        Slew       Delay        Time   Description
---------------------------------------------------------------------------------------------
                      0.000000    0.000000    0.000000   clock vclk (rise edge)
                                  0.000000    0.000000   clock network delay (ideal)
                                  0.050000    0.050000 v input external delay
     1    0.000287    0.100000    0.000000    0.050000 v A[51] (in)
                                                         A[51] (net)
                      0.100026    0.000008    0.050008 v _566_/A (XNOR2x1)
     2    0.000267    0.000000    0.000000    0.050008 v _566_/Y (XNOR2x1)
                                                         _178_ (net)
                      0.000000    0.000004    0.050012 v _569_/B (NOR2x1)
     2    0.018965    0.000000    0.000000    0.050012 ^ _569_/Y (NOR2x1)
                                                         cell_oh[77] (net)
                      0.000000    0.002284    0.052296 ^ xp3_s2l1_12/h2 (XP_3x3_M2M3)
     1    0.030830    0.002000    0.001000    0.053296 ^ xp3_s2l1_12/s2 (XP_3x3_M2M3)
                                                         ps[62] (net)
                      0.002000    0.000272    0.053568 ^ xp5_s2l2_6/v2 (XP_5x5_M2M3)
     2    0.000203    0.002000    0.001000    0.054568 ^ xp5_s2l2_6/s2 (XP_5x5_M2M3)
                                                         boh[56] (net)
                      0.002000    0.000002    0.054570 ^ _733_/B (NOR2x1)
     1    0.000115    0.000000    0.000000    0.054570 v _733_/Y (NOR2x1)
                                                         _284_ (net)
                      0.000000    0.000001    0.054571 v _735_/A (NAND2x1)
     1    0.031520    0.000000    0.000000    0.054571 ^ _735_/Y (NAND2x1)
                                                         hi[18] (net)
                      0.000000    0.003103    0.057673 ^ xp3_hi_l1_3/v0 (XP_3x3_M4M5)
     4    0.000757    0.002000    0.001000    0.058673 ^ xp3_hi_l1_3/s0 (XP_3x3_M4M5)
                                                         hl1[15] (net)
                      0.002000    0.000064    0.058738 ^ xp5h[1].u/_36_/A (INVx1)
     2    0.000251    0.000000    0.000000    0.058738 v xp5h[1].u/_36_/Y (INVx1)
                                                         xp5h[1].u/_08_ (net)
                      0.000000    0.000002    0.058739 v xp5h[1].u/_59_/A (NOR2x1)
     1    0.070650    0.000000    0.000000    0.058739 ^ xp5h[1].u/_59_/Y (NOR2x1)
                                                         xp5h[1].u/sum_bit[0].grid_and (net)
                      0.000000    0.009073    0.067812 ^ xp5h[1].u/_61_/A (BUFx1)
     6    0.001097    0.200000    0.188000    0.255812 ^ xp5h[1].u/_61_/Y (BUFx1)
                                                         hl2[9] (net)
                      0.200000    0.000034    0.255847 ^ u_hi_l3/_101_/A (INVx1)
     4    0.000443    0.000000    0.000000    0.255847 v u_hi_l3/_101_/Y (INVx1)
                                                         u_hi_l3/_043_ (net)
                      0.000000    0.000003    0.255850 v u_hi_l3/_205_/A (NOR2x1)
     1    0.070057    0.000000    0.000000    0.255850 ^ u_hi_l3/_205_/Y (NOR2x1)
                                                         u_hi_l3/sum_bit[0].grid_and (net)
                      0.000000    0.000997    0.256847 ^ u_hi_l3/_207_/A (BUFx1)
     3    0.000439    0.200000    0.188000    0.444847 ^ u_hi_l3/_207_/Y (BUFx1)
                                                         high_sum[0] (net)
                      0.200000    0.000014    0.444861 ^ u_carry/_148_/A (INVx1)
     5    0.000700    0.000000    0.000000    0.444861 v u_carry/_148_/Y (INVx1)
                                                         u_carry/_102_ (net)
                      0.000000    0.000012    0.444873 v u_carry/_183_/A1 (OAI21x1)
     1    0.000109    0.000000    0.000000    0.444873 ^ u_carry/_183_/Y (OAI21x1)
                                                         u_carry/_132_ (net)
                      0.000000    0.000001    0.444874 ^ u_carry/_186_/A (NOR2x1)
     1    0.000105    0.000000    0.000000    0.444874 v u_carry/_186_/Y (NOR2x1)
                                                         u_carry/_135_ (net)
                      0.000000    0.000000    0.444875 v u_carry/_191_/A (NAND2x1)
     2    0.000548    0.000000    0.000000    0.444875 ^ u_carry/_191_/Y (NAND2x1)
                                                         upper[6] (net)
                      0.000000    0.000024    0.444899 ^ _366_/A (NOR2x1)
     1    0.000097    0.000000    0.000000    0.444899 v _366_/Y (NOR2x1)
                                                         _056_ (net)
                      0.000000    0.000000    0.444899 v _367_/A (NAND2x1)
     1    0.000110    0.000000    0.000000    0.444899 ^ _367_/Y (NAND2x1)
                                                         _057_ (net)
                      0.000000    0.000000    0.444900 ^ _368_/B (NOR2x1)
     1    0.000110    0.000000    0.000000    0.444900 v _368_/Y (NOR2x1)
                                                         _058_ (net)
                      0.000000    0.000000    0.444901 v _373_/A (NAND2x1)
     1    0.000169    0.000000    0.000000    0.444901 ^ _373_/Y (NAND2x1)
                                                         hd[4] (net)
                      0.000000    0.000003    0.444904 ^ hd[4] (out)
                                              0.444904   data arrival time

                      0.000000    0.200000    0.200000   clock vclk (rise edge)
                                  0.000000    0.200000   clock network delay (ideal)
                                  0.000000    0.200000   clock reconvergence pessimism
                                 -0.050000    0.150000   output external delay
                                              0.150000   data required time
---------------------------------------------------------------------------------------------
                                              0.150000   data required time
                                             -0.444904   data arrival time
---------------------------------------------------------------------------------------------
                                             -0.294904   slack (VIOLATED)


Startpoint: A[51] (input port clocked by vclk)
Endpoint: hd[2] (output port clocked by vclk)
Path Group: vclk
Path Type: max

Fanout         Cap        Slew       Delay        Time   Description
---------------------------------------------------------------------------------------------
                      0.000000    0.000000    0.000000   clock vclk (rise edge)
                                  0.000000    0.000000   clock network delay (ideal)
                                  0.050000    0.050000 v input external delay
     1    0.000287    0.100000    0.000000    0.050000 v A[51] (in)
                                                         A[51] (net)
                      0.100026    0.000008    0.050008 v _566_/A (XNOR2x1)
     2    0.000267    0.000000    0.000000    0.050008 v _566_/Y (XNOR2x1)
                                                         _178_ (net)
                      0.000000    0.000004    0.050012 v _569_/B (NOR2x1)
     2    0.018965    0.000000    0.000000    0.050012 ^ _569_/Y (NOR2x1)
                                                         cell_oh[77] (net)
                      0.000000    0.002284    0.052296 ^ xp3_s2l1_12/h2 (XP_3x3_M2M3)
     1    0.030830    0.002000    0.001000    0.053296 ^ xp3_s2l1_12/s2 (XP_3x3_M2M3)
                                                         ps[62] (net)
                      0.002000    0.000272    0.053568 ^ xp5_s2l2_6/v2 (XP_5x5_M2M3)
     2    0.000203    0.002000    0.001000    0.054568 ^ xp5_s2l2_6/s2 (XP_5x5_M2M3)
                                                         boh[56] (net)
                      0.002000    0.000002    0.054570 ^ _733_/B (NOR2x1)
     1    0.000115    0.000000    0.000000    0.054570 v _733_/Y (NOR2x1)
                                                         _284_ (net)
                      0.000000    0.000001    0.054571 v _735_/A (NAND2x1)
     1    0.031520    0.000000    0.000000    0.054571 ^ _735_/Y (NAND2x1)
                                                         hi[18] (net)
                      0.000000    0.003103    0.057673 ^ xp3_hi_l1_3/v0 (XP_3x3_M4M5)
     4    0.000757    0.002000    0.001000    0.058673 ^ xp3_hi_l1_3/s0 (XP_3x3_M4M5)
                                                         hl1[15] (net)
                      0.002000    0.000064    0.058738 ^ xp5h[1].u/_36_/A (INVx1)
     2    0.000251    0.000000    0.000000    0.058738 v xp5h[1].u/_36_/Y (INVx1)
                                                         xp5h[1].u/_08_ (net)
                      0.000000    0.000002    0.058739 v xp5h[1].u/_59_/A (NOR2x1)
     1    0.070650    0.000000    0.000000    0.058739 ^ xp5h[1].u/_59_/Y (NOR2x1)
                                                         xp5h[1].u/sum_bit[0].grid_and (net)
                      0.000000    0.009073    0.067812 ^ xp5h[1].u/_61_/A (BUFx1)
     6    0.001097    0.200000    0.188000    0.255812 ^ xp5h[1].u/_61_/Y (BUFx1)
                                                         hl2[9] (net)
                      0.200000    0.000034    0.255847 ^ u_hi_l3/_101_/A (INVx1)
     4    0.000443    0.000000    0.000000    0.255847 v u_hi_l3/_101_/Y (INVx1)
                                                         u_hi_l3/_043_ (net)
                      0.000000    0.000003    0.255850 v u_hi_l3/_205_/A (NOR2x1)
     1    0.070057    0.000000    0.000000    0.255850 ^ u_hi_l3/_205_/Y (NOR2x1)
                                                         u_hi_l3/sum_bit[0].grid_and (net)
                      0.000000    0.000997    0.256847 ^ u_hi_l3/_207_/A (BUFx1)
     3    0.000439    0.200000    0.188000    0.444847 ^ u_hi_l3/_207_/Y (BUFx1)
                                                         high_sum[0] (net)
                      0.200000    0.000014    0.444861 ^ u_carry/_148_/A (INVx1)
     5    0.000700    0.000000    0.000000    0.444861 v u_carry/_148_/Y (INVx1)
                                                         u_carry/_102_ (net)
                      0.000000    0.000018    0.444879 v u_carry/_162_/A1 (OAI21x1)
     2    0.000204    0.000000    0.000000    0.444879 ^ u_carry/_162_/Y (OAI21x1)
                                                         upper[3] (net)
                      0.000000    0.000002    0.444881 ^ _349_/B (NOR2x1)
     1    0.000117    0.000000    0.000000    0.444881 v _349_/Y (NOR2x1)
                                                         _041_ (net)
                      0.000000    0.000001    0.444882 v _350_/B (NAND2x1)
     1    0.000377    0.000000    0.000000    0.444882 ^ _350_/Y (NAND2x1)
                                                         _042_ (net)
                      0.000000    0.000014    0.444896 ^ _351_/B (NOR2x1)
     1    0.000108    0.000000    0.000000    0.444896 v _351_/Y (NOR2x1)
                                                         _043_ (net)
                      0.000000    0.000000    0.444897 v _352_/B (NAND2x1)
     1    0.000100    0.000000    0.000000    0.444897 ^ _352_/Y (NAND2x1)
                                                         hd[2] (net)
                      0.000000    0.000001    0.444898 ^ hd[2] (out)
                                              0.444898   data arrival time

                      0.000000    0.200000    0.200000   clock vclk (rise edge)
                                  0.000000    0.200000   clock network delay (ideal)
                                  0.000000    0.200000   clock reconvergence pessimism
                                 -0.050000    0.150000   output external delay
                                              0.150000   data required time
---------------------------------------------------------------------------------------------
                                              0.150000   data required time
                                             -0.444898   data arrival time
---------------------------------------------------------------------------------------------
                                             -0.294898   slack (VIOLATED)


Startpoint: A[51] (input port clocked by vclk)
Endpoint: hd[5] (output port clocked by vclk)
Path Group: vclk
Path Type: max

Fanout         Cap        Slew       Delay        Time   Description
---------------------------------------------------------------------------------------------
                      0.000000    0.000000    0.000000   clock vclk (rise edge)
                                  0.000000    0.000000   clock network delay (ideal)
                                  0.050000    0.050000 v input external delay
     1    0.000287    0.100000    0.000000    0.050000 v A[51] (in)
                                                         A[51] (net)
                      0.100026    0.000008    0.050008 v _566_/A (XNOR2x1)
     2    0.000267    0.000000    0.000000    0.050008 v _566_/Y (XNOR2x1)
                                                         _178_ (net)
                      0.000000    0.000004    0.050012 v _569_/B (NOR2x1)
     2    0.018965    0.000000    0.000000    0.050012 ^ _569_/Y (NOR2x1)
                                                         cell_oh[77] (net)
                      0.000000    0.002284    0.052296 ^ xp3_s2l1_12/h2 (XP_3x3_M2M3)
     1    0.030830    0.002000    0.001000    0.053296 ^ xp3_s2l1_12/s4 (XP_3x3_M2M3)
                                                         ps[64] (net)
                      0.002000    0.000272    0.053568 ^ xp5_s2l2_6/v4 (XP_5x5_M2M3)
     2    0.031689    0.002000    0.001000    0.054568 ^ xp5_s2l2_6/s8 (XP_5x5_M2M3)
                                                         boh[62] (net)
                      0.002000    0.001780    0.056347 ^ _722_/A (INVx1)
     1    0.000084    0.000000    0.000000    0.056347 v _722_/Y (INVx1)
                                                         _277_ (net)
                      0.000000    0.000000    0.056348 v _723_/B (NAND2x1)
     1    0.041700    0.000000    0.000000    0.056348 ^ _723_/Y (NAND2x1)
                                                         lo[24] (net)
                      0.000000    0.001116    0.057463 ^ xp4_lo_l1_3/v0 (XP_4x4_M4M5)
     4    0.000604    0.002000    0.001000    0.058463 ^ xp4_lo_l1_3/s0 (XP_4x4_M4M5)
                                                         ll1[21] (net)
                      0.002000    0.000019    0.058482 ^ xp7[1].u/_064_/A (INVx1)
     4    0.000549    0.000000    0.000000    0.058482 v xp7[1].u/_064_/Y (INVx1)
                                                         xp7[1].u/_005_ (net)
                      0.000000    0.000007    0.058489 v xp7[1].u/_127_/A (NOR2x1)
     1    0.070048    0.000000    0.000000    0.058489 ^ xp7[1].u/_127_/Y (NOR2x1)
                                                         xp7[1].u/sum_bit[0].grid_and (net)
                      0.000000    0.000681    0.059170 ^ xp7[1].u/_129_/A (BUFx1)
     7    0.001629    0.200000    0.188000    0.247170 ^ xp7[1].u/_129_/Y (BUFx1)
                                                         ll2[13] (net)
                      0.200000    0.000160    0.247330 ^ u_lo_l3/_220_/A (INVx1)
     7    0.001716    0.000000    0.000000    0.247330 v u_lo_l3/_220_/Y (INVx1)
                                                         u_lo_l3/_177_ (net)
                      0.000000    0.000054    0.247384 v u_lo_l3/_451_/A (NOR2x1)
     1    0.070043    0.000000    0.000000    0.247384 ^ u_lo_l3/_451_/Y (NOR2x1)
                                                         u_lo_l3/sum_bit[0].grid_and (net)
                      0.000000    0.000773    0.248157 ^ u_lo_l3/_453_/A (BUFx1)
     1    0.000093    0.200000    0.188000    0.436157 ^ u_lo_l3/_453_/Y (BUFx1)
                                                         low_sum[0] (net)
                      0.200000    0.000000    0.436158 ^ _301_/B (NOR2x1)
     1    0.000120    0.000000    0.000000    0.436158 v _301_/Y (NOR2x1)
                                                         _001_ (net)
                      0.000000    0.000001    0.436159 v _302_/B (NAND2x1)
    15    0.003031    0.000000    0.000000    0.436159 ^ _302_/Y (NAND2x1)
                                                         carry[0] (net)
                      0.000000    0.000359    0.436519 ^ u_carry/_229_/A1 (AOI21x1)
     1    0.000096    0.000000    0.000000    0.436519 v u_carry/_229_/Y (AOI21x1)
                                                         u_carry/_026_ (net)
                      0.000000    0.000000    0.436519 v u_carry/_230_/B (NAND2x1)
     1    0.000163    0.000000    0.000000    0.436519 ^ u_carry/_230_/Y (NAND2x1)
                                                         upper[10] (net)
                      0.000000    0.000003    0.436522 ^ _360_/A (INVx1)
     2    0.000466    0.000000    0.000000    0.436522 v _360_/Y (INVx1)
                                                         _051_ (net)
                      0.000000    0.000027    0.436548 v _377_/B (NAND2x1)
     1    0.000097    0.000000    0.000000    0.436548 ^ _377_/Y (NAND2x1)
                                                         _066_ (net)
                      0.000000    0.000000    0.436549 ^ _378_/B (NOR2x1)
     1    0.000094    0.000000    0.000000    0.436549 v _378_/Y (NOR2x1)
                                                         _067_ (net)
                      0.000000    0.000000    0.436549 v _380_/A (NAND2x1)
     1    0.000094    0.000000    0.000000    0.436549 ^ _380_/Y (NAND2x1)
                                                         hd[5] (net)
                      0.000000    0.000000    0.436550 ^ hd[5] (out)
                                              0.436550   data arrival time

                      0.000000    0.200000    0.200000   clock vclk (rise edge)
                                  0.000000    0.200000   clock network delay (ideal)
                                  0.000000    0.200000   clock reconvergence pessimism
                                 -0.050000    0.150000   output external delay
                                              0.150000   data required time
---------------------------------------------------------------------------------------------
                                              0.150000   data required time
                                             -0.436550   data arrival time
---------------------------------------------------------------------------------------------
                                             -0.286550   slack (VIOLATED)


Startpoint: A[51] (input port clocked by vclk)
Endpoint: hd[6] (output port clocked by vclk)
Path Group: vclk
Path Type: max

Fanout         Cap        Slew       Delay        Time   Description
---------------------------------------------------------------------------------------------
                      0.000000    0.000000    0.000000   clock vclk (rise edge)
                                  0.000000    0.000000   clock network delay (ideal)
                                  0.050000    0.050000 v input external delay
     1    0.000287    0.100000    0.000000    0.050000 v A[51] (in)
                                                         A[51] (net)
                      0.100026    0.000008    0.050008 v _566_/A (XNOR2x1)
     2    0.000267    0.000000    0.000000    0.050008 v _566_/Y (XNOR2x1)
                                                         _178_ (net)
                      0.000000    0.000004    0.050012 v _569_/B (NOR2x1)
     2    0.018965    0.000000    0.000000    0.050012 ^ _569_/Y (NOR2x1)
                                                         cell_oh[77] (net)
                      0.000000    0.002284    0.052296 ^ xp3_s2l1_12/h2 (XP_3x3_M2M3)
     1    0.030830    0.002000    0.001000    0.053296 ^ xp3_s2l1_12/s4 (XP_3x3_M2M3)
                                                         ps[64] (net)
                      0.002000    0.000272    0.053568 ^ xp5_s2l2_6/v4 (XP_5x5_M2M3)
     2    0.031689    0.002000    0.001000    0.054568 ^ xp5_s2l2_6/s8 (XP_5x5_M2M3)
                                                         boh[62] (net)
                      0.002000    0.001780    0.056347 ^ _722_/A (INVx1)
     1    0.000084    0.000000    0.000000    0.056347 v _722_/Y (INVx1)
                                                         _277_ (net)
                      0.000000    0.000000    0.056348 v _723_/B (NAND2x1)
     1    0.041700    0.000000    0.000000    0.056348 ^ _723_/Y (NAND2x1)
                                                         lo[24] (net)
                      0.000000    0.001116    0.057463 ^ xp4_lo_l1_3/v0 (XP_4x4_M4M5)
     4    0.000604    0.002000    0.001000    0.058463 ^ xp4_lo_l1_3/s0 (XP_4x4_M4M5)
                                                         ll1[21] (net)
                      0.002000    0.000019    0.058482 ^ xp7[1].u/_064_/A (INVx1)
     4    0.000549    0.000000    0.000000    0.058482 v xp7[1].u/_064_/Y (INVx1)
                                                         xp7[1].u/_005_ (net)
                      0.000000    0.000007    0.058489 v xp7[1].u/_127_/A (NOR2x1)
     1    0.070048    0.000000    0.000000    0.058489 ^ xp7[1].u/_127_/Y (NOR2x1)
                                                         xp7[1].u/sum_bit[0].grid_and (net)
                      0.000000    0.000681    0.059170 ^ xp7[1].u/_129_/A (BUFx1)
     7    0.001629    0.200000    0.188000    0.247170 ^ xp7[1].u/_129_/Y (BUFx1)
                                                         ll2[13] (net)
                      0.200000    0.000160    0.247330 ^ u_lo_l3/_220_/A (INVx1)
     7    0.001716    0.000000    0.000000    0.247330 v u_lo_l3/_220_/Y (INVx1)
                                                         u_lo_l3/_177_ (net)
                      0.000000    0.000054    0.247384 v u_lo_l3/_451_/A (NOR2x1)
     1    0.070043    0.000000    0.000000    0.247384 ^ u_lo_l3/_451_/Y (NOR2x1)
                                                         u_lo_l3/sum_bit[0].grid_and (net)
                      0.000000    0.000773    0.248157 ^ u_lo_l3/_453_/A (BUFx1)
     1    0.000093    0.200000    0.188000    0.436157 ^ u_lo_l3/_453_/Y (BUFx1)
                                                         low_sum[0] (net)
                      0.200000    0.000000    0.436158 ^ _301_/B (NOR2x1)
     1    0.000120    0.000000    0.000000    0.436158 v _301_/Y (NOR2x1)
                                                         _001_ (net)
                      0.000000    0.000001    0.436159 v _302_/B (NAND2x1)
    15    0.003031    0.000000    0.000000    0.436159 ^ _302_/Y (NAND2x1)
                                                         carry[0] (net)
                      0.000000    0.000324    0.436483 ^ u_carry/_289_/A1 (AOI21x1)
     1    0.000122    0.000000    0.000000    0.436483 v u_carry/_289_/Y (AOI21x1)
                                                         u_carry/_080_ (net)
                      0.000000    0.000001    0.436485 v u_carry/_290_/B (NAND2x1)
     1    0.000121    0.000000    0.000000    0.436485 ^ u_carry/_290_/Y (NAND2x1)
                                                         upper[16] (net)
                      0.000000    0.000001    0.436486 ^ _381_/A (INVx1)
     1    0.000106    0.000000    0.000000    0.436486 v _381_/Y (INVx1)
                                                         _069_ (net)
                      0.000000    0.000000    0.436486 v _383_/A (NAND2x1)
     1    0.000117    0.000000    0.000000    0.436486 ^ _383_/Y (NAND2x1)
                                                         _071_ (net)
                      0.000000    0.000001    0.436488 ^ _387_/A (NOR2x1)
     1    0.000099    0.000000    0.000000    0.436488 v _387_/Y (NOR2x1)
                                                         _075_ (net)
                      0.000000    0.000000    0.436488 v _388_/A (NAND2x1)
     1    0.000117    0.000000    0.000000    0.436488 ^ _388_/Y (NAND2x1)
                                                         hd[6] (net)
                      0.000000    0.000002    0.436490 ^ hd[6] (out)
                                              0.436490   data arrival time

                      0.000000    0.200000    0.200000   clock vclk (rise edge)
                                  0.000000    0.200000   clock network delay (ideal)
                                  0.000000    0.200000   clock reconvergence pessimism
                                 -0.050000    0.150000   output external delay
                                              0.150000   data required time
---------------------------------------------------------------------------------------------
                                              0.150000   data required time
                                             -0.436490   data arrival time
---------------------------------------------------------------------------------------------
                                             -0.286490   slack (VIOLATED)


Startpoint: A[51] (input port clocked by vclk)
Endpoint: hd[1] (output port clocked by vclk)
Path Group: vclk
Path Type: max

Fanout         Cap        Slew       Delay        Time   Description
---------------------------------------------------------------------------------------------
                      0.000000    0.000000    0.000000   clock vclk (rise edge)
                                  0.000000    0.000000   clock network delay (ideal)
                                  0.050000    0.050000 v input external delay
     1    0.000287    0.100000    0.000000    0.050000 v A[51] (in)
                                                         A[51] (net)
                      0.100026    0.000008    0.050008 v _566_/A (XNOR2x1)
     2    0.000267    0.000000    0.000000    0.050008 v _566_/Y (XNOR2x1)
                                                         _178_ (net)
                      0.000000    0.000004    0.050012 v _569_/B (NOR2x1)
     2    0.018965    0.000000    0.000000    0.050012 ^ _569_/Y (NOR2x1)
                                                         cell_oh[77] (net)
                      0.000000    0.002284    0.052296 ^ xp3_s2l1_12/h2 (XP_3x3_M2M3)
     1    0.030830    0.002000    0.001000    0.053296 ^ xp3_s2l1_12/s4 (XP_3x3_M2M3)
                                                         ps[64] (net)
                      0.002000    0.000272    0.053568 ^ xp5_s2l2_6/v4 (XP_5x5_M2M3)
     2    0.031689    0.002000    0.001000    0.054568 ^ xp5_s2l2_6/s8 (XP_5x5_M2M3)
                                                         boh[62] (net)
                      0.002000    0.001780    0.056347 ^ _722_/A (INVx1)
     1    0.000084    0.000000    0.000000    0.056347 v _722_/Y (INVx1)
                                                         _277_ (net)
                      0.000000    0.000000    0.056348 v _723_/B (NAND2x1)
     1    0.041700    0.000000    0.000000    0.056348 ^ _723_/Y (NAND2x1)
                                                         lo[24] (net)
                      0.000000    0.001116    0.057463 ^ xp4_lo_l1_3/v0 (XP_4x4_M4M5)
     4    0.000604    0.002000    0.001000    0.058463 ^ xp4_lo_l1_3/s0 (XP_4x4_M4M5)
                                                         ll1[21] (net)
                      0.002000    0.000019    0.058482 ^ xp7[1].u/_064_/A (INVx1)
     4    0.000549    0.000000    0.000000    0.058482 v xp7[1].u/_064_/Y (INVx1)
                                                         xp7[1].u/_005_ (net)
                      0.000000    0.000007    0.058489 v xp7[1].u/_127_/A (NOR2x1)
     1    0.070048    0.000000    0.000000    0.058489 ^ xp7[1].u/_127_/Y (NOR2x1)
                                                         xp7[1].u/sum_bit[0].grid_and (net)
                      0.000000    0.000681    0.059170 ^ xp7[1].u/_129_/A (BUFx1)
     7    0.001629    0.200000    0.188000    0.247170 ^ xp7[1].u/_129_/Y (BUFx1)
                                                         ll2[13] (net)
                      0.200000    0.000160    0.247330 ^ u_lo_l3/_220_/A (INVx1)
     7    0.001716    0.000000    0.000000    0.247330 v u_lo_l3/_220_/Y (INVx1)
                                                         u_lo_l3/_177_ (net)
                      0.000000    0.000056    0.247386 v u_lo_l3/_308_/B (NOR2x1)
     1    0.000100    0.000000    0.000000    0.247386 ^ u_lo_l3/_308_/Y (NOR2x1)
                                                         u_lo_l3/_043_ (net)
                      0.000000    0.000000    0.247386 ^ u_lo_l3/_309_/B (AOI21x1)
     1    0.000151    0.000000    0.000000    0.247386 v u_lo_l3/_309_/Y (AOI21x1)
                                                         u_lo_l3/_044_ (net)
                      0.000000    0.000002    0.247388 v u_lo_l3/_310_/B (NAND2x1)
     1    0.000115    0.000000    0.000000    0.247388 ^ u_lo_l3/_310_/Y (NAND2x1)
                                                         u_lo_l3/_045_ (net)
                      0.000000    0.000000    0.247389 ^ u_lo_l3/_311_/B (NOR2x1)
     1    0.000508    0.000000    0.000000    0.247389 v u_lo_l3/_311_/Y (NOR2x1)
                                                         u_lo_l3/_046_ (net)
                      0.000000    0.000040    0.247429 v u_lo_l3/_315_/A (NAND2x1)
     2    0.000236    0.000000    0.000000    0.247429 ^ u_lo_l3/_315_/Y (NAND2x1)
                                                         low_sum[10] (net)
                      0.000000    0.000003    0.247432 ^ _334_/B (NOR2x1)
     1    0.000100    0.000000    0.000000    0.247432 v _334_/Y (NOR2x1)
                                                         _027_ (net)
                      0.000000    0.000000    0.247433 v _335_/B (NAND2x1)
     1    0.000223    0.000000    0.000000    0.247433 ^ _335_/Y (NAND2x1)
                                                         _028_ (net)
                      0.000000    0.000005    0.247437 ^ _339_/A (NOR2x1)
     1    0.000108    0.000000    0.000000    0.247437 v _339_/Y (NOR2x1)
                                                         _032_ (net)
                      0.000000    0.000000    0.247438 v _340_/A (NAND2x1)
     1    0.000777    0.000000    0.000000    0.247438 ^ _340_/Y (NAND2x1)
                                                         hd[1] (net)
                      0.000000    0.000061    0.247499 ^ hd[1] (out)
                                              0.247499   data arrival time

                      0.000000    0.200000    0.200000   clock vclk (rise edge)
                                  0.000000    0.200000   clock network delay (ideal)
                                  0.000000    0.200000   clock reconvergence pessimism
                                 -0.050000    0.150000   output external delay
                                              0.150000   data required time
---------------------------------------------------------------------------------------------
                                              0.150000   data required time
                                             -0.247499   data arrival time
---------------------------------------------------------------------------------------------
                                             -0.097499   slack (VIOLATED)


Startpoint: A[51] (input port clocked by vclk)
Endpoint: hd[0] (output port clocked by vclk)
Path Group: vclk
Path Type: max

Fanout         Cap        Slew       Delay        Time   Description
---------------------------------------------------------------------------------------------
                      0.000000    0.000000    0.000000   clock vclk (rise edge)
                                  0.000000    0.000000   clock network delay (ideal)
                                  0.050000    0.050000 v input external delay
     1    0.000287    0.100000    0.000000    0.050000 v A[51] (in)
                                                         A[51] (net)
                      0.100026    0.000008    0.050008 v _566_/A (XNOR2x1)
     2    0.000267    0.000000    0.000000    0.050008 v _566_/Y (XNOR2x1)
                                                         _178_ (net)
                      0.000000    0.000004    0.050012 v _569_/B (NOR2x1)
     2    0.018965    0.000000    0.000000    0.050012 ^ _569_/Y (NOR2x1)
                                                         cell_oh[77] (net)
                      0.000000    0.002284    0.052296 ^ xp3_s2l1_12/h2 (XP_3x3_M2M3)
     1    0.030830    0.002000    0.001000    0.053296 ^ xp3_s2l1_12/s4 (XP_3x3_M2M3)
                                                         ps[64] (net)
                      0.002000    0.000272    0.053568 ^ xp5_s2l2_6/v4 (XP_5x5_M2M3)
     2    0.031689    0.002000    0.001000    0.054568 ^ xp5_s2l2_6/s8 (XP_5x5_M2M3)
                                                         boh[62] (net)
                      0.002000    0.001780    0.056347 ^ _722_/A (INVx1)
     1    0.000084    0.000000    0.000000    0.056347 v _722_/Y (INVx1)
                                                         _277_ (net)
                      0.000000    0.000000    0.056348 v _723_/B (NAND2x1)
     1    0.041700    0.000000    0.000000    0.056348 ^ _723_/Y (NAND2x1)
                                                         lo[24] (net)
                      0.000000    0.001116    0.057463 ^ xp4_lo_l1_3/v0 (XP_4x4_M4M5)
     4    0.000604    0.002000    0.001000    0.058463 ^ xp4_lo_l1_3/s0 (XP_4x4_M4M5)
                                                         ll1[21] (net)
                      0.002000    0.000019    0.058482 ^ xp7[1].u/_064_/A (INVx1)
     4    0.000549    0.000000    0.000000    0.058482 v xp7[1].u/_064_/Y (INVx1)
                                                         xp7[1].u/_005_ (net)
                      0.000000    0.000007    0.058489 v xp7[1].u/_127_/A (NOR2x1)
     1    0.070048    0.000000    0.000000    0.058489 ^ xp7[1].u/_127_/Y (NOR2x1)
                                                         xp7[1].u/sum_bit[0].grid_and (net)
                      0.000000    0.000681    0.059170 ^ xp7[1].u/_129_/A (BUFx1)
     7    0.001629    0.200000    0.188000    0.247170 ^ xp7[1].u/_129_/Y (BUFx1)
                                                         ll2[13] (net)
                      0.200000    0.000160    0.247330 ^ u_lo_l3/_220_/A (INVx1)
     7    0.001716    0.000000    0.000000    0.247330 v u_lo_l3/_220_/Y (INVx1)
                                                         u_lo_l3/_177_ (net)
                      0.000000    0.000079    0.247409 v u_lo_l3/_319_/B (NOR2x1)
     1    0.000097    0.000000    0.000000    0.247409 ^ u_lo_l3/_319_/Y (NOR2x1)
                                                         u_lo_l3/_053_ (net)
                      0.000000    0.000000    0.247410 ^ u_lo_l3/_320_/B (AOI21x1)
     1    0.000113    0.000000    0.000000    0.247410 v u_lo_l3/_320_/Y (AOI21x1)
                                                         u_lo_l3/_054_ (net)
                      0.000000    0.000000    0.247410 v u_lo_l3/_321_/B (NAND2x1)
     1    0.000158    0.000000    0.000000    0.247410 ^ u_lo_l3/_321_/Y (NAND2x1)
                                                         u_lo_l3/_055_ (net)
                      0.000000    0.000002    0.247413 ^ u_lo_l3/_325_/A (NOR2x1)
     1    0.000099    0.000000    0.000000    0.247413 v u_lo_l3/_325_/Y (NOR2x1)
                                                         u_lo_l3/_059_ (net)
                      0.000000    0.000000    0.247413 v u_lo_l3/_333_/A (NAND2x1)
     2    0.000326    0.000000    0.000000    0.247413 ^ u_lo_l3/_333_/Y (NAND2x1)
                                                         low_sum[11] (net)
                      0.000000    0.000009    0.247422 ^ _326_/A (INVx1)
     1    0.000104    0.000000    0.000000    0.247422 v _326_/Y (INVx1)
                                                         _020_ (net)
                      0.000000    0.000000    0.247423 v _327_/B (NAND2x1)
     1    0.000098    0.000000    0.000000    0.247423 ^ _327_/Y (NAND2x1)
                                                         _021_ (net)
                      0.000000    0.000000    0.247423 ^ _328_/A (NOR2x1)
     1    0.000095    0.000000    0.000000    0.247423 v _328_/Y (NOR2x1)
                                                         _022_ (net)
                      0.000000    0.000000    0.247424 v _330_/A (NAND2x1)
     1    0.000082    0.000000    0.000000    0.247424 ^ _330_/Y (NAND2x1)
                                                         _024_ (net)
                      0.000000    0.000000    0.247424 ^ _331_/A (NOR2x1)
     2    0.000339    0.000000    0.000000    0.247424 v _331_/Y (NOR2x1)
                                                         _025_ (net)
                      0.000000    0.000010    0.247435 v _332_/B (NAND2x1)
     1    0.000735    0.000000    0.000000    0.247435 ^ _332_/Y (NAND2x1)
                                                         hd[0] (net)
                      0.000000    0.000054    0.247489 ^ hd[0] (out)
                                              0.247489   data arrival time

                      0.000000    0.200000    0.200000   clock vclk (rise edge)
                                  0.000000    0.200000   clock network delay (ideal)
                                  0.000000    0.200000   clock reconvergence pessimism
                                 -0.050000    0.150000   output external delay
                                              0.150000   data required time
---------------------------------------------------------------------------------------------
                                              0.150000   data required time
                                             -0.247489   data arrival time
---------------------------------------------------------------------------------------------
                                             -0.097489   slack (VIOLATED)



