
===========================================================================
report_checks -path_delay min (Hold)
============================================================================
======================= nom_tt_025C_0v50 Corner ===================================

Startpoint: A[46] (input port clocked by vclk)
Endpoint: hd[5] (output port clocked by vclk)
Path Group: vclk
Path Type: min

Fanout         Cap        Slew       Delay        Time   Description
---------------------------------------------------------------------------------------------
                      0.000000    0.000000    0.000000   clock vclk (rise edge)
                                  0.000000    0.000000   clock network delay (ideal)
                                  0.050000    0.050000 ^ input external delay
     1    0.000144    0.100000    0.000000    0.050000 ^ A[46] (in)
                                                         A[46] (net)
                      0.100004    0.000001    0.050001 ^ _550_/A (XNOR2x1)
     2    0.000345    0.000000    0.000000    0.050001 ^ _550_/Y (XNOR2x1)
                                                         _168_ (net)
                      0.000000    0.000010    0.050012 ^ _551_/A (INVx1)
     1    0.000087    0.000000    0.000000    0.050012 v _551_/Y (INVx1)
                                                         _169_ (net)
                      0.000000    0.000000    0.050012 v _554_/A (NOR2x1)
     2    0.018579    0.000000    0.000000    0.050012 ^ _554_/Y (NOR2x1)
                                                         cell_oh[69] (net)
                      0.000000    0.000094    0.050106 ^ xp3_s2l1_11/h0 (XP_3x3_M2M3)
     1    0.030844    0.002000    0.001000    0.051106 ^ xp3_s2l1_11/s2 (XP_3x3_M2M3)
                                                         ps[57] (net)
                      0.002000    0.000409    0.051515 ^ xp5_s2l2_5/h2 (XP_5x5_M2M3)
     2    0.000214    0.002000    0.001000    0.052515 ^ xp5_s2l2_5/s5 (XP_5x5_M2M3)
                                                         boh[50] (net)
                      0.002000    0.000001    0.052517 ^ _719_/A (NOR2x1)
     1    0.000118    0.000000    0.000000    0.052517 v _719_/Y (NOR2x1)
                                                         _275_ (net)
                      0.000000    0.000001    0.052518 v _720_/B (NAND2x1)
     1    0.031274    0.000000    0.000000    0.052518 ^ _720_/Y (NAND2x1)
                                                         hi[16] (net)
                      0.000000    0.000494    0.053012 ^ xp3_hi_l1_2/h1 (XP_3x3_M4M5)
     3    0.000454    0.002000    0.001000    0.054012 ^ xp3_hi_l1_2/s1 (XP_3x3_M4M5)
                                                         hl1[11] (net)
                      0.002000    0.000014    0.054026 ^ xp5h[1].u/_28_/B (NAND2x1)
     1    0.000172    0.000000    0.000000    0.054026 v xp5h[1].u/_28_/Y (NAND2x1)
                                                         xp5h[1].u/_02_ (net)
                      0.000000    0.000003    0.054029 v xp5h[1].u/_29_/B (OAI21x1)
     3    0.000920    0.000000    0.000000    0.054029 ^ xp5h[1].u/_29_/Y (OAI21x1)
                                                         hl2[10] (net)
                      0.000000    0.000080    0.054109 ^ u_hi_l3/_096_/A (INVx1)
     7    0.001340    0.000000    0.000000    0.054109 v u_hi_l3/_096_/Y (INVx1)
                                                         u_hi_l3/_039_ (net)
                      0.000000    0.000020    0.054129 v u_hi_l3/_107_/A1 (OAI21x1)
     1    0.000102    0.000000    0.000000    0.054129 ^ u_hi_l3/_107_/Y (OAI21x1)
                                                         u_hi_l3/_048_ (net)
                      0.000000    0.000000    0.054130 ^ u_hi_l3/_108_/B (AOI21x1)
     1    0.000084    0.000000    0.000000    0.054130 v u_hi_l3/_108_/Y (AOI21x1)
                                                         u_hi_l3/_049_ (net)
                      0.000000    0.000000    0.054130 v u_hi_l3/_109_/B (OAI21x1)
     4    0.000449    0.000000    0.000000    0.054130 ^ u_hi_l3/_109_/Y (OAI21x1)
                                                         high_sum[3] (net)
                      0.000000    0.000009    0.054138 ^ u_carry/_201_/B (NAND2x1)
     1    0.000085    0.000000    0.000000    0.054138 v u_carry/_201_/Y (NAND2x1)
                                                         u_carry/_000_ (net)
                      0.000000    0.000000    0.054139 v u_carry/_202_/B (OAI21x1)
     1    0.000112    0.000000    0.000000    0.054139 ^ u_carry/_202_/Y (OAI21x1)
                                                         u_carry/_001_ (net)
                      0.000000    0.000001    0.054140 ^ u_carry/_205_/A (NOR2x1)
     1    0.000109    0.000000    0.000000    0.054140 v u_carry/_205_/Y (NOR2x1)
                                                         u_carry/_004_ (net)
                      0.000000    0.000000    0.054141 v u_carry/_210_/A (NAND2x1)
     1    0.000240    0.000000    0.000000    0.054141 ^ u_carry/_210_/Y (NAND2x1)
                                                         upper[8] (net)
                      0.000000    0.000005    0.054146 ^ _374_/A (INVx1)
     1    0.000112    0.000000    0.000000    0.054146 v _374_/Y (INVx1)
                                                         _063_ (net)
                      0.000000    0.000000    0.054147 v _375_/A (NAND2x1)
     1    0.000374    0.000000    0.000000    0.054147 ^ _375_/Y (NAND2x1)
                                                         _064_ (net)
                      0.000000    0.000013    0.054160 ^ _378_/A (NOR2x1)
     1    0.000094    0.000000    0.000000    0.054160 v _378_/Y (NOR2x1)
                                                         _067_ (net)
                      0.000000    0.000000    0.054160 v _380_/A (NAND2x1)
     1    0.000094    0.000000    0.000000    0.054160 ^ _380_/Y (NAND2x1)
                                                         hd[5] (net)
                      0.000000    0.000000    0.054161 ^ hd[5] (out)
                                              0.054161   data arrival time

                      0.000000    0.000000    0.000000   clock vclk (rise edge)
                                  0.000000    0.000000   clock network delay (ideal)
                                  0.000000    0.000000   clock reconvergence pessimism
                                 -0.050000   -0.050000   output external delay
                                             -0.050000   data required time
---------------------------------------------------------------------------------------------
                                             -0.050000   data required time
                                             -0.054161   data arrival time
---------------------------------------------------------------------------------------------
                                              0.104161   slack (MET)


Startpoint: A[46] (input port clocked by vclk)
Endpoint: hd[4] (output port clocked by vclk)
Path Group: vclk
Path Type: min

Fanout         Cap        Slew       Delay        Time   Description
---------------------------------------------------------------------------------------------
                      0.000000    0.000000    0.000000   clock vclk (rise edge)
                                  0.000000    0.000000   clock network delay (ideal)
                                  0.050000    0.050000 ^ input external delay
     1    0.000144    0.100000    0.000000    0.050000 ^ A[46] (in)
                                                         A[46] (net)
                      0.100004    0.000001    0.050001 ^ _550_/A (XNOR2x1)
     2    0.000345    0.000000    0.000000    0.050001 ^ _550_/Y (XNOR2x1)
                                                         _168_ (net)
                      0.000000    0.000010    0.050012 ^ _551_/A (INVx1)
     1    0.000087    0.000000    0.000000    0.050012 v _551_/Y (INVx1)
                                                         _169_ (net)
                      0.000000    0.000000    0.050012 v _554_/A (NOR2x1)
     2    0.018579    0.000000    0.000000    0.050012 ^ _554_/Y (NOR2x1)
                                                         cell_oh[69] (net)
                      0.000000    0.000094    0.050106 ^ xp3_s2l1_11/h0 (XP_3x3_M2M3)
     1    0.030844    0.002000    0.001000    0.051106 ^ xp3_s2l1_11/s2 (XP_3x3_M2M3)
                                                         ps[57] (net)
                      0.002000    0.000409    0.051515 ^ xp5_s2l2_5/h2 (XP_5x5_M2M3)
     2    0.000214    0.002000    0.001000    0.052515 ^ xp5_s2l2_5/s5 (XP_5x5_M2M3)
                                                         boh[50] (net)
                      0.002000    0.000001    0.052517 ^ _719_/A (NOR2x1)
     1    0.000118    0.000000    0.000000    0.052517 v _719_/Y (NOR2x1)
                                                         _275_ (net)
                      0.000000    0.000001    0.052518 v _720_/B (NAND2x1)
     1    0.031274    0.000000    0.000000    0.052518 ^ _720_/Y (NAND2x1)
                                                         hi[16] (net)
                      0.000000    0.000494    0.053012 ^ xp3_hi_l1_2/h1 (XP_3x3_M4M5)
     3    0.000454    0.002000    0.001000    0.054012 ^ xp3_hi_l1_2/s1 (XP_3x3_M4M5)
                                                         hl1[11] (net)
                      0.002000    0.000014    0.054026 ^ xp5h[1].u/_28_/B (NAND2x1)
     1    0.000172    0.000000    0.000000    0.054026 v xp5h[1].u/_28_/Y (NAND2x1)
                                                         xp5h[1].u/_02_ (net)
                      0.000000    0.000003    0.054029 v xp5h[1].u/_29_/B (OAI21x1)
     3    0.000920    0.000000    0.000000    0.054029 ^ xp5h[1].u/_29_/Y (OAI21x1)
                                                         hl2[10] (net)
                      0.000000    0.000080    0.054109 ^ u_hi_l3/_096_/A (INVx1)
     7    0.001340    0.000000    0.000000    0.054109 v u_hi_l3/_096_/Y (INVx1)
                                                         u_hi_l3/_039_ (net)
                      0.000000    0.000013    0.054122 v u_hi_l3/_098_/A1 (OAI21x1)
     5    0.000712    0.000000    0.000000    0.054122 ^ u_hi_l3/_098_/Y (OAI21x1)
                                                         high_sum[1] (net)
                      0.000000    0.000017    0.054139 ^ u_carry/_166_/A1 (AOI21x1)
     1    0.000291    0.000000    0.000000    0.054139 v u_carry/_166_/Y (AOI21x1)
                                                         u_carry/_117_ (net)
                      0.000000    0.000008    0.054146 v u_carry/_170_/A (NAND2x1)
     1    0.000110    0.000000    0.000000    0.054146 ^ u_carry/_170_/Y (NAND2x1)
                                                         upper[4] (net)
                      0.000000    0.000001    0.054148 ^ _370_/A (INVx1)
     1    0.000136    0.000000    0.000000    0.054148 v _370_/Y (INVx1)
                                                         _060_ (net)
                      0.000000    0.000002    0.054149 v _371_/B (NAND2x1)
     1    0.000314    0.000000    0.000000    0.054149 ^ _371_/Y (NAND2x1)
                                                         _061_ (net)
                      0.000000    0.000009    0.054159 ^ _372_/A (NOR2x1)
     1    0.000122    0.000000    0.000000    0.054159 v _372_/Y (NOR2x1)
                                                         _062_ (net)
                      0.000000    0.000001    0.054160 v _373_/B (NAND2x1)
     1    0.000169    0.000000    0.000000    0.054160 ^ _373_/Y (NAND2x1)
                                                         hd[4] (net)
                      0.000000    0.000003    0.054163 ^ hd[4] (out)
                                              0.054163   data arrival time

                      0.000000    0.000000    0.000000   clock vclk (rise edge)
                                  0.000000    0.000000   clock network delay (ideal)
                                  0.000000    0.000000   clock reconvergence pessimism
                                 -0.050000   -0.050000   output external delay
                                             -0.050000   data required time
---------------------------------------------------------------------------------------------
                                             -0.050000   data required time
                                             -0.054163   data arrival time
---------------------------------------------------------------------------------------------
                                              0.104163   slack (MET)


Startpoint: A[46] (input port clocked by vclk)
Endpoint: hd[3] (output port clocked by vclk)
Path Group: vclk
Path Type: min

Fanout         Cap        Slew       Delay        Time   Description
---------------------------------------------------------------------------------------------
                      0.000000    0.000000    0.000000   clock vclk (rise edge)
                                  0.000000    0.000000   clock network delay (ideal)
                                  0.050000    0.050000 ^ input external delay
     1    0.000144    0.100000    0.000000    0.050000 ^ A[46] (in)
                                                         A[46] (net)
                      0.100004    0.000001    0.050001 ^ _550_/A (XNOR2x1)
     2    0.000345    0.000000    0.000000    0.050001 ^ _550_/Y (XNOR2x1)
                                                         _168_ (net)
                      0.000000    0.000010    0.050012 ^ _551_/A (INVx1)
     1    0.000087    0.000000    0.000000    0.050012 v _551_/Y (INVx1)
                                                         _169_ (net)
                      0.000000    0.000000    0.050012 v _554_/A (NOR2x1)
     2    0.018579    0.000000    0.000000    0.050012 ^ _554_/Y (NOR2x1)
                                                         cell_oh[69] (net)
                      0.000000    0.000094    0.050106 ^ xp3_s2l1_11/h0 (XP_3x3_M2M3)
     1    0.030844    0.002000    0.001000    0.051106 ^ xp3_s2l1_11/s2 (XP_3x3_M2M3)
                                                         ps[57] (net)
                      0.002000    0.000409    0.051515 ^ xp5_s2l2_5/h2 (XP_5x5_M2M3)
     2    0.000214    0.002000    0.001000    0.052515 ^ xp5_s2l2_5/s5 (XP_5x5_M2M3)
                                                         boh[50] (net)
                      0.002000    0.000001    0.052517 ^ _719_/A (NOR2x1)
     1    0.000118    0.000000    0.000000    0.052517 v _719_/Y (NOR2x1)
                                                         _275_ (net)
                      0.000000    0.000001    0.052518 v _720_/B (NAND2x1)
     1    0.031274    0.000000    0.000000    0.052518 ^ _720_/Y (NAND2x1)
                                                         hi[16] (net)
                      0.000000    0.000494    0.053012 ^ xp3_hi_l1_2/h1 (XP_3x3_M4M5)
     3    0.000454    0.002000    0.001000    0.054012 ^ xp3_hi_l1_2/s1 (XP_3x3_M4M5)
                                                         hl1[11] (net)
                      0.002000    0.000014    0.054026 ^ xp5h[1].u/_28_/B (NAND2x1)
     1    0.000172    0.000000    0.000000    0.054026 v xp5h[1].u/_28_/Y (NAND2x1)
                                                         xp5h[1].u/_02_ (net)
                      0.000000    0.000003    0.054029 v xp5h[1].u/_29_/B (OAI21x1)
     3    0.000920    0.000000    0.000000    0.054029 ^ xp5h[1].u/_29_/Y (OAI21x1)
                                                         hl2[10] (net)
                      0.000000    0.000080    0.054109 ^ u_hi_l3/_096_/A (INVx1)
     7    0.001340    0.000000    0.000000    0.054109 v u_hi_l3/_096_/Y (INVx1)
                                                         u_hi_l3/_039_ (net)
                      0.000000    0.000013    0.054122 v u_hi_l3/_098_/A1 (OAI21x1)
     5    0.000712    0.000000    0.000000    0.054122 ^ u_hi_l3/_098_/Y (OAI21x1)
                                                         high_sum[1] (net)
                      0.000000    0.000019    0.054141 ^ u_carry/_161_/A1 (AOI21x1)
     1    0.000279    0.000000    0.000000    0.054141 v u_carry/_161_/Y (AOI21x1)
                                                         u_carry/_113_ (net)
                      0.000000    0.000007    0.054148 v u_carry/_162_/B (OAI21x1)
     2    0.000204    0.000000    0.000000    0.054148 ^ u_carry/_162_/Y (OAI21x1)
                                                         upper[3] (net)
                      0.000000    0.000001    0.054149 ^ _354_/B (NOR2x1)
     1    0.000296    0.000000    0.000000    0.054149 v _354_/Y (NOR2x1)
                                                         _045_ (net)
                      0.000000    0.000008    0.054157 v _355_/B (NAND2x1)
     1    0.000137    0.000000    0.000000    0.054157 ^ _355_/Y (NAND2x1)
                                                         _046_ (net)
                      0.000000    0.000002    0.054159 ^ _359_/A (NOR2x1)
     1    0.000170    0.000000    0.000000    0.054159 v _359_/Y (NOR2x1)
                                                         _050_ (net)
                      0.000000    0.000003    0.054162 v _364_/A (NAND2x1)
     1    0.000090    0.000000    0.000000    0.054162 ^ _364_/Y (NAND2x1)
                                                         hd[3] (net)
                      0.000000    0.000000    0.054163 ^ hd[3] (out)
                                              0.054163   data arrival time

                      0.000000    0.000000    0.000000   clock vclk (rise edge)
                                  0.000000    0.000000   clock network delay (ideal)
                                  0.000000    0.000000   clock reconvergence pessimism
                                 -0.050000   -0.050000   output external delay
                                             -0.050000   data required time
---------------------------------------------------------------------------------------------
                                             -0.050000   data required time
                                             -0.054163   data arrival time
---------------------------------------------------------------------------------------------
                                              0.104163   slack (MET)


Startpoint: A[46] (input port clocked by vclk)
Endpoint: hd[2] (output port clocked by vclk)
Path Group: vclk
Path Type: min

Fanout         Cap        Slew       Delay        Time   Description
---------------------------------------------------------------------------------------------
                      0.000000    0.000000    0.000000   clock vclk (rise edge)
                                  0.000000    0.000000   clock network delay (ideal)
                                  0.050000    0.050000 ^ input external delay
     1    0.000144    0.100000    0.000000    0.050000 ^ A[46] (in)
                                                         A[46] (net)
                      0.100004    0.000001    0.050001 ^ _550_/A (XNOR2x1)
     2    0.000345    0.000000    0.000000    0.050001 ^ _550_/Y (XNOR2x1)
                                                         _168_ (net)
                      0.000000    0.000010    0.050012 ^ _551_/A (INVx1)
     1    0.000087    0.000000    0.000000    0.050012 v _551_/Y (INVx1)
                                                         _169_ (net)
                      0.000000    0.000000    0.050012 v _554_/A (NOR2x1)
     2    0.018579    0.000000    0.000000    0.050012 ^ _554_/Y (NOR2x1)
                                                         cell_oh[69] (net)
                      0.000000    0.000094    0.050106 ^ xp3_s2l1_11/h0 (XP_3x3_M2M3)
     1    0.030844    0.002000    0.001000    0.051106 ^ xp3_s2l1_11/s2 (XP_3x3_M2M3)
                                                         ps[57] (net)
                      0.002000    0.000409    0.051515 ^ xp5_s2l2_5/h2 (XP_5x5_M2M3)
     2    0.000214    0.002000    0.001000    0.052515 ^ xp5_s2l2_5/s5 (XP_5x5_M2M3)
                                                         boh[50] (net)
                      0.002000    0.000001    0.052517 ^ _719_/A (NOR2x1)
     1    0.000118    0.000000    0.000000    0.052517 v _719_/Y (NOR2x1)
                                                         _275_ (net)
                      0.000000    0.000001    0.052518 v _720_/B (NAND2x1)
     1    0.031274    0.000000    0.000000    0.052518 ^ _720_/Y (NAND2x1)
                                                         hi[16] (net)
                      0.000000    0.000494    0.053012 ^ xp3_hi_l1_2/h1 (XP_3x3_M4M5)
     3    0.000454    0.002000    0.001000    0.054012 ^ xp3_hi_l1_2/s1 (XP_3x3_M4M5)
                                                         hl1[11] (net)
                      0.002000    0.000014    0.054026 ^ xp5h[1].u/_28_/B (NAND2x1)
     1    0.000172    0.000000    0.000000    0.054026 v xp5h[1].u/_28_/Y (NAND2x1)
                                                         xp5h[1].u/_02_ (net)
                      0.000000    0.000003    0.054029 v xp5h[1].u/_29_/B (OAI21x1)
     3    0.000920    0.000000    0.000000    0.054029 ^ xp5h[1].u/_29_/Y (OAI21x1)
                                                         hl2[10] (net)
                      0.000000    0.000080    0.054109 ^ u_hi_l3/_096_/A (INVx1)
     7    0.001340    0.000000    0.000000    0.054109 v u_hi_l3/_096_/Y (INVx1)
                                                         u_hi_l3/_039_ (net)
                      0.000000    0.000013    0.054122 v u_hi_l3/_098_/A1 (OAI21x1)
     5    0.000712    0.000000    0.000000    0.054122 ^ u_hi_l3/_098_/Y (OAI21x1)
                                                         high_sum[1] (net)
                      0.000000    0.000019    0.054141 ^ u_carry/_161_/A1 (AOI21x1)
     1    0.000279    0.000000    0.000000    0.054141 v u_carry/_161_/Y (AOI21x1)
                                                         u_carry/_113_ (net)
                      0.000000    0.000007    0.054148 v u_carry/_162_/B (OAI21x1)
     2    0.000204    0.000000    0.000000    0.054148 ^ u_carry/_162_/Y (OAI21x1)
                                                         upper[3] (net)
                      0.000000    0.000002    0.054150 ^ _349_/B (NOR2x1)
     1    0.000117    0.000000    0.000000    0.054150 v _349_/Y (NOR2x1)
                                                         _041_ (net)
                      0.000000    0.000001    0.054151 v _350_/B (NAND2x1)
     1    0.000377    0.000000    0.000000    0.054151 ^ _350_/Y (NAND2x1)
                                                         _042_ (net)
                      0.000000    0.000014    0.054165 ^ _351_/B (NOR2x1)
     1    0.000108    0.000000    0.000000    0.054165 v _351_/Y (NOR2x1)
                                                         _043_ (net)
                      0.000000    0.000000    0.054166 v _352_/B (NAND2x1)
     1    0.000100    0.000000    0.000000    0.054166 ^ _352_/Y (NAND2x1)
                                                         hd[2] (net)
                      0.000000    0.000001    0.054167 ^ hd[2] (out)
                                              0.054167   data arrival time

                      0.000000    0.000000    0.000000   clock vclk (rise edge)
                                  0.000000    0.000000   clock network delay (ideal)
                                  0.000000    0.000000   clock reconvergence pessimism
                                 -0.050000   -0.050000   output external delay
                                             -0.050000   data required time
---------------------------------------------------------------------------------------------
                                             -0.050000   data required time
                                             -0.054167   data arrival time
---------------------------------------------------------------------------------------------
                                              0.104167   slack (MET)


Startpoint: B[36] (input port clocked by vclk)
Endpoint: hd[6] (output port clocked by vclk)
Path Group: vclk
Path Type: min

Fanout         Cap        Slew       Delay        Time   Description
---------------------------------------------------------------------------------------------
                      0.000000    0.000000    0.000000   clock vclk (rise edge)
                                  0.000000    0.000000   clock network delay (ideal)
                                  0.050000    0.050000 ^ input external delay
     1    0.000148    0.100000    0.000000    0.050000 ^ B[36] (in)
                                                         B[36] (net)
                      0.100004    0.000001    0.050001 ^ _515_/B (XNOR2x1)
     2    0.000243    0.000000    0.000000    0.050001 ^ _515_/Y (XNOR2x1)
                                                         _148_ (net)
                      0.000000    0.000004    0.050005 ^ _516_/A (INVx1)
     1    0.000085    0.000000    0.000000    0.050005 v _516_/Y (INVx1)
                                                         _149_ (net)
                      0.000000    0.000000    0.050005 v _519_/A (NOR2x1)
     2    0.018602    0.000000    0.000000    0.050005 ^ _519_/Y (NOR2x1)
                                                         cell_oh[54] (net)
                      0.000000    0.000224    0.050230 ^ xp3_s2l1_9/v0 (XP_3x3_M2M3)
     1    0.030853    0.002000    0.001000    0.051230 ^ xp3_s2l1_9/s2 (XP_3x3_M2M3)
                                                         ps[47] (net)
                      0.002000    0.000453    0.051682 ^ xp5_s2l2_4/h2 (XP_5x5_M2M3)
     2    0.000253    0.002000    0.001000    0.052682 ^ xp5_s2l2_4/s5 (XP_5x5_M2M3)
                                                         boh[41] (net)
                      0.002000    0.000004    0.052687 ^ _689_/A (INVx1)
     1    0.000099    0.000000    0.000000    0.052687 v _689_/Y (INVx1)
                                                         _255_ (net)
                      0.000000    0.000000    0.052687 v _690_/B (NAND2x1)
     1    0.041648    0.000000    0.000000    0.052687 ^ _690_/Y (NAND2x1)
                                                         lo[17] (net)
                      0.000000    0.000434    0.053121 ^ xp4_lo_l1_2/v1 (XP_4x4_M4M5)
     4    0.000573    0.002000    0.001000    0.054121 ^ xp4_lo_l1_2/s3 (XP_4x4_M4M5)
                                                         ll1[17] (net)
                      0.002000    0.000010    0.054131 ^ xp7[1].u/_109_/A1 (AOI21x1)
     1    0.000159    0.000000    0.000000    0.054131 v xp7[1].u/_109_/Y (AOI21x1)
                                                         xp7[1].u/_045_ (net)
                      0.000000    0.000002    0.054133 v xp7[1].u/_110_/B (NAND2x1)
     8    0.001390    0.000000    0.000000    0.054133 ^ xp7[1].u/_110_/Y (NAND2x1)
                                                         ll2[20] (net)
                      0.000000    0.000031    0.054164 ^ u_lo_l3/_381_/B (NAND2x1)
     1    0.000099    0.000000    0.000000    0.054164 v u_lo_l3/_381_/Y (NAND2x1)
                                                         u_lo_l3/_112_ (net)
                      0.000000    0.000000    0.054164 v u_lo_l3/_382_/B (OAI21x1)
     1    0.000092    0.000000    0.000000    0.054164 ^ u_lo_l3/_382_/Y (OAI21x1)
                                                         u_lo_l3/_113_ (net)
                      0.000000    0.000000    0.054165 ^ u_lo_l3/_383_/B (AOI21x1)
     1    0.000109    0.000000    0.000000    0.054165 v u_lo_l3/_383_/Y (AOI21x1)
                                                         u_lo_l3/_114_ (net)
                      0.000000    0.000000    0.054165 v u_lo_l3/_384_/B (NAND2x1)
     2    0.000732    0.000000    0.000000    0.054165 ^ u_lo_l3/_384_/Y (NAND2x1)
                                                         low_sum[14] (net)
                      0.000000    0.000050    0.054215 ^ _309_/B (NOR2x1)
     1    0.000082    0.000000    0.000000    0.054215 v _309_/Y (NOR2x1)
                                                         _006_ (net)
                      0.000000    0.000000    0.054215 v _311_/A (NAND2x1)
     4    0.000848    0.000000    0.000000    0.054215 ^ _311_/Y (NAND2x1)
                                                         carry[3] (net)
                      0.000000    0.000034    0.054249 ^ u_carry/_308_/B (NAND2x1)
     1    0.000211    0.000000    0.000000    0.054249 v u_carry/_308_/Y (NAND2x1)
                                                         u_carry/_096_ (net)
                      0.000000    0.000004    0.054253 v u_carry/_309_/B (OAI21x1)
     1    0.000128    0.000000    0.000000    0.054253 ^ u_carry/_309_/Y (OAI21x1)
                                                         u_carry/_097_ (net)
                      0.000000    0.000001    0.054254 ^ u_carry/_310_/B (AOI21x1)
     1    0.000163    0.000000    0.000000    0.054254 v u_carry/_310_/Y (AOI21x1)
                                                         u_carry/_098_ (net)
                      0.000000    0.000002    0.054256 v u_carry/_311_/B (OAI21x1)
     2    0.000314    0.000000    0.000000    0.054256 ^ u_carry/_311_/Y (OAI21x1)
                                                         upper[19] (net)
                      0.000000    0.000008    0.054264 ^ _341_/A (INVx1)
     1    0.000094    0.000000    0.000000    0.054264 v _341_/Y (INVx1)
                                                         _033_ (net)
                      0.000000    0.000000    0.054265 v _343_/A (NAND2x1)
     1    0.000119    0.000000    0.000000    0.054265 ^ _343_/Y (NAND2x1)
                                                         _035_ (net)
                      0.000000    0.000001    0.054266 ^ _344_/A (NOR2x1)
     2    0.000266    0.000000    0.000000    0.054266 v _344_/Y (NOR2x1)
                                                         _036_ (net)
                      0.000000    0.000002    0.054268 v _388_/B (NAND2x1)
     1    0.000117    0.000000    0.000000    0.054268 ^ _388_/Y (NAND2x1)
                                                         hd[6] (net)
                      0.000000    0.000002    0.054270 ^ hd[6] (out)
                                              0.054270   data arrival time

                      0.000000    0.000000    0.000000   clock vclk (rise edge)
                                  0.000000    0.000000   clock network delay (ideal)
                                  0.000000    0.000000   clock reconvergence pessimism
                                 -0.050000   -0.050000   output external delay
                                             -0.050000   data required time
---------------------------------------------------------------------------------------------
                                             -0.050000   data required time
                                             -0.054270   data arrival time
---------------------------------------------------------------------------------------------
                                              0.104270   slack (MET)


Startpoint: B[36] (input port clocked by vclk)
Endpoint: hd[1] (output port clocked by vclk)
Path Group: vclk
Path Type: min

Fanout         Cap        Slew       Delay        Time   Description
---------------------------------------------------------------------------------------------
                      0.000000    0.000000    0.000000   clock vclk (rise edge)
                                  0.000000    0.000000   clock network delay (ideal)
                                  0.050000    0.050000 ^ input external delay
     1    0.000148    0.100000    0.000000    0.050000 ^ B[36] (in)
                                                         B[36] (net)
                      0.100004    0.000001    0.050001 ^ _515_/B (XNOR2x1)
     2    0.000243    0.000000    0.000000    0.050001 ^ _515_/Y (XNOR2x1)
                                                         _148_ (net)
                      0.000000    0.000004    0.050005 ^ _516_/A (INVx1)
     1    0.000085    0.000000    0.000000    0.050005 v _516_/Y (INVx1)
                                                         _149_ (net)
                      0.000000    0.000000    0.050005 v _519_/A (NOR2x1)
     2    0.018602    0.000000    0.000000    0.050005 ^ _519_/Y (NOR2x1)
                                                         cell_oh[54] (net)
                      0.000000    0.000224    0.050230 ^ xp3_s2l1_9/v0 (XP_3x3_M2M3)
     1    0.030853    0.002000    0.001000    0.051230 ^ xp3_s2l1_9/s2 (XP_3x3_M2M3)
                                                         ps[47] (net)
                      0.002000    0.000453    0.051682 ^ xp5_s2l2_4/h2 (XP_5x5_M2M3)
     2    0.000253    0.002000    0.001000    0.052682 ^ xp5_s2l2_4/s5 (XP_5x5_M2M3)
                                                         boh[41] (net)
                      0.002000    0.000004    0.052687 ^ _689_/A (INVx1)
     1    0.000099    0.000000    0.000000    0.052687 v _689_/Y (INVx1)
                                                         _255_ (net)
                      0.000000    0.000000    0.052687 v _690_/B (NAND2x1)
     1    0.041648    0.000000    0.000000    0.052687 ^ _690_/Y (NAND2x1)
                                                         lo[17] (net)
                      0.000000    0.000434    0.053121 ^ xp4_lo_l1_2/v1 (XP_4x4_M4M5)
     4    0.000573    0.002000    0.001000    0.054121 ^ xp4_lo_l1_2/s3 (XP_4x4_M4M5)
                                                         ll1[17] (net)
                      0.002000    0.000010    0.054131 ^ xp7[1].u/_109_/A1 (AOI21x1)
     1    0.000159    0.000000    0.000000    0.054131 v xp7[1].u/_109_/Y (AOI21x1)
                                                         xp7[1].u/_045_ (net)
                      0.000000    0.000002    0.054133 v xp7[1].u/_110_/B (NAND2x1)
     8    0.001390    0.000000    0.000000    0.054133 ^ xp7[1].u/_110_/Y (NAND2x1)
                                                         ll2[20] (net)
                      0.000000    0.000031    0.054164 ^ u_lo_l3/_381_/B (NAND2x1)
     1    0.000099    0.000000    0.000000    0.054164 v u_lo_l3/_381_/Y (NAND2x1)
                                                         u_lo_l3/_112_ (net)
                      0.000000    0.000000    0.054164 v u_lo_l3/_382_/B (OAI21x1)
     1    0.000092    0.000000    0.000000    0.054164 ^ u_lo_l3/_382_/Y (OAI21x1)
                                                         u_lo_l3/_113_ (net)
                      0.000000    0.000000    0.054165 ^ u_lo_l3/_383_/B (AOI21x1)
     1    0.000109    0.000000    0.000000    0.054165 v u_lo_l3/_383_/Y (AOI21x1)
                                                         u_lo_l3/_114_ (net)
                      0.000000    0.000000    0.054165 v u_lo_l3/_384_/B (NAND2x1)
     2    0.000732    0.000000    0.000000    0.054165 ^ u_lo_l3/_384_/Y (NAND2x1)
                                                         low_sum[14] (net)
                      0.000000    0.000050    0.054215 ^ _334_/A (NOR2x1)
     1    0.000100    0.000000    0.000000    0.054215 v _334_/Y (NOR2x1)
                                                         _027_ (net)
                      0.000000    0.000000    0.054216 v _335_/B (NAND2x1)
     1    0.000223    0.000000    0.000000    0.054216 ^ _335_/Y (NAND2x1)
                                                         _028_ (net)
                      0.000000    0.000005    0.054221 ^ _339_/A (NOR2x1)
     1    0.000108    0.000000    0.000000    0.054221 v _339_/Y (NOR2x1)
                                                         _032_ (net)
                      0.000000    0.000000    0.054221 v _340_/A (NAND2x1)
     1    0.000777    0.000000    0.000000    0.054221 ^ _340_/Y (NAND2x1)
                                                         hd[1] (net)
                      0.000000    0.000061    0.054282 ^ hd[1] (out)
                                              0.054282   data arrival time

                      0.000000    0.000000    0.000000   clock vclk (rise edge)
                                  0.000000    0.000000   clock network delay (ideal)
                                  0.000000    0.000000   clock reconvergence pessimism
                                 -0.050000   -0.050000   output external delay
                                             -0.050000   data required time
---------------------------------------------------------------------------------------------
                                             -0.050000   data required time
                                             -0.054282   data arrival time
---------------------------------------------------------------------------------------------
                                              0.104282   slack (MET)


Startpoint: B[36] (input port clocked by vclk)
Endpoint: hd[0] (output port clocked by vclk)
Path Group: vclk
Path Type: min

Fanout         Cap        Slew       Delay        Time   Description
---------------------------------------------------------------------------------------------
                      0.000000    0.000000    0.000000   clock vclk (rise edge)
                                  0.000000    0.000000   clock network delay (ideal)
                                  0.050000    0.050000 ^ input external delay
     1    0.000148    0.100000    0.000000    0.050000 ^ B[36] (in)
                                                         B[36] (net)
                      0.100004    0.000001    0.050001 ^ _515_/B (XNOR2x1)
     2    0.000243    0.000000    0.000000    0.050001 ^ _515_/Y (XNOR2x1)
                                                         _148_ (net)
                      0.000000    0.000004    0.050005 ^ _516_/A (INVx1)
     1    0.000085    0.000000    0.000000    0.050005 v _516_/Y (INVx1)
                                                         _149_ (net)
                      0.000000    0.000000    0.050005 v _519_/A (NOR2x1)
     2    0.018602    0.000000    0.000000    0.050005 ^ _519_/Y (NOR2x1)
                                                         cell_oh[54] (net)
                      0.000000    0.000224    0.050230 ^ xp3_s2l1_9/v0 (XP_3x3_M2M3)
     1    0.030853    0.002000    0.001000    0.051230 ^ xp3_s2l1_9/s2 (XP_3x3_M2M3)
                                                         ps[47] (net)
                      0.002000    0.000453    0.051682 ^ xp5_s2l2_4/h2 (XP_5x5_M2M3)
     2    0.000253    0.002000    0.001000    0.052682 ^ xp5_s2l2_4/s5 (XP_5x5_M2M3)
                                                         boh[41] (net)
                      0.002000    0.000004    0.052687 ^ _689_/A (INVx1)
     1    0.000099    0.000000    0.000000    0.052687 v _689_/Y (INVx1)
                                                         _255_ (net)
                      0.000000    0.000000    0.052687 v _690_/B (NAND2x1)
     1    0.041648    0.000000    0.000000    0.052687 ^ _690_/Y (NAND2x1)
                                                         lo[17] (net)
                      0.000000    0.000434    0.053121 ^ xp4_lo_l1_2/v1 (XP_4x4_M4M5)
     4    0.000573    0.002000    0.001000    0.054121 ^ xp4_lo_l1_2/s3 (XP_4x4_M4M5)
                                                         ll1[17] (net)
                      0.002000    0.000010    0.054131 ^ xp7[1].u/_109_/A1 (AOI21x1)
     1    0.000159    0.000000    0.000000    0.054131 v xp7[1].u/_109_/Y (AOI21x1)
                                                         xp7[1].u/_045_ (net)
                      0.000000    0.000002    0.054133 v xp7[1].u/_110_/B (NAND2x1)
     8    0.001390    0.000000    0.000000    0.054133 ^ xp7[1].u/_110_/Y (NAND2x1)
                                                         ll2[20] (net)
                      0.000000    0.000047    0.054179 ^ u_lo_l3/_429_/B (NAND2x1)
     1    0.000078    0.000000    0.000000    0.054179 v u_lo_l3/_429_/Y (NAND2x1)
                                                         u_lo_l3/_155_ (net)
                      0.000000    0.000000    0.054180 v u_lo_l3/_430_/B (OAI21x1)
     1    0.000130    0.000000    0.000000    0.054180 ^ u_lo_l3/_430_/Y (OAI21x1)
                                                         u_lo_l3/_156_ (net)
                      0.000000    0.000002    0.054181 ^ u_lo_l3/_431_/B (AOI21x1)
     1    0.000086    0.000000    0.000000    0.054181 v u_lo_l3/_431_/Y (AOI21x1)
                                                         u_lo_l3/_157_ (net)
                      0.000000    0.000000    0.054181 v u_lo_l3/_435_/A (NAND2x1)
     2    0.000751    0.000000    0.000000    0.054181 ^ u_lo_l3/_435_/Y (NAND2x1)
                                                         low_sum[19] (net)
                      0.000000    0.000050    0.054232 ^ _329_/A (INVx1)
     1    0.000103    0.000000    0.000000    0.054232 v _329_/Y (INVx1)
                                                         _023_ (net)
                      0.000000    0.000000    0.054232 v _330_/B (NAND2x1)
     1    0.000082    0.000000    0.000000    0.054232 ^ _330_/Y (NAND2x1)
                                                         _024_ (net)
                      0.000000    0.000000    0.054232 ^ _331_/A (NOR2x1)
     2    0.000339    0.000000    0.000000    0.054232 v _331_/Y (NOR2x1)
                                                         _025_ (net)
                      0.000000    0.000010    0.054243 v _332_/B (NAND2x1)
     1    0.000735    0.000000    0.000000    0.054243 ^ _332_/Y (NAND2x1)
                                                         hd[0] (net)
                      0.000000    0.000054    0.054297 ^ hd[0] (out)
                                              0.054297   data arrival time

                      0.000000    0.000000    0.000000   clock vclk (rise edge)
                                  0.000000    0.000000   clock network delay (ideal)
                                  0.000000    0.000000   clock reconvergence pessimism
                                 -0.050000   -0.050000   output external delay
                                             -0.050000   data required time
---------------------------------------------------------------------------------------------
                                             -0.050000   data required time
                                             -0.054297   data arrival time
---------------------------------------------------------------------------------------------
                                              0.104297   slack (MET)



