
===========================================================================
report_checks -path_delay max (Setup)
============================================================================
======================= nom_tt_025C_0v50 Corner ===================================

Startpoint: A[50] (input port clocked by vclk)
Endpoint: hd[2] (output port clocked by vclk)
Path Group: vclk
Path Type: max

Fanout         Cap        Slew       Delay        Time   Description
---------------------------------------------------------------------------------------------
                      0.000000    0.000000    0.000000   clock vclk (rise edge)
                                  0.000000    0.000000   clock network delay (ideal)
                                  0.050000    0.050000 v input external delay
     1    0.000488    0.100000    0.000000    0.050000 v A[50] (in)
                                                         A[50] (net)
                      0.100138    0.000044    0.050044 v _564_/A (XNOR2x1)
     2    0.000562    0.000000    0.000000    0.050044 v _564_/Y (XNOR2x1)
                                                         _176_ (net)
                      0.000000    0.000039    0.050083 v _565_/A (INVx1)
     1    0.000367    0.000000    0.000000    0.050083 ^ _565_/Y (INVx1)
                                                         _177_ (net)
                      0.000000    0.000009    0.050092 ^ _568_/A (NOR2x1)
     2    0.019306    0.000000    0.000000    0.050092 v _568_/Y (NOR2x1)
                                                         cell_oh[75] (net)
                      0.000000    0.007011    0.057103 v _570_/B (NOR2x1)
     1    0.018710    0.000000    0.000000    0.057103 ^ _570_/Y (NOR2x1)
                                                         cell_oh[76] (net)
                      0.000000    0.003105    0.060208 ^ xp3_s2l1_12/h1 (XP_3x3_M2M3)
     1    0.030858    0.002000    0.001000    0.061208 ^ xp3_s2l1_12/s1 (XP_3x3_M2M3)
                                                         ps[61] (net)
                      0.002000    0.000893    0.062101 ^ xp5_s2l2_6/v1 (XP_5x5_M2M3)
     2    0.000520    0.002000    0.001000    0.063101 ^ xp5_s2l2_6/s3 (XP_5x5_M2M3)
                                                         boh[57] (net)
                      0.002000    0.000053    0.063153 ^ _733_/A (NOR2x1)
     1    0.000216    0.000000    0.000000    0.063153 v _733_/Y (NOR2x1)
                                                         _284_ (net)
                      0.000000    0.000012    0.063166 v _735_/A (NAND2x1)
     1    0.031627    0.000000    0.000000    0.063166 ^ _735_/Y (NAND2x1)
                                                         hi[18] (net)
                      0.000000    0.010318    0.073484 ^ xp3_hi_l1_3/v0 (XP_3x3_M4M5)
     4    0.001222    0.002000    0.001000    0.074484 ^ xp3_hi_l1_3/s0 (XP_3x3_M4M5)
                                                         hl1[15] (net)
                      0.002000    0.000222    0.074706 ^ xp5h[1].u/_36_/A (INVx1)
     2    0.000454    0.000000    0.000000    0.074706 v xp5h[1].u/_36_/Y (INVx1)
                                                         xp5h[1].u/_08_ (net)
                      0.000000    0.000024    0.074730 v xp5h[1].u/_59_/A (NOR2x1)
     1    0.070903    0.000000    0.000000    0.074730 ^ xp5h[1].u/_59_/Y (NOR2x1)
                                                         xp5h[1].u/sum_bit[0].grid_and (net)
                      0.000000    0.035549    0.110279 ^ xp5h[1].u/_61_/A (BUFx1)
     6    0.001599    0.200000    0.188000    0.298279 ^ xp5h[1].u/_61_/Y (BUFx1)
                                                         hl2[9] (net)
                      0.200000    0.000096    0.298375 ^ u_hi_l3/_101_/A (INVx1)
     4    0.000682    0.000000    0.000000    0.298375 v u_hi_l3/_101_/Y (INVx1)
                                                         u_hi_l3/_043_ (net)
                      0.000000    0.000010    0.298385 v u_hi_l3/_205_/A (NOR2x1)
     1    0.070244    0.000000    0.000000    0.298385 ^ u_hi_l3/_205_/Y (NOR2x1)
                                                         u_hi_l3/sum_bit[0].grid_and (net)
                      0.000000    0.014231    0.312616 ^ u_hi_l3/_207_/A (BUFx1)
     3    0.000805    0.200000    0.188000    0.500616 ^ u_hi_l3/_207_/Y (BUFx1)
                                                         high_sum[0] (net)
                      0.200000    0.000063    0.500679 ^ u_carry/_148_/A (INVx1)
     5    0.001067    0.000000    0.000000    0.500679 v u_carry/_148_/Y (INVx1)
                                                         u_carry/_102_ (net)
                      0.000000    0.000130    0.500809 v u_carry/_162_/A1 (OAI21x1)
     2    0.000610    0.000000    0.000000    0.500809 ^ u_carry/_162_/Y (OAI21x1)
                                                         upper[3] (net)
                      0.000000    0.000056    0.500866 ^ _349_/B (NOR2x1)
     1    0.000456    0.000000    0.000000    0.500866 v _349_/Y (NOR2x1)
                                                         _041_ (net)
                      0.000000    0.000064    0.500930 v _350_/B (NAND2x1)
     1    0.000525    0.000000    0.000000    0.500930 ^ _350_/Y (NAND2x1)
                                                         _042_ (net)
                      0.000000    0.000073    0.501003 ^ _351_/B (NOR2x1)
     1    0.000148    0.000000    0.000000    0.501003 v _351_/Y (NOR2x1)
                                                         _043_ (net)
                      0.000000    0.000005    0.501008 v _352_/B (NAND2x1)
     1    0.000149    0.000000    0.000000    0.501008 ^ _352_/Y (NAND2x1)
                                                         hd[2] (net)
                      0.000000    0.000006    0.501014 ^ hd[2] (out)
                                              0.501014   data arrival time

                      0.000000    0.200000    0.200000   clock vclk (rise edge)
                                  0.000000    0.200000   clock network delay (ideal)
                                  0.000000    0.200000   clock reconvergence pessimism
                                 -0.050000    0.150000   output external delay
                                              0.150000   data required time
---------------------------------------------------------------------------------------------
                                              0.150000   data required time
                                             -0.501014   data arrival time
---------------------------------------------------------------------------------------------
                                             -0.351014   slack (VIOLATED)


Startpoint: A[50] (input port clocked by vclk)
Endpoint: hd[4] (output port clocked by vclk)
Path Group: vclk
Path Type: max

Fanout         Cap        Slew       Delay        Time   Description
---------------------------------------------------------------------------------------------
                      0.000000    0.000000    0.000000   clock vclk (rise edge)
                                  0.000000    0.000000   clock network delay (ideal)
                                  0.050000    0.050000 v input external delay
     1    0.000488    0.100000    0.000000    0.050000 v A[50] (in)
                                                         A[50] (net)
                      0.100138    0.000044    0.050044 v _564_/A (XNOR2x1)
     2    0.000562    0.000000    0.000000    0.050044 v _564_/Y (XNOR2x1)
                                                         _176_ (net)
                      0.000000    0.000039    0.050083 v _565_/A (INVx1)
     1    0.000367    0.000000    0.000000    0.050083 ^ _565_/Y (INVx1)
                                                         _177_ (net)
                      0.000000    0.000009    0.050092 ^ _568_/A (NOR2x1)
     2    0.019306    0.000000    0.000000    0.050092 v _568_/Y (NOR2x1)
                                                         cell_oh[75] (net)
                      0.000000    0.007011    0.057103 v _570_/B (NOR2x1)
     1    0.018710    0.000000    0.000000    0.057103 ^ _570_/Y (NOR2x1)
                                                         cell_oh[76] (net)
                      0.000000    0.003105    0.060208 ^ xp3_s2l1_12/h1 (XP_3x3_M2M3)
     1    0.030858    0.002000    0.001000    0.061208 ^ xp3_s2l1_12/s1 (XP_3x3_M2M3)
                                                         ps[61] (net)
                      0.002000    0.000893    0.062101 ^ xp5_s2l2_6/v1 (XP_5x5_M2M3)
     2    0.000520    0.002000    0.001000    0.063101 ^ xp5_s2l2_6/s3 (XP_5x5_M2M3)
                                                         boh[57] (net)
                      0.002000    0.000053    0.063153 ^ _733_/A (NOR2x1)
     1    0.000216    0.000000    0.000000    0.063153 v _733_/Y (NOR2x1)
                                                         _284_ (net)
                      0.000000    0.000012    0.063166 v _735_/A (NAND2x1)
     1    0.031627    0.000000    0.000000    0.063166 ^ _735_/Y (NAND2x1)
                                                         hi[18] (net)
                      0.000000    0.010318    0.073484 ^ xp3_hi_l1_3/v0 (XP_3x3_M4M5)
     4    0.001222    0.002000    0.001000    0.074484 ^ xp3_hi_l1_3/s0 (XP_3x3_M4M5)
                                                         hl1[15] (net)
                      0.002000    0.000222    0.074706 ^ xp5h[1].u/_36_/A (INVx1)
     2    0.000454    0.000000    0.000000    0.074706 v xp5h[1].u/_36_/Y (INVx1)
                                                         xp5h[1].u/_08_ (net)
                      0.000000    0.000024    0.074730 v xp5h[1].u/_59_/A (NOR2x1)
     1    0.070903    0.000000    0.000000    0.074730 ^ xp5h[1].u/_59_/Y (NOR2x1)
                                                         xp5h[1].u/sum_bit[0].grid_and (net)
                      0.000000    0.035549    0.110279 ^ xp5h[1].u/_61_/A (BUFx1)
     6    0.001599    0.200000    0.188000    0.298279 ^ xp5h[1].u/_61_/Y (BUFx1)
                                                         hl2[9] (net)
                      0.200000    0.000096    0.298375 ^ u_hi_l3/_101_/A (INVx1)
     4    0.000682    0.000000    0.000000    0.298375 v u_hi_l3/_101_/Y (INVx1)
                                                         u_hi_l3/_043_ (net)
                      0.000000    0.000010    0.298385 v u_hi_l3/_205_/A (NOR2x1)
     1    0.070244    0.000000    0.000000    0.298385 ^ u_hi_l3/_205_/Y (NOR2x1)
                                                         u_hi_l3/sum_bit[0].grid_and (net)
                      0.000000    0.014231    0.312616 ^ u_hi_l3/_207_/A (BUFx1)
     3    0.000805    0.200000    0.188000    0.500616 ^ u_hi_l3/_207_/Y (BUFx1)
                                                         high_sum[0] (net)
                      0.200000    0.000063    0.500679 ^ u_carry/_148_/A (INVx1)
     5    0.001067    0.000000    0.000000    0.500679 v u_carry/_148_/Y (INVx1)
                                                         u_carry/_102_ (net)
                      0.000000    0.000130    0.500809 v u_carry/_183_/A1 (OAI21x1)
     1    0.000296    0.000000    0.000000    0.500809 ^ u_carry/_183_/Y (OAI21x1)
                                                         u_carry/_132_ (net)
                      0.000000    0.000034    0.500843 ^ u_carry/_186_/A (NOR2x1)
     1    0.000288    0.000000    0.000000    0.500843 v u_carry/_186_/Y (NOR2x1)
                                                         u_carry/_135_ (net)
                      0.000000    0.000015    0.500858 v u_carry/_191_/A (NAND2x1)
     2    0.000676    0.000000    0.000000    0.500858 ^ u_carry/_191_/Y (NAND2x1)
                                                         upper[6] (net)
                      0.000000    0.000051    0.500910 ^ _366_/A (NOR2x1)
     1    0.000224    0.000000    0.000000    0.500910 v _366_/Y (NOR2x1)
                                                         _056_ (net)
                      0.000000    0.000014    0.500924 v _367_/A (NAND2x1)
     1    0.000215    0.000000    0.000000    0.500924 ^ _367_/Y (NAND2x1)
                                                         _057_ (net)
                      0.000000    0.000012    0.500936 ^ _368_/B (NOR2x1)
     1    0.000273    0.000000    0.000000    0.500936 v _368_/Y (NOR2x1)
                                                         _058_ (net)
                      0.000000    0.000029    0.500965 v _373_/A (NAND2x1)
     1    0.000139    0.000000    0.000000    0.500965 ^ _373_/Y (NAND2x1)
                                                         hd[4] (net)
                      0.000000    0.000005    0.500970 ^ hd[4] (out)
                                              0.500970   data arrival time

                      0.000000    0.200000    0.200000   clock vclk (rise edge)
                                  0.000000    0.200000   clock network delay (ideal)
                                  0.000000    0.200000   clock reconvergence pessimism
                                 -0.050000    0.150000   output external delay
                                              0.150000   data required time
---------------------------------------------------------------------------------------------
                                              0.150000   data required time
                                             -0.500970   data arrival time
---------------------------------------------------------------------------------------------
                                             -0.350970   slack (VIOLATED)


Startpoint: A[50] (input port clocked by vclk)
Endpoint: hd[3] (output port clocked by vclk)
Path Group: vclk
Path Type: max

Fanout         Cap        Slew       Delay        Time   Description
---------------------------------------------------------------------------------------------
                      0.000000    0.000000    0.000000   clock vclk (rise edge)
                                  0.000000    0.000000   clock network delay (ideal)
                                  0.050000    0.050000 v input external delay
     1    0.000488    0.100000    0.000000    0.050000 v A[50] (in)
                                                         A[50] (net)
                      0.100138    0.000044    0.050044 v _564_/A (XNOR2x1)
     2    0.000562    0.000000    0.000000    0.050044 v _564_/Y (XNOR2x1)
                                                         _176_ (net)
                      0.000000    0.000039    0.050083 v _565_/A (INVx1)
     1    0.000367    0.000000    0.000000    0.050083 ^ _565_/Y (INVx1)
                                                         _177_ (net)
                      0.000000    0.000009    0.050092 ^ _568_/A (NOR2x1)
     2    0.019306    0.000000    0.000000    0.050092 v _568_/Y (NOR2x1)
                                                         cell_oh[75] (net)
                      0.000000    0.007011    0.057103 v _570_/B (NOR2x1)
     1    0.018710    0.000000    0.000000    0.057103 ^ _570_/Y (NOR2x1)
                                                         cell_oh[76] (net)
                      0.000000    0.003105    0.060208 ^ xp3_s2l1_12/h1 (XP_3x3_M2M3)
     1    0.030858    0.002000    0.001000    0.061208 ^ xp3_s2l1_12/s1 (XP_3x3_M2M3)
                                                         ps[61] (net)
                      0.002000    0.000893    0.062101 ^ xp5_s2l2_6/v1 (XP_5x5_M2M3)
     2    0.000520    0.002000    0.001000    0.063101 ^ xp5_s2l2_6/s3 (XP_5x5_M2M3)
                                                         boh[57] (net)
                      0.002000    0.000053    0.063153 ^ _733_/A (NOR2x1)
     1    0.000216    0.000000    0.000000    0.063153 v _733_/Y (NOR2x1)
                                                         _284_ (net)
                      0.000000    0.000012    0.063166 v _735_/A (NAND2x1)
     1    0.031627    0.000000    0.000000    0.063166 ^ _735_/Y (NAND2x1)
                                                         hi[18] (net)
                      0.000000    0.010318    0.073484 ^ xp3_hi_l1_3/v0 (XP_3x3_M4M5)
     4    0.001222    0.002000    0.001000    0.074484 ^ xp3_hi_l1_3/s0 (XP_3x3_M4M5)
                                                         hl1[15] (net)
                      0.002000    0.000222    0.074706 ^ xp5h[1].u/_36_/A (INVx1)
     2    0.000454    0.000000    0.000000    0.074706 v xp5h[1].u/_36_/Y (INVx1)
                                                         xp5h[1].u/_08_ (net)
                      0.000000    0.000024    0.074730 v xp5h[1].u/_59_/A (NOR2x1)
     1    0.070903    0.000000    0.000000    0.074730 ^ xp5h[1].u/_59_/Y (NOR2x1)
                                                         xp5h[1].u/sum_bit[0].grid_and (net)
                      0.000000    0.035549    0.110279 ^ xp5h[1].u/_61_/A (BUFx1)
     6    0.001599    0.200000    0.188000    0.298279 ^ xp5h[1].u/_61_/Y (BUFx1)
                                                         hl2[9] (net)
                      0.200000    0.000096    0.298375 ^ u_hi_l3/_101_/A (INVx1)
     4    0.000682    0.000000    0.000000    0.298375 v u_hi_l3/_101_/Y (INVx1)
                                                         u_hi_l3/_043_ (net)
                      0.000000    0.000010    0.298385 v u_hi_l3/_205_/A (NOR2x1)
     1    0.070244    0.000000    0.000000    0.298385 ^ u_hi_l3/_205_/Y (NOR2x1)
                                                         u_hi_l3/sum_bit[0].grid_and (net)
                      0.000000    0.014231    0.312616 ^ u_hi_l3/_207_/A (BUFx1)
     3    0.000805    0.200000    0.188000    0.500616 ^ u_hi_l3/_207_/Y (BUFx1)
                                                         high_sum[0] (net)
                      0.200000    0.000063    0.500679 ^ u_carry/_148_/A (INVx1)
     5    0.001067    0.000000    0.000000    0.500679 v u_carry/_148_/Y (INVx1)
                                                         u_carry/_102_ (net)
                      0.000000    0.000130    0.500809 v u_carry/_183_/A1 (OAI21x1)
     1    0.000296    0.000000    0.000000    0.500809 ^ u_carry/_183_/Y (OAI21x1)
                                                         u_carry/_132_ (net)
                      0.000000    0.000034    0.500843 ^ u_carry/_186_/A (NOR2x1)
     1    0.000288    0.000000    0.000000    0.500843 v u_carry/_186_/Y (NOR2x1)
                                                         u_carry/_135_ (net)
                      0.000000    0.000015    0.500858 v u_carry/_191_/A (NAND2x1)
     2    0.000676    0.000000    0.000000    0.500858 ^ u_carry/_191_/Y (NAND2x1)
                                                         upper[6] (net)
                      0.000000    0.000051    0.500909 ^ _361_/A (INVx1)
     1    0.000137    0.000000    0.000000    0.500909 v _361_/Y (INVx1)
                                                         _052_ (net)
                      0.000000    0.000006    0.500915 v _362_/B (NAND2x1)
     1    0.000149    0.000000    0.000000    0.500915 ^ _362_/Y (NAND2x1)
                                                         _053_ (net)
                      0.000000    0.000006    0.500921 ^ _363_/A (NOR2x1)
     1    0.000248    0.000000    0.000000    0.500921 v _363_/Y (NOR2x1)
                                                         _054_ (net)
                      0.000000    0.000018    0.500939 v _364_/B (NAND2x1)
     1    0.000208    0.000000    0.000000    0.500939 ^ _364_/Y (NAND2x1)
                                                         hd[3] (net)
                      0.000000    0.000011    0.500950 ^ hd[3] (out)
                                              0.500950   data arrival time

                      0.000000    0.200000    0.200000   clock vclk (rise edge)
                                  0.000000    0.200000   clock network delay (ideal)
                                  0.000000    0.200000   clock reconvergence pessimism
                                 -0.050000    0.150000   output external delay
                                              0.150000   data required time
---------------------------------------------------------------------------------------------
                                              0.150000   data required time
                                             -0.500950   data arrival time
---------------------------------------------------------------------------------------------
                                             -0.350950   slack (VIOLATED)


Startpoint: B[13] (input port clocked by vclk)
Endpoint: hd[6] (output port clocked by vclk)
Path Group: vclk
Path Type: max

Fanout         Cap        Slew       Delay        Time   Description
---------------------------------------------------------------------------------------------
                      0.000000    0.000000    0.000000   clock vclk (rise edge)
                                  0.000000    0.000000   clock network delay (ideal)
                                  0.050000    0.050000 v input external delay
     1    0.000345    0.100000    0.000000    0.050000 v B[13] (in)
                                                         B[13] (net)
                      0.100092    0.000029    0.050029 v _433_/B (XNOR2x1)
     2    0.000627    0.000000    0.000000    0.050029 v _433_/Y (XNOR2x1)
                                                         _102_ (net)
                      0.000000    0.000093    0.050122 v _436_/B (NOR2x1)
     2    0.019125    0.000000    0.000000    0.050122 ^ _436_/Y (NOR2x1)
                                                         cell_oh[20] (net)
                      0.000000    0.006117    0.056239 ^ xp3_s2l1_3/v2 (XP_3x3_M2M3)
     1    0.030974    0.002000    0.001000    0.057239 ^ xp3_s2l1_3/s4 (XP_3x3_M2M3)
                                                         ps[19] (net)
                      0.002000    0.003137    0.060376 ^ xp5_s2l2_1/h4 (XP_5x5_M2M3)
     2    0.031674    0.002000    0.001000    0.061376 ^ xp5_s2l2_1/s8 (XP_5x5_M2M3)
                                                         boh[17] (net)
                      0.002000    0.002409    0.063784 ^ _632_/A (INVx1)
     1    0.000179    0.000000    0.000000    0.063784 v _632_/Y (INVx1)
                                                         _217_ (net)
                      0.000000    0.000011    0.063796 v _633_/B (NAND2x1)
     1    0.041853    0.000000    0.000000    0.063796 ^ _633_/Y (NAND2x1)
                                                         lo[4] (net)
                      0.000000    0.007764    0.071559 ^ xp4_lo_l1_0/h0 (XP_4x4_M4M5)
     4    0.001286    0.002000    0.001000    0.072559 ^ xp4_lo_l1_0/s0 (XP_4x4_M4M5)
                                                         ll1[0] (net)
                      0.002000    0.000148    0.072707 ^ xp7[0].u/_058_/A (INVx1)
     4    0.000739    0.000000    0.000000    0.072707 v xp7[0].u/_058_/Y (INVx1)
                                                         xp7[0].u/_000_ (net)
                      0.000000    0.000074    0.072781 v xp7[0].u/_127_/B (NOR2x1)
     1    0.070102    0.000000    0.000000    0.072781 ^ xp7[0].u/_127_/Y (NOR2x1)
                                                         xp7[0].u/sum_bit[0].grid_and (net)
                      0.000000    0.005298    0.078079 ^ xp7[0].u/_129_/A (BUFx1)
     6    0.002351    0.200000    0.188000    0.266079 ^ xp7[0].u/_129_/Y (BUFx1)
                                                         ll2[0] (net)
                      0.200000    0.001256    0.267336 ^ u_lo_l3/_214_/A (INVx1)
     8    0.002108    0.000000    0.000000    0.267336 v u_lo_l3/_214_/Y (INVx1)
                                                         u_lo_l3/_172_ (net)
                      0.000000    0.000157    0.267493 v u_lo_l3/_451_/B (NOR2x1)
     1    0.070062    0.000000    0.000000    0.267493 ^ u_lo_l3/_451_/Y (NOR2x1)
                                                         u_lo_l3/sum_bit[0].grid_and (net)
                      0.000000    0.003291    0.270784 ^ u_lo_l3/_453_/A (BUFx1)
     1    0.000212    0.200000    0.188000    0.458784 ^ u_lo_l3/_453_/Y (BUFx1)
                                                         low_sum[0] (net)
                      0.200000    0.000013    0.458797 ^ _301_/B (NOR2x1)
     1    0.000306    0.000000    0.000000    0.458797 v _301_/Y (NOR2x1)
                                                         _001_ (net)
                      0.000000    0.000037    0.458834 v _302_/B (NAND2x1)
    15    0.004380    0.000000    0.000000    0.458834 ^ _302_/Y (NAND2x1)
                                                         carry[0] (net)
                      0.000000    0.001992    0.460826 ^ u_carry/_289_/A1 (AOI21x1)
     1    0.000440    0.000000    0.000000    0.460826 v u_carry/_289_/Y (AOI21x1)
                                                         u_carry/_080_ (net)
                      0.000000    0.000060    0.460886 v u_carry/_290_/B (NAND2x1)
     1    0.000159    0.000000    0.000000    0.460886 ^ u_carry/_290_/Y (NAND2x1)
                                                         upper[16] (net)
                      0.000000    0.000006    0.460892 ^ _381_/A (INVx1)
     1    0.000170    0.000000    0.000000    0.460892 v _381_/Y (INVx1)
                                                         _069_ (net)
                      0.000000    0.000010    0.460902 v _383_/A (NAND2x1)
     1    0.000302    0.000000    0.000000    0.460902 ^ _383_/Y (NAND2x1)
                                                         _071_ (net)
                      0.000000    0.000036    0.460938 ^ _387_/A (NOR2x1)
     1    0.000191    0.000000    0.000000    0.460938 v _387_/Y (NOR2x1)
                                                         _075_ (net)
                      0.000000    0.000010    0.460948 v _388_/A (NAND2x1)
     1    0.000200    0.000000    0.000000    0.460948 ^ _388_/Y (NAND2x1)
                                                         hd[6] (net)
                      0.000000    0.000010    0.460958 ^ hd[6] (out)
                                              0.460958   data arrival time

                      0.000000    0.200000    0.200000   clock vclk (rise edge)
                                  0.000000    0.200000   clock network delay (ideal)
                                  0.000000    0.200000   clock reconvergence pessimism
                                 -0.050000    0.150000   output external delay
                                              0.150000   data required time
---------------------------------------------------------------------------------------------
                                              0.150000   data required time
                                             -0.460958   data arrival time
---------------------------------------------------------------------------------------------
                                             -0.310958   slack (VIOLATED)


Startpoint: B[13] (input port clocked by vclk)
Endpoint: hd[5] (output port clocked by vclk)
Path Group: vclk
Path Type: max

Fanout         Cap        Slew       Delay        Time   Description
---------------------------------------------------------------------------------------------
                      0.000000    0.000000    0.000000   clock vclk (rise edge)
                                  0.000000    0.000000   clock network delay (ideal)
                                  0.050000    0.050000 v input external delay
     1    0.000345    0.100000    0.000000    0.050000 v B[13] (in)
                                                         B[13] (net)
                      0.100092    0.000029    0.050029 v _433_/B (XNOR2x1)
     2    0.000627    0.000000    0.000000    0.050029 v _433_/Y (XNOR2x1)
                                                         _102_ (net)
                      0.000000    0.000093    0.050122 v _436_/B (NOR2x1)
     2    0.019125    0.000000    0.000000    0.050122 ^ _436_/Y (NOR2x1)
                                                         cell_oh[20] (net)
                      0.000000    0.006117    0.056239 ^ xp3_s2l1_3/v2 (XP_3x3_M2M3)
     1    0.030974    0.002000    0.001000    0.057239 ^ xp3_s2l1_3/s4 (XP_3x3_M2M3)
                                                         ps[19] (net)
                      0.002000    0.003137    0.060376 ^ xp5_s2l2_1/h4 (XP_5x5_M2M3)
     2    0.031674    0.002000    0.001000    0.061376 ^ xp5_s2l2_1/s8 (XP_5x5_M2M3)
                                                         boh[17] (net)
                      0.002000    0.002409    0.063784 ^ _632_/A (INVx1)
     1    0.000179    0.000000    0.000000    0.063784 v _632_/Y (INVx1)
                                                         _217_ (net)
                      0.000000    0.000011    0.063796 v _633_/B (NAND2x1)
     1    0.041853    0.000000    0.000000    0.063796 ^ _633_/Y (NAND2x1)
                                                         lo[4] (net)
                      0.000000    0.007764    0.071559 ^ xp4_lo_l1_0/h0 (XP_4x4_M4M5)
     4    0.001286    0.002000    0.001000    0.072559 ^ xp4_lo_l1_0/s0 (XP_4x4_M4M5)
                                                         ll1[0] (net)
                      0.002000    0.000148    0.072707 ^ xp7[0].u/_058_/A (INVx1)
     4    0.000739    0.000000    0.000000    0.072707 v xp7[0].u/_058_/Y (INVx1)
                                                         xp7[0].u/_000_ (net)
                      0.000000    0.000074    0.072781 v xp7[0].u/_127_/B (NOR2x1)
     1    0.070102    0.000000    0.000000    0.072781 ^ xp7[0].u/_127_/Y (NOR2x1)
                                                         xp7[0].u/sum_bit[0].grid_and (net)
                      0.000000    0.005298    0.078079 ^ xp7[0].u/_129_/A (BUFx1)
     6    0.002351    0.200000    0.188000    0.266079 ^ xp7[0].u/_129_/Y (BUFx1)
                                                         ll2[0] (net)
                      0.200000    0.001256    0.267336 ^ u_lo_l3/_214_/A (INVx1)
     8    0.002108    0.000000    0.000000    0.267336 v u_lo_l3/_214_/Y (INVx1)
                                                         u_lo_l3/_172_ (net)
                      0.000000    0.000157    0.267493 v u_lo_l3/_451_/B (NOR2x1)
     1    0.070062    0.000000    0.000000    0.267493 ^ u_lo_l3/_451_/Y (NOR2x1)
                                                         u_lo_l3/sum_bit[0].grid_and (net)
                      0.000000    0.003291    0.270784 ^ u_lo_l3/_453_/A (BUFx1)
     1    0.000212    0.200000    0.188000    0.458784 ^ u_lo_l3/_453_/Y (BUFx1)
                                                         low_sum[0] (net)
                      0.200000    0.000013    0.458797 ^ _301_/B (NOR2x1)
     1    0.000306    0.000000    0.000000    0.458797 v _301_/Y (NOR2x1)
                                                         _001_ (net)
                      0.000000    0.000037    0.458834 v _302_/B (NAND2x1)
    15    0.004380    0.000000    0.000000    0.458834 ^ _302_/Y (NAND2x1)
                                                         carry[0] (net)
                      0.000000    0.001947    0.460781 ^ u_carry/_269_/A1 (AOI21x1)
     1    0.000280    0.000000    0.000000    0.460781 v u_carry/_269_/Y (AOI21x1)
                                                         u_carry/_062_ (net)
                      0.000000    0.000031    0.460812 v u_carry/_270_/B (NAND2x1)
     2    0.000613    0.000000    0.000000    0.460812 ^ u_carry/_270_/Y (NAND2x1)
                                                         upper[14] (net)
                      0.000000    0.000032    0.460844 ^ _376_/A (INVx1)
     1    0.000434    0.000000    0.000000    0.460844 v _376_/Y (INVx1)
                                                         _065_ (net)
                      0.000000    0.000058    0.460902 v _377_/A (NAND2x1)
     1    0.000211    0.000000    0.000000    0.460902 ^ _377_/Y (NAND2x1)
                                                         _066_ (net)
                      0.000000    0.000014    0.460915 ^ _378_/B (NOR2x1)
     1    0.000192    0.000000    0.000000    0.460915 v _378_/Y (NOR2x1)
                                                         _067_ (net)
                      0.000000    0.000009    0.460925 v _380_/A (NAND2x1)
     1    0.000148    0.000000    0.000000    0.460925 ^ _380_/Y (NAND2x1)
                                                         hd[5] (net)
                      0.000000    0.000006    0.460930 ^ hd[5] (out)
                                              0.460930   data arrival time

                      0.000000    0.200000    0.200000   clock vclk (rise edge)
                                  0.000000    0.200000   clock network delay (ideal)
                                  0.000000    0.200000   clock reconvergence pessimism
                                 -0.050000    0.150000   output external delay
                                              0.150000   data required time
---------------------------------------------------------------------------------------------
                                              0.150000   data required time
                                             -0.460930   data arrival time
---------------------------------------------------------------------------------------------
                                             -0.310930   slack (VIOLATED)


Startpoint: B[13] (input port clocked by vclk)
Endpoint: hd[1] (output port clocked by vclk)
Path Group: vclk
Path Type: max

Fanout         Cap        Slew       Delay        Time   Description
---------------------------------------------------------------------------------------------
                      0.000000    0.000000    0.000000   clock vclk (rise edge)
                                  0.000000    0.000000   clock network delay (ideal)
                                  0.050000    0.050000 v input external delay
     1    0.000345    0.100000    0.000000    0.050000 v B[13] (in)
                                                         B[13] (net)
                      0.100092    0.000029    0.050029 v _433_/B (XNOR2x1)
     2    0.000627    0.000000    0.000000    0.050029 v _433_/Y (XNOR2x1)
                                                         _102_ (net)
                      0.000000    0.000093    0.050122 v _436_/B (NOR2x1)
     2    0.019125    0.000000    0.000000    0.050122 ^ _436_/Y (NOR2x1)
                                                         cell_oh[20] (net)
                      0.000000    0.006117    0.056239 ^ xp3_s2l1_3/v2 (XP_3x3_M2M3)
     1    0.030974    0.002000    0.001000    0.057239 ^ xp3_s2l1_3/s4 (XP_3x3_M2M3)
                                                         ps[19] (net)
                      0.002000    0.003137    0.060376 ^ xp5_s2l2_1/h4 (XP_5x5_M2M3)
     2    0.031674    0.002000    0.001000    0.061376 ^ xp5_s2l2_1/s8 (XP_5x5_M2M3)
                                                         boh[17] (net)
                      0.002000    0.002409    0.063784 ^ _632_/A (INVx1)
     1    0.000179    0.000000    0.000000    0.063784 v _632_/Y (INVx1)
                                                         _217_ (net)
                      0.000000    0.000011    0.063796 v _633_/B (NAND2x1)
     1    0.041853    0.000000    0.000000    0.063796 ^ _633_/Y (NAND2x1)
                                                         lo[4] (net)
                      0.000000    0.007764    0.071559 ^ xp4_lo_l1_0/h0 (XP_4x4_M4M5)
     4    0.001286    0.002000    0.001000    0.072559 ^ xp4_lo_l1_0/s0 (XP_4x4_M4M5)
                                                         ll1[0] (net)
                      0.002000    0.000148    0.072707 ^ xp7[0].u/_058_/A (INVx1)
     4    0.000739    0.000000    0.000000    0.072707 v xp7[0].u/_058_/Y (INVx1)
                                                         xp7[0].u/_000_ (net)
                      0.000000    0.000074    0.072781 v xp7[0].u/_127_/B (NOR2x1)
     1    0.070102    0.000000    0.000000    0.072781 ^ xp7[0].u/_127_/Y (NOR2x1)
                                                         xp7[0].u/sum_bit[0].grid_and (net)
                      0.000000    0.005298    0.078079 ^ xp7[0].u/_129_/A (BUFx1)
     6    0.002351    0.200000    0.188000    0.266079 ^ xp7[0].u/_129_/Y (BUFx1)
                                                         ll2[0] (net)
                      0.200000    0.001256    0.267336 ^ u_lo_l3/_214_/A (INVx1)
     8    0.002108    0.000000    0.000000    0.267336 v u_lo_l3/_214_/Y (INVx1)
                                                         u_lo_l3/_172_ (net)
                      0.000000    0.000104    0.267440 v u_lo_l3/_247_/A1 (OAI21x1)
     1    0.000326    0.000000    0.000000    0.267440 ^ u_lo_l3/_247_/Y (OAI21x1)
                                                         u_lo_l3/_200_ (net)
                      0.000000    0.000042    0.267482 ^ u_lo_l3/_251_/A (NOR2x1)
     1    0.000209    0.000000    0.000000    0.267482 v u_lo_l3/_251_/Y (NOR2x1)
                                                         u_lo_l3/_204_ (net)
                      0.000000    0.000013    0.267495 v u_lo_l3/_255_/A (NAND2x1)
     2    0.000649    0.000000    0.000000    0.267495 ^ u_lo_l3/_255_/Y (NAND2x1)
                                                         low_sum[6] (net)
                      0.000000    0.000157    0.267652 ^ _336_/A (INVx1)
     1    0.000177    0.000000    0.000000    0.267652 v _336_/Y (INVx1)
                                                         _029_ (net)
                      0.000000    0.000011    0.267663 v _338_/A (NAND2x1)
     1    0.000477    0.000000    0.000000    0.267663 ^ _338_/Y (NAND2x1)
                                                         _031_ (net)
                      0.000000    0.000068    0.267731 ^ _339_/B (NOR2x1)
     1    0.000353    0.000000    0.000000    0.267731 v _339_/Y (NOR2x1)
                                                         _032_ (net)
                      0.000000    0.000028    0.267759 v _340_/A (NAND2x1)
     1    0.000863    0.000000    0.000000    0.267759 ^ _340_/Y (NAND2x1)
                                                         hd[1] (net)
                      0.000000    0.000224    0.267982 ^ hd[1] (out)
                                              0.267982   data arrival time

                      0.000000    0.200000    0.200000   clock vclk (rise edge)
                                  0.000000    0.200000   clock network delay (ideal)
                                  0.000000    0.200000   clock reconvergence pessimism
                                 -0.050000    0.150000   output external delay
                                              0.150000   data required time
---------------------------------------------------------------------------------------------
                                              0.150000   data required time
                                             -0.267982   data arrival time
---------------------------------------------------------------------------------------------
                                             -0.117982   slack (VIOLATED)


Startpoint: B[13] (input port clocked by vclk)
Endpoint: hd[0] (output port clocked by vclk)
Path Group: vclk
Path Type: max

Fanout         Cap        Slew       Delay        Time   Description
---------------------------------------------------------------------------------------------
                      0.000000    0.000000    0.000000   clock vclk (rise edge)
                                  0.000000    0.000000   clock network delay (ideal)
                                  0.050000    0.050000 v input external delay
     1    0.000345    0.100000    0.000000    0.050000 v B[13] (in)
                                                         B[13] (net)
                      0.100092    0.000029    0.050029 v _433_/B (XNOR2x1)
     2    0.000627    0.000000    0.000000    0.050029 v _433_/Y (XNOR2x1)
                                                         _102_ (net)
                      0.000000    0.000093    0.050122 v _436_/B (NOR2x1)
     2    0.019125    0.000000    0.000000    0.050122 ^ _436_/Y (NOR2x1)
                                                         cell_oh[20] (net)
                      0.000000    0.006117    0.056239 ^ xp3_s2l1_3/v2 (XP_3x3_M2M3)
     1    0.030974    0.002000    0.001000    0.057239 ^ xp3_s2l1_3/s4 (XP_3x3_M2M3)
                                                         ps[19] (net)
                      0.002000    0.003137    0.060376 ^ xp5_s2l2_1/h4 (XP_5x5_M2M3)
     2    0.031674    0.002000    0.001000    0.061376 ^ xp5_s2l2_1/s8 (XP_5x5_M2M3)
                                                         boh[17] (net)
                      0.002000    0.002409    0.063784 ^ _632_/A (INVx1)
     1    0.000179    0.000000    0.000000    0.063784 v _632_/Y (INVx1)
                                                         _217_ (net)
                      0.000000    0.000011    0.063796 v _633_/B (NAND2x1)
     1    0.041853    0.000000    0.000000    0.063796 ^ _633_/Y (NAND2x1)
                                                         lo[4] (net)
                      0.000000    0.007764    0.071559 ^ xp4_lo_l1_0/h0 (XP_4x4_M4M5)
     4    0.001286    0.002000    0.001000    0.072559 ^ xp4_lo_l1_0/s0 (XP_4x4_M4M5)
                                                         ll1[0] (net)
                      0.002000    0.000148    0.072707 ^ xp7[0].u/_058_/A (INVx1)
     4    0.000739    0.000000    0.000000    0.072707 v xp7[0].u/_058_/Y (INVx1)
                                                         xp7[0].u/_000_ (net)
                      0.000000    0.000074    0.072781 v xp7[0].u/_127_/B (NOR2x1)
     1    0.070102    0.000000    0.000000    0.072781 ^ xp7[0].u/_127_/Y (NOR2x1)
                                                         xp7[0].u/sum_bit[0].grid_and (net)
                      0.000000    0.005298    0.078079 ^ xp7[0].u/_129_/A (BUFx1)
     6    0.002351    0.200000    0.188000    0.266079 ^ xp7[0].u/_129_/Y (BUFx1)
                                                         ll2[0] (net)
                      0.200000    0.001256    0.267336 ^ u_lo_l3/_214_/A (INVx1)
     8    0.002108    0.000000    0.000000    0.267336 v u_lo_l3/_214_/Y (INVx1)
                                                         u_lo_l3/_172_ (net)
                      0.000000    0.000139    0.267474 v u_lo_l3/_293_/A1 (OAI21x1)
     1    0.000187    0.000000    0.000000    0.267474 ^ u_lo_l3/_293_/Y (OAI21x1)
                                                         u_lo_l3/_029_ (net)
                      0.000000    0.000011    0.267485 ^ u_lo_l3/_297_/A (NOR2x1)
     1    0.000346    0.000000    0.000000    0.267485 v u_lo_l3/_297_/Y (NOR2x1)
                                                         u_lo_l3/_033_ (net)
                      0.000000    0.000029    0.267514 v u_lo_l3/_298_/B (NAND2x1)
     2    0.000496    0.000000    0.000000    0.267514 ^ u_lo_l3/_298_/Y (NAND2x1)
                                                         low_sum[9] (net)
                      0.000000    0.000058    0.267572 ^ _319_/B (NOR2x1)
     1    0.000538    0.000000    0.000000    0.267572 v _319_/Y (NOR2x1)
                                                         _013_ (net)
                      0.000000    0.000099    0.267671 v _320_/B (NAND2x1)
     1    0.000529    0.000000    0.000000    0.267671 ^ _320_/Y (NAND2x1)
                                                         _014_ (net)
                      0.000000    0.000040    0.267711 ^ _324_/A (NOR2x1)
     1    0.000188    0.000000    0.000000    0.267711 v _324_/Y (NOR2x1)
                                                         _018_ (net)
                      0.000000    0.000010    0.267721 v _332_/A (NAND2x1)
     1    0.000757    0.000000    0.000000    0.267721 ^ _332_/Y (NAND2x1)
                                                         hd[0] (net)
                      0.000000    0.000129    0.267850 ^ hd[0] (out)
                                              0.267850   data arrival time

                      0.000000    0.200000    0.200000   clock vclk (rise edge)
                                  0.000000    0.200000   clock network delay (ideal)
                                  0.000000    0.200000   clock reconvergence pessimism
                                 -0.050000    0.150000   output external delay
                                              0.150000   data required time
---------------------------------------------------------------------------------------------
                                              0.150000   data required time
                                             -0.267850   data arrival time
---------------------------------------------------------------------------------------------
                                             -0.117850   slack (VIOLATED)



